Script started on 2018-10-18 00:49:24-0400
-------- freesurfer-Linux-centos6_x86_64-stable-pub-v6.0.0-2beb96c --------
Setting up environment for FreeSurfer/FS-FAST (and FSL)
FREESURFER_HOME   /usr/local/freesurfer
FSFAST_HOME       /usr/local/freesurfer/fsfast
FSF_OUTPUT_FORMAT nii.gz
SUBJECTS_DIR      /usr/local/freesurfer/subjects
MNI_DIR           /usr/local/freesurfer/mni
FSL_DIR           /usr/local/fsl
]0;user1@CUDA1: /media/user1/MyHDataStor11/Data/CNN-Haotian/final_scripts/deep_FL_CL_ATT/training[01;32muser1@CUDA1[00m:[01;34m/media/user1/MyHDataStor11/Data/CNN-Haotian/final_scripts/deep_FL_CL[K__ATT/training[00m$ python main_14`[K_14_GPU0.py 
data loaded!
X_train_shape torch.Size([1245498, 3, 100])
X_test_shape torch.Size([1158760, 3, 100])


Epoch: 0
/media/user1/MyHDataStor11/Data/CNN-Haotian/final_scripts/deep_FL_CL_ATT/training/RESNET152_ATT_naive.py:176: UserWarning: Implicit dimension choice for log_softmax has been deprecated. Change the call to include dim=X as an argument.
  return F.log_softmax(x),embed,x_att#input=x,dim=1
/home/user1/anaconda3/lib/python3.6/site-packages/sklearn/metrics/classification.py:1135: UndefinedMetricWarning: Precision and F-score are ill-defined and being set to 0.0 in labels with no predicted samples.
  'precision', 'predicted', average, warn_for)
Training set avg loss: 0.7262
	center loss: 7563.8323
conf_mat:
 [[40675     0     1 ...     0     0    71]
 [    1  1807   127 ...     0     1     3]
 [    1    64  3479 ...     0     0     4]
 ...
 [    3     0     0 ...   629     0     2]
 [    5     0     1 ...     0  6900    13]
 [    1     0     0 ...     1     0     0]]
Precision,Recall,macro_f1 0.635986950638328 0.41034901941212626 0.4654292989720106
196.76914310455322 seconds
Test set avg loss: 0.6099
	center loss: 272.8899
conf_mat:
 [[33773     0     0 ...     0     0     0]
 [    0  2004    92 ...     0     0     0]
 [    0    46  3113 ...     0     0     0]
 ...
 [    0     0     0 ...  1341     0     0]
 [    0     0     0 ...     0  5494     0]
 [    0     0     0 ...     0     0     0]]
Precision,Recall,macro_f1 0.726302451634178 0.6975648135987523 0.69893854813291
42.51274585723877 seconds


Epoch: 1
Training set avg loss: 0.1524
	center loss: 4309.3510
conf_mat:
 [[61662     0     0 ...     0     0     0]
 [    0  4090   161 ...     0     0     0]
 [    0   142  6622 ...     0     0     0]
 ...
 [    0     0     0 ...  2636     0     0]
 [    0     0     2 ...     0 11285     0]
 [    0     0     0 ...     0     0    12]]
Precision,Recall,macro_f1 0.7808375466252314 0.7555959533913345 0.7580141567253091
198.05424809455872 seconds
Test set avg loss: 0.4697
	center loss: 173.2176
conf_mat:
 [[35879     0     0 ...     0     0     0]
 [    0  2206    75 ...     0     0     0]
 [    0    39  3377 ...     0     0     0]
 ...
 [    0     0     0 ...  1822     0     0]
 [    0     0     0 ...     0  5639     0]
 [    0     0     0 ...     0     0    54]]
Precision,Recall,macro_f1 0.8222467645183755 0.8076125134842363 0.8087165555295359
43.19445872306824 seconds


Epoch: 2
Training set avg loss: 0.1161
	center loss: 2768.6960
conf_mat:
 [[63912     0     0 ...     0     0     0]
 [    0  4348   130 ...     0     0     0]
 [    0   132  6985 ...     0     0     0]
 ...
 [    0     0     0 ...  3117     0     0]
 [    0     0     1 ...     0 11758     0]
 [    0     0     0 ...     0     0   277]]
Precision,Recall,macro_f1 0.8113570603544089 0.8226873854477241 0.8160938447368924
197.88237690925598 seconds
Test set avg loss: 0.4295
	center loss: 112.4466
conf_mat:
 [[37006     0     0 ...     0     0     0]
 [    0  2262    59 ...     0     0     0]
 [    0    42  3265 ...     0     0     0]
 ...
 [    0     0     0 ...  1889     0     0]
 [    0     0     0 ...     0  5318     0]
 [    0     0     0 ...     0     0   165]]
Precision,Recall,macro_f1 0.8343868332830779 0.8450006373376375 0.837578201772595
43.30095410346985 seconds


Epoch: 3
Training set avg loss: 0.1028
	center loss: 1782.0350
conf_mat:
 [[65319     0     0 ...     0     0     0]
 [    0  4411   162 ...     0     0     0]
 [    0   145  7101 ...     0     0     0]
 ...
 [    0     0     0 ...  3339     0     0]
 [    0     0     1 ...     0 11904     0]
 [    0     0     0 ...     0     0   369]]
Precision,Recall,macro_f1 0.8263825675176297 0.8451145876778617 0.8352090233170238
197.51659607887268 seconds
Test set avg loss: 0.4074
	center loss: 71.9119
conf_mat:
 [[37209     0     0 ...     0     0     0]
 [    0  2285    54 ...     0     0     0]
 [    0    55  3603 ...     0     0     0]
 ...
 [    0     0     0 ...  2050     0     0]
 [    0     0     0 ...     0  5394     0]
 [    0     0     0 ...     0     0   152]]
Precision,Recall,macro_f1 0.84749711772859 0.8626564915040343 0.8531423095336594
43.625243186950684 seconds


Epoch: 4
Training set avg loss: 0.0958
	center loss: 1129.4113
conf_mat:
 [[65893     0     0 ...     0     0     0]
 [    0  4503   144 ...     0     0     0]
 [    0   132  7184 ...     0     0     0]
 ...
 [    0     0     0 ...  3445     0     0]
 [    0     0     0 ...     0 12014     0]
 [    0     0     0 ...     0     0   400]]
Precision,Recall,macro_f1 0.8360758671159269 0.8576504986119093 0.8463595833595751
197.95242643356323 seconds
Test set avg loss: 0.3989
	center loss: 45.6936
conf_mat:
 [[35285     0     0 ...     0     0     0]
 [    0  2294     9 ...     0     0     0]
 [    0    88  3004 ...     0     0     0]
 ...
 [    0     0     0 ...  2119     0     0]
 [    0     0     0 ...     0  5376     0]
 [    0     0     0 ...     0     0   174]]
Precision,Recall,macro_f1 0.8569137657242252 0.8665242451135465 0.8597182177480593
43.23921203613281 seconds


Epoch: 5
Training set avg loss: 0.0918
	center loss: 701.2628
conf_mat:
 [[66429     0     0 ...     0     0     0]
 [    0  4528   141 ...     0     0     0]
 [    0   144  7237 ...     0     0     0]
 ...
 [    0     0     0 ...  3542     0     0]
 [    0     0     0 ...     0 12157     0]
 [    0     0     0 ...     0     0   415]]
Precision,Recall,macro_f1 0.8418779563807307 0.863745154414617 0.8523228847408999
197.3387053012848 seconds
Test set avg loss: 0.4039
	center loss: 28.5882
conf_mat:
 [[37965     0     0 ...     0     0     0]
 [    0  2176   112 ...     0     0     0]
 [    0    18  3602 ...     0     0     0]
 ...
 [    0     0     0 ...  2212     0     0]
 [    0     0     0 ...     0  5818     0]
 [    0     0     0 ...     0     0   150]]
Precision,Recall,macro_f1 0.8621508262674583 0.8695619714434125 0.8638709021386424
43.40652132034302 seconds


Epoch: 6
Training set avg loss: 0.0898
	center loss: 426.0349
conf_mat:
 [[66643     0     0 ...     0     0     0]
 [    0  4547   139 ...     0     0     0]
 [    0   152  7272 ...     0     0     0]
 ...
 [    0     0     0 ...  3589     0     0]
 [    0     0     0 ...     0 12278     0]
 [    0     0     0 ...     0     0   411]]
Precision,Recall,macro_f1 0.8466556473122896 0.8684040254304737 0.8570586836798251
197.31622576713562 seconds
Test set avg loss: 0.4051
	center loss: 17.5893
conf_mat:
 [[38714     0     0 ...     0     0     0]
 [    0  2175   155 ...     0     0     0]
 [    0    16  3657 ...     0     0     0]
 ...
 [    0     0     0 ...  2283     0     0]
 [    0     0     0 ...     0  5326     0]
 [    0     0     0 ...     0     0   193]]
Precision,Recall,macro_f1 0.8635089601476552 0.8787253705142436 0.8700131016335193
43.59912061691284 seconds


Epoch: 7
Training set avg loss: 0.0904
	center loss: 254.2226
conf_mat:
 [[66307     0     0 ...     0     0     0]
 [    0  4577   135 ...     0     0     0]
 [    0   126  7277 ...     0     0     0]
 ...
 [    0     0     0 ...  3633     0     0]
 [    0     0     0 ...     0 12231     0]
 [    0     0     0 ...     0     0   421]]
Precision,Recall,macro_f1 0.8492189695856157 0.8712269381168244 0.8597240636199924
198.4813256263733 seconds
Test set avg loss: 0.4223
	center loss: 10.5834
conf_mat:
 [[35428     0     0 ...     0     0     0]
 [    0  2240    58 ...     0     0     0]
 [    0    29  3538 ...     0     0     0]
 ...
 [    0     0     0 ...  2238     0     0]
 [    0     0     0 ...     0  5680     0]
 [    0     0     0 ...     0     0   206]]
Precision,Recall,macro_f1 0.8659262208033155 0.8842671564388807 0.8737315269810106
43.562828540802 seconds


Epoch: 8
Training set avg loss: 0.0928
	center loss: 148.2882
conf_mat:
 [[64905     0     0 ...     0     0     0]
 [    0  4593   138 ...     0     0     0]
 [    0   128  7314 ...     0     0     0]
 ...
 [    0     0     0 ...  3651     0     0]
 [    0     0     0 ...     0 12323     0]
 [    0     0     0 ...     0     0   430]]
Precision,Recall,macro_f1 0.852744910534445 0.8739059382386896 0.8627957805349418
197.92180013656616 seconds
Test set avg loss: 0.4484
	center loss: 6.5448
conf_mat:
 [[35932     0     0 ...     0     0     0]
 [    0  2283    52 ...     0     0     0]
 [    0    35  3627 ...     0     0     0]
 ...
 [    0     0     0 ...  2355     0     0]
 [    0     0     0 ...     0  5749     0]
 [    0     0     0 ...     0     0   185]]
Precision,Recall,macro_f1 0.8690370703351358 0.8796252549422341 0.8728243245462423
43.594955921173096 seconds


Epoch: 9
Training set avg loss: 0.0996
	center loss: 85.4717
conf_mat:
 [[61628     0     0 ...     0     0     0]
 [    0  4619   123 ...     0     0     0]
 [    0   138  7282 ...     0     0     0]
 ...
 [    0     0     0 ...  3674     0     0]
 [    0     0     0 ...     0 12409     0]
 [    0     0     0 ...     0     0   420]]
Precision,Recall,macro_f1 0.8542687742948548 0.8742333060762857 0.8635237105963209
198.43008160591125 seconds
Test set avg loss: 0.4867
	center loss: 3.9858
conf_mat:
 [[29736     0     0 ...     0     0     0]
 [    0  2298    54 ...     0     0     0]
 [    0    31  3472 ...     0     0     0]
 ...
 [    0     0     0 ...  2280     0     0]
 [    0     0     0 ...     0  5749     0]
 [    0     0     0 ...     0     0   212]]
Precision,Recall,macro_f1 0.8660278576370762 0.8786705754692435 0.8701930518328522
43.44283080101013 seconds


Epoch: 10
Training set avg loss: 0.1119
	center loss: 49.2757
conf_mat:
 [[52656     0     0 ...     0     0     0]
 [    0  4639   116 ...     0     0     0]
 [    0   117  7243 ...     0     0     0]
 ...
 [    0     0     0 ...  3673     0     0]
 [    0     0     0 ...     0 12566     0]
 [    0     0     0 ...     0     0   436]]
Precision,Recall,macro_f1 0.854147712356459 0.8699913199760364 0.8606057524544138
198.41665935516357 seconds
Test set avg loss: 0.5326
	center loss: 2.4727
conf_mat:
 [[22528     0     0 ...     0     0     0]
 [    0  2134    69 ...     0     0     0]
 [    0    15  3392 ...     0     0     0]
 ...
 [    0     0     0 ...  2356     0     0]
 [    0     0     0 ...     0  5544     0]
 [    0     0     0 ...     0     0   211]]
Precision,Recall,macro_f1 0.8662462386950323 0.8668729924082672 0.8615815827737239
47.32850456237793 seconds


Epoch: 11
Training set avg loss: 0.1283
	center loss: 28.3187
conf_mat:
 [[39295     0     0 ...     0     0     0]
 [    0  4567   124 ...     0     0     0]
 [    0   105  7131 ...     0     0     0]
 ...
 [    0     0     0 ...  3678     0     0]
 [    0     0     0 ...     0 12565     0]
 [    0     0     0 ...     0     0   437]]
Precision,Recall,macro_f1 0.8539965671846487 0.8610838712484975 0.8542082736137699
209.21631717681885 seconds
Test set avg loss: 0.5887
	center loss: 1.6925
conf_mat:
 [[24472     0     0 ...     0     0     0]
 [    0  2256    70 ...     0     0     0]
 [    0    19  3339 ...     0     0     0]
 ...
 [    0     0     0 ...  2240     0     0]
 [    0     0     0 ...     0  5266     0]
 [    0     0     0 ...     0     0   193]]
Precision,Recall,macro_f1 0.8648438430359351 0.8544570851876268 0.853123556793854
45.6299102306366 seconds


Epoch: 12
Training set avg loss: 0.1477
	center loss: 16.7222
conf_mat:
 [[35390     0     0 ...     0     0     0]
 [    0  4521   117 ...     0     0     0]
 [    0    96  6663 ...     0     0     0]
 ...
 [    0     0     0 ...  3648     0     0]
 [    0     0     0 ...     0 12144     0]
 [    0     0     0 ...     0     0   443]]
Precision,Recall,macro_f1 0.8532733388132392 0.8459089293434869 0.8430616525174157
201.35301280021667 seconds
Test set avg loss: 0.6205
	center loss: 1.0909
conf_mat:
 [[22634     0     0 ...     0     0     0]
 [    0  2246    47 ...     0     0     0]
 [    0    21  2844 ...     0     0     0]
 ...
 [    0     0     0 ...  2111     0     0]
 [    0     0     0 ...     0  4997     0]
 [    0     0     0 ...     0     0   203]]
Precision,Recall,macro_f1 0.8697831719168175 0.8325812034429138 0.8369032651339714
45.98002099990845 seconds


Epoch: 13
Training set avg loss: 0.1673
	center loss: 10.1744
conf_mat:
 [[44811     0     0 ...     0     0     0]
 [    0  4420    87 ...     0     0     0]
 [    0    68  5209 ...     0     0     0]
 ...
 [    0     0     0 ...  3589     0     0]
 [    0     0     0 ...     0 11638     0]
 [    0     0     0 ...     0     0   435]]
Precision,Recall,macro_f1 0.8501798309321527 0.8174887443379973 0.8167495510234487
207.52173566818237 seconds
Test set avg loss: 0.6453
	center loss: 0.7560
conf_mat:
 [[27679     0     0 ...     0     0     0]
 [    0  2196    24 ...     0     0     0]
 [    0    27  1538 ...     0     0     0]
 ...
 [    0     0     0 ...  2230     0     0]
 [    0     0     0 ...     0  5410     0]
 [    0     0     0 ...     0     0   203]]
Precision,Recall,macro_f1 0.8615465044612949 0.8127013877076577 0.8086991355425776
45.88163137435913 seconds


Epoch: 14
Training set avg loss: 0.1785
	center loss: 6.2899
conf_mat:
 [[51036     0     0 ...     0     0     0]
 [    0  4287    56 ...     0     0     0]
 [    0    57  2376 ...     0     0     0]
 ...
 [    0     0     0 ...  3525     0     0]
 [    0     0     0 ...     0 11482     0]
 [    0     0     0 ...     0     0   445]]
Precision,Recall,macro_f1 0.8464148500453905 0.7906017633679462 0.7867945131477532
207.49587726593018 seconds
Test set avg loss: 0.6573
	center loss: 0.5653
conf_mat:
 [[29699     0     0 ...     0     0     0]
 [    0  2031    29 ...     0     0     0]
 [    0    10   982 ...     0     0     0]
 ...
 [    0     0     0 ...  2034     0     0]
 [    0     0     0 ...     0  4298     0]
 [    0     0     0 ...     0     0   198]]
Precision,Recall,macro_f1 0.8150148669172486 0.7926712377961729 0.7895321492152513
44.120436668395996 seconds


Epoch: 15
Training set avg loss: 0.1854
	center loss: 4.2221
conf_mat:
 [[53184     0     0 ...     0     0     0]
 [    0  4005    30 ...     0     0     0]
 [    0    39  1179 ...     0     0     0]
 ...
 [    0     0     0 ...  3359     0     0]
 [    0     0     0 ...     0 10856     0]
 [    0     0     0 ...     0     0   433]]
Precision,Recall,macro_f1 0.8409562852300705 0.763206842862177 0.757670884655586
204.8187952041626 seconds
Test set avg loss: 0.6605
	center loss: 0.4175
conf_mat:
 [[25384     0     0 ...     0     0     0]
 [    0  1788     0 ...     0     0     0]
 [    0     5    58 ...     0     0     0]
 ...
 [    0     0     0 ...  2007     0     0]
 [    0     0     0 ...     0  5077     0]
 [    0     0     0 ...     0     0   208]]
Precision,Recall,macro_f1 0.8290172022935012 0.751795316058116 0.7413196962691148
43.475672006607056 seconds


Epoch: 16
Training set avg loss: 0.1829
	center loss: 2.9170
conf_mat:
 [[54921     0     0 ...     0     0     0]
 [    0  3944    27 ...     0     0     0]
 [    0    31  1014 ...     0     0     0]
 ...
 [    0     0     0 ...  3397     0     0]
 [    0     0     0 ...     0 10917     0]
 [    0     0     0 ...     0     0   440]]
Precision,Recall,macro_f1 0.8244772565443003 0.7523805520219873 0.7417707656659107
200.84299516677856 seconds
Test set avg loss: 0.6410
	center loss: 0.3157
conf_mat:
 [[30956     0     0 ...     0     0     0]
 [    0  2024     0 ...     0     0     0]
 [    0     9     6 ...     0     0     0]
 ...
 [    0     0     0 ...  2064     0     0]
 [    0     0     0 ...     0  4455     0]
 [    0     0     0 ...     0     0   184]]
Precision,Recall,macro_f1 0.8214099460214043 0.7400320531291535 0.7272661109023784
44.27874493598938 seconds


Epoch: 17
Training set avg loss: 0.1764
	center loss: 2.0791
conf_mat:
 [[57364     0     0 ...     0     0     0]
 [    0  4007    18 ...     0     0     0]
 [    0    31   856 ...     0     0     0]
 ...
 [    0     0     0 ...  3517     0     0]
 [    0     0     0 ...     0 10569     0]
 [    0     0     0 ...     0     0   445]]
Precision,Recall,macro_f1 0.8049881859314001 0.7468929877706157 0.7347082458286027
205.61249351501465 seconds
Test set avg loss: 0.6232
	center loss: 0.2445
conf_mat:
 [[32125     0     0 ...     0     0     0]
 [    0  2043     0 ...     0     0     0]
 [    0    10    41 ...     0     0     0]
 ...
 [    0     0     0 ...  2270     0     0]
 [    0     0     0 ...     0  4927     0]
 [    0     0     0 ...     0     0   204]]
Precision,Recall,macro_f1 0.763418607307937 0.7469098764311134 0.7326232071318017
45.853898763656616 seconds


Epoch: 18
Training set avg loss: 0.1697
	center loss: 1.5797
conf_mat:
 [[57869     0     0 ...     0     0     0]
 [    0  4155    12 ...     0     0     0]
 [    0    38   921 ...     0     0     0]
 ...
 [    0     0     0 ...  3556     0     0]
 [    0     0     0 ...     0 10633     0]
 [    0     0     0 ...     0     0   449]]
Precision,Recall,macro_f1 0.7973468756718771 0.7430236929994543 0.7297204093249657
207.7450258731842 seconds
Test set avg loss: 0.6005
	center loss: 0.1885
conf_mat:
 [[32161     0     0 ...     0     0     0]
 [    0  2010    39 ...     0     0     0]
 [    0    11  1499 ...     0     0     0]
 ...
 [    0     0     0 ...  2220     0     0]
 [    0     0     0 ...     0  4474     0]
 [    0     0     0 ...     0     0   200]]
Precision,Recall,macro_f1 0.7936279887403644 0.7625638226324686 0.7532935784954403
45.95776343345642 seconds


Epoch: 19
Training set avg loss: 0.1606
	center loss: 1.2231
conf_mat:
 [[58696     0     0 ...     0     0     0]
 [    0  4227    35 ...     0     0     0]
 [    0    51  1332 ...     0     0     0]
 ...
 [    0     0     0 ...  3638     0     0]
 [    0     0     0 ...     0 10566     0]
 [    0     0     0 ...     0     0   444]]
Precision,Recall,macro_f1 0.7779360705816982 0.746582249114826 0.7306400976745667
207.95711731910706 seconds
Test set avg loss: 0.6023
	center loss: 0.1669
conf_mat:
 [[32565     0     0 ...     0     0     0]
 [    0  2003     2 ...     0     0     0]
 [    0    18    64 ...     0     0     0]
 ...
 [    0     0     0 ...  2296     0     0]
 [    0     0     0 ...     0  5471     0]
 [    0     0     0 ...     0     0   211]]
Precision,Recall,macro_f1 0.7633678310137694 0.7480984708554752 0.7336059205627709
45.83476662635803 seconds


Epoch: 20
Training set avg loss: 0.1552
	center loss: 0.9832
conf_mat:
 [[59907     0     0 ...     0     0     0]
 [    0  4275    44 ...     0     0     0]
 [    0    58  1345 ...     0     0     0]
 ...
 [    0     0     0 ...  3643     0     0]
 [    0     0     0 ...     0 10732     0]
 [    0     0     0 ...     0     0   455]]
Precision,Recall,macro_f1 0.7969537785907245 0.7477921443942888 0.7313959100901661
207.79421186447144 seconds
Test set avg loss: 0.5732
	center loss: 0.1296
conf_mat:
 [[34764     0     0 ...     0     0     0]
 [    0  2275    50 ...     0     0     0]
 [    0    29  3072 ...     0     0     0]
 ...
 [    0     0     0 ...  2322     0     0]
 [    0     0     0 ...     0  4793     0]
 [    0     0     0 ...     0     0   200]]
Precision,Recall,macro_f1 0.7787644757725647 0.7724180397274497 0.7606011724254479
46.0324342250824 seconds


Epoch: 21
Training set avg loss: 0.1456
	center loss: 0.7679
conf_mat:
 [[60850     0     0 ...     0     0     0]
 [    0  4387    36 ...     0     0     0]
 [    0    67  1702 ...     0     0     0]
 ...
 [    0     0     0 ...  3643     0     0]
 [    0     0     0 ...     0 10786     0]
 [    0     0     0 ...     0     0   452]]
Precision,Recall,macro_f1 0.7894114536546912 0.755489498454435 0.7396056452329083
200.43365621566772 seconds
Test set avg loss: 0.6008
	center loss: 0.1506
conf_mat:
 [[34038     0     0 ...     0     0     0]
 [    0  2183     0 ...     0     0     0]
 [    0     9   162 ...     0     0     0]
 ...
 [    0     0     0 ...  2135     0     0]
 [    0     0     0 ...     0  5160     0]
 [    0     0     0 ...     0     0   142]]
Precision,Recall,macro_f1 0.7620326041583326 0.7268127549579614 0.7129601122200099
43.4179310798645 seconds


Epoch: 22
Training set avg loss: 0.1399
	center loss: 0.6249
conf_mat:
 [[61283     0     0 ...     0     0     0]
 [    0  4388    37 ...     0     0     0]
 [    0    73  2334 ...     0     0     0]
 ...
 [    0     0     0 ...  3706     0     0]
 [    0     0     0 ...     0 11079     0]
 [    0     0     0 ...     0     0   440]]
Precision,Recall,macro_f1 0.8068574122277496 0.7595048879461188 0.7440616694208877
206.79329991340637 seconds
Test set avg loss: 0.5401
	center loss: 0.0798
conf_mat:
 [[35015     0     0 ...     0     0     0]
 [    0  2247     5 ...     0     0     0]
 [    0    29   880 ...     0     0     0]
 ...
 [    0     0     0 ...  2320     0     0]
 [    0     0     0 ...     0  5159     0]
 [    0     0     0 ...     0     0   212]]
Precision,Recall,macro_f1 0.8189597491170019 0.778920186966604 0.7702861826314925
45.877466440200806 seconds


Epoch: 23
Training set avg loss: 0.1347
	center loss: 0.5248
conf_mat:
 [[61870     0     0 ...     0     0     0]
 [    0  4391    42 ...     0     0     0]
 [    0    82  2881 ...     0     0     0]
 ...
 [    0     0     0 ...  3706     0     0]
 [    0     0     0 ...     0 11249     0]
 [    0     0     0 ...     0     0   432]]
Precision,Recall,macro_f1 0.8069096502561931 0.76551718031547 0.7505914939062232
207.4933795928955 seconds
Test set avg loss: 0.5469
	center loss: 0.0755
conf_mat:
 [[37128     0     0 ...     0     0     0]
 [    0  2178    45 ...     0     0     0]
 [    0    29  2972 ...     0     0     0]
 ...
 [    0     0     0 ...  2339     0     0]
 [    0     0     0 ...     0  5253     0]
 [    0     0     0 ...     0     0   201]]
Precision,Recall,macro_f1 0.7869564128128069 0.7710435052871739 0.7593496774482225
46.16793608665466 seconds


Epoch: 24
Training set avg loss: 0.1285
	center loss: 0.4320
conf_mat:
 [[61925     0     0 ...     0     0     0]
 [    0  4439    57 ...     0     0     0]
 [    0   108  3819 ...     0     0     0]
 ...
 [    0     0     0 ...  3727     0     0]
 [    0     0     0 ...     0 11130     0]
 [    0     0     0 ...     0     0   445]]
Precision,Recall,macro_f1 0.812299997777316 0.7736412022983197 0.7606976568852961
206.90643501281738 seconds
Test set avg loss: 0.5173
	center loss: 0.0634
conf_mat:
 [[36978     0     0 ...     0     0     0]
 [    0  2206     3 ...     0     0     0]
 [    0    39   794 ...     0     0     0]
 ...
 [    0     0     0 ...  2174     0     0]
 [    0     0     0 ...     0  5186     0]
 [    0     0     0 ...     0     0   206]]
Precision,Recall,macro_f1 0.8171145684510934 0.7788687898860011 0.7705911331341003
46.00829839706421 seconds


Epoch: 25
Training set avg loss: 0.1221
	center loss: 0.3513
conf_mat:
 [[62785     0     0 ...     0     0     0]
 [    0  4449    81 ...     0     0     0]
 [    0   104  4309 ...     0     0     0]
 ...
 [    0     0     0 ...  3739     0     0]
 [    0     0     0 ...     0 11048     0]
 [    0     0     0 ...     0     0   457]]
Precision,Recall,macro_f1 0.8124696420839549 0.7854600806361998 0.7748541072679724
207.7908797264099 seconds
Test set avg loss: 0.5093
	center loss: 0.0482
conf_mat:
 [[36051     0     0 ...     0     0     0]
 [    0  2245    48 ...     0     0     0]
 [    0    25  2832 ...     0     0     0]
 ...
 [    0     0     0 ...  2416     0     0]
 [    0     0     0 ...     0  5707     0]
 [    0     0     0 ...     0     0   209]]
Precision,Recall,macro_f1 0.8187177348985257 0.802514367746374 0.7926593653212602
46.05731248855591 seconds


Epoch: 26
Training set avg loss: 0.1184
	center loss: 0.3132
conf_mat:
 [[62555     0     0 ...     0     0     0]
 [    0  4462    81 ...     0     0     0]
 [    0   107  5060 ...     0     0     0]
 ...
 [    0     0     0 ...  3750     0     0]
 [    0     0     0 ...     0 11394     0]
 [    0     0     0 ...     0     0   440]]
Precision,Recall,macro_f1 0.823842227990633 0.792532532358143 0.7836692848255591
204.36184239387512 seconds
Test set avg loss: 0.4950
	center loss: 0.0392
conf_mat:
 [[36294     0     0 ...     0     0     0]
 [    0  2151    58 ...     0     0     0]
 [    0    15  2683 ...     0     0     0]
 ...
 [    0     0     0 ...  2424     0     0]
 [    0     0     0 ...     0  5706     0]
 [    0     0     0 ...     0     0   211]]
Precision,Recall,macro_f1 0.8228511721353643 0.8089506660617627 0.801228343459997
43.519123554229736 seconds


Epoch: 27
Training set avg loss: 0.1142
	center loss: 0.2729
conf_mat:
 [[63355     0     0 ...     0     0     0]
 [    0  4504   109 ...     0     0     0]
 [    0   116  5469 ...     0     0     0]
 ...
 [    0     0     0 ...  3768     0     0]
 [    0     0     0 ...     0 11181     0]
 [    0     0     0 ...     0     0   447]]
Precision,Recall,macro_f1 0.8282977697934009 0.8015718677881882 0.7938179859192511
205.12804698944092 seconds
Test set avg loss: 0.4842
	center loss: 0.0365
conf_mat:
 [[35596     0     0 ...     0     0     0]
 [    0  2181    40 ...     0     0     0]
 [    0    21  2775 ...     0     0     0]
 ...
 [    0     0     0 ...  2314     0     0]
 [    0     0     0 ...     0  5270     0]
 [    0     0     0 ...     0     0   183]]
Precision,Recall,macro_f1 0.8303744407083321 0.8083285303715935 0.801825634426681
46.05264592170715 seconds


Epoch: 28
Training set avg loss: 0.1089
	center loss: 0.2316
conf_mat:
 [[62899     0     0 ...     0     0     0]
 [    0  4531   108 ...     0     0     0]
 [    0   123  5869 ...     0     0     0]
 ...
 [    0     0     0 ...  3737     0     0]
 [    0     0     0 ...     0 11399     0]
 [    0     0     0 ...     0     0   435]]
Precision,Recall,macro_f1 0.840244857265315 0.8102177930562731 0.8024285798709873
201.3668875694275 seconds
Test set avg loss: 0.4760
	center loss: 0.0305
conf_mat:
 [[35123     0     0 ...     0     0     0]
 [    0  2237    39 ...     0     0     0]
 [    0    31  2729 ...     0     0     0]
 ...
 [    0     0     0 ...  2399     0     0]
 [    0     0     0 ...     0  5116     0]
 [    0     0     0 ...     0     0   217]]
Precision,Recall,macro_f1 0.8404752506590587 0.8228404481832575 0.8155663257159146
42.965930700302124 seconds


Epoch: 29
Training set avg loss: 0.1047
	center loss: 0.2040
conf_mat:
 [[64129     0     0 ...     0     0     0]
 [    0  4549   113 ...     0     0     0]
 [    0   114  5970 ...     0     0     0]
 ...
 [    0     0     0 ...  3744     0     0]
 [    0     0     0 ...     0 11239     0]
 [    0     0     0 ...     0     0   434]]
Precision,Recall,macro_f1 0.8500669049561593 0.81742564983543 0.8104507152774173
201.61920523643494 seconds
Test set avg loss: 0.4710
	center loss: 0.0293
conf_mat:
 [[36820     0     0 ...     0     0     0]
 [    0  2283    30 ...     0     0     0]
 [    0    39  3045 ...     0     0     0]
 ...
 [    0     0     0 ...  2335     0     0]
 [    0     0     0 ...     0  5807     0]
 [    0     0     0 ...     0     0   215]]
Precision,Recall,macro_f1 0.8552633678876433 0.8230113608123203 0.8190892614295993
43.89219546318054 seconds


Epoch: 30
Training set avg loss: 0.1023
	center loss: 0.1815
conf_mat:
 [[64139     0     0 ...     0     0     0]
 [    0  4583   118 ...     0     0     0]
 [    0   123  6159 ...     0     0     0]
 ...
 [    0     0     0 ...  3760     0     0]
 [    0     0     0 ...     0 11556     0]
 [    0     0     0 ...     0     0   429]]
Precision,Recall,macro_f1 0.848258559999806 0.8236924781692933 0.8173961294723049
207.76398158073425 seconds
Test set avg loss: 0.4655
	center loss: 0.0236
conf_mat:
 [[35102     0     0 ...     0     0     0]
 [    0  2230    68 ...     0     0     0]
 [    0    29  3056 ...     0     0     0]
 ...
 [    0     0     0 ...  2400     0     0]
 [    0     0     0 ...     0  5661     0]
 [    0     0     0 ...     0     0   210]]
Precision,Recall,macro_f1 0.8666066239661155 0.8331995982265515 0.8277186884293909
45.84091401100159 seconds


Epoch: 31
Training set avg loss: 0.0966
	center loss: 0.1482
conf_mat:
 [[64693     0     0 ...     0     0     0]
 [    0  4547   127 ...     0     0     0]
 [    0   127  6369 ...     0     0     0]
 ...
 [    0     0     0 ...  3796     0     0]
 [    0     0     0 ...     0 11561     0]
 [    0     0     0 ...     0     0   442]]
Precision,Recall,macro_f1 0.8520876473588063 0.8333858259318732 0.828499966405969
207.28250312805176 seconds
Test set avg loss: 0.4397
	center loss: 0.0205
conf_mat:
 [[36985     0     0 ...     0     0     0]
 [    0  2387    55 ...     0     0     0]
 [    0    26  3586 ...     0     0     0]
 ...
 [    0     0     0 ...  2356     0     0]
 [    0     0     0 ...     0  4867     0]
 [    0     0     0 ...     0     0   191]]
Precision,Recall,macro_f1 0.8587637896534848 0.845900661339377 0.8432000155040852
46.29332756996155 seconds


Epoch: 32
Training set avg loss: 0.0962
	center loss: 0.1503
conf_mat:
 [[64790     0     0 ...     0     0     0]
 [    0  4593   128 ...     0     0     0]
 [    0   128  6498 ...     0     0     0]
 ...
 [    0     0     0 ...  3792     0     0]
 [    0     0     0 ...     0 11654     0]
 [    0     0     0 ...     0     0   398]]
Precision,Recall,macro_f1 0.8599554414886397 0.8362180850632464 0.8321805406247886
207.95638489723206 seconds
Test set avg loss: 0.4701
	center loss: 0.0213
conf_mat:
 [[34821     0     0 ...     0     0     0]
 [    0  2170    79 ...     0     0     0]
 [    0    20  3245 ...     0     0     0]
 ...
 [    0     0     0 ...  2369     0     0]
 [    0     0     0 ...     0  5559     0]
 [    0     0     0 ...     0     0   191]]
Precision,Recall,macro_f1 0.8510756137287506 0.8291677459289785 0.8284360679036078
45.91506314277649 seconds


Epoch: 33
Training set avg loss: 0.0916
	center loss: 0.1231
conf_mat:
 [[64836     0     0 ...     0     0     0]
 [    0  4637   118 ...     0     0     0]
 [    0   121  6644 ...     0     0     0]
 ...
 [    0     0     0 ...  3759     0     0]
 [    0     0     0 ...     0 11726     0]
 [    0     0     0 ...     0     0   398]]
Precision,Recall,macro_f1 0.8638250493011504 0.8426597266106473 0.8382800772809536
204.7382755279541 seconds
Test set avg loss: 0.4311
	center loss: 0.0153
conf_mat:
 [[38651     0     0 ...     0     0     0]
 [    0  2214    28 ...     0     0     0]
 [    0    43  2867 ...     0     0     0]
 ...
 [    0     0     0 ...  2330     0     0]
 [    0     0     0 ...     0  5630     0]
 [    0     0     0 ...     0     0   180]]
Precision,Recall,macro_f1 0.8686243981609657 0.8534461679146857 0.8542404132866536
43.743550062179565 seconds


Epoch: 34
Training set avg loss: 0.0887
	center loss: 0.1135
conf_mat:
 [[65156     0     0 ...     0     0     0]
 [    0  4648   119 ...     0     0     0]
 [    0   125  6709 ...     0     0     0]
 ...
 [    0     0     0 ...  3797     0     0]
 [    0     0     0 ...     0 11754     0]
 [    0     0     0 ...     0     0   367]]
Precision,Recall,macro_f1 0.8498634730484028 0.8477357719580461 0.8439176605899235
201.69192957878113 seconds
Test set avg loss: 0.4403
	center loss: 0.0163
conf_mat:
 [[37724     0     0 ...     0     0     0]
 [    0  2218    64 ...     0     0     0]
 [    0    23  3413 ...     0     0     0]
 ...
 [    0     0     0 ...  2392     0     0]
 [    0     0     0 ...     0  5390     0]
 [    0     0     0 ...     0     0   205]]
Precision,Recall,macro_f1 0.8608794878492672 0.8555650307928431 0.8502683015528971
45.898669481277466 seconds


Epoch: 35
Training set avg loss: 0.0856
	center loss: 0.1004
conf_mat:
 [[65757     0     0 ...     0     0     0]
 [    0  4623   129 ...     0     0     0]
 [    0   118  6839 ...     0     0     0]
 ...
 [    0     0     0 ...  3807     0     0]
 [    0     0     0 ...     0 11761     0]
 [    0     0     0 ...     0     0   363]]
Precision,Recall,macro_f1 0.852553077369832 0.8520745053565616 0.8483040346865045
207.82957196235657 seconds
Test set avg loss: 0.4557
	center loss: 0.0158
conf_mat:
 [[30667     0     0 ...     0     0     0]
 [    0  2413    10 ...     0     0     0]
 [    0    90  3378 ...     0     0     0]
 ...
 [    0     0     0 ...  2228     0     0]
 [    0     0     0 ...     0  5766     0]
 [    0     0     0 ...     0     0   143]]
Precision,Recall,macro_f1 0.8401344254408804 0.8462564202480901 0.8378127841615672
45.8285346031189 seconds


Epoch: 36
Training set avg loss: 0.0847
	center loss: 0.0954
conf_mat:
 [[65781     0     0 ...     0     0     0]
 [    0  4606   127 ...     0     0     0]
 [    0   115  6888 ...     0     0     0]
 ...
 [    0     0     0 ...  3797     0     0]
 [    0     0     0 ...     0 11862     0]
 [    0     0     0 ...     0     0   301]]
Precision,Recall,macro_f1 0.8674905783106076 0.8524635411702316 0.848845805546643
204.18839693069458 seconds
Test set avg loss: 0.4115
	center loss: 0.0114
conf_mat:
 [[36760     0     0 ...     0     0     0]
 [    0  2357    16 ...     0     0     0]
 [    0    62  3108 ...     0     0     0]
 ...
 [    0     0     0 ...  2400     0     0]
 [    0     0     0 ...     0  5851     0]
 [    0     0     0 ...     0     0   170]]
Precision,Recall,macro_f1 0.868412868994018 0.8631650618890577 0.861233842650646
43.53044319152832 seconds


Epoch: 37
Training set avg loss: 0.0817
	center loss: 0.0847
conf_mat:
 [[65786     0     0 ...     0     0     0]
 [    0  4629   124 ...     0     0     0]
 [    0   130  6900 ...     0     0     0]
 ...
 [    0     0     0 ...  3781     0     0]
 [    0     0     0 ...     0 12029     0]
 [    0     0     0 ...     0     0   291]]
Precision,Recall,macro_f1 0.8531082201338253 0.8554497064221768 0.8512687874626872
204.46105694770813 seconds
Test set avg loss: 0.4246
	center loss: 0.0131
conf_mat:
 [[35980     0     0 ...     0     0     0]
 [    0  2278    25 ...     0     0     0]
 [    0    35  3369 ...     0     0     0]
 ...
 [    0     0     0 ...  2354     0     0]
 [    0     0     0 ...     0  5303     0]
 [    0     0     0 ...     0     0    86]]
Precision,Recall,macro_f1 0.8646421479950761 0.8505128421651481 0.8507649676716684
45.985475063323975 seconds


Epoch: 38
Training set avg loss: 0.0798
	center loss: 0.0777
conf_mat:
 [[66141     0     0 ...     0     0     0]
 [    0  4664   127 ...     0     0     0]
 [    0   136  6994 ...     0     0     0]
 ...
 [    0     0     0 ...  3817     0     0]
 [    0     0     0 ...     0 11965     0]
 [    0     0     0 ...     0     0   284]]
Precision,Recall,macro_f1 0.8568740003214651 0.8598632047893606 0.8555366487278435
199.8511085510254 seconds
Test set avg loss: 0.4000
	center loss: 0.0118
conf_mat:
 [[37004     0     0 ...     0     0     0]
 [    0  2310    62 ...     0     0     0]
 [    0    40  3417 ...     0     0     0]
 ...
 [    0     0     0 ...  2389     0     0]
 [    0     0     0 ...     0  5807     0]
 [    0     0     0 ...     0     0     0]]
Precision,Recall,macro_f1 0.8533574024285979 0.8556561727361213 0.8507327721119432
43.864147901535034 seconds


Epoch: 39
Training set avg loss: 0.0789
	center loss: 0.0765
conf_mat:
 [[66418     0     0 ...     0     0     0]
 [    0  4669   120 ...     0     0     0]
 [    0   135  7028 ...     0     0     0]
 ...
 [    0     0     0 ...  3828     0     0]
 [    0     0     0 ...     0 11507     0]
 [    0     0     0 ...     0     0   216]]
Precision,Recall,macro_f1 0.8691761000186952 0.856742074306674 0.8520152843103733
197.77399516105652 seconds
Test set avg loss: 0.3979
	center loss: 0.0088
conf_mat:
 [[37408     0     0 ...     0     0     0]
 [    0  2361    28 ...     0     0     0]
 [    0    47  3472 ...     0     0     0]
 ...
 [    0     0     0 ...  2347     0     0]
 [    0     0     0 ...     0  5335     0]
 [    0     0     0 ...     0     0   196]]
Precision,Recall,macro_f1 0.868594716908044 0.8673113596581511 0.8649086005408378
43.58488416671753 seconds


Epoch: 40
Training set avg loss: 0.0750
	center loss: 0.0651
conf_mat:
 [[66693     0     0 ...     0     0     0]
 [    0  4690   140 ...     0     0     0]
 [    0   127  7078 ...     0     0     0]
 ...
 [    0     0     0 ...  3827     0     0]
 [    0     0     0 ...     0 11981     0]
 [    0     0     0 ...     0     0   255]]
Precision,Recall,macro_f1 0.8707406826063013 0.863253391499102 0.8583446286482068
197.92204475402832 seconds
Test set avg loss: 0.3992
	center loss: 0.0093
conf_mat:
 [[37401     0     0 ...     0     0     0]
 [    0  2390    33 ...     0     0     0]
 [    0    36  3467 ...     0     0     0]
 ...
 [    0     0     0 ...  2354     0     0]
 [    0     0     0 ...     0  5466     0]
 [    0     0     0 ...     0     0     7]]
Precision,Recall,macro_f1 0.8776954765086247 0.8646381607691819 0.8596083359920518
43.24256348609924 seconds


Epoch: 41
Training set avg loss: 0.0729
	center loss: 0.0622
conf_mat:
 [[67071     0     0 ...     0     0     0]
 [    0  4685   121 ...     0     0     0]
 [    0   113  7128 ...     0     0     0]
 ...
 [    0     0     0 ...  3846     0     0]
 [    0     0     0 ...     0 11958     0]
 [    0     0     0 ...     0     0   256]]
Precision,Recall,macro_f1 0.8755158295823658 0.8660358740953721 0.8614520009971636
197.39065170288086 seconds
Test set avg loss: 0.3793
	center loss: 0.0070
conf_mat:
 [[38192     0     0 ...     0     0     0]
 [    0  2302    55 ...     0     0     0]
 [    0    24  3594 ...     0     0     0]
 ...
 [    0     0     0 ...  2386     0     0]
 [    0     0     0 ...     0  5690     0]
 [    0     0     0 ...     0     0   196]]
Precision,Recall,macro_f1 0.88943465435488 0.8748447829348791 0.8720571564091368
43.13087701797485 seconds


Epoch: 42
Training set avg loss: 0.0705
	center loss: 0.0545
conf_mat:
 [[66967     0     0 ...     0     0     0]
 [    0  4672   143 ...     0     0     0]
 [    0   125  7143 ...     0     0     0]
 ...
 [    0     0     0 ...  3873     0     0]
 [    0     0     0 ...     0 12168     0]
 [    0     0     0 ...     0     0   324]]
Precision,Recall,macro_f1 0.8785658050593464 0.8714816297980892 0.866563765239528
197.09600615501404 seconds
Test set avg loss: 0.3834
	center loss: 0.0069
conf_mat:
 [[35618     0     0 ...     0     0     0]
 [    0  2290    56 ...     0     0     0]
 [    0    20  3393 ...     0     0     0]
 ...
 [    0     0     0 ...  2232     0     0]
 [    0     0     0 ...     0  5727     0]
 [    0     0     0 ...     0     0   202]]
Precision,Recall,macro_f1 0.8859555561653009 0.8770902800572318 0.8727039364160939
43.725147008895874 seconds


Epoch: 43
Training set avg loss: 0.0694
	center loss: 0.0510
conf_mat:
 [[67417     0     0 ...     0     0     0]
 [    0  4687   128 ...     0     0     0]
 [    0   127  7176 ...     0     0     0]
 ...
 [    0     0     0 ...  3825     0     0]
 [    0     0     0 ...     0 12123     0]
 [    0     0     0 ...     0     0   358]]
Precision,Recall,macro_f1 0.8791390044581581 0.8735482012463806 0.8689149218246598
206.74095845222473 seconds
Test set avg loss: 0.3676
	center loss: 0.0054
conf_mat:
 [[38364     0     0 ...     0     0     0]
 [    0  2415    16 ...     0     0     0]
 [    0    56  3671 ...     0     0     0]
 ...
 [    0     0     0 ...  2444     0     0]
 [    0     0     0 ...     0  5945     0]
 [    0     0     0 ...     0     0   117]]
Precision,Recall,macro_f1 0.885939810321682 0.8805303022026567 0.8754369714002
45.926278829574585 seconds


Epoch: 44
Training set avg loss: 0.0690
	center loss: 0.0503
conf_mat:
 [[67296     0     0 ...     0     0     0]
 [    0  4700   119 ...     0     0     0]
 [    0   126  7172 ...     0     0     0]
 ...
 [    0     0     0 ...  3844     0     0]
 [    0     0     0 ...     0 12238     0]
 [    0     0     0 ...     0     0   340]]
Precision,Recall,macro_f1 0.8800880006563174 0.8756017505632337 0.8717822065825194
207.8188579082489 seconds
Test set avg loss: 0.3612
	center loss: 0.0057
conf_mat:
 [[39227     0     0 ...     0     0     0]
 [    0  2365    48 ...     0     0     0]
 [    0    26  3648 ...     0     0     0]
 ...
 [    0     0     0 ...  2388     0     0]
 [    0     0     0 ...     0  5643     0]
 [    0     0     0 ...     0     0   190]]
Precision,Recall,macro_f1 0.8895831775884336 0.8833315992297629 0.8784975359383141
46.03598737716675 seconds


Epoch: 45
Training set avg loss: 0.0657
	center loss: 0.0460
conf_mat:
 [[67644     0     0 ...     0     0     0]
 [    0  4679   132 ...     0     0     0]
 [    0   127  7235 ...     0     0     0]
 ...
 [    0     0     0 ...  3848     0     0]
 [    0     0     0 ...     0 12200     0]
 [    0     0     0 ...     0     0   367]]
Precision,Recall,macro_f1 0.8846798032007682 0.881622765537422 0.8787142933130424
206.90497422218323 seconds
Test set avg loss: 0.3582
	center loss: 0.0048
conf_mat:
 [[37954     0     0 ...     0     0     0]
 [    0  2403    23 ...     0     0     0]
 [    0    46  3565 ...     0     0     0]
 ...
 [    0     0     0 ...  2461     0     0]
 [    0     0     0 ...     0  5684     0]
 [    0     0     0 ...     0     0   199]]
Precision,Recall,macro_f1 0.893885285128971 0.8880800687531049 0.8862738584233976
43.040470600128174 seconds


Epoch: 46
Training set avg loss: 0.0645
	center loss: 0.0425
conf_mat:
 [[67882     0     0 ...     0     0     0]
 [    0  4734   115 ...     0     0     0]
 [    0   124  7256 ...     0     0     0]
 ...
 [    0     0     0 ...  3870     0     0]
 [    0     0     0 ...     0 12274     0]
 [    0     0     0 ...     0     0   404]]
Precision,Recall,macro_f1 0.8869427712216854 0.8859350215367243 0.8835087008552525
200.67457151412964 seconds
Test set avg loss: 0.3547
	center loss: 0.0042
conf_mat:
 [[37406     0     0 ...     0     0     0]
 [    0  2144    71 ...     0     0     0]
 [    0     8  3208 ...     0     0     0]
 ...
 [    0     0     0 ...  2446     0     0]
 [    0     0     0 ...     0  5824     0]
 [    0     0     0 ...     0     0   196]]
Precision,Recall,macro_f1 0.8990205261527257 0.8875166018918976 0.8915872993573216
46.710681676864624 seconds


Epoch: 47
Training set avg loss: 0.0635
	center loss: 0.0414
conf_mat:
 [[67759     0     0 ...     0     0     0]
 [    0  4715   126 ...     0     0     0]
 [    0   112  7295 ...     0     0     0]
 ...
 [    0     0     0 ...  3877     0     0]
 [    0     0     0 ...     0 12151     0]
 [    0     0     0 ...     0     0   409]]
Precision,Recall,macro_f1 0.887522438833614 0.8889903651356401 0.8866129644504321
205.3005599975586 seconds
Test set avg loss: 0.3529
	center loss: 0.0042
conf_mat:
 [[39524     0     0 ...     0     0     0]
 [    0  2379    37 ...     0     0     0]
 [    0    35  3649 ...     0     0     0]
 ...
 [    0     0     0 ...  2434     0     0]
 [    0     0     0 ...     0  5545     0]
 [    0     0     0 ...     0     0   200]]
Precision,Recall,macro_f1 0.8976651993883915 0.8990788132977482 0.8966704982049264
45.942145586013794 seconds


Epoch: 48
Training set avg loss: 0.0629
	center loss: 0.0416
conf_mat:
 [[67985     0     0 ...     0     0     0]
 [    0  4722   123 ...     0     0     0]
 [    0   115  7293 ...     0     0     0]
 ...
 [    0     0     0 ...  3882     0     0]
 [    0     0     0 ...     0 12302     0]
 [    0     0     0 ...     0     0   419]]
Precision,Recall,macro_f1 0.8886042394896823 0.8916218915396742 0.8890229916084335
207.34296441078186 seconds
Test set avg loss: 0.3458
	center loss: 0.0036
conf_mat:
 [[39489     0     0 ...     0     0     0]
 [    0  2361    31 ...     0     0     0]
 [    0    41  3468 ...     0     0     0]
 ...
 [    0     0     0 ...  2422     0     0]
 [    0     0     0 ...     0  5626     0]
 [    0     0     0 ...     0     0   212]]
Precision,Recall,macro_f1 0.9015290016069939 0.8957744875002901 0.8969501268186786
45.91552686691284 seconds


Epoch: 49
Training set avg loss: 0.0590
	center loss: 0.0360
conf_mat:
 [[68319     0     0 ...     0     0     0]
 [    0  4779   116 ...     0     0     0]
 [    0   120  7329 ...     0     0     0]
 ...
 [    0     0     0 ...  3924     0     0]
 [    0     0     0 ...     0 12355     0]
 [    0     0     0 ...     0     0   440]]
Precision,Recall,macro_f1 0.8940001015983761 0.8977978268276066 0.8951252838033296
206.06811046600342 seconds
Test set avg loss: 0.3435
	center loss: 0.0037
conf_mat:
 [[37873     0     0 ...     0     0     0]
 [    0  2222   115 ...     0     0     0]
 [    0    22  3260 ...     0     0     0]
 ...
 [    0     0     0 ...  2427     0     0]
 [    0     0     0 ...     0  5986     0]
 [    0     0     0 ...     0     0   205]]
Precision,Recall,macro_f1 0.8967666735556684 0.8962551124550202 0.8951984259090787
46.992350578308105 seconds


Epoch: 50
Training set avg loss: 0.0596
	center loss: 0.0370
conf_mat:
 [[68438     0     0 ...     0     0     0]
 [    0  4753   117 ...     0     0     0]
 [    0   117  7361 ...     0     0     0]
 ...
 [    0     0     0 ...  3896     0     0]
 [    0     0     0 ...     0 12270     0]
 [    0     0     0 ...     0     0   427]]
Precision,Recall,macro_f1 0.8921220369126706 0.897362190117658 0.894226239503616
203.46115469932556 seconds
Test set avg loss: 0.3405
	center loss: 0.0034
conf_mat:
 [[39234     0     0 ...     0     0     0]
 [    0  2355    26 ...     0     0     0]
 [    0    48  3509 ...     0     0     0]
 ...
 [    0     0     0 ...  2366     0     0]
 [    0     0     0 ...     0  5935     0]
 [    0     0     0 ...     0     0   205]]
Precision,Recall,macro_f1 0.9010227399545212 0.9009596239656876 0.900305569227951
43.67895030975342 seconds


Epoch: 51
Training set avg loss: 0.0575
	center loss: 0.0339
conf_mat:
 [[68622     0     0 ...     0     0     0]
 [    0  4754   126 ...     0     0     0]
 [    0   127  7289 ...     0     0     0]
 ...
 [    0     0     0 ...  3942     0     0]
 [    0     0     0 ...     0 12370     0]
 [    0     0     0 ...     0     0   439]]
Precision,Recall,macro_f1 0.8955637749705192 0.900964740227216 0.8978556792960906
206.6675262451172 seconds
Test set avg loss: 0.3473
	center loss: 0.0035
conf_mat:
 [[38084     0     0 ...     0     0     0]
 [    0  2270    81 ...     0     0     0]
 [    0    13  3357 ...     0     0     0]
 ...
 [    0     0     0 ...  2353     0     0]
 [    0     0     0 ...     0  5757     0]
 [    0     0     0 ...     0     0   210]]
Precision,Recall,macro_f1 0.896843526289837 0.8990522716623188 0.8967422621347525
47.13469624519348 seconds


Epoch: 52
Training set avg loss: 0.0560
	center loss: 0.0315
conf_mat:
 [[68819     0     0 ...     0     0     0]
 [    0  4757   133 ...     0     0     0]
 [    0   110  7335 ...     0     0     0]
 ...
 [    0     0     0 ...  3933     0     0]
 [    0     0     0 ...     0 12458     0]
 [    0     0     0 ...     0     0   441]]
Precision,Recall,macro_f1 0.8966523105724193 0.9024044524692237 0.8991705364352757
208.0892322063446 seconds
Test set avg loss: 0.3300
	center loss: 0.0030
conf_mat:
 [[38604     0     0 ...     0     0     0]
 [    0  2400    28 ...     0     0     0]
 [    0    53  3549 ...     0     0     0]
 ...
 [    0     0     0 ...  2399     0     0]
 [    0     0     0 ...     0  6140     0]
 [    0     0     0 ...     0     0   216]]
Precision,Recall,macro_f1 0.9035365200147241 0.907239678545436 0.9047034929518413
45.72241735458374 seconds


Epoch: 53
Training set avg loss: 0.0558
	center loss: 0.0312
conf_mat:
 [[68714     0     0 ...     0     0     0]
 [    0  4753   114 ...     0     0     0]
 [    0   106  7327 ...     0     0     0]
 ...
 [    0     0     0 ...  3934     0     0]
 [    0     0     0 ...     0 12472     0]
 [    0     0     0 ...     0     0   453]]
Precision,Recall,macro_f1 0.8966786416141224 0.9029404709645789 0.8995051991836132
207.3701798915863 seconds
Test set avg loss: 0.3285
	center loss: 0.0027
conf_mat:
 [[38939     0     0 ...     0     0     0]
 [    0  2356    58 ...     0     0     0]
 [    0    28  3611 ...     0     0     0]
 ...
 [    0     0     0 ...  2355     0     0]
 [    0     0     0 ...     0  5782     0]
 [    0     0     0 ...     0     0   213]]
Precision,Recall,macro_f1 0.9027542594416669 0.9018551286412114 0.9015271493394963
45.987531423568726 seconds


Epoch: 54
Training set avg loss: 0.0548
	center loss: 0.0298
conf_mat:
 [[68734     0     0 ...     0     0     0]
 [    0  4757   119 ...     0     0     0]
 [    0   126  7320 ...     0     0     0]
 ...
 [    0     0     0 ...  3952     0     0]
 [    0     0     0 ...     0 12459     0]
 [    0     0     0 ...     0     0   459]]
Precision,Recall,macro_f1 0.8980270010143097 0.904737113994644 0.9011240362181453
207.15602374076843 seconds
Test set avg loss: 0.3615
	center loss: 0.0046
conf_mat:
 [[34180     0     0 ...     0     0     0]
 [    0  2330     7 ...     0     0     0]
 [    0    84  3375 ...     0     0     0]
 ...
 [    0     0     0 ...  2385     0     0]
 [    0     0     0 ...     0  5788     0]
 [    0     0     0 ...     0     0   222]]
Precision,Recall,macro_f1 0.8898349969442426 0.8878068287136297 0.8866096059507782
45.816855907440186 seconds


Epoch: 55
Training set avg loss: 0.0531
	center loss: 0.0288
conf_mat:
 [[69139     0     0 ...     0     0     0]
 [    0  4776   106 ...     0     0     0]
 [    0   131  7367 ...     0     0     0]
 ...
 [    0     0     0 ...  3939     0     0]
 [    0     0     0 ...     0 12413     0]
 [    0     0     0 ...     0     0   463]]
Precision,Recall,macro_f1 0.9008692072853719 0.9069559648290104 0.9036291078432502
202.828191280365 seconds
Test set avg loss: 0.3249
	center loss: 0.0024
conf_mat:
 [[37870     0     0 ...     0     0     0]
 [    0  2334    30 ...     0     0     0]
 [    0    33  3446 ...     0     0     0]
 ...
 [    0     0     0 ...  2395     0     0]
 [    0     0     0 ...     0  5554     0]
 [    0     0     0 ...     0     0   223]]
Precision,Recall,macro_f1 0.9045741203744162 0.9049140111451885 0.90402923862965
46.85449290275574 seconds


Epoch: 56
Training set avg loss: 0.0521
	center loss: 0.0276
conf_mat:
 [[69199     0     0 ...     0     0     0]
 [    0  4793   119 ...     0     0     0]
 [    0   118  7366 ...     0     0     0]
 ...
 [    0     0     0 ...  3940     0     0]
 [    0     0     0 ...     0 12419     0]
 [    0     0     0 ...     0     0   462]]
Precision,Recall,macro_f1 0.902420841890666 0.9091635300352079 0.905560943540002
201.41985440254211 seconds
Test set avg loss: 0.3138
	center loss: 0.0024
conf_mat:
 [[39604     0     0 ...     0     0     0]
 [    0  2227    84 ...     0     0     0]
 [    0    65  3628 ...     0     0     0]
 ...
 [    0     0     0 ...  2436     0     0]
 [    0     0     0 ...     0  5971     0]
 [    0     0     0 ...     0     0   214]]
Precision,Recall,macro_f1 0.9102362649336011 0.9072727906295972 0.9076553029680642
43.78198766708374 seconds


Epoch: 57
Training set avg loss: 0.0515
	center loss: 0.0277
conf_mat:
 [[69185     0     0 ...     0     0     0]
 [    0  4781   111 ...     0     0     0]
 [    0   111  7428 ...     0     0     0]
 ...
 [    0     0     0 ...  3955     0     0]
 [    0     0     0 ...     0 12491     0]
 [    0     0     0 ...     0     0   470]]
Precision,Recall,macro_f1 0.9029616204552784 0.9099369847604991 0.9062142360684609
200.67967438697815 seconds
Test set avg loss: 0.3162
	center loss: 0.0026
conf_mat:
 [[37885     0     0 ...     0     0     0]
 [    0  2347    33 ...     0     0     0]
 [    0    42  3188 ...     0     0     0]
 ...
 [    0     0     0 ...  2372     0     0]
 [    0     0     0 ...     0  6017     0]
 [    0     0     0 ...     0     0   210]]
Precision,Recall,macro_f1 0.9059374541704203 0.9029291456634981 0.9033970493771463
45.89480757713318 seconds


Epoch: 58
Training set avg loss: 0.0496
	center loss: 0.0253
conf_mat:
 [[69423     0     0 ...     0     0     0]
 [    0  4780   116 ...     0     0     0]
 [    0   117  7396 ...     0     0     0]
 ...
 [    0     0     0 ...  3991     0     0]
 [    0     0     0 ...     0 12599     0]
 [    0     0     0 ...     0     0   461]]
Precision,Recall,macro_f1 0.9054740560568479 0.9117485364898081 0.9084147467657357
208.0888569355011 seconds
Test set avg loss: 0.3131
	center loss: 0.0023
conf_mat:
 [[39143     0     0 ...     0     0     0]
 [    0  2399    29 ...     0     0     0]
 [    0    34  3432 ...     0     0     0]
 ...
 [    0     0     0 ...  2418     0     0]
 [    0     0     0 ...     0  5931     0]
 [    0     0     0 ...     0     0   210]]
Precision,Recall,macro_f1 0.9071259915539971 0.9083314611622693 0.9068411202889238
46.13522291183472 seconds


Epoch: 59
Training set avg loss: 0.0488
	center loss: 0.0244
conf_mat:
 [[69566     0     0 ...     0     0     0]
 [    0  4788   123 ...     0     0     0]
 [    0   115  7412 ...     0     0     0]
 ...
 [    0     0     0 ...  3980     0     0]
 [    0     0     0 ...     0 12554     0]
 [    0     0     0 ...     0     0   465]]
Precision,Recall,macro_f1 0.9068711741075892 0.9130027903840463 0.9097433134860415
207.2251114845276 seconds
Test set avg loss: 0.3110
	center loss: 0.0024
conf_mat:
 [[38543     0     0 ...     0     0     0]
 [    0  2307    59 ...     0     0     0]
 [    0    48  3617 ...     0     0     0]
 ...
 [    0     0     0 ...  2341     0     0]
 [    0     0     0 ...     0  5564     0]
 [    0     0     0 ...     0     0   208]]
Precision,Recall,macro_f1 0.9030766489590168 0.9065183420402312 0.9040765531090454
45.95665240287781 seconds


Epoch: 60
Training set avg loss: 0.0482
	center loss: 0.0240
conf_mat:
 [[69518     0     0 ...     0     0     0]
 [    0  4811   102 ...     0     0     0]
 [    0   112  7393 ...     0     0     0]
 ...
 [    0     0     0 ...  4004     0     0]
 [    0     0     0 ...     0 12599     0]
 [    0     0     0 ...     0     0   468]]
Precision,Recall,macro_f1 0.9069162021292535 0.9135956434905469 0.9100760958542631
208.13137555122375 seconds
Test set avg loss: 0.3060
	center loss: 0.0021
conf_mat:
 [[39816     0     0 ...     0     0     0]
 [    0  2315    20 ...     0     0     0]
 [    0    50  3397 ...     0     0     0]
 ...
 [    0     0     0 ...  2438     0     0]
 [    0     0     0 ...     0  5975     0]
 [    0     0     0 ...     0     0   214]]
Precision,Recall,macro_f1 0.9128597116761605 0.902048979390339 0.9062393065777372
46.09011721611023 seconds


Epoch: 61
Training set avg loss: 0.0473
	center loss: 0.0236
conf_mat:
 [[69738     0     0 ...     0     0     0]
 [    0  4815   108 ...     0     0     0]
 [    0   107  7425 ...     0     0     0]
 ...
 [    0     0     0 ...  4013     0     0]
 [    0     0     0 ...     0 12552     0]
 [    0     0     0 ...     0     0   469]]
Precision,Recall,macro_f1 0.9078737138359857 0.9146025605581208 0.9110621149386778
203.35750651359558 seconds
Test set avg loss: 0.3082
	center loss: 0.0022
conf_mat:
 [[37989     0     0 ...     0     0     0]
 [    0  2449    28 ...     0     0     0]
 [    0    44  3683 ...     0     0     0]
 ...
 [    0     0     0 ...  2372     0     0]
 [    0     0     0 ...     0  5902     0]
 [    0     0     0 ...     0     0   216]]
Precision,Recall,macro_f1 0.9054426905953715 0.9119011118844729 0.907896368407463
46.513792753219604 seconds


Epoch: 62
Training set avg loss: 0.0463
	center loss: 0.0227
conf_mat:
 [[69717     0     0 ...     0     0     0]
 [    0  4805   105 ...     0     0     0]
 [    0   103  7432 ...     0     0     0]
 ...
 [    0     0     0 ...  4009     0     0]
 [    0     0     0 ...     0 12665     0]
 [    0     0     0 ...     0     0   467]]
Precision,Recall,macro_f1 0.9094264457654624 0.9155411168767048 0.9123029074805328
208.00964879989624 seconds
Test set avg loss: 0.3038
	center loss: 0.0022
conf_mat:
 [[40408     0     0 ...     0     0     0]
 [    0  2384    27 ...     0     0     0]
 [    0    45  3624 ...     0     0     0]
 ...
 [    0     0     0 ...  2389     0     0]
 [    0     0     0 ...     0  5938     0]
 [    0     0     0 ...     0     0   210]]
Precision,Recall,macro_f1 0.9090803109748709 0.9080298958189899 0.9078098309744276
45.92338275909424 seconds


Epoch: 63
Training set avg loss: 0.0464
	center loss: 0.0228
conf_mat:
 [[69849     0     0 ...     0     0     0]
 [    0  4821   110 ...     0     0     0]
 [    0   108  7425 ...     0     0     0]
 ...
 [    0     0     0 ...  3976     0     0]
 [    0     0     0 ...     0 12622     0]
 [    0     0     0 ...     0     0   460]]
Precision,Recall,macro_f1 0.9084917888869902 0.9149757243771132 0.9115677724988419
199.8152585029602 seconds
Test set avg loss: 0.3003
	center loss: 0.0019
conf_mat:
 [[39030     0     0 ...     0     0     0]
 [    0  2453    14 ...     0     0     0]
 [    0    68  3696 ...     0     0     0]
 ...
 [    0     0     0 ...  2359     0     0]
 [    0     0     0 ...     0  5783     0]
 [    0     0     0 ...     0     0   215]]
Precision,Recall,macro_f1 0.9100940147231096 0.9081371458941488 0.9083369928873961
43.409018993377686 seconds


Epoch: 64
Training set avg loss: 0.0452
	center loss: 0.0218
conf_mat:
 [[69768     0     0 ...     0     0     0]
 [    0  4830   108 ...     0     0     0]
 [    0   102  7449 ...     0     0     0]
 ...
 [    0     0     0 ...  4027     0     0]
 [    0     0     0 ...     0 12672     0]
 [    0     0     0 ...     0     0   468]]
Precision,Recall,macro_f1 0.9106853806719784 0.91735339741824 0.9138642801654381
202.65908217430115 seconds
Test set avg loss: 0.2968
	center loss: 0.0018
conf_mat:
 [[40280     0     0 ...     0     0     0]
 [    0  2346    35 ...     0     0     0]
 [    0    46  3544 ...     0     0     0]
 ...
 [    0     0     0 ...  2399     0     0]
 [    0     0     0 ...     0  5932     0]
 [    0     0     0 ...     0     0   216]]
Precision,Recall,macro_f1 0.9116595915741161 0.9114140498746673 0.9110352585794439
46.11261320114136 seconds


Epoch: 65
Training set avg loss: 0.0437
	center loss: 0.0208
conf_mat:
 [[70016     0     0 ...     0     0     0]
 [    0  4840   101 ...     0     0     0]
 [    0   103  7475 ...     0     0     0]
 ...
 [    0     0     0 ...  4035     0     0]
 [    0     0     0 ...     0 12719     0]
 [    0     0     0 ...     0     0   474]]
Precision,Recall,macro_f1 0.9133250693522094 0.9195661000251074 0.916292858319758
199.59687089920044 seconds
Test set avg loss: 0.2924
	center loss: 0.0018
conf_mat:
 [[40328     0     0 ...     0     0     0]
 [    0  2180   125 ...     0     0     0]
 [    0    10  3526 ...     0     0     0]
 ...
 [    0     0     0 ...  2332     0     0]
 [    0     0     0 ...     0  5693     0]
 [    0     0     0 ...     0     0   213]]
Precision,Recall,macro_f1 0.9128308210782815 0.9083071246003463 0.909959756450524
43.37509727478027 seconds


Epoch: 66
Training set avg loss: 0.0434
	center loss: 0.0203
conf_mat:
 [[70007     0     0 ...     0     0     0]
 [    0  4838   114 ...     0     0     0]
 [    0   109  7494 ...     0     0     0]
 ...
 [    0     0     0 ...  4006     0     0]
 [    0     0     0 ...     0 12684     0]
 [    0     0     0 ...     0     0   466]]
Precision,Recall,macro_f1 0.9131681757826753 0.9192970114908772 0.9160829137233826
197.5213758945465 seconds
Test set avg loss: 0.2922
	center loss: 0.0017
conf_mat:
 [[38551     0     0 ...     0     0     0]
 [    0  2481    21 ...     0     0     0]
 [    0    62  3498 ...     0     0     0]
 ...
 [    0     0     0 ...  2349     0     0]
 [    0     0     0 ...     0  5703     0]
 [    0     0     0 ...     0     0   218]]
Precision,Recall,macro_f1 0.9129425471398729 0.9101062821435265 0.9105964089551443
43.17428374290466 seconds


Epoch: 67
Training set avg loss: 0.0427
	center loss: 0.0199
conf_mat:
 [[70146     0     0 ...     0     0     0]
 [    0  4846    95 ...     0     0     0]
 [    0    92  7486 ...     0     0     0]
 ...
 [    0     0     0 ...  4041     0     0]
 [    0     0     0 ...     0 12772     0]
 [    0     0     0 ...     0     0   470]]
Precision,Recall,macro_f1 0.9145205694514116 0.9203395028972432 0.9172890763315293
198.06841611862183 seconds
Test set avg loss: 0.2967
	center loss: 0.0020
conf_mat:
 [[39638     0     0 ...     0     0     0]
 [    0  2339    22 ...     0     0     0]
 [    0    62  3571 ...     0     0     0]
 ...
 [    0     0     0 ...  2212     0     0]
 [    0     0     0 ...     0  5880     0]
 [    0     0     0 ...     0     0   214]]
Precision,Recall,macro_f1 0.9036087364949933 0.9103192193259998 0.9061134194291901
43.51996731758118 seconds


Epoch: 68
Training set avg loss: 0.0423
	center loss: 0.0198
conf_mat:
 [[70153     0     0 ...     0     0     0]
 [    0  4834    96 ...     0     0     0]
 [    0    91  7487 ...     0     0     0]
 ...
 [    0     0     0 ...  4031     0     0]
 [    0     0     0 ...     0 12749     0]
 [    0     0     0 ...     0     0   467]]
Precision,Recall,macro_f1 0.9143519720450181 0.9208441507102169 0.9174709834632767
198.21649146080017 seconds
Test set avg loss: 0.2906
	center loss: 0.0017
conf_mat:
 [[38328     0     0 ...     0     0     0]
 [    0  2465    29 ...     0     0     0]
 [    0    56  3700 ...     0     0     0]
 ...
 [    0     0     0 ...  2394     0     0]
 [    0     0     0 ...     0  5795     0]
 [    0     0     0 ...     0     0   218]]
Precision,Recall,macro_f1 0.908395171427913 0.9118767667092038 0.9092027505919222
43.659409523010254 seconds


Epoch: 69
Training set avg loss: 0.0415
	center loss: 0.0196
conf_mat:
 [[70114     0     0 ...     0     0     0]
 [    0  4850   108 ...     0     0     0]
 [    0   107  7460 ...     0     0     0]
 ...
 [    0     0     0 ...  4031     0     0]
 [    0     0     0 ...     0 12733     0]
 [    0     0     0 ...     0     0   469]]
Precision,Recall,macro_f1 0.9161766697273913 0.9220742827171993 0.9189926808175416
207.035804271698 seconds
Test set avg loss: 0.2867
	center loss: 0.0015
conf_mat:
 [[39767     0     0 ...     0     0     0]
 [    0  2340    38 ...     0     0     0]
 [    0    56  3447 ...     0     0     0]
 ...
 [    0     0     0 ...  2330     0     0]
 [    0     0     0 ...     0  5843     0]
 [    0     0     0 ...     0     0   211]]
Precision,Recall,macro_f1 0.91086671696886 0.9130078987503661 0.9114278863159966
45.82407283782959 seconds


Epoch: 70
Training set avg loss: 0.0404
	center loss: 0.0185
conf_mat:
 [[70488     0     0 ...     0     0     0]
 [    0  4854    93 ...     0     0     0]
 [    0   110  7478 ...     0     0     0]
 ...
 [    0     0     0 ...  4043     0     0]
 [    0     0     0 ...     0 12780     0]
 [    0     0     0 ...     0     0   474]]
Precision,Recall,macro_f1 0.9175422743370056 0.9236900998194207 0.9204915794539303
207.36067128181458 seconds
Test set avg loss: 0.2859
	center loss: 0.0015
conf_mat:
 [[39713     0     0 ...     0     0     0]
 [    0  2411    57 ...     0     0     0]
 [    0    24  3525 ...     0     0     0]
 ...
 [    0     0     0 ...  2460     0     0]
 [    0     0     0 ...     0  5516     0]
 [    0     0     0 ...     0     0   217]]
Precision,Recall,macro_f1 0.9101489952895664 0.9124784840793279 0.9105362811653124
46.064215421676636 seconds


Epoch: 71
Training set avg loss: 0.0400
	center loss: 0.0180
conf_mat:
 [[70520     0     0 ...     0     0     0]
 [    0  4843   102 ...     0     0     0]
 [    0    99  7476 ...     0     0     0]
 ...
 [    0     0     0 ...  4061     0     0]
 [    0     0     0 ...     0 12812     0]
 [    0     0     0 ...     0     0   474]]
Precision,Recall,macro_f1 0.9184114939451314 0.9243657704346234 0.9212696143328761
204.07847952842712 seconds
Test set avg loss: 0.2835
	center loss: 0.0015
conf_mat:
 [[39312     0     0 ...     0     0     0]
 [    0  2441    31 ...     0     0     0]
 [    0    48  3579 ...     0     0     0]
 ...
 [    0     0     0 ...  2294     0     0]
 [    0     0     0 ...     0  5808     0]
 [    0     0     0 ...     0     0   216]]
Precision,Recall,macro_f1 0.9101931772403786 0.9186293434280515 0.9138632732580749
44.07419991493225 seconds


Epoch: 72
Training set avg loss: 0.0394
	center loss: 0.0178
conf_mat:
 [[70598     0     0 ...     0     0     0]
 [    0  4876   105 ...     0     0     0]
 [    0    97  7514 ...     0     0     0]
 ...
 [    0     0     0 ...  4073     0     0]
 [    0     0     0 ...     0 12820     0]
 [    0     0     0 ...     0     0   475]]
Precision,Recall,macro_f1 0.9190538274200161 0.9247704307378974 0.9217875662155116
201.06164526939392 seconds
Test set avg loss: 0.2790
	center loss: 0.0015
conf_mat:
 [[40243     0     0 ...     0     0     0]
 [    0  2382    59 ...     0     0     0]
 [    0    33  3726 ...     0     0     0]
 ...
 [    0     0     0 ...  2359     0     0]
 [    0     0     0 ...     0  6014     0]
 [    0     0     0 ...     0     0   219]]
Precision,Recall,macro_f1 0.912879040045335 0.9141388183204265 0.9130044036394426
45.68041443824768 seconds


Epoch: 73
Training set avg loss: 0.0395
	center loss: 0.0180
conf_mat:
 [[70425     0     0 ...     0     0     0]
 [    0  4850   102 ...     0     0     0]
 [    0   109  7507 ...     0     0     0]
 ...
 [    0     0     0 ...  4060     0     0]
 [    0     0     0 ...     0 12813     0]
 [    0     0     0 ...     0     0   471]]
Precision,Recall,macro_f1 0.9188905166906628 0.9249307769769133 0.9217920867925814
204.62317776679993 seconds
Test set avg loss: 0.2816
	center loss: 0.0014
conf_mat:
 [[38934     0     0 ...     0     0     0]
 [    0  2368    39 ...     0     0     0]
 [    0    30  3657 ...     0     0     0]
 ...
 [    0     0     0 ...  2399     0     0]
 [    0     0     0 ...     0  5822     0]
 [    0     0     0 ...     0     0   222]]
Precision,Recall,macro_f1 0.9136687521718889 0.9175910168014805 0.915101717169031
45.99578332901001 seconds


Epoch: 74
Training set avg loss: 0.0379
	center loss: 0.0171
conf_mat:
 [[70712     0     0 ...     0     0     0]
 [    0  4871    99 ...     0     0     0]
 [    0   103  7537 ...     0     0     0]
 ...
 [    0     0     0 ...  4083     0     0]
 [    0     0     0 ...     0 12811     0]
 [    0     0     0 ...     0     0   471]]
Precision,Recall,macro_f1 0.9212905942244612 0.9270168327489597 0.9240358232568596
207.57930183410645 seconds
Test set avg loss: 0.2799
	center loss: 0.0014
conf_mat:
 [[39212     0     0 ...     0     0     0]
 [    0  2431    28 ...     0     0     0]
 [    0    60  3563 ...     0     0     0]
 ...
 [    0     0     0 ...  2409     0     0]
 [    0     0     0 ...     0  5970     0]
 [    0     0     0 ...     0     0   217]]
Precision,Recall,macro_f1 0.9130025564340356 0.9150431596505678 0.9135709912772173
46.1211371421814 seconds


Epoch: 75
Training set avg loss: 0.0378
	center loss: 0.0168
conf_mat:
 [[70813     0     0 ...     0     0     0]
 [    0  4868    96 ...     0     0     0]
 [    0    96  7510 ...     0     0     0]
 ...
 [    0     0     0 ...  4062     0     0]
 [    0     0     0 ...     0 12885     0]
 [    0     0     0 ...     0     0   474]]
Precision,Recall,macro_f1 0.9217657965249274 0.9278564782199307 0.9246912992005645
207.38214087486267 seconds
Test set avg loss: 0.2806
	center loss: 0.0015
conf_mat:
 [[39194     0     0 ...     0     0     0]
 [    0  2212    60 ...     0     0     0]
 [    0    26  3379 ...     0     0     0]
 ...
 [    0     0     0 ...  2324     0     0]
 [    0     0     0 ...     0  5973     0]
 [    0     0     0 ...     0     0   219]]
Precision,Recall,macro_f1 0.9107538261536098 0.9071648411072059 0.9081346751477014
45.71433711051941 seconds


Epoch: 76
Training set avg loss: 0.0372
	center loss: 0.0166
conf_mat:
 [[70745     0     0 ...     0     0     0]
 [    0  4868   107 ...     0     0     0]
 [    0   117  7486 ...     0     0     0]
 ...
 [    0     0     0 ...  4075     0     0]
 [    0     0     0 ...     0 12917     0]
 [    0     0     0 ...     0     0   478]]
Precision,Recall,macro_f1 0.9232669223255965 0.928851593973985 0.9259515677925686
206.76580572128296 seconds
Test set avg loss: 0.2731
	center loss: 0.0013
conf_mat:
 [[40583     0     0 ...     0     0     0]
 [    0  2324    80 ...     0     0     0]
 [    0    27  3657 ...     0     0     0]
 ...
 [    0     0     0 ...  2390     0     0]
 [    0     0     0 ...     0  5900     0]
 [    0     0     0 ...     0     0   219]]
Precision,Recall,macro_f1 0.913885699065772 0.9171941326642893 0.9152081225789713
43.62933659553528 seconds


Epoch: 77
Training set avg loss: 0.0368
	center loss: 0.0162
conf_mat:
 [[70869     0     0 ...     0     0     0]
 [    0  4894    88 ...     0     0     0]
 [    0    90  7534 ...     0     0     0]
 ...
 [    0     0     0 ...  4105     0     0]
 [    0     0     0 ...     0 12901     0]
 [    0     0     0 ...     0     0   469]]
Precision,Recall,macro_f1 0.9227049892712664 0.9285826283898386 0.9255299415930662
201.75781774520874 seconds
Test set avg loss: 0.2760
	center loss: 0.0014
conf_mat:
 [[38660     0     0 ...     0     0     0]
 [    0  2319    42 ...     0     0     0]
 [    0    60  3574 ...     0     0     0]
 ...
 [    0     0     0 ...  2421     0     0]
 [    0     0     0 ...     0  5849     0]
 [    0     0     0 ...     0     0   220]]
Precision,Recall,macro_f1 0.9122060478116111 0.913856802969821 0.9123490042041317
45.89564037322998 seconds


Epoch: 78
Training set avg loss: 0.0362
	center loss: 0.0158
conf_mat:
 [[70834     0     0 ...     0     0     0]
 [    0  4896    98 ...     0     0     0]
 [    0   104  7533 ...     0     0     0]
 ...
 [    0     0     0 ...  4080     0     0]
 [    0     0     0 ...     0 12944     0]
 [    0     0     0 ...     0     0   480]]
Precision,Recall,macro_f1 0.9246500930478984 0.929992061595453 0.9272156174581183
208.13857197761536 seconds
Test set avg loss: 0.2729
	center loss: 0.0014
conf_mat:
 [[40800     0     0 ...     0     0     0]
 [    0  2281    88 ...     0     0     0]
 [    0    23  3653 ...     0     0     0]
 ...
 [    0     0     0 ...  2403     0     0]
 [    0     0     0 ...     0  5885     0]
 [    0     0     0 ...     0     0   215]]
Precision,Recall,macro_f1 0.9130536717136857 0.9158727975664525 0.9140720114111329
45.98072361946106 seconds


Epoch: 79
Training set avg loss: 0.0357
	center loss: 0.0155
conf_mat:
 [[70992     0     0 ...     0     0     0]
 [    0  4907    92 ...     0     0     0]
 [    0   100  7540 ...     0     0     0]
 ...
 [    0     0     0 ...  4106     0     0]
 [    0     0     0 ...     0 12963     0]
 [    0     0     0 ...     0     0   477]]
Precision,Recall,macro_f1 0.9254797584029502 0.9311841162505444 0.9282308516286986
207.79429030418396 seconds
Test set avg loss: 0.2751
	center loss: 0.0013
conf_mat:
 [[40194     0     0 ...     0     0     0]
 [    0  2401    23 ...     0     0     0]
 [    0    76  3709 ...     0     0     0]
 ...
 [    0     0     0 ...  2339     0     0]
 [    0     0     0 ...     0  5948     0]
 [    0     0     0 ...     0     0   214]]
Precision,Recall,macro_f1 0.9134156428187148 0.9144358070311921 0.9134159109302701
45.94483017921448 seconds


Epoch: 80
Training set avg loss: 0.0356
	center loss: 0.0156
conf_mat:
 [[70888     0     0 ...     0     0     0]
 [    0  4876    91 ...     0     0     0]
 [    0    93  7544 ...     0     0     0]
 ...
 [    0     0     0 ...  4104     0     0]
 [    0     0     0 ...     0 12897     0]
 [    0     0     0 ...     0     0   475]]
Precision,Recall,macro_f1 0.925379707015792 0.9309579069226724 0.9280687743633259
207.78818440437317 seconds
Test set avg loss: 0.2726
	center loss: 0.0014
conf_mat:
 [[39508     0     0 ...     0     0     0]
 [    0  2444    14 ...     0     0     0]
 [    0    96  3489 ...     0     0     0]
 ...
 [    0     0     0 ...  2329     0     0]
 [    0     0     0 ...     0  5835     0]
 [    0     0     0 ...     0     0   210]]
Precision,Recall,macro_f1 0.914356712543358 0.9163754967548826 0.914850243244902
45.69595527648926 seconds


Epoch: 81
Training set avg loss: 0.0346
	center loss: 0.0149
conf_mat:
 [[71050     0     0 ...     0     0     0]
 [    0  4896    88 ...     0     0     0]
 [    0   100  7565 ...     0     0     0]
 ...
 [    0     0     0 ...  4101     0     0]
 [    0     0     0 ...     0 12963     0]
 [    0     0     0 ...     0     0   476]]
Precision,Recall,macro_f1 0.9270242622945112 0.9324053482473911 0.9296141785443851
205.02162432670593 seconds
Test set avg loss: 0.2744
	center loss: 0.0014
conf_mat:
 [[39554     0     0 ...     0     0     0]
 [    0  2346    51 ...     0     0     0]
 [    0    21  3417 ...     0     0     0]
 ...
 [    0     0     0 ...  2393     0     0]
 [    0     0     0 ...     0  6056     0]
 [    0     0     0 ...     0     0   215]]
Precision,Recall,macro_f1 0.9151828900979234 0.9119119945572294 0.9129578387398252
43.55338668823242 seconds


Epoch: 82
Training set avg loss: 0.0345
	center loss: 0.0149
conf_mat:
 [[70974     0     0 ...     0     0     0]
 [    0  4899    92 ...     0     0     0]
 [    0    93  7554 ...     0     0     0]
 ...
 [    0     0     0 ...  4110     0     0]
 [    0     0     0 ...     0 12973     0]
 [    0     0     0 ...     0     0   471]]
Precision,Recall,macro_f1 0.9268887808948402 0.9322274517375707 0.9294556927936336
203.89942002296448 seconds
Test set avg loss: 0.2700
	center loss: 0.0013
conf_mat:
 [[38117     0     0 ...     0     0     0]
 [    0  2382    54 ...     0     0     0]
 [    0    38  3682 ...     0     0     0]
 ...
 [    0     0     0 ...  2399     0     0]
 [    0     0     0 ...     0  5863     0]
 [    0     0     0 ...     0     0   218]]
Precision,Recall,macro_f1 0.9161003250906544 0.9136798226831727 0.9142423630241934
45.93266987800598 seconds


Epoch: 83
Training set avg loss: 0.0340
	center loss: 0.0146
conf_mat:
 [[71066     0     0 ...     0     0     0]
 [    0  4908    93 ...     0     0     0]
 [    0    92  7602 ...     0     0     0]
 ...
 [    0     0     0 ...  4112     0     0]
 [    0     0     0 ...     0 13015     0]
 [    0     0     0 ...     0     0   474]]
Precision,Recall,macro_f1 0.928400156394878 0.9338250240358464 0.9310129165823549
201.5086431503296 seconds
Test set avg loss: 0.2690
	center loss: 0.0013
conf_mat:
 [[39053     0     0 ...     0     0     0]
 [    0  2270    48 ...     0     0     0]
 [    0    30  3405 ...     0     0     0]
 ...
 [    0     0     0 ...  2401     0     0]
 [    0     0     0 ...     0  6220     0]
 [    0     0     0 ...     0     0   218]]
Precision,Recall,macro_f1 0.916190602344302 0.9136579175568608 0.9144075574554419
45.89200472831726 seconds


Epoch: 84
Training set avg loss: 0.0336
	center loss: 0.0144
conf_mat:
 [[71132     0     0 ...     0     0     0]
 [    0  4892   100 ...     0     0     0]
 [    0   105  7564 ...     0     0     0]
 ...
 [    0     0     0 ...  4134     0     0]
 [    0     0     0 ...     0 13002     0]
 [    0     0     0 ...     0     0   478]]
Precision,Recall,macro_f1 0.928367212134309 0.9338813504946697 0.931032115963612
201.55435729026794 seconds
Test set avg loss: 0.2659
	center loss: 0.0012
conf_mat:
 [[40142     0     0 ...     0     0     0]
 [    0  2267    69 ...     0     0     0]
 [    0    28  3470 ...     0     0     0]
 ...
 [    0     0     0 ...  2369     0     0]
 [    0     0     0 ...     0  6073     0]
 [    0     0     0 ...     0     0   213]]
Precision,Recall,macro_f1 0.9175651416145705 0.9145377147543629 0.9155806104004253
45.74662470817566 seconds


Epoch: 85
Training set avg loss: 0.0332
	center loss: 0.0142
conf_mat:
 [[71308     0     0 ...     0     0     0]
 [    0  4932    84 ...     0     0     0]
 [    0    82  7577 ...     0     0     0]
 ...
 [    0     0     0 ...  4103     0     0]
 [    0     0     0 ...     0 12984     0]
 [    0     0     0 ...     0     0   475]]
Precision,Recall,macro_f1 0.9292152845808441 0.9343626991069588 0.9316989555489692
207.49960803985596 seconds
Test set avg loss: 0.2661
	center loss: 0.0012
conf_mat:
 [[39781     0     0 ...     0     0     0]
 [    0  2351    21 ...     0     0     0]
 [    0    49  3457 ...     0     0     0]
 ...
 [    0     0     0 ...  2319     0     0]
 [    0     0     0 ...     0  5917     0]
 [    0     0     0 ...     0     0   211]]
Precision,Recall,macro_f1 0.9130051012236222 0.9151137398762663 0.9135937214581918
46.264599084854126 seconds


Epoch: 86
Training set avg loss: 0.0328
	center loss: 0.0139
conf_mat:
 [[71218     0     0 ...     0     0     0]
 [    0  4914    87 ...     0     0     0]
 [    0    85  7591 ...     0     0     0]
 ...
 [    0     0     0 ...  4125     0     0]
 [    0     0     0 ...     0 13032     0]
 [    0     0     0 ...     0     0   475]]
Precision,Recall,macro_f1 0.929822367519648 0.9348081795724177 0.9322204533069922
207.75290966033936 seconds
Test set avg loss: 0.2625
	center loss: 0.0012
conf_mat:
 [[39502     0     0 ...     0     0     0]
 [    0  2373    20 ...     0     0     0]
 [    0    52  3599 ...     0     0     0]
 ...
 [    0     0     0 ...  2349     0     0]
 [    0     0     0 ...     0  5933     0]
 [    0     0     0 ...     0     0   217]]
Precision,Recall,macro_f1 0.9161102565874059 0.916563340017014 0.9158316177722298
46.01422047615051 seconds


Epoch: 87
Training set avg loss: 0.0322
	center loss: 0.0137
conf_mat:
 [[71248     0     0 ...     0     0     0]
 [    0  4936    82 ...     0     0     0]
 [    0    91  7597 ...     0     0     0]
 ...
 [    0     0     0 ...  4144     0     0]
 [    0     0     0 ...     0 13023     0]
 [    0     0     0 ...     0     0   475]]
Precision,Recall,macro_f1 0.9311231245232414 0.9364984448431266 0.9337196121185544
207.30457067489624 seconds
Test set avg loss: 0.2610
	center loss: 0.0011
conf_mat:
 [[39850     0     0 ...     0     0     0]
 [    0  2345    40 ...     0     0     0]
 [    0    37  3654 ...     0     0     0]
 ...
 [    0     0     0 ...  2340     0     0]
 [    0     0     0 ...     0  5748     0]
 [    0     0     0 ...     0     0   217]]
Precision,Recall,macro_f1 0.9139234377878075 0.9146241838446089 0.9138779736894381
46.114805698394775 seconds


Epoch: 88
Training set avg loss: 0.0318
	center loss: 0.0135
conf_mat:
 [[71395     0     0 ...     0     0     0]
 [    0  4901    90 ...     0     0     0]
 [    0    87  7601 ...     0     0     0]
 ...
 [    0     0     0 ...  4130     0     0]
 [    0     0     0 ...     0 13005     0]
 [    0     0     0 ...     0     0   483]]
Precision,Recall,macro_f1 0.9321502444656328 0.9370743165520959 0.9345251096852695
200.76455307006836 seconds
Test set avg loss: 0.2619
	center loss: 0.0012
conf_mat:
 [[39434     0     0 ...     0     0     0]
 [    0  2388    49 ...     0     0     0]
 [    0    35  3489 ...     0     0     0]
 ...
 [    0     0     0 ...  2366     0     0]
 [    0     0     0 ...     0  6054     0]
 [    0     0     0 ...     0     0   220]]
Precision,Recall,macro_f1 0.9142045274335426 0.9178458813974112 0.9155963005236972
43.836806297302246 seconds


Epoch: 89
Training set avg loss: 0.0310
	center loss: 0.0132
conf_mat:
 [[71314     0     0 ...     0     0     0]
 [    0  4921    74 ...     0     0     0]
 [    0    81  7570 ...     0     0     0]
 ...
 [    0     0     0 ...  4148     0     0]
 [    0     0     0 ...     0 13113     0]
 [    0     0     0 ...     0     0   480]]
Precision,Recall,macro_f1 0.9330176433904568 0.9379968060595419 0.9354204807486388
208.26639890670776 seconds
Test set avg loss: 0.2609
	center loss: 0.0012
conf_mat:
 [[38982     0     0 ...     0     0     0]
 [    0  2375    29 ...     0     0     0]
 [    0    87  3562 ...     0     0     0]
 ...
 [    0     0     0 ...  2351     0     0]
 [    0     0     0 ...     0  6050     0]
 [    0     0     0 ...     0     0   219]]
Precision,Recall,macro_f1 0.9162689753362021 0.9134371397363383 0.914236094648044
45.856430530548096 seconds


Epoch: 90
Training set avg loss: 0.0310
	center loss: 0.0130
conf_mat:
 [[71428     0     0 ...     0     0     0]
 [    0  4928    79 ...     0     0     0]
 [    0    74  7607 ...     0     0     0]
 ...
 [    0     0     0 ...  4149     0     0]
 [    0     0     0 ...     0 13064     0]
 [    0     0     0 ...     0     0   479]]
Precision,Recall,macro_f1 0.9337587640374615 0.938489261898441 0.9360327754585842
201.10384273529053 seconds
Test set avg loss: 0.2572
	center loss: 0.0011
conf_mat:
 [[40692     0     0 ...     0     0     0]
 [    0  2381    17 ...     0     0     0]
 [    0    61  3620 ...     0     0     0]
 ...
 [    0     0     0 ...  2346     0     0]
 [    0     0     0 ...     0  5872     0]
 [    0     0     0 ...     0     0   213]]
Precision,Recall,macro_f1 0.9130142603235342 0.9190994976557467 0.9156922479429895
47.05463242530823 seconds


Epoch: 91
Training set avg loss: 0.0307
	center loss: 0.0128
conf_mat:
 [[71513     0     0 ...     0     0     0]
 [    0  4942    74 ...     0     0     0]
 [    0    82  7606 ...     0     0     0]
 ...
 [    0     0     0 ...  4172     0     0]
 [    0     0     0 ...     0 13086     0]
 [    0     0     0 ...     0     0   483]]
Precision,Recall,macro_f1 0.9343745460280021 0.9394176313626101 0.9368121365175042
204.8544042110443 seconds
Test set avg loss: 0.2582
	center loss: 0.0011
conf_mat:
 [[40328     0     0 ...     0     0     0]
 [    0  2398    24 ...     0     0     0]
 [    0    59  3684 ...     0     0     0]
 ...
 [    0     0     0 ...  2281     0     0]
 [    0     0     0 ...     0  6018     0]
 [    0     0     0 ...     0     0   209]]
Precision,Recall,macro_f1 0.9162680213375556 0.9178843558934267 0.9167683209439557
45.96566891670227 seconds


Epoch: 92
Training set avg loss: 0.0303
	center loss: 0.0127
conf_mat:
 [[71501     0     0 ...     0     0     0]
 [    0  4933    81 ...     0     0     0]
 [    0    85  7589 ...     0     0     0]
 ...
 [    0     0     0 ...  4161     0     0]
 [    0     0     0 ...     0 13068     0]
 [    0     0     0 ...     0     0   481]]
Precision,Recall,macro_f1 0.9347902137018771 0.939622929297897 0.9371260867438691
204.50470805168152 seconds
Test set avg loss: 0.2558
	center loss: 0.0012
conf_mat:
 [[39217     0     0 ...     0     0     0]
 [    0  2435    15 ...     0     0     0]
 [    0    80  3577 ...     0     0     0]
 ...
 [    0     0     0 ...  2265     0     0]
 [    0     0     0 ...     0  6193     0]
 [    0     0     0 ...     0     0   206]]
Precision,Recall,macro_f1 0.91486384449711 0.916847391895611 0.915453704814007
42.99268651008606 seconds


Epoch: 93
Training set avg loss: 0.0298
	center loss: 0.0125
conf_mat:
 [[71611     0     0 ...     0     0     0]
 [    0  4944    84 ...     0     0     0]
 [    0    84  7620 ...     0     0     0]
 ...
 [    0     0     0 ...  4166     0     0]
 [    0     0     0 ...     0 13133     0]
 [    0     0     0 ...     0     0   478]]
Precision,Recall,macro_f1 0.9352796602410006 0.9400015988019762 0.9375591222894054
197.26663875579834 seconds
Test set avg loss: 0.2569
	center loss: 0.0011
conf_mat:
 [[40168     0     0 ...     0     0     0]
 [    0  2270    55 ...     0     0     0]
 [    0    30  3348 ...     0     0     0]
 ...
 [    0     0     0 ...  2342     0     0]
 [    0     0     0 ...     0  6224     0]
 [    0     0     0 ...     0     0   213]]
Precision,Recall,macro_f1 0.9152262907690863 0.914159992814237 0.9142664173813303
43.656819343566895 seconds


Epoch: 94
Training set avg loss: 0.0295
	center loss: 0.0123
conf_mat:
 [[71500     0     0 ...     0     0     0]
 [    0  4928    73 ...     0     0     0]
 [    0    86  7642 ...     0     0     0]
 ...
 [    0     0     0 ...  4170     0     0]
 [    0     0     0 ...     0 13147     0]
 [    0     0     0 ...     0     0   482]]
Precision,Recall,macro_f1 0.9358871202864594 0.9408983273689847 0.9383069281278973
197.7795934677124 seconds
Test set avg loss: 0.2556
	center loss: 0.0010
conf_mat:
 [[39685     0     0 ...     0     0     0]
 [    0  2366    27 ...     0     0     0]
 [    0    56  3517 ...     0     0     0]
 ...
 [    0     0     0 ...  2388     0     0]
 [    0     0     0 ...     0  6168     0]
 [    0     0     0 ...     0     0   216]]
Precision,Recall,macro_f1 0.9156541627718958 0.9165338171861352 0.9157535268402041
44.307499170303345 seconds


Epoch: 95
Training set avg loss: 0.0292
	center loss: 0.0122
conf_mat:
 [[71663     0     0 ...     0     0     0]
 [    0  4944    80 ...     0     0     0]
 [    0    77  7644 ...     0     0     0]
 ...
 [    0     0     0 ...  4185     0     0]
 [    0     0     0 ...     0 13134     0]
 [    0     0     0 ...     0     0   482]]
Precision,Recall,macro_f1 0.9369454456038041 0.9418066129790248 0.9392955154404625
197.59438467025757 seconds
Test set avg loss: 0.2539
	center loss: 0.0012
conf_mat:
 [[39256     0     0 ...     0     0     0]
 [    0  2366    65 ...     0     0     0]
 [    0    29  3481 ...     0     0     0]
 ...
 [    0     0     0 ...  2402     0     0]
 [    0     0     0 ...     0  5973     0]
 [    0     0     0 ...     0     0   201]]
Precision,Recall,macro_f1 0.9182363771623161 0.9153651340550909 0.9162361234388431
43.23307800292969 seconds


Epoch: 96
Training set avg loss: 0.0289
	center loss: 0.0120
conf_mat:
 [[71577     0     0 ...     0     0     0]
 [    0  4940    75 ...     0     0     0]
 [    0    88  7636 ...     0     0     0]
 ...
 [    0     0     0 ...  4195     0     0]
 [    0     0     0 ...     0 13194     0]
 [    0     0     0 ...     0     0   480]]
Precision,Recall,macro_f1 0.9378336543384296 0.9427204480397253 0.9401960410075123
197.78665804862976 seconds
Test set avg loss: 0.2570
	center loss: 0.0011
conf_mat:
 [[40359     0     0 ...     0     0     0]
 [    0  2343    45 ...     0     0     0]
 [    0    49  3640 ...     0     0     0]
 ...
 [    0     0     0 ...  2420     0     0]
 [    0     0     0 ...     0  6029     0]
 [    0     0     0 ...     0     0   219]]
Precision,Recall,macro_f1 0.9139409591323235 0.915324498875026 0.9142788482987639
44.55037713050842 seconds


Epoch: 97
Training set avg loss: 0.0288
	center loss: 0.0119
conf_mat:
 [[71792     0     0 ...     0     0     0]
 [    0  4940    64 ...     0     0     0]
 [    0    76  7630 ...     0     0     0]
 ...
 [    0     0     0 ...  4181     0     0]
 [    0     0     0 ...     0 13160     0]
 [    0     0     0 ...     0     0   482]]
Precision,Recall,macro_f1 0.9370154192390241 0.941611514826271 0.9392376744951394
206.8248450756073 seconds
Test set avg loss: 0.2519
	center loss: 0.0011
conf_mat:
 [[40541     0     0 ...     0     0     0]
 [    0  2398    24 ...     0     0     0]
 [    0    53  3692 ...     0     0     0]
 ...
 [    0     0     0 ...  2375     0     0]
 [    0     0     0 ...     0  5935     0]
 [    0     0     0 ...     0     0   218]]
Precision,Recall,macro_f1 0.9119146634516941 0.9177667067629465 0.9144143914724717
46.21057486534119 seconds


Epoch: 98
Training set avg loss: 0.0285
	center loss: 