Script started on Sun 16 Sep 2018 04:51:21 PM EDT
-------- freesurfer-Linux-centos6_x86_64-stable-pub-v6.0.0-2beb96c --------
Setting up environment for FreeSurfer/FS-FAST (and FSL)
FREESURFER_HOME   /usr/local/freesurfer
FSFAST_HOME       /usr/local/freesurfer/fsfast
FSF_OUTPUT_FORMAT nii.gz
SUBJECTS_DIR      /usr/local/freesurfer/subjects
MNI_DIR           /usr/local/freesurfer/mni
FSL_DIR           /usr/local/fsl
]0;user1@CUDA1: /media/user1/MyHDataStor11/Data/CNN-Haotian/final_scripts/deep_FL_CL_ATT/training[01;32muser1@CUDA1[00m:[01;34m/media/user1/MyHDataStor11/Data/CNN-Haotian/final_scripts/deep_FL_CL__ATT/training[00m$ python main_14_14_GPU0.py 
data loaded!
X_train_shape torch.Size([1245498, 3, 100])
X_test_shape torch.Size([1158760, 3, 100])


Epoch: 0
/media/user1/MyHDataStor11/Data/CNN-Haotian/final_scripts/deep_FL_CL_ATT/training/RESNET152_ATT_naive.py:176: UserWarning: Implicit dimension choice for log_softmax has been deprecated. Change the call to include dim=X as an argument.
  return F.log_softmax(x),embed,x_att#input=x,dim=1
/home/user1/anaconda3/lib/python3.6/site-packages/sklearn/metrics/classification.py:1135: UndefinedMetricWarning: Precision and F-score are ill-defined and being set to 0.0 in labels with no predicted samples.
  'precision', 'predicted', average, warn_for)
Training set avg loss: 0.7262
	center loss: 7564.2362
conf_mat:
 [[40555     0     1 ...     0     0    71]
 [    1  1815   136 ...     0     1     3]
 [    1    63  3471 ...     0     0     4]
 ...
 [    2     0     0 ...   602     0     2]
 [    5     0     1 ...     0  6888    13]
 [    1     0     0 ...     1     0     0]]
Precision,Recall,macro_f1 0.6381078095972793 0.41048140910556646 0.4656164857751543
196.69145822525024 seconds
Test set avg loss: 0.6129
	center loss: 273.1851
conf_mat:
 [[34060     0     0 ...     0     0     0]
 [    0  2061    78 ...     0     0     0]
 [    0    53  3256 ...     0     0     0]
 ...
 [    0     0     0 ...  1350     0     0]
 [    0     0     0 ...     0  5507     0]
 [    0     0     0 ...     0     0     0]]
Precision,Recall,macro_f1 0.7260025538112932 0.6951140398489004 0.6973155748283482
42.980167865753174 seconds


Epoch: 1
Training set avg loss: 0.1525
	center loss: 4310.2369
conf_mat:
 [[61568     0     0 ...     0     0     0]
 [    0  4079   156 ...     0     0     0]
 [    0   142  6636 ...     0     0     0]
 ...
 [    0     0     0 ...  2632     0     0]
 [    0     0     2 ...     0 11274     0]
 [    0     0     0 ...     0     0    12]]
Precision,Recall,macro_f1 0.7816885352185614 0.7561719384947169 0.7587515802136255
196.774733543396 seconds
Test set avg loss: 0.4704
	center loss: 173.3061
conf_mat:
 [[35696     0     0 ...     0     0     0]
 [    0  2209    74 ...     0     0     0]
 [    0    37  3416 ...     0     0     0]
 ...
 [    0     0     0 ...  1805     0     0]
 [    0     0     0 ...     0  5599     0]
 [    0     0     0 ...     0     0    50]]
Precision,Recall,macro_f1 0.8217654365571513 0.8061381106929125 0.8078666154848688
44.173359870910645 seconds


Epoch: 2
Training set avg loss: 0.1160
	center loss: 2768.7662
conf_mat:
 [[63795     0     0 ...     0     0     0]
 [    0  4347   125 ...     0     0     0]
 [    0   146  6969 ...     0     0     0]
 ...
 [    0     0     0 ...  3127     0     0]
 [    0     0     1 ...     0 11722     0]
 [    0     0     0 ...     0     0   261]]
Precision,Recall,macro_f1 0.8108900765460768 0.8215847432484708 0.8152135844744831
197.04468178749084 seconds
Test set avg loss: 0.4316
	center loss: 112.5135
conf_mat:
 [[37091     0     0 ...     0     0     0]
 [    0  2288    53 ...     0     0     0]
 [    0    49  3301 ...     0     0     0]
 ...
 [    0     0     0 ...  1826     0     0]
 [    0     0     0 ...     0  5343     0]
 [    0     0     0 ...     0     0   160]]
Precision,Recall,macro_f1 0.8374981842075184 0.8438384986061964 0.8383380137236335
44.14545965194702 seconds


Epoch: 3
Training set avg loss: 0.1026
	center loss: 1782.7519
conf_mat:
 [[65308     0     0 ...     0     0     0]
 [    0  4405   159 ...     0     0     0]
 [    0   157  7105 ...     0     0     0]
 ...
 [    0     0     0 ...  3314     0     0]
 [    0     0     1 ...     0 11935     0]
 [    0     0     0 ...     0     0   367]]
Precision,Recall,macro_f1 0.8269137304582124 0.8454672979477862 0.835646452119055
197.55589604377747 seconds
Test set avg loss: 0.4079
	center loss: 72.0249
conf_mat:
 [[37388     0     0 ...     0     0     0]
 [    0  2301    64 ...     0     0     0]
 [    0    59  3602 ...     0     0     0]
 ...
 [    0     0     0 ...  2102     0     0]
 [    0     0     0 ...     0  5453     0]
 [    0     0     0 ...     0     0   152]]
Precision,Recall,macro_f1 0.8472863178061887 0.8611125005072692 0.8520867808444447
44.44528007507324 seconds


Epoch: 4
Training set avg loss: 0.0957
	center loss: 1129.7687
conf_mat:
 [[65864     0     0 ...     0     0     0]
 [    0  4500   146 ...     0     0     0]
 [    0   139  7197 ...     0     0     0]
 ...
 [    0     0     0 ...  3452     0     0]
 [    0     0     0 ...     0 12029     0]
 [    0     0     0 ...     0     0   394]]
Precision,Recall,macro_f1 0.8367487593650771 0.857546672116798 0.8466522898457151
197.26036596298218 seconds
Test set avg loss: 0.3974
	center loss: 45.6570
conf_mat:
 [[35448     0     0 ...     0     0     0]
 [    0  2312    14 ...     0     0     0]
 [    0    98  3177 ...     0     0     0]
 ...
 [    0     0     0 ...  2076     0     0]
 [    0     0     0 ...     0  5308     0]
 [    0     0     0 ...     0     0   185]]
Precision,Recall,macro_f1 0.8590739766504584 0.8683935277511813 0.8620988710261948
44.360806465148926 seconds


Epoch: 5
Training set avg loss: 0.0916
	center loss: 701.1239
conf_mat:
 [[66374     0     0 ...     0     0     0]
 [    0  4534   138 ...     0     0     0]
 [    0   157  7223 ...     0     0     0]
 ...
 [    0     0     0 ...  3545     0     0]
 [    0     0     0 ...     0 12207     0]
 [    0     0     0 ...     0     0   420]]
Precision,Recall,macro_f1 0.842801302056687 0.8646106918975279 0.8532209626141508
197.9458191394806 seconds
Test set avg loss: 0.4004
	center loss: 28.5469
conf_mat:
 [[37831     0     0 ...     0     0     0]
 [    0  2173   123 ...     0     0     0]
 [    0    17  3685 ...     0     0     0]
 ...
 [    0     0     0 ...  2217     0     0]
 [    0     0     0 ...     0  5691     0]
 [    0     0     0 ...     0     0   157]]
Precision,Recall,macro_f1 0.8607182440312054 0.8717254946937462 0.8642404829094228
44.10690712928772 seconds


Epoch: 6
Training set avg loss: 0.0895
	center loss: 426.0388
conf_mat:
 [[66632     0     0 ...     0     0     0]
 [    0  4541   134 ...     0     0     0]
 [    0   153  7256 ...     0     0     0]
 ...
 [    0     0     0 ...  3565     0     0]
 [    0     0     0 ...     0 12245     0]
 [    0     0     0 ...     0     0   416]]
Precision,Recall,macro_f1 0.84676579693512 0.8685087252853717 0.8571789434706579
197.8216700553894 seconds
Test set avg loss: 0.4066
	center loss: 17.6171
conf_mat:
 [[38608     0     0 ...     0     0     0]
 [    0  2183   151 ...     0     0     0]
 [    0    17  3672 ...     0     0     0]
 ...
 [    0     0     0 ...  2277     0     0]
 [    0     0     0 ...     0  5222     0]
 [    0     0     0 ...     0     0   196]]
Precision,Recall,macro_f1 0.8619111325982081 0.8779348798569503 0.8685084601519583
44.15518760681152 seconds


Epoch: 7
Training set avg loss: 0.0902
	center loss: 254.1646
conf_mat:
 [[66007     0     0 ...     0     0     0]
 [    0  4596   134 ...     0     0     0]
 [    0   131  7265 ...     0     0     0]
 ...
 [    0     0     0 ...  3635     0     0]
 [    0     0     0 ...     0 12288     0]
 [    0     0     0 ...     0     0   428]]
Precision,Recall,macro_f1 0.8502928136480936 0.8720580595619781 0.8606822577810179
197.2966423034668 seconds
Test set avg loss: 0.4209
	center loss: 10.6338
conf_mat:
 [[35953     0     0 ...     0     0     0]
 [    0  2233    53 ...     0     0     0]
 [    0    34  3460 ...     0     0     0]
 ...
 [    0     0     0 ...  2240     0     0]
 [    0     0     0 ...     0  5745     0]
 [    0     0     0 ...     0     0   202]]
Precision,Recall,macro_f1 0.8649119507922229 0.8841070771366544 0.8732530632733447
43.95925545692444 seconds


Epoch: 8
Training set avg loss: 0.0925
	center loss: 148.2611
conf_mat:
 [[64667     0     0 ...     0     0     0]
 [    0  4593   142 ...     0     0     0]
 [    0   129  7293 ...     0     0     0]
 ...
 [    0     0     0 ...  3684     0     0]
 [    0     0     0 ...     0 12362     0]
 [    0     0     0 ...     0     0   438]]
Precision,Recall,macro_f1 0.8527908112384108 0.8741306412516832 0.8629009295721767
197.81529068946838 seconds
Test set avg loss: 0.4455
	center loss: 6.5048
conf_mat:
 [[36017     0     0 ...     0     0     0]
 [    0  2255    46 ...     0     0     0]
 [    0    36  3612 ...     0     0     0]
 ...
 [    0     0     0 ...  2402     0     0]
 [    0     0     0 ...     0  5891     0]
 [    0     0     0 ...     0     0   181]]
Precision,Recall,macro_f1 0.8713183896590352 0.8781323257628527 0.8728834103461304
44.19969320297241 seconds


Epoch: 9
Training set avg loss: 0.0994
	center loss: 85.5732
conf_mat:
 [[61689     0     0 ...     0     0     0]
 [    0  4610   117 ...     0     0     0]
 [    0   142  7281 ...     0     0     0]
 ...
 [    0     0     0 ...  3690     0     0]
 [    0     0     0 ...     0 12412     0]
 [    0     0     0 ...     0     0   432]]
Precision,Recall,macro_f1 0.8546010571327288 0.8740957031199554 0.8636315585500823
198.13530039787292 seconds
Test set avg loss: 0.4857
	center loss: 4.0104
conf_mat:
 [[29358     0     0 ...     0     0     0]
 [    0  2338    42 ...     0     0     0]
 [    0    39  3548 ...     0     0     0]
 ...
 [    0     0     0 ...  2346     0     0]
 [    0     0     0 ...     0  5741     0]
 [    0     0     0 ...     0     0   219]]
Precision,Recall,macro_f1 0.864097028812143 0.8764511305883032 0.8674224064941661
44.10897994041443 seconds


Epoch: 10
Training set avg loss: 0.1115
	center loss: 49.2467
conf_mat:
 [[52403     0     0 ...     0     0     0]
 [    0  4642   123 ...     0     0     0]
 [    0   124  7227 ...     0     0     0]
 ...
 [    0     0     0 ...  3679     0     0]
 [    0     0     0 ...     0 12545     0]
 [    0     0     0 ...     0     0   438]]
Precision,Recall,macro_f1 0.8540919728930463 0.8693706714436427 0.8602039448567819
198.54573225975037 seconds
Test set avg loss: 0.5285
	center loss: 2.4823
conf_mat:
 [[23050     0     0 ...     0     0     0]
 [    0  2190    63 ...     0     0     0]
 [    0    19  3465 ...     0     0     0]
 ...
 [    0     0     0 ...  2337     0     0]
 [    0     0     0 ...     0  5402     0]
 [    0     0     0 ...     0     0   214]]
Precision,Recall,macro_f1 0.8645229151227182 0.8684422086177683 0.86161236921575
44.112207889556885 seconds


Epoch: 11
Training set avg loss: 0.1278
	center loss: 28.3196
conf_mat:
 [[39003     0     0 ...     0     0     0]
 [    0  4596   130 ...     0     0     0]
 [    0   107  7088 ...     0     0     0]
 ...
 [    0     0     0 ...  3679     0     0]
 [    0     0     0 ...     0 12495     0]
 [    0     0     0 ...     0     0   435]]
Precision,Recall,macro_f1 0.8539921307693727 0.8605429330880864 0.8538559611154172
198.5738387107849 seconds
Test set avg loss: 0.5829
	center loss: 1.6802
conf_mat:
 [[17122     0     0 ...     0     0     0]
 [    0  2233    60 ...     0     0     0]
 [    0    21  3375 ...     0     0     0]
 ...
 [    0     0     0 ...  2249     0     0]
 [    0     0     0 ...     0  5340     0]
 [    0     0     0 ...     0     0   184]]
Precision,Recall,macro_f1 0.8648123931499305 0.8513554029697485 0.8498051288212636
44.15381717681885 seconds


Epoch: 12
Training set avg loss: 0.1468
	center loss: 16.7195
conf_mat:
 [[33790     0     0 ...     0     0     0]
 [    0  4533   125 ...     0     0     0]
 [    0    97  6705 ...     0     0     0]
 ...
 [    0     0     0 ...  3670     0     0]
 [    0     0     0 ...     0 12189     0]
 [    0     0     0 ...     0     0   434]]
Precision,Recall,macro_f1 0.8540712449942182 0.8457073012253173 0.8430873332686477
198.1043667793274 seconds
Test set avg loss: 0.6215
	center loss: 1.0906
conf_mat:
 [[23014     0     0 ...     0     0     0]
 [    0  2283    64 ...     0     0     0]
 [    0    16  2702 ...     0     0     0]
 ...
 [    0     0     0 ...  2154     0     0]
 [    0     0     0 ...     0  5396     0]
 [    0     0     0 ...     0     0   213]]
Precision,Recall,macro_f1 0.8695597102683593 0.8323194342298642 0.8354124412965211
44.01788330078125 seconds


Epoch: 13
Training set avg loss: 0.1662
	center loss: 10.1007
conf_mat:
 [[42824     0     0 ...     0     0     0]
 [    0  4459   107 ...     0     0     0]
 [    0    79  5351 ...     0     0     0]
 ...
 [    0     0     0 ...  3558     0     0]
 [    0     0     0 ...     0 11801     0]
 [    0     0     0 ...     0     0   439]]
Precision,Recall,macro_f1 0.8502297742026376 0.8193785077756237 0.8183652942799186
197.64720702171326 seconds
Test set avg loss: 0.6429
	center loss: 0.7630
conf_mat:
 [[28712     0     0 ...     0     0     0]
 [    0  2171    18 ...     0     0     0]
 [    0    28  1192 ...     0     0     0]
 ...
 [    0     0     0 ...  2294     0     0]
 [    0     0     0 ...     0  5283     0]
 [    0     0     0 ...     0     0   203]]
Precision,Recall,macro_f1 0.8599916856878439 0.8101960550116493 0.8063073598354913
44.50301241874695 seconds


Epoch: 14
Training set avg loss: 0.1769
	center loss: 6.3480
conf_mat:
 [[48964     0     0 ...     0     0     0]
 [    0  4278    93 ...     0     0     0]
 [    0    66  2714 ...     0     0     0]
 ...
 [    0     0     0 ...  3500     0     0]
 [    0     0     0 ...     0 11277     0]
 [    0     0     0 ...     0     0   430]]
Precision,Recall,macro_f1 0.8467334448117264 0.7927169354386197 0.7898737170808733
198.07569885253906 seconds
Test set avg loss: 0.6540
	center loss: 0.5927
conf_mat:
 [[28782     0     0 ...     0     0     0]
 [    0  1884    46 ...     0     0     0]
 [    0    10   728 ...     0     0     0]
 ...
 [    0     0     0 ...  2157     0     0]
 [    0     0     0 ...     0  4344     0]
 [    0     0     0 ...     0     0   197]]
Precision,Recall,macro_f1 0.8418399461657382 0.7847979427711868 0.782543402589747
44.057931900024414 seconds


Epoch: 15
Training set avg loss: 0.1829
	center loss: 4.1881
conf_mat:
 [[52566     0     0 ...     0     0     0]
 [    0  4063    38 ...     0     0     0]
 [    0    50  1366 ...     0     0     0]
 ...
 [    0     0     0 ...  3368     0     0]
 [    0     0     0 ...     0 10871     0]
 [    0     0     0 ...     0     0   434]]
Precision,Recall,macro_f1 0.8405631262434248 0.7668764325932725 0.761153099255416
198.33607935905457 seconds
Test set avg loss: 0.6465
	center loss: 0.4091
conf_mat:
 [[27040     0     0 ...     0     0     0]
 [    0  1766     8 ...     0     0     0]
 [    0     7   806 ...     0     0     0]
 ...
 [    0     0     0 ...  2007     0     0]
 [    0     0     0 ...     0  5240     0]
 [    0     0     0 ...     0     0   222]]
Precision,Recall,macro_f1 0.8374293820715388 0.7610523083715347 0.7546312172889555
44.214184045791626 seconds


Epoch: 16
Training set avg loss: 0.1799
	center loss: 2.9033
conf_mat:
 [[55056     0     0 ...     0     0     0]
 [    0  4023    50 ...     0     0     0]
 [    0    43  1190 ...     0     0     0]
 ...
 [    0     0     0 ...  3383     0     0]
 [    0     0     0 ...     0 11122     0]
 [    0     0     0 ...     0     0   441]]
Precision,Recall,macro_f1 0.8250654406363958 0.7556436753240787 0.7448321964115375
198.4201238155365 seconds
Test set avg loss: 0.6380
	center loss: 0.3253
conf_mat:
 [[31160     0     0 ...     0     0     0]
 [    0  1851     0 ...     0     0     0]
 [    0     5    24 ...     0     0     0]
 ...
 [    0     0     0 ...  2044     0     0]
 [    0     0     0 ...     0  4671     0]
 [    0     0     0 ...     0     0   192]]
Precision,Recall,macro_f1 0.8324673702707118 0.7407404945280389 0.729814451982279
44.37595510482788 seconds


Epoch: 17
Training set avg loss: 0.1748
	center loss: 2.1001
conf_mat:
 [[56633     0     0 ...     0     0     0]
 [    0  4101    41 ...     0     0     0]
 [    0    45  1278 ...     0     0     0]
 ...
 [    0     0     0 ...  3493     0     0]
 [    0     0     0 ...     0 11045     0]
 [    0     0     0 ...     0     0   439]]
Precision,Recall,macro_f1 0.834490103431294 0.7503571297804734 0.7383556977150116
198.03987073898315 seconds
Test set avg loss: 0.6159
	center loss: 0.2324
conf_mat:
 [[32693     0     0 ...     0     0     0]
 [    0  2094    13 ...     0     0     0]
 [    0     9   336 ...     0     0     0]
 ...
 [    0     0     0 ...  2156     0     0]
 [    0     0     0 ...     0  5014     0]
 [    0     0     0 ...     0     0   202]]
Precision,Recall,macro_f1 0.7856631662733602 0.7534927930611179 0.7404633789763312
44.279212951660156 seconds


Epoch: 18
Training set avg loss: 0.1681
	center loss: 1.5803
conf_mat:
 [[58179     0     0 ...     0     0     0]
 [    0  4242    36 ...     0     0     0]
 [    0    38  1606 ...     0     0     0]
 ...
 [    0     0     0 ...  3564     0     0]
 [    0     0     0 ...     0 10816     0]
 [    0     0     0 ...     0     0   447]]
Precision,Recall,macro_f1 0.8184399415136925 0.7468211920069492 0.7341014661785294
198.2768931388855 seconds
Test set avg loss: 0.5976
	center loss: 0.1839
conf_mat:
 [[31705     0     0 ...     0     0     0]
 [    0  2047    44 ...     0     0     0]
 [    0    12  2428 ...     0     0     0]
 ...
 [    0     0     0 ...  2105     0     0]
 [    0     0     0 ...     0  4673     0]
 [    0     0     0 ...     0     0   208]]
Precision,Recall,macro_f1 0.8139744967890041 0.7634418330638367 0.754123142739201
44.64764881134033 seconds


Epoch: 19
Training set avg loss: 0.1587
	center loss: 1.2020
conf_mat:
 [[59750     0     0 ...     0     0     0]
 [    0  4296    42 ...     0     0     0]
 [    0    54  2042 ...     0     0     0]
 ...
 [    0     0     0 ...  3594     0     0]
 [    0     0     0 ...     0 11086     0]
 [    0     0     0 ...     0     0   442]]
Precision,Recall,macro_f1 0.7924754048215201 0.7540776359416775 0.7403169416668681
198.3604817390442 seconds
Test set avg loss: 0.5852
	center loss: 0.1568
conf_mat:
 [[33783     0     0 ...     0     0     0]
 [    0  2079     8 ...     0     0     0]
 [    0    11   573 ...     0     0     0]
 ...
 [    0     0     0 ...  2386     0     0]
 [    0     0     0 ...     0  5433     0]
 [    0     0     0 ...     0     0   205]]
Precision,Recall,macro_f1 0.7721904472160981 0.7597977186401266 0.7499265688488065
44.128037452697754 seconds


Epoch: 20
Training set avg loss: 0.1533
	center loss: 0.9787
conf_mat:
 [[60354     0     0 ...     0     0     0]
 [    0  4362    51 ...     0     0     0]
 [    0    73  2210 ...     0     0     0]
 ...
 [    0     0     0 ...  3595     0     0]
 [    0     0     0 ...     0 10998     0]
 [    0     0     0 ...     0     0   451]]
Precision,Recall,macro_f1 0.788398840358439 0.7570755117291786 0.743032970890977
198.28051781654358 seconds
Test set avg loss: 0.5708
	center loss: 0.1280
conf_mat:
 [[35307     0     0 ...     0     0     0]
 [    0  2277    67 ...     0     0     0]
 [    0    25  3239 ...     0     0     0]
 ...
 [    0     0     0 ...  2350     0     0]
 [    0     0     0 ...     0  5431     0]
 [    0     0     0 ...     0     0   192]]
Precision,Recall,macro_f1 0.7877928666593861 0.7822665296477797 0.7730384227424645
44.488221406936646 seconds


Epoch: 21
Training set avg loss: 0.1453
	center loss: 0.7690
conf_mat:
 [[60462     0     0 ...     0     0     0]
 [    0  4380    52 ...     0     0     0]
 [    0    81  2839 ...     0     0     0]
 ...
 [    0     0     0 ...  3655     0     0]
 [    0     0     0 ...     0 10582     0]
 [    0     0     0 ...     0     0   457]]
Precision,Recall,macro_f1 0.8053612093767899 0.7619017660635572 0.7485758638464461
197.82461500167847 seconds
Test set avg loss: 0.5804
	center loss: 0.1371
conf_mat:
 [[31828     0     0 ...     0     0     0]
 [    0  1946    18 ...     0     0     0]
 [    0     6   908 ...     0     0     0]
 ...
 [    0     0     0 ...  2250     0     0]
 [    0     0     0 ...     0  4060     0]
 [    0     0     0 ...     0     0   152]]
Precision,Recall,macro_f1 0.7716768294453981 0.7458494626961042 0.7367857755770775
44.20900273323059 seconds


Epoch: 22
Training set avg loss: 0.1383
	center loss: 0.6092
conf_mat:
 [[61148     0     0 ...     0     0     0]
 [    0  4399    65 ...     0     0     0]
 [    0    80  3444 ...     0     0     0]
 ...
 [    0     0     0 ...  3691     0     0]
 [    0     0     0 ...     0 11145     0]
 [    0     0     0 ...     0     0   442]]
Precision,Recall,macro_f1 0.8078742176685146 0.7664159728000856 0.7529698398405446
197.83880734443665 seconds
Test set avg loss: 0.5340
	center loss: 0.0796
conf_mat:
 [[35481     0     0 ...     0     0     0]
 [    0  2228    18 ...     0     0     0]
 [    0    29  1815 ...     0     0     0]
 ...
 [    0     0     0 ...  2364     0     0]
 [    0     0     0 ...     0  5265     0]
 [    0     0     0 ...     0     0   202]]
Precision,Recall,macro_f1 0.8372079859990681 0.7816512903492338 0.7743626518751076
44.598230838775635 seconds
Best epoch:7

conf_mat:
 [[35953     0     0 ...     0     0     0]
 [    0  2233    53 ...     0     0     0]
 [    0    34  3460 ...     0     0     0]
 ...
 [    0     0     0 ...  2240     0     0]
 [    0     0     0 ...     0  5745     0]
 [    0     0     0 ...     0     0   202]]
Precison:0.8649
Recall:0.8841
f1:0.8733

]0;user1@CUDA1: /media/user1/MyHDataStor11/Data/CNN-Haotian/final_scripts/deep_FL_CL_ATT/training[01;32muser1@CUDA1[00m:[01;34m/media/user1/MyHDataStor11/Data/CNN-Haotian/final_scripts/deep_FL_CL__ATT/training[00m$ exit
exit

Script done on Sun 16 Sep 2018 09:12:07 PM EDT
