Script started on 2018-10-18 00:50:02-0400
-------- freesurfer-Linux-centos6_x86_64-stable-pub-v6.0.0-2beb96c --------
Setting up environment for FreeSurfer/FS-FAST (and FSL)
FREESURFER_HOME   /usr/local/freesurfer
FSFAST_HOME       /usr/local/freesurfer/fsfast
FSF_OUTPUT_FORMAT nii.gz
SUBJECTS_DIR      /usr/local/freesurfer/subjects
MNI_DIR           /usr/local/freesurfer/mni
FSL_DIR           /usr/local/fsl
]0;user1@CUDA1: /media/user1/MyHDataStor11/Data/CNN-Haotian/final_scripts/deep_FL_CL_ATT/training[01;32muser1@CUDA1[00m:[01;34m/media/user1/MyHDataStor11/Data/CNN-Haotian/final_scripts/deep_FL_CL[K__ATT/training[00m$ python main_28_14_GPU1.py 
data loaded!
X_train_shape torch.Size([2358144, 3, 100])
X_test_shape torch.Size([1158760, 3, 100])


Epoch: 0
/media/user1/MyHDataStor11/Data/CNN-Haotian/final_scripts/deep_FL_CL_ATT/training/RESNET152_ATT_naive.py:176: UserWarning: Implicit dimension choice for log_softmax has been deprecated. Change the call to include dim=X as an argument.
  return F.log_softmax(x),embed,x_att#input=x,dim=1
Training set avg loss: 0.4677
	center loss: 6181.4288
conf_mat:
 [[101128      0      1 ...      0      0     66]
 [     0   5514    415 ...      0      0      6]
 [     2    257  11663 ...      0      0      2]
 ...
 [     5      0      0 ...   4488      1      0]
 [     7      0      3 ...      0  21816     13]
 [     1      0      0 ...      0      1      5]]
Precision,Recall,macro_f1 0.7183931979061631 0.5684566546362338 0.6204808489837534
370.65996384620667 seconds
Test set avg loss: 0.4564
	center loss: 178.2660
conf_mat:
 [[35078     0     0 ...     0     0     0]
 [    0  2301    66 ...     0     0     0]
 [    0    43  3660 ...     0     0     0]
 ...
 [    0     0     0 ...  1907     0     0]
 [    0     0     0 ...     0  4980     0]
 [    0     0     0 ...     0     0    25]]
Precision,Recall,macro_f1 0.8268921382456089 0.8237245876650483 0.8171649770230835
42.82166051864624 seconds


Epoch: 1
Training set avg loss: 0.1148
	center loss: 2467.4470
conf_mat:
 [[128689      0      0 ...      0      0      0]
 [     0   8485    372 ...      0      0      0]
 [     0    342  16217 ...      0      0      0]
 ...
 [     0      0      0 ...   8139      0      0]
 [     0      0      2 ...      0  27018      0]
 [     0      0      0 ...      0      0    671]]
Precision,Recall,macro_f1 0.8135548022509893 0.8288081950292927 0.8204182062753154
372.5854732990265 seconds
Test set avg loss: 0.3991
	center loss: 78.1348
conf_mat:
 [[35279     0     0 ...     0     0     0]
 [    0  2291    27 ...     0     0     0]
 [    0    69  3575 ...     0     0     0]
 ...
 [    0     0     0 ...  2232     0     0]
 [    0     0     0 ...     0  5611     0]
 [    0     0     0 ...     0     0   177]]
Precision,Recall,macro_f1 0.855075726540687 0.8670590897246725 0.8594171087439609
43.53172945976257 seconds


Epoch: 2
Training set avg loss: 0.0984
	center loss: 1047.2036
conf_mat:
 [[131545      0      0 ...      0      0      0]
 [     0   8790    357 ...      0      0      0]
 [     0    333  16598 ...      0      0      0]
 ...
 [     0      0      0 ...   8592      0      0]
 [     0      0      0 ...      0  27583      0]
 [     0      0      0 ...      0      0    849]]
Precision,Recall,macro_f1 0.8325404400950412 0.8544420012905987 0.8429714596587045
372.37026047706604 seconds
Test set avg loss: 0.3922
	center loss: 32.2310
conf_mat:
 [[38838     0     0 ...     0     0     0]
 [    0  2293    50 ...     0     0     0]
 [    0    39  3400 ...     0     0     0]
 ...
 [    0     0     0 ...  2165     0     0]
 [    0     0     0 ...     0  5895     0]
 [    0     0     0 ...     0     0   180]]
Precision,Recall,macro_f1 0.8703438443103255 0.8799122207900429 0.8742147661949536
43.27202796936035 seconds


Epoch: 3
Training set avg loss: 0.0935
	center loss: 412.4954
conf_mat:
 [[132553      0      0 ...      0      0      0]
 [     0   8852    371 ...      0      0      0]
 [     0    330  16616 ...      0      0      0]
 ...
 [     0      0      0 ...   8884      0      0]
 [     0      0      0 ...      0  27921      0]
 [     0      0      0 ...      0      0    897]]
Precision,Recall,macro_f1 0.8430171052715437 0.8659865765085852 0.8539897552689404
374.5652403831482 seconds
Test set avg loss: 0.4014
	center loss: 12.5292
conf_mat:
 [[37307     0     0 ...     0     0     0]
 [    0  2173    31 ...     0     0     0]
 [    0    67  3652 ...     0     0     0]
 ...
 [    0     0     0 ...  2304     0     0]
 [    0     0     0 ...     0  5689     0]
 [    0     0     0 ...     0     0   214]]
Precision,Recall,macro_f1 0.8694336822858215 0.8934575331114902 0.8800892281747421
43.42770290374756 seconds


Epoch: 4
Training set avg loss: 0.0971
	center loss: 150.1312
conf_mat:
 [[128509      0      0 ...      0      0      0]
 [     0   8965    349 ...      0      0      0]
 [     0    319  16804 ...      0      0      0]
 ...
 [     0      0      0 ...   9099      0      0]
 [     0      0      0 ...      0  28112      0]
 [     0      0      0 ...      0      0    913]]
Precision,Recall,macro_f1 0.8488472105031478 0.8709954356701958 0.8593442074712937
372.824275970459 seconds
Test set avg loss: 0.4569
	center loss: 4.7579
conf_mat:
 [[34488     0     0 ...     0     0     0]
 [    0  2291    38 ...     0     0     0]
 [    0    50  3562 ...     0     0     0]
 ...
 [    0     0     0 ...  2374     0     0]
 [    0     0     0 ...     0  5864     0]
 [    0     0     0 ...     0     0   217]]
Precision,Recall,macro_f1 0.8682150068703898 0.8898517672860236 0.8770387918710453
43.106383085250854 seconds


Epoch: 5
Training set avg loss: 0.1167
	center loss: 52.0002
conf_mat:
 [[105770      0      0 ...      0      0      0]
 [     0   8965    342 ...      0      0      0]
 [     0    272  16762 ...      0      0      0]
 ...
 [     0      0      0 ...   9169      0      0]
 [     0      0      0 ...      0  28667      0]
 [     0      0      0 ...      0      0    915]]
Precision,Recall,macro_f1 0.8500692130263754 0.8667769293532841 0.8570036825429073
372.83705854415894 seconds
Test set avg loss: 0.5423
	center loss: 1.8665
conf_mat:
 [[22744     0     0 ...     0     0     0]
 [    0  2284    54 ...     0     0     0]
 [    0    26  3728 ...     0     0     0]
 ...
 [    0     0     0 ...  2393     0     0]
 [    0     0     0 ...     0  6182     0]
 [    0     0     0 ...     0     0   233]]
Precision,Recall,macro_f1 0.8724656656237166 0.883710938698742 0.8742395701140088
43.56489300727844 seconds


Epoch: 6
Training set avg loss: 0.1540
	center loss: 18.0967
conf_mat:
 [[89085     0     0 ...     0     0     0]
 [    0  8715   345 ...     0     0     0]
 [    0   206 15805 ...     0     0     0]
 ...
 [    0     0     0 ...  9263     0     0]
 [    0     0     0 ...     0 28855     0]
 [    0     0     0 ...     0     0   924]]
Precision,Recall,macro_f1 0.8494137481685547 0.8469438301233877 0.8436890801536264
387.1938407421112 seconds
Test set avg loss: 0.6286
	center loss: 0.8321
conf_mat:
 [[26428     0     0 ...     0     0     0]
 [    0  2207    33 ...     0     0     0]
 [    0    34  3035 ...     0     0     0]
 ...
 [    0     0     0 ...  2330     0     0]
 [    0     0     0 ...     0  5224     0]
 [    0     0     0 ...     0     0   227]]
Precision,Recall,macro_f1 0.8649594591607221 0.8438460869387756 0.8391428678571017
43.3350567817688 seconds


Epoch: 7
Training set avg loss: 0.1868
	center loss: 6.7681
conf_mat:
 [[106000      0      0 ...      0      0      0]
 [     0   8106    225 ...      0      0      0]
 [     0    142  10809 ...      0      0      0]
 ...
 [     0      0      0 ...   9244      0      0]
 [     0      0      0 ...      0  27905      0]
 [     0      0      0 ...      0      0    929]]
Precision,Recall,macro_f1 0.8415919263447885 0.7935678852356435 0.792268428248107
388.5821430683136 seconds
/home/user1/anaconda3/lib/python3.6/site-packages/sklearn/metrics/classification.py:1135: UndefinedMetricWarning: Precision and F-score are ill-defined and being set to 0.0 in labels with no predicted samples.
  'precision', 'predicted', average, warn_for)
Test set avg loss: 0.6472
	center loss: 0.4288
conf_mat:
 [[28985     0     0 ...     0     0     0]
 [    0  1978    51 ...     0     0     0]
 [    0     4  2520 ...     0     0     0]
 ...
 [    0     0     0 ...  2220     0     0]
 [    0     0     0 ...     0  5611     0]
 [    0     0     0 ...     0     0   206]]
Precision,Recall,macro_f1 0.8259095524123143 0.7709091512131125 0.7631957654170364
45.77055096626282 seconds


Epoch: 8
Training set avg loss: 0.1919
	center loss: 3.0172
conf_mat:
 [[113180      0      0 ...      0      0      0]
 [     0   7723    213 ...      0      0      0]
 [     0     70   8633 ...      0      0      0]
 ...
 [     0      0      0 ...   9232      0      0]
 [     0      0      0 ...      0  27021      0]
 [     0      0      0 ...      0      0    937]]
Precision,Recall,macro_f1 0.8304390484066816 0.7478612782357643 0.7363485034744652
392.4741721153259 seconds
Test set avg loss: 0.6308
	center loss: 0.2456
conf_mat:
 [[32051     0     0 ...     0     0     0]
 [    0  2041    32 ...     0     0     0]
 [    0    10  1777 ...     0     0     0]
 ...
 [    0     0     0 ...  2422     0     0]
 [    0     0     0 ...     0  5317     0]
 [    0     0     0 ...     0     0   227]]
Precision,Recall,macro_f1 0.7976479371661416 0.7587251959338439 0.7425810817266973
43.37927174568176 seconds


Epoch: 9
Training set avg loss: 0.1791
	center loss: 1.6124
conf_mat:
 [[117112      0      0 ...      0      0      0]
 [     0   7792    221 ...      0      0      0]
 [     0     98  10153 ...      0      0      0]
 ...
 [     0      0      0 ...   9253      0      0]
 [     0      0      0 ...      0  26820      0]
 [     0      0      0 ...      0      0    931]]
Precision,Recall,macro_f1 0.8185348305634547 0.7392206930878565 0.7228752553105015
382.3464162349701 seconds
Test set avg loss: 0.6037
	center loss: 0.1584
conf_mat:
 [[31287     0     0 ...     0     0     0]
 [    0  1917    77 ...     0     0     0]
 [    0     4  2926 ...     0     0     0]
 ...
 [    0     0     0 ...  2334     0     0]
 [    0     0     0 ...     0  4622     0]
 [    0     0     0 ...     0     0   209]]
Precision,Recall,macro_f1 0.7662343394618365 0.7457668552678615 0.7326014155658797
43.48472476005554 seconds


Epoch: 10
Training set avg loss: 0.1625
	center loss: 0.9519
conf_mat:
 [[119542      0      0 ...      0      0      0]
 [     0   8122    302 ...      0      0      0]
 [     0    146  11988 ...      0      0      0]
 ...
 [     0      0      0 ...   9299      0      0]
 [     0      0      0 ...      0  26275      0]
 [     0      0      0 ...      0      0    953]]
Precision,Recall,macro_f1 0.8074155553016895 0.7493309208142148 0.730325585876512
386.8256416320801 seconds
Test set avg loss: 0.5627
	center loss: 0.0924
conf_mat:
 [[33220     0     0 ...     0     0     0]
 [    0  2300    37 ...     0     0     0]
 [    0    40  1865 ...     0     0     0]
 ...
 [    0     0     0 ...  2403     0     0]
 [    0     0     0 ...     0  5211     0]
 [    0     0     0 ...     0     0   222]]
Precision,Recall,macro_f1 0.7555355945817582 0.7682539516855422 0.752841656542038
45.65792274475098 seconds


Epoch: 11
Training set avg loss: 0.1498
	center loss: 0.6153
conf_mat:
 [[122943      0      0 ...      0      0      0]
 [     0   8376    303 ...      0      0      0]
 [     0    181  12943 ...      0      0      0]
 ...
 [     0      0      0 ...   9342      0      0]
 [     0      0      0 ...      0  26088      0]
 [     0      0      0 ...      0      0    939]]
Precision,Recall,macro_f1 0.7929646039502742 0.7564235328660475 0.7393755036496726
391.1517515182495 seconds
Test set avg loss: 0.5397
	center loss: 0.0696
conf_mat:
 [[33915     0     0 ...     0     0     0]
 [    0  2218    73 ...     0     0     0]
 [    0    35  3258 ...     0     0     0]
 ...
 [    0     0     0 ...  2445     0     0]
 [    0     0     0 ...     0  5900     0]
 [    0     0     0 ...     0     0   208]]
Precision,Recall,macro_f1 0.8072385519328231 0.7774175873141075 0.7602636702251504
46.03455948829651 seconds


Epoch: 12
Training set avg loss: 0.1345
	center loss: 0.4245
conf_mat:
 [[124402      0      0 ...      0      0      0]
 [     0   8518    360 ...      0      0      0]
 [     0    249  13857 ...      0      0      0]
 ...
 [     0      0      0 ...   9348      0      0]
 [     0      0      0 ...      0  26548      0]
 [     0      0      0 ...      0      0    941]]
Precision,Recall,macro_f1 0.8044473991166501 0.7743538222567278 0.7609697643071338
390.39010214805603 seconds
Test set avg loss: 0.5111
	center loss: 0.0491
conf_mat:
 [[35115     0     0 ...     0     0     0]
 [    0  2283    74 ...     0     0     0]
 [    0    24  3354 ...     0     0     0]
 ...
 [    0     0     0 ...  2407     0     0]
 [    0     0     0 ...     0  5843     0]
 [    0     0     0 ...     0     0   218]]
Precision,Recall,macro_f1 0.8279650630703097 0.7917854647274661 0.7786663570247842
45.78477239608765 seconds


Epoch: 13
Training set avg loss: 0.1242
	center loss: 0.3127
conf_mat:
 [[125752      0      0 ...      0      0      0]
 [     0   8663    349 ...      0      0      0]
 [     0    253  14422 ...      0      0      0]
 ...
 [     0      0      0 ...   9326      0      0]
 [     0      0      0 ...      0  26871      0]
 [     0      0      0 ...      0      0    919]]
Precision,Recall,macro_f1 0.8271274404690537 0.7947576717836743 0.7865548376511968
392.81190061569214 seconds
Test set avg loss: 0.4930
	center loss: 0.0373
conf_mat:
 [[34909     0     0 ...     0     0     0]
 [    0  2145   119 ...     0     0     0]
 [    0    15  3469 ...     0     0     0]
 ...
 [    0     0     0 ...  2373     0     0]
 [    0     0     0 ...     0  5746     0]
 [    0     0     0 ...     0     0   192]]
Precision,Recall,macro_f1 0.8204650004052022 0.8146009768726908 0.8080292737705316
45.74767255783081 seconds


Epoch: 14
Training set avg loss: 0.1164
	center loss: 0.2525
conf_mat:
 [[126884      0      0 ...      0      0      0]
 [     0   8712    364 ...      0      0      0]
 [     0    262  14970 ...      0      0      0]
 ...
 [     0      0      0 ...   9313      0      0]
 [     0      0      0 ...      0  26808      0]
 [     0      0      0 ...      0      0    870]]
Precision,Recall,macro_f1 0.8301077660134858 0.8100611251971905 0.8011274246204326
392.5267541408539 seconds
Test set avg loss: 0.4768
	center loss: 0.0276
conf_mat:
 [[35684     0     0 ...     0     0     0]
 [    0  2227    47 ...     0     0     0]
 [    0    34  3230 ...     0     0     0]
 ...
 [    0     0     0 ...  2387     0     0]
 [    0     0     0 ...     0  5405     0]
 [    0     0     0 ...     0     0   184]]
Precision,Recall,macro_f1 0.8536619140082613 0.8280940171494359 0.8195905207902987
45.74043035507202 seconds


Epoch: 15
Training set avg loss: 0.1059
	center loss: 0.1847
conf_mat:
 [[128738      0      0 ...      0      0      0]
 [     0   8866    363 ...      0      0      0]
 [     0    272  15378 ...      0      0      0]
 ...
 [     0      0      0 ...   9300      0      0]
 [     0      0      0 ...      0  26937      0]
 [     0      0      0 ...      0      0    761]]
Precision,Recall,macro_f1 0.8412544374435026 0.8218374240092143 0.8137414749198223
388.0783689022064 seconds
Test set avg loss: 0.4452
	center loss: 0.0202
conf_mat:
 [[35475     0     0 ...     0     0     0]
 [    0  2244    82 ...     0     0     0]
 [    0    23  3296 ...     0     0     0]
 ...
 [    0     0     0 ...  2388     0     0]
 [    0     0     0 ...     0  5609     0]
 [    0     0     0 ...     0     0   212]]
Precision,Recall,macro_f1 0.8840765346065546 0.8614467072915042 0.8563897022367211
45.64515423774719 seconds


Epoch: 16
Training set avg loss: 0.1021
	center loss: 0.1605
conf_mat:
 [[129142      0      0 ...      0      0      0]
 [     0   8886    373 ...      0      0      0]
 [     0    291  15640 ...      0      0      0]
 ...
 [     0      0      0 ...   9232      0      0]
 [     0      0      0 ...      0  26808      0]
 [     0      0      0 ...      0      0    625]]
Precision,Recall,macro_f1 0.8478640423227646 0.828454971794963 0.821802721651898
387.2339713573456 seconds
Test set avg loss: 0.4223
	center loss: 0.0140
conf_mat:
 [[37334     0     0 ...     0     0     0]
 [    0  2351    45 ...     0     0     0]
 [    0    39  3674 ...     0     0     0]
 ...
 [    0     0     0 ...  2437     0     0]
 [    0     0     0 ...     0  5694     0]
 [    0     0     0 ...     0     0   183]]
Precision,Recall,macro_f1 0.8717218313450557 0.858351603114611 0.8538819995813756
43.20993781089783 seconds


Epoch: 17
Training set avg loss: 0.0944
	center loss: 0.1236
conf_mat:
 [[130071      0      0 ...      0      0      0]
 [     0   8930    356 ...      0      0      0]
 [     0    280  15899 ...      0      0      0]
 ...
 [     0      0      0 ...   9284      0      0]
 [     0      0      0 ...      0  27218      0]
 [     0      0      0 ...      0      0    421]]
Precision,Recall,macro_f1 0.854253303554736 0.8366614480173897 0.8290378414259496
389.6300001144409 seconds
Test set avg loss: 0.4245
	center loss: 0.0127
conf_mat:
 [[35286     0     0 ...     0     0     0]
 [    0  2369    21 ...     0     0     0]
 [    0    45  3029 ...     0     0     0]
 ...
 [    0     0     0 ...  2376     0     0]
 [    0     0     0 ...     0  5669     0]
 [    0     0     0 ...     0     0   119]]
Precision,Recall,macro_f1 0.875423185772923 0.8555228285619254 0.8543860418220471
45.94285202026367 seconds


Epoch: 18
Training set avg loss: 0.0901
	center loss: 0.1027
conf_mat:
 [[130718      0      0 ...      0      0      0]
 [     0   8920    386 ...      0      0      0]
 [     0    301  16033 ...      0      0      0]
 ...
 [     0      0      0 ...   9246      0      0]
 [     0      0      0 ...      0  27106      0]
 [     0      0      0 ...      0      0    273]]
Precision,Recall,macro_f1 0.8590036922759949 0.8417858649418681 0.8354916661847585
393.88186025619507 seconds
Test set avg loss: 0.4237
	center loss: 0.0124
conf_mat:
 [[37938     0     0 ...     0     0     0]
 [    0  2219    76 ...     0     0     0]
 [    0    16  3477 ...     0     0     0]
 ...
 [    0     0     0 ...  2302     0     0]
 [    0     0     0 ...     0  5305     0]
 [    0     0     0 ...     0     0     0]]
Precision,Recall,macro_f1 0.8437814010019152 0.8460459185391886 0.8348271673152321
45.92632007598877 seconds


Epoch: 19
Training set avg loss: 0.0844
	center loss: 0.0848
conf_mat:
 [[131663      0      0 ...      0      0      0]
 [     0   9019    347 ...      0      0      0]
 [     0    286  16220 ...      0      0      0]
 ...
 [     0      0      0 ...   9301      0      0]
 [     0      0      0 ...      0  27331      0]
 [     0      0      0 ...      0      0    179]]
Precision,Recall,macro_f1 0.8630322412284506 0.8500192615306439 0.8435081445109461
382.3309853076935 seconds
Test set avg loss: 0.4012
	center loss: 0.0079
conf_mat:
 [[37337     0     0 ...     0     0     0]
 [    0  2287    43 ...     0     0     0]
 [    0    47  3239 ...     0     0     0]
 ...
 [    0     0     0 ...  2404     0     0]
 [    0     0     0 ...     0  5261     0]
 [    0     0     0 ...     0     0     0]]
Precision,Recall,macro_f1 0.85384453065317 0.8678807507888118 0.8573919632676483
45.975006103515625 seconds


Epoch: 20
Training set avg loss: 0.0807
	center loss: 0.0736
conf_mat:
 [[132701      0      0 ...      0      0      0]
 [     0   9086    353 ...      0      0      0]
 [     0    299  16351 ...      0      0      0]
 ...
 [     0      0      0 ...   9280      0      0]
 [     0      0      0 ...      0  27520      0]
 [     0      0      0 ...      0      0    146]]
Precision,Recall,macro_f1 0.8670142544346171 0.8557820108377818 0.8490391654358052
385.0058870315552 seconds
Test set avg loss: 0.3859
	center loss: 0.0064
conf_mat:
 [[36748     0     0 ...     0     0     0]
 [    0  2386    58 ...     0     0     0]
 [    0    28  3660 ...     0     0     0]
 ...
 [    0     0     0 ...  2450     0     0]
 [    0     0     0 ...     0  5650     0]
 [    0     0     0 ...     0     0     0]]
Precision,Recall,macro_f1 0.8583263287175745 0.8691268484235536 0.8606237411215745
43.52129864692688 seconds


Epoch: 21
Training set avg loss: 0.0772
	center loss: 0.0620
conf_mat:
 [[133537      0      0 ...      0      0      0]
 [     0   9075    338 ...      0      0      0]
 [     0    310  16422 ...      0      0      0]
 ...
 [     0      0      0 ...   9303      0      0]
 [     0      0      0 ...      0  27483      0]
 [     0      0      0 ...      0      0    137]]
Precision,Recall,macro_f1 0.8687544384062356 0.862326451603106 0.8568135657662208
384.8763847351074 seconds
Test set avg loss: 0.3706
	center loss: 0.0054
conf_mat:
 [[39192     0     0 ...     0     0     0]
 [    0  2367    63 ...     0     0     0]
 [    0    21  3289 ...     0     0     0]
 ...
 [    0     0     0 ...  2308     0     0]
 [    0     0     0 ...     0  5711     0]
 [    0     0     0 ...     0     0     6]]
Precision,Recall,macro_f1 0.8796800305364632 0.8698317504472627 0.8648287433528826
43.18518543243408 seconds


Epoch: 22
Training set avg loss: 0.0726
	center loss: 0.0529
conf_mat:
 [[134621      0      0 ...      0      0      0]
 [     0   9142    310 ...      0      0      0]
 [     0    277  16491 ...      0      0      0]
 ...
 [     0      0      0 ...   9319      0      0]
 [     0      0      0 ...      0  27790      0]
 [     0      0      0 ...      0      0    173]]
Precision,Recall,macro_f1 0.8752443566585316 0.8700221014987072 0.8652297923477378
375.9142632484436 seconds
Test set avg loss: 0.3705
	center loss: 0.0046
conf_mat:
 [[37116     0     0 ...     0     0     0]
 [    0  2359    57 ...     0     0     0]
 [    0    31  3506 ...     0     0     0]
 ...
 [    0     0     0 ...  2325     0     0]
 [    0     0     0 ...     0  5738     0]
 [    0     0     0 ...     0     0     5]]
Precision,Recall,macro_f1 0.89311360006926 0.882318444930237 0.8780907206685782
43.533836364746094 seconds


Epoch: 23
Training set avg loss: 0.0691
	center loss: 0.0464
conf_mat:
 [[135204      0      0 ...      0      0      0]
 [     0   9169    323 ...      0      0      0]
 [     0    304  16637 ...      0      0      0]
 ...
 [     0      0      0 ...   9374      0      0]
 [     0      0      0 ...      0  27898      0]
 [     0      0      0 ...      0      0    235]]
Precision,Recall,macro_f1 0.8790231664495954 0.8786885655044797 0.8741049599569867
371.3325276374817 seconds
Test set avg loss: 0.3565
	center loss: 0.0043
conf_mat:
 [[38158     0     0 ...     0     0     0]
 [    0  2399    78 ...     0     0     0]
 [    0    19  3696 ...     0     0     0]
 ...
 [    0     0     0 ...  2362     0     0]
 [    0     0     0 ...     0  5855     0]
 [    0     0     0 ...     0     0    59]]
Precision,Recall,macro_f1 0.8956323753614926 0.8951861225237234 0.8907781725043564
43.065741777420044 seconds


Epoch: 24
Training set avg loss: 0.0662
	center loss: 0.0419
conf_mat:
 [[135891      0      0 ...      0      0      0]
 [     0   9195    318 ...      0      0      0]
 [     0    307  16704 ...      0      0      0]
 ...
 [     0      0      0 ...   9393      0      0]
 [     0      0      0 ...      0  27972      0]
 [     0      0      0 ...      0      0    379]]
Precision,Recall,macro_f1 0.8829279294884305 0.8848629549811441 0.8810025111098582
371.13097167015076 seconds
Test set avg loss: 0.3461
	center loss: 0.0034
conf_mat:
 [[38580     0     0 ...     0     0     0]
 [    0  2332    32 ...     0     0     0]
 [    0    41  3722 ...     0     0     0]
 ...
 [    0     0     0 ...  2375     0     0]
 [    0     0     0 ...     0  5980     0]
 [    0     0     0 ...     0     0    62]]
Precision,Recall,macro_f1 0.8993240727074093 0.9009106637152455 0.8962095239668517
43.225005865097046 seconds


Epoch: 25
Training set avg loss: 0.0632
	center loss: 0.0379
conf_mat:
 [[136386      0      0 ...      0      0      0]
 [     0   9211    346 ...      0      0      0]
 [     0    294  16734 ...      0      0      0]
 ...
 [     0      0      0 ...   9395      0      0]
 [     0      0      0 ...      0  28055      0]
 [     0      0      0 ...      0      0    553]]
Precision,Recall,macro_f1 0.886945712284895 0.8910125166346212 0.8874281675725386
392.16173100471497 seconds
Test set avg loss: 0.3338
	center loss: 0.0028
conf_mat:
 [[39013     0     0 ...     0     0     0]
 [    0  2447    31 ...     0     0     0]
 [    0    45  3787 ...     0     0     0]
 ...
 [    0     0     0 ...  2451     0     0]
 [    0     0     0 ...     0  5872     0]
 [    0     0     0 ...     0     0   160]]
Precision,Recall,macro_f1 0.9047906939571343 0.9082212315783448 0.9051528839054802
45.624314308166504 seconds


Epoch: 26
Training set avg loss: 0.0607
	center loss: 0.0354
conf_mat:
 [[136658      0      0 ...      0      0      0]
 [     0   9248    309 ...      0      0      0]
 [     0    289  16892 ...      0      0      0]
 ...
 [     0      0      0 ...   9503      0      0]
 [     0      0      0 ...      0  28162      0]
 [     0      0      0 ...      0      0    672]]
Precision,Recall,macro_f1 0.890600062278445 0.8964765123211489 0.8926041029368303
385.867050409317 seconds
Test set avg loss: 0.3360
	center loss: 0.0027
conf_mat:
 [[36932     0     0 ...     0     0     0]
 [    0  2306    70 ...     0     0     0]
 [    0    15  3660 ...     0     0     0]
 ...
 [    0     0     0 ...  2337     0     0]
 [    0     0     0 ...     0  5799     0]
 [    0     0     0 ...     0     0   149]]
Precision,Recall,macro_f1 0.9004493840606048 0.900330773346001 0.8984585409030311
43.35603475570679 seconds


Epoch: 27
Training set avg loss: 0.0587
	center loss: 0.0322
conf_mat:
 [[137330      0      0 ...      0      0      0]
 [     0   9262    309 ...      0      0      0]
 [     0    285  16893 ...      0      0      0]
 ...
 [     0      0      0 ...   9462      0      0]
 [     0      0      0 ...      0  28340      0]
 [     0      0      0 ...      0      0    790]]
Precision,Recall,macro_f1 0.8933678032571164 0.9004341194516896 0.8963876849344765
388.61326456069946 seconds
Test set avg loss: 0.3350
	center loss: 0.0026
conf_mat:
 [[37222     0     0 ...     0     0     0]
 [    0  2326    55 ...     0     0     0]
 [    0    24  3446 ...     0     0     0]
 ...
 [    0     0     0 ...  2432     0     0]
 [    0     0     0 ...     0  5609     0]
 [    0     0     0 ...     0     0   214]]
Precision,Recall,macro_f1 0.9059429659591364 0.9102879966998505 0.907294376052742
45.741615295410156 seconds


Epoch: 28
Training set avg loss: 0.0564
	center loss: 0.0302
conf_mat:
 [[137724      0      0 ...      0      0      0]
 [     0   9298    317 ...      0      0      0]
 [     0    298  16918 ...      0      0      0]
 ...
 [     0      0      0 ...   9529      0      0]
 [     0      0      0 ...      0  28294      0]
 [     0      0      0 ...      0      0    871]]
Precision,Recall,macro_f1 0.896268508750677 0.9041960102635791 0.8999199978890338
392.4621458053589 seconds
Test set avg loss: 0.3171
	center loss: 0.0021
conf_mat:
 [[38991     0     0 ...     0     0     0]
 [    0  2340    55 ...     0     0     0]
 [    0    27  3560 ...     0     0     0]
 ...
 [    0     0     0 ...  2311     0     0]
 [    0     0     0 ...     0  5427     0]
 [    0     0     0 ...     0     0   203]]
Precision,Recall,macro_f1 0.9108930235052894 0.9134147108243214 0.9110320014847598
46.10681486129761 seconds


Epoch: 29
Training set avg loss: 0.0543
	center loss: 0.0278
conf_mat:
 [[138134      0      0 ...      0      0      0]
 [     0   9283    297 ...      0      0      0]
 [     0    258  17017 ...      0      0      0]
 ...
 [     0      0      0 ...   9538      0      0]
 [     0      0      0 ...      0  28517      0]
 [     0      0      0 ...      0      0    919]]
Precision,Recall,macro_f1 0.898778128061048 0.9065867840723846 0.9024529258584812
391.8130085468292 seconds
Test set avg loss: 0.3054
	center loss: 0.0017
conf_mat:
 [[38710     0     0 ...     0     0     0]
 [    0  2344    52 ...     0     0     0]
 [    0    19  3352 ...     0     0     0]
 ...
 [    0     0     0 ...  2404     0     0]
 [    0     0     0 ...     0  5860     0]
 [    0     0     0 ...     0     0   230]]
Precision,Recall,macro_f1 0.9166083791859785 0.9196541753362669 0.9175284753588092
45.72541618347168 seconds


Epoch: 30
Training set avg loss: 0.0529
	center loss: 0.0268
conf_mat:
 [[138322      0      0 ...      0      0      0]
 [     0   9330    290 ...      0      0      0]
 [     0    259  16957 ...      0      0      0]
 ...
 [     0      0      0 ...   9591      0      0]
 [     0      0      0 ...      0  28627      0]
 [     0      0      0 ...      0      0    948]]
Precision,Recall,macro_f1 0.8997301192220799 0.9078976663575594 0.9035991406732666
392.217675447464 seconds
Test set avg loss: 0.2988
	center loss: 0.0016
conf_mat:
 [[40348     0     0 ...     0     0     0]
 [    0  2408    40 ...     0     0     0]
 [    0    32  3677 ...     0     0     0]
 ...
 [    0     0     0 ...  2353     0     0]
 [    0     0     0 ...     0  6188     0]
 [    0     0     0 ...     0     0   221]]
Precision,Recall,macro_f1 0.9181420580384669 0.9196090998224408 0.9181960469772558
45.85777974128723 seconds


Epoch: 31
Training set avg loss: 0.0511
	center loss: 0.0248
conf_mat:
 [[138774      0      0 ...      0      0      0]
 [     0   9344    309 ...      0      0      0]
 [     0    279  17039 ...      0      0      0]
 ...
 [     0      0      0 ...   9627      0      0]
 [     0      0      0 ...      0  28700      0]
 [     0      0      0 ...      0      0    960]]
Precision,Recall,macro_f1 0.9027581568832622 0.9110024545152643 0.9067026943056933
384.0558428764343 seconds
Test set avg loss: 0.2949
	center loss: 0.0015
conf_mat:
 [[38787     0     0 ...     0     0     0]
 [    0  2405    47 ...     0     0     0]
 [    0    27  3553 ...     0     0     0]
 ...
 [    0     0     0 ...  2444     0     0]
 [    0     0     0 ...     0  6152     0]
 [    0     0     0 ...     0     0   234]]
Precision,Recall,macro_f1 0.9165546937411746 0.9268992402453671 0.9212810283877265
43.06265664100647 seconds


Epoch: 32
Training set avg loss: 0.0496
	center loss: 0.0236
conf_mat:
 [[139251      0      0 ...      0      0      0]
 [     0   9364    289 ...      0      0      0]
 [     0    292  17099 ...      0      0      0]
 ...
 [     0      0      0 ...   9590      0      0]
 [     0      0      0 ...      0  28763      0]
 [     0      0      0 ...      0      0    977]]
Precision,Recall,macro_f1 0.9038895872402131 0.9122629943771993 0.9079230095433493
380.16663336753845 seconds
Test set avg loss: 0.2953
	center loss: 0.0014
conf_mat:
 [[38988     0     0 ...     0     0     0]
 [    0  2280    35 ...     0     0     0]
 [    0    39  3642 ...     0     0     0]
 ...
 [    0     0     0 ...  2440     0     0]
 [    0     0     0 ...     0  6075     0]
 [    0     0     0 ...     0     0   226]]
Precision,Recall,macro_f1 0.9086996396626273 0.9225464520703831 0.9150063668020259
43.285998582839966 seconds


Epoch: 33
Training set avg loss: 0.0483
	center loss: 0.0226
conf_mat:
 [[139554      0      0 ...      0      0      0]
 [     0   9403    293 ...      0      0      0]
 [     0    261  17110 ...      0      0      0]
 ...
 [     0      0      0 ...   9634      0      0]
 [     0      0      0 ...      0  28780      0]
 [     0      0      0 ...      0      0    974]]
Precision,Recall,macro_f1 0.9059037667796225 0.9139387604669835 0.909775039341301
389.09564232826233 seconds
Test set avg loss: 0.2861
	center loss: 0.0014
conf_mat:
 [[39094     0     0 ...     0     0     0]
 [    0  2440    29 ...     0     0     0]
 [    0    39  3438 ...     0     0     0]
 ...
 [    0     0     0 ...  2425     0     0]
 [    0     0     0 ...     0  5959     0]
 [    0     0     0 ...     0     0   228]]
Precision,Recall,macro_f1 0.9145421830474292 0.9285163158559391 0.920964184182324
46.093077182769775 seconds


Epoch: 34
Training set avg loss: 0.0470
	center loss: 0.0216
conf_mat:
 [[139774      0      0 ...      0      0      0]
 [     0   9428    281 ...      0      0      0]
 [     0    264  17163 ...      0      0      0]
 ...
 [     0      0      0 ...   9642      0      0]
 [     0      0      0 ...      0  28935      0]
 [     0      0      0 ...      0      0    989]]
Precision,Recall,macro_f1 0.9076870284400926 0.915639070471782 0.9115206236440265
395.4566135406494 seconds
Test set avg loss: 0.2878
	center loss: 0.0014
conf_mat:
 [[38838     0     0 ...     0     0     0]
 [    0  2352    42 ...     0     0     0]
 [    0    29  3447 ...     0     0     0]
 ...
 [    0     0     0 ...  2380     0     0]
 [    0     0     0 ...     0  6074     0]
 [    0     0     0 ...     0     0   228]]
Precision,Recall,macro_f1 0.9173606539189008 0.9237915029993079 0.9201291218732286
45.89081358909607 seconds


Epoch: 35
Training set avg loss: 0.0457
	center loss: 0.0207
conf_mat:
 [[140083      0      0 ...      0      0      0]
 [     0   9424    274 ...      0      0      0]
 [     0    255  17157 ...      0      0      0]
 ...
 [     0      0      0 ...   9648      0      0]
 [     0      0      0 ...      0  28923      0]
 [     0      0      0 ...      0      0    989]]
Precision,Recall,macro_f1 0.9086755928283573 0.9165337062355202 0.9124722226179501
387.887752532959 seconds
Test set avg loss: 0.2775
	center loss: 0.0012
conf_mat:
 [[41057     0     0 ...     0     0     0]
 [    0  2342    33 ...     0     0     0]
 [    0    50  3532 ...     0     0     0]
 ...
 [    0     0     0 ...  2406     0     0]
 [    0     0     0 ...     0  5376     0]
 [    0     0     0 ...     0     0   224]]
Precision,Recall,macro_f1 0.9203422541959588 0.925727134082853 0.9224530366637573
45.709094524383545 seconds


Epoch: 36
Training set avg loss: 0.0444
	center loss: 0.0199
conf_mat:
 [[140485      0      0 ...      0      0      0]
 [     0   9431    261 ...      0      0      0]
 [     0    270  17236 ...      0      0      0]
 ...
 [     0      0      0 ...   9709      0      0]
 [     0      0      0 ...      0  29018      0]
 [     0      0      0 ...      0      0    990]]
Precision,Recall,macro_f1 0.9111184590439175 0.918760394582507 0.9148173945081876
384.5468044281006 seconds
Test set avg loss: 0.2788
	center loss: 0.0012
conf_mat:
 [[40046     0     0 ...     0     0     0]
 [    0  2379    40 ...     0     0     0]
 [    0    30  3578 ...     0     0     0]
 ...
 [    0     0     0 ...  2427     0     0]
 [    0     0     0 ...     0  6137     0]
 [    0     0     0 ...     0     0   227]]
Precision,Recall,macro_f1 0.9156727265906143 0.9268080524124525 0.9206445616071446
43.91384148597717 seconds


Epoch: 37
Training set avg loss: 0.0437
	center loss: 0.0193
conf_mat:
 [[140528      0      0 ...      0      0      0]
 [     0   9472    261 ...      0      0      0]
 [     0    282  17212 ...      0      0      0]
 ...
 [     0      0      0 ...   9735      0      0]
 [     0      0      0 ...      0  29084      0]
 [     0      0      0 ...      0      0    995]]
Precision,Recall,macro_f1 0.9120535337172462 0.9198018989932821 0.915802148631494
379.57094621658325 seconds
Test set avg loss: 0.2707
	center loss: 0.0011
conf_mat:
 [[39848     0     0 ...     0     0     0]
 [    0  2335    40 ...     0     0     0]
 [    0    59  3380 ...     0     0     0]
 ...
 [    0     0     0 ...  2435     0     0]
 [    0     0     0 ...     0  6010     0]
 [    0     0     0 ...     0     0   224]]
Precision,Recall,macro_f1 0.9244695620704325 0.9252260464338466 0.9244051897372964
43.56703543663025 seconds


Epoch: 38
Training set avg loss: 0.0426
	center loss: 0.0186
conf_mat:
 [[140820      0      0 ...      0      0      0]
 [     0   9460    277 ...      0      0      0]
 [     0    260  17221 ...      0      0      0]
 ...
 [     0      0      0 ...   9722      0      0]
 [     0      0      0 ...      0  29087      0]
 [     0      0      0 ...      0      0   1000]]
Precision,Recall,macro_f1 0.9131912054704646 0.9207662396191921 0.9168626421406993
371.51389479637146 seconds
Test set avg loss: 0.2697
	center loss: 0.0011
conf_mat:
 [[41080     0     0 ...     0     0     0]
 [    0  2315    23 ...     0     0     0]
 [    0    62  3689 ...     0     0     0]
 ...
 [    0     0     0 ...  2366     0     0]
 [    0     0     0 ...     0  6167     0]
 [    0     0     0 ...     0     0   232]]
Precision,Recall,macro_f1 0.9213945216310994 0.9276192084176242 0.9240292948705904
43.47342228889465 seconds


Epoch: 39
Training set avg loss: 0.0416
	center loss: 0.0179
conf_mat:
 [[140927      0      0 ...      0      0      0]
 [     0   9497    256 ...      0      0      0]
 [     0    253  17286 ...      0      0      0]
 ...
 [     0      0      0 ...   9755      0      0]
 [     0      0      0 ...      0  29164      0]
 [     0      0      0 ...      0      0    996]]
Precision,Recall,macro_f1 0.9146427898952083 0.9219953954383292 0.9182059749864823
381.0287506580353 seconds
Test set avg loss: 0.2671
	center loss: 0.0010
conf_mat:
 [[38673     0     0 ...     0     0     0]
 [    0  2382    14 ...     0     0     0]
 [    0    89  3598 ...     0     0     0]
 ...
 [    0     0     0 ...  2423     0     0]
 [    0     0     0 ...     0  6116     0]
 [    0     0     0 ...     0     0   231]]
Precision,Recall,macro_f1 0.9188340116938531 0.9267507316901049 0.9222964308803984
45.62041401863098 seconds


Epoch: 40
Training set avg loss: 0.0409
	center loss: 0.0175
conf_mat:
 [[141243      0      0 ...      0      0      0]
 [     0   9490    255 ...      0      0      0]
 [     0    253  17255 ...      0      0      0]
 ...
 [     0      0      0 ...   9761      0      0]
 [     0      0      0 ...      0  29227      0]
 [     0      0      0 ...      0      0   1005]]
Precision,Recall,macro_f1 0.9154076737549321 0.9228388730323844 0.9190146555553084
386.890554189682 seconds
Test set avg loss: 0.2617
	center loss: 0.0010
conf_mat:
 [[39745     0     0 ...     0     0     0]
 [    0  2387    27 ...     0     0     0]
 [    0    40  3389 ...     0     0     0]
 ...
 [    0     0     0 ...  2459     0     0]
 [    0     0     0 ...     0  6003     0]
 [    0     0     0 ...     0     0   233]]
Precision,Recall,macro_f1 0.9233265882984161 0.9291919126937758 0.9258275821853349
43.2703959941864 seconds


Epoch: 41
Training set avg loss: 0.0400
	center loss: 0.0169
conf_mat:
 [[141394      0      0 ...      0      0      0]
 [     0   9504    233 ...      0      0      0]
 [     0    236  17317 ...      0      0      0]
 ...
 [     0      0      0 ...   9745      0      0]
 [     0      0      0 ...      0  29216      0]
 [     0      0      0 ...      0      0   1001]]
Precision,Recall,macro_f1 0.9163206524185938 0.9236671112942618 0.9198891635976099
387.5160276889801 seconds
Test set avg loss: 0.2620
	center loss: 0.0010
conf_mat:
 [[38934     0     0 ...     0     0     0]
 [    0  2382    68 ...     0     0     0]
 [    0    27  3805 ...     0     0     0]
 ...
 [    0     0     0 ...  2364     0     0]
 [    0     0     0 ...     0  6050     0]
 [    0     0     0 ...     0     0   230]]
Precision,Recall,macro_f1 0.9218451909211166 0.9280404875380852 0.9243451316018337
44.60123562812805 seconds


Epoch: 42
Training set avg loss: 0.0393
	center loss: 0.0165
conf_mat:
 [[141603      0      0 ...      0      0      0]
 [     0   9526    243 ...      0      0      0]
 [     0    256  17304 ...      0      0      0]
 ...
 [     0      0      0 ...   9777      0      0]
 [     0      0      0 ...      0  29237      0]
 [     0      0      0 ...      0      0    996]]
Precision,Recall,macro_f1 0.9172474564681724 0.9245472296528376 0.9207922117769403
387.2065997123718 seconds
Test set avg loss: 0.2583
	center loss: 0.0009
conf_mat:
 [[39805     0     0 ...     0     0     0]
 [    0  2347    26 ...     0     0     0]
 [    0    45  3517 ...     0     0     0]
 ...
 [    0     0     0 ...  2396     0     0]
 [    0     0     0 ...     0  5781     0]
 [    0     0     0 ...     0     0   227]]
Precision,Recall,macro_f1 0.9224082196077941 0.9323590343715819 0.9269841978249509
46.03277373313904 seconds


Epoch: 43
Training set avg loss: 0.0386
	center loss: 0.0160
conf_mat:
 [[141629      0      0 ...      0      0      0]
 [     0   9507    257 ...      0      0      0]
 [     0    250  17313 ...      0      0      0]
 ...
 [     0      0      0 ...   9820      0      0]
 [     0      0      0 ...      0  29352      0]
 [     0      0      0 ...      0      0   1003]]
Precision,Recall,macro_f1 0.9182186508522038 0.9253755637986233 0.9216933853996574
395.12817907333374 seconds
Test set avg loss: 0.2547
	center loss: 0.0009
conf_mat:
 [[40757     0     0 ...     0     0     0]
 [    0  2425    33 ...     0     0     0]
 [    0    44  3616 ...     0     0     0]
 ...
 [    0     0     0 ...  2465     0     0]
 [    0     0     0 ...     0  5844     0]
 [    0     0     0 ...     0     0   228]]
Precision,Recall,macro_f1 0.9237114349402719 0.9307605558484442 0.9269200316628218
45.85607624053955 seconds


Epoch: 44
Training set avg loss: 0.0379
	center loss: 0.0156
conf_mat:
 [[141815      0      0 ...      0      0      0]
 [     0   9527    240 ...      0      0      0]
 [     0    234  17381 ...      0      0      0]
 ...
 [     0      0      0 ...   9829      0      0]
 [     0      0      0 ...      0  29363      0]
 [     0      0      0 ...      0      0   1009]]
Precision,Recall,macro_f1 0.9193974528652662 0.9262360447173361 0.9227196104434703
389.1959180831909 seconds
Test set avg loss: 0.2551
	center loss: 0.0009
conf_mat:
 [[40094     0     0 ...     0     0     0]
 [    0  2327    44 ...     0     0     0]
 [    0    28  3471 ...     0     0     0]
 ...
 [    0     0     0 ...  2397     0     0]
 [    0     0     0 ...     0  5861     0]
 [    0     0     0 ...     0     0   226]]
Precision,Recall,macro_f1 0.9208924947034528 0.9313195305225966 0.9257735500317389
46.00804781913757 seconds


Epoch: 45
Training set avg loss: 0.0373
	center loss: 0.0152
conf_mat:
 [[142020      0      0 ...      0      0      0]
 [     0   9532    246 ...      0      0      0]
 [     0    245  17384 ...      0      0      0]
 ...
 [     0      0      0 ...   9838      0      0]
 [     0      0      0 ...      0  29327      0]
 [     0      0      0 ...      0      0   1003]]
Precision,Recall,macro_f1 0.9203123796767558 0.9271805752590376 0.9236547010002667
393.3935966491699 seconds
Test set avg loss: 0.2516
	center loss: 0.0009
conf_mat:
 [[39527     0     0 ...     0     0     0]
 [    0  2304    39 ...     0     0     0]
 [    0    28  3503 ...     0     0     0]
 ...
 [    0     0     0 ...  2396     0     0]
 [    0     0     0 ...     0  5928     0]
 [    0     0     0 ...     0     0   223]]
Precision,Recall,macro_f1 0.9230033476340446 0.9323894574498102 0.9272586396064132
46.03553056716919 seconds


Epoch: 46
Training set avg loss: 0.0367
	center loss: 0.0148
conf_mat:
 [[141977      0      0 ...      0      0      0]
 [     0   9556    246 ...      0      0      0]
 [     0    245  17336 ...      0      0      0]
 ...
 [     0      0      0 ...   9860      0      0]
 [     0      0      0 ...      0  29360      0]
 [     0      0      0 ...      0      0   1003]]
Precision,Recall,macro_f1 0.9209139363316936 0.9279001221812103 0.9243108874928236
394.4417312145233 seconds
Test set avg loss: 0.2541
	center loss: 0.0008
conf_mat:
 [[39431     0     0 ...     0     0     0]
 [    0  2363    41 ...     0     0     0]
 [    0    24  3525 ...     0     0     0]
 ...
 [    0     0     0 ...  2430     0     0]
 [    0     0     0 ...     0  5984     0]
 [    0     0     0 ...     0     0   228]]
Precision,Recall,macro_f1 0.9253578730235363 0.9291560961134069 0.9268875664117247
45.63763380050659 seconds


Epoch: 47
Training set avg loss: 0.0362
	center loss: 0.0144
conf_mat:
 [[142150      0      0 ...      0      0      0]
 [     0   9548    226 ...      0      0      0]
 [     0    241  17403 ...      0      0      0]
 ...
 [     0      0      0 ...   9855      0      0]
 [     0      0      0 ...      0  29391      0]
 [     0      0      0 ...      0      0   1006]]
Precision,Recall,macro_f1 0.9220198870809695 0.9286086095120843 0.9252219187070408
388.30055022239685 seconds
Test set avg loss: 0.2481
	center loss: 0.0008
conf_mat:
 [[40296     0     0 ...     0     0     0]
 [    0  2354    36 ...     0     0     0]
 [    0    34  3722 ...     0     0     0]
 ...
 [    0     0     0 ...  2402     0     0]
 [    0     0     0 ...     0  6078     0]
 [    0     0     0 ...     0     0   231]]
Precision,Recall,macro_f1 0.923403172900453 0.9335278565312095 0.9280950644090734
43.33606147766113 seconds


Epoch: 48
Training set avg loss: 0.0356
	center loss: 0.0142
conf_mat:
 [[142299      0      0 ...      0      0      0]
 [     0   9545    229 ...      0      0      0]
 [     0    234  17402 ...      0      0      0]
 ...
 [     0      0      0 ...   9854      0      0]
 [     0      0      0 ...      0  29443      0]
 [     0      0      0 ...      0      0   1001]]
Precision,Recall,macro_f1 0.9226391633738174 0.9293522419024376 0.9259059594886042
383.12034726142883 seconds
Test set avg loss: 0.2455
	center loss: 0.0008
conf_mat:
 [[39551     0     0 ...     0     0     0]
 [    0  2339    34 ...     0     0     0]
 [    0    38  3715 ...     0     0     0]
 ...
 [    0     0     0 ...  2402     0     0]
 [    0     0     0 ...     0  6216     0]
 [    0     0     0 ...     0     0   225]]
Precision,Recall,macro_f1 0.9275173480515236 0.9306300485132804 0.9286741754777281
43.744791746139526 seconds


Epoch: 49
Training set avg loss: 0.0350
	center loss: 0.0138
conf_mat:
 [[142313      0      0 ...      0      0      0]
 [     0   9595    206 ...      0      0      0]
 [     0    220  17451 ...      0      0      0]
 ...
 [     0      0      0 ...   9842      0      0]
 [     0      0      0 ...      0  29499      0]
 [     0      0      0 ...      0      0   1012]]
Precision,Recall,macro_f1 0.9233864529533234 0.930058990975418 0.9266349772417907
392.22124791145325 seconds
Test set avg loss: 0.2457
	center loss: 0.0008
conf_mat:
 [[39776     0     0 ...     0     0     0]
 [    0  2411    37 ...     0     0     0]
 [    0    41  3688 ...     0     0     0]
 ...
 [    0     0     0 ...  2441     0     0]
 [    0     0     0 ...     0  6166     0]
 [    0     0     0 ...     0     0   226]]
Precision,Recall,macro_f1 0.9255355401385946 0.9325954850005775 0.9287291916397071
45.486520528793335 seconds


Epoch: 50
Training set avg loss: 0.0344
	center loss: 0.0135
conf_mat:
 [[142364      0      0 ...      0      0      0]
 [     0   9579    224 ...      0      0      0]
 [     0    226  17423 ...      0      0      0]
 ...
 [     0      0      0 ...   9913      0      0]
 [     0      0      0 ...      0  29551      0]
 [     0      0      0 ...      0      0   1005]]
Precision,Recall,macro_f1 0.9244803855663373 0.930922135047497 0.9276126600533376
393.31159830093384 seconds
Test set avg loss: 0.2424
	center loss: 0.0008
conf_mat:
 [[40152     0     0 ...     0     0     0]
 [    0  2353    48 ...     0     0     0]
 [    0    25  3635 ...     0     0     0]
 ...
 [    0     0     0 ...  2397     0     0]
 [    0     0     0 ...     0  6070     0]
 [    0     0     0 ...     0     0   226]]
Precision,Recall,macro_f1 0.9250320585792461 0.9326046567875741 0.9284646871825
45.76511073112488 seconds


Epoch: 51
Training set avg loss: 0.0339
	center loss: 0.0132
conf_mat:
 [[142540      0      0 ...      0      0      0]
 [     0   9613    226 ...      0      0      0]
 [     0    223  17482 ...      0      0      0]
 ...
 [     0      0      0 ...   9912      0      0]
 [     0      0      0 ...      0  29551      0]
 [     0      0      0 ...      0      0   1016]]
Precision,Recall,macro_f1 0.925290199171901 0.9317387226742369 0.9284276026806834
388.22058176994324 seconds
Test set avg loss: 0.2418
	center loss: 0.0008
conf_mat:
 [[39299     0     0 ...     0     0     0]
 [    0  2403    47 ...     0     0     0]
 [    0    38  3547 ...     0     0     0]
 ...
 [    0     0     0 ...  2376     0     0]
 [    0     0     0 ...     0  5962     0]
 [    0     0     0 ...     0     0   224]]
Precision,Recall,macro_f1 0.9288872455262702 0.9294669204122595 0.92880078791164
43.10887145996094 seconds


Epoch: 52
Training set avg loss: 0.0335
	center loss: 0.0129
conf_mat:
 [[142683      0      0 ...      0      0      0]
 [     0   9578    225 ...      0      0      0]
 [     0    218  17513 ...      0      0      0]
 ...
 [     0      0      0 ...   9855      0      0]
 [     0      0      0 ...      0  29510      0]
 [     0      0      0 ...      0      0   1007]]
Precision,Recall,macro_f1 0.9264364079564232 0.9324469487001927 0.9293554862416583
382.0180413722992 seconds
Test set avg loss: 0.2411
	center loss: 0.0007
conf_mat:
 [[40477     0     0 ...     0     0     0]
 [    0  2341    80 ...     0     0     0]
 [    0    16  3645 ...     0     0     0]
 ...
 [    0     0     0 ...  2416     0     0]
 [    0     0     0 ...     0  5962     0]
 [    0     0     0 ...     0     0   228]]
Precision,Recall,macro_f1 0.9249404522981741 0.9348435378209725 0.929575406016533
45.858524560928345 seconds


Epoch: 53
Training set avg loss: 0.0330
	center loss: 0.0127
conf_mat:
 [[142807      0      0 ...      0      0      0]
 [     0   9568    223 ...      0      0      0]
 [     0    224  17473 ...      0      0      0]
 ...
 [     0      0      0 ...   9925      0      0]
 [     0      0      0 ...      0  29518      0]
 [     0      0      0 ...      0      0   1011]]
Precision,Recall,macro_f1 0.926746188424362 0.9330591777625581 0.9298202496698506
379.31581234931946 seconds
Test set avg loss: 0.2382
	center loss: 0.0007
conf_mat:
 [[40391     0     0 ...     0     0     0]
 [    0  2414    28 ...     0     0     0]
 [    0    49  3531 ...     0     0     0]
 ...
 [    0     0     0 ...  2444     0     0]
 [    0     0     0 ...     0  6038     0]
 [    0     0     0 ...     0     0   229]]
Precision,Recall,macro_f1 0.9289085574458235 0.9305820451264414 0.9294797867253294
43.21683216094971 seconds


Epoch: 54
Training set avg loss: 0.0326
	center loss: 0.0125
conf_mat:
 [[142800      0      0 ...      0      0      0]
 [     0   9605    230 ...      0      0      0]
 [     0    234  17492 ...      0      0      0]
 ...
 [     0      0      0 ...   9893      0      0]
 [     0      0      0 ...      0  29609      0]
 [     0      0      0 ...      0      0   1008]]
Precision,Recall,macro_f1 0.9272102197681027 0.9334663422121441 0.9302549913577786
372.2966778278351 seconds
Test set avg loss: 0.2351
	center loss: 0.0007
conf_mat:
 [[38936     0     0 ...     0     0     0]
 [    0  2457    22 ...     0     0     0]
 [    0    45  3707 ...     0     0     0]
 ...
 [    0     0     0 ...  2424     0     0]
 [    0     0     0 ...     0  6110     0]
 [    0     0     0 ...     0     0   227]]
Precision,Recall,macro_f1 0.9306585013914345 0.9314513896373924 0.9307434304264123
43.59402346611023 seconds


Epoch: 55
Training set avg loss: 0.0322
	center loss: 0.0122
conf_mat:
 [[143063      0      0 ...      0      0      0]
 [     0   9618    214 ...      0      0      0]
 [     0    226  17536 ...      0      0      0]
 ...
 [     0      0      0 ...   9965      0      0]
 [     0      0      0 ...      0  29634      0]
 [     0      0      0 ...      0      0   1010]]
Precision,Recall,macro_f1 0.9281924135011115 0.9343034065097828 0.9311695944246372
373.0822331905365 seconds
Test set avg loss: 0.2390
	center loss: 0.0007
conf_mat:
 [[40368     0     0 ...     0     0     0]
 [    0  2405    37 ...     0     0     0]
 [    0    37  3588 ...     0     0     0]
 ...
 [    0     0     0 ...  2347     0     0]
 [    0     0     0 ...     0  6142     0]
 [    0     0     0 ...     0     0   229]]
Precision,Recall,macro_f1 0.9249538007048479 0.9335654560686328 0.9289523041037154
43.39600992202759 seconds


Epoch: 56
Training set avg loss: 0.0318
	center loss: 0.0120
conf_mat:
 [[142856      0      0 ...      0      0      0]
 [     0   9625    203 ...      0      0      0]
 [     0    211  17524 ...      0      0      0]
 ...
 [     0      0      0 ...   9927      0      0]
 [     0      0      0 ...      0  29652      0]
 [     0      0      0 ...      0      0   1018]]
Precision,Recall,macro_f1 0.9289846977325907 0.9349907559230738 0.9319067274735395
390.8925280570984 seconds
Test set avg loss: 0.2354
	center loss: 0.0007
conf_mat:
 [[38885     0     0 ...     0     0     0]
 [    0  2322    35 ...     0     0     0]
 [    0    23  3788 ...     0     0     0]
 ...
 [    0     0     0 ...  2411     0     0]
 [    0     0     0 ...     0  5854     0]
 [    0     0     0 ...     0     0   226]]
Precision,Recall,macro_f1 0.9265377802878126 0.9277970982004875 0.9266306493103693
45.71566438674927 seconds


Epoch: 57
Training set avg loss: 0.0312
	center loss: 0.0118
conf_mat:
 [[143178      0      0 ...      0      0      0]
 [     0   9638    214 ...      0      0      0]
 [     0    229  17559 ...      0      0      0]
 ...
 [     0      0      0 ...   9927      0      0]
 [     0      0      0 ...      0  29695      0]
 [     0      0      0 ...      0      0   1020]]
Precision,Recall,macro_f1 0.9297246633329533 0.9357250196878264 0.9326452694888112
393.0955731868744 seconds
Test set avg loss: 0.2321
	center loss: 0.0007
conf_mat:
 [[40309     0     0 ...     0     0     0]
 [    0  2408    17 ...     0     0     0]
 [    0    41  3527 ...     0     0     0]
 ...
 [    0     0     0 ...  2445     0     0]
 [    0     0     0 ...     0  6131     0]
 [    0     0     0 ...     0     0   230]]
Precision,Recall,macro_f1 0.9315025502158594 0.9313626936138294 0.9310677814054986
43.15313458442688 seconds


Epoch: 58
Training set avg loss: 0.0308
	center loss: 0.0115
conf_mat:
 [[143210      0      0 ...      0      0      0]
 [     0   9613    200 ...      0      0      0]
 [     0    222  17527 ...      0      0      0]
 ...
 [     0      0      0 ...   9952      0      0]
 [     0      0      0 ...      0  29710      0]
 [     0      0      0 ...      0      0   1008]]
Precision,Recall,macro_f1 0.9303052773879353 0.9364134238606429 0.9332838084251295
381.47104501724243 seconds
Test set avg loss: 0.2301
	center loss: 0.0007
conf_mat:
 [[40665     0     0 ...     0     0     0]
 [    0  2365    54 ...     0     0     0]
 [    0    20  3466 ...     0     0     0]
 ...
 [    0     0     0 ...  2360     0     0]
 [    0     0     0 ...     0  5873     0]
 [    0     0     0 ...     0     0   231]]
Precision,Recall,macro_f1 0.9280156982023291 0.9318827867899988 0.9296377244637948
43.26362466812134 seconds


Epoch: 59
Training set avg loss: 0.0305
	center loss: 0.0113
conf_mat:
 [[143319      0      0 ...      0      0      0]
 [     0   9659    200 ...      0      0      0]
 [     0    207  17589 ...      0      0      0]
 ...
 [     0      0      0 ...   9965      0      0]
 [     0      0      0 ...      0  29669      0]
 [     0      0      0 ...      0      0   1008]]
Precision,Recall,macro_f1 0.9305547082427661 0.9364382570108173 0.9334215843981938
387.3823347091675 seconds
Test set avg loss: 0.2359
	center loss: 0.0007
conf_mat:
 [[40412     0     0 ...     0     0     0]
 [    0  2395    33 ...     0     0     0]
 [    0    25  3625 ...     0     0     0]
 ...
 [    0     0     0 ...  2440     0     0]
 [    0     0     0 ...     0  5870     0]
 [    0     0     0 ...     0     0   232]]
Precision,Recall,macro_f1 0.9286942609867834 0.9312081495310661 0.9295545249786451
46.2369601726532 seconds


Epoch: 60
Training set avg loss: 0.0301
	center loss: 0.0111
conf_mat:
 [[143339      0      0 ...      0      0      0]
 [     0   9618    206 ...      0      0      0]
 [     0    213  17607 ...      0      0      0]
 ...
 [     0      0      0 ...   9977      0      0]
 [     0      0      0 ...      0  29669      0]
 [     0      0      0 ...      0      0   1017]]
Precision,Recall,macro_f1 0.931703324545949 0.9376489851996411 0.934600474278049
394.8225531578064 seconds
Test set avg loss: 0.2276
	center loss: 0.0007
conf_mat:
 [[41497     0     0 ...     0     0     0]
 [    0  2428    30 ...     0     0     0]
 [    0    41  3321 ...     0     0     0]
 ...
 [    0     0     0 ...  2406     0     0]
 [    0     0     0 ...     0  6163     0]
 [    0     0     0 ...     0     0   232]]
Precision,Recall,macro_f1 0.9300833733358762 0.9273896188727533 0.9281107587937965
45.9623658657074 seconds


Epoch: 61
Training set avg loss: 0.0298
	center loss: 0.0109
conf_mat:
 [[143565      0      0 ...      0      0      0]
 [     0   9635    200 ...      0      0      0]
 [     0    211  17619 ...      0      0      0]
 ...
 [     0      0      0 ...   9990      0      0]
 [     0      0      0 ...      0  29764      0]
 [     0      0      0 ...      0      0   1015]]
Precision,Recall,macro_f1 0.9323326438514256 0.938110366268471 0.9351458486234115
392.1067988872528 seconds
Test set avg loss: 0.2277
	center loss: 0.0006
conf_mat:
 [[40730     0     0 ...     0     0     0]
 [    0  2381    47 ...     0     0     0]
 [    0    28  3780 ...     0     0     0]
 ...
 [    0     0     0 ...  2460     0     0]
 [    0     0     0 ...     0  5931     0]
 [    0     0     0 ...     0     0   231]]
Precision,Recall,macro_f1 0.9285338906772337 0.9304506570500601 0.9290965851577674
46.334076166152954 seconds


Epoch: 62
Training set avg loss: 0.0294
	center loss: 0.0108
conf_mat:
 [[143463      0      0 ...      0      0      0]
 [     0   9649    206 ...      0      0      0]
 [     0    209  17593 ...      0      0      0]
 ...
 [     0      0      0 ...   9998      0      0]
 [     0      0      0 ...      0  29731      0]
 [     0      0      0 ...      0      0   1022]]
Precision,Recall,macro_f1 0.9326470537504571 0.9384916074587349 0.9354964046927349
396.7565906047821 seconds
Test set avg loss: 0.2252
	center loss: 0.0006
conf_mat:
 [[41141     0     0 ...     0     0     0]
 [    0  2451    10 ...     0     0     0]
 [    0    59  3707 ...     0     0     0]
 ...
 [    0     0     0 ...  2435     0     0]
 [    0     0     0 ...     0  6065     0]
 [    0     0     0 ...     0     0   228]]
Precision,Recall,macro_f1 0.9284047633721968 0.9318565453149631 0.9298285598992682
46.2128164768219 seconds


Epoch: 63
Training set avg loss: 0.0290
	center loss: 0.0106
conf_mat:
 [[143445      0      0 ...      0      0      0]
 [     0   9653    201 ...      0      0      0]
 [     0    210  17617 ...      0      0      0]
 ...
 [     0      0      0 ...   9996      0      0]
 [     0      0      0 ...      0  29800      0]
 [     0      0      0 ...      0      0   1015]]
Precision,Recall,macro_f1 0.9334935026882857 0.9389190756591331 0.9361341955160793
390.68540930747986 seconds
Test set avg loss: 0.2253
	center loss: 0.0006
conf_mat:
 [[40793     0     0 ...     0     0     0]
 [    0  2329    71 ...     0     0     0]
 [    0    12  3700 ...     0     0     0]
 ...
 [    0     0     0 ...  2368     0     0]
 [    0     0     0 ...     0  6190     0]
 [    0     0     0 ...     0     0   226]]
Precision,Recall,macro_f1 0.9304995547480595 0.933403324418304 0.9317295512337302
46.23926568031311 seconds


Epoch: 64
Training set avg loss: 0.0287
	center loss: 0.0104
conf_mat:
 [[143757      0      0 ...      0      0      0]
 [     0   9655    193 ...      0      0      0]
 [     0    208  17646 ...      0      0      0]
 ...
 [     0      0      0 ...   9998      0      0]
 [     0      0      0 ...      0  29791      0]
 [     0      0      0 ...      0      0   1025]]
Precision,Recall,macro_f1 0.9341597153490591 0.9394686979856971 0.9367452188616368
389.2227792739868 seconds
Test set avg loss: 0.2225
	center loss: 0.0006
conf_mat:
 [[40304     0     0 ...     0     0     0]
 [    0  2296    60 ...     0     0     0]
 [    0    24  3642 ...     0     0     0]
 ...
 [    0     0     0 ...  2428     0     0]
 [    0     0     0 ...     0  6137     0]
 [    0     0     0 ...     0     0   228]]
Precision,Recall,macro_f1 0.9267422412947537 0.9370281794799343 0.93167247252784
43.95878338813782 seconds


Epoch: 65
Training set avg loss: 0.0283
	center loss: 0.0102
conf_mat:
 [[143596      0      0 ...      0      0      0]
 [     0   9657    201 ...      0      0      0]
 [     0    195  17624 ...      0      0      0]
 ...
 [     0      0      0 ...  10034      0      0]
 [     0      0      0 ...      0  29792      0]
 [     0      0      0 ...      0      0   1024]]
Precision,Recall,macro_f1 0.934685643420028 0.9401104878777444 0.9373274914069093
386.7348794937134 seconds
Test set avg loss: 0.2247
	center loss: 0.0006
conf_mat:
 [[38797     0     0 ...     0     0     0]
 [    0  2365    57 ...     0     0     0]
 [    0    24  3517 ...     0     0     0]
 ...
 [    0     0     0 ...  2439     0     0]
 [    0     0     0 ...     0  6072     0]
 [    0     0     0 ...     0     0   230]]
Precision,Recall,macro_f1 0.9280279308518625 0.9327708137302905 0.9301008371325786
43.34227156639099 seconds


Epoch: 66
Training set avg loss: 0.0280
	center loss: 0.0101
conf_mat:
 [[143782      0      0 ...      0      0      0]
 [     0   9664    193 ...      0      0      0]
 [     0    210  17660 ...      0      0      0]
 ...
 [     0      0      0 ...  10030      0      0]
 [     0      0      0 ...      0  29806      0]
 [     0      0      0 ...      0      0   1017]]
Precision,Recall,macro_f1 0.9351216082138633 0.9404548837111101 0.937720300442419
392.05561208724976 seconds
Test set avg loss: 0.2229
	center loss: 0.0006
conf_mat:
 [[40591     0     0 ...     0     0     0]
 [    0  2423    19 ...     0     0     0]
 [    0    48  3503 ...     0     0     0]
 ...
 [    0     0     0 ...  2325     0     0]
 [    0     0     0 ...     0  6060     0]
 [    0     0     0 ...     0     0   232]]
Precision,Recall,macro_f1 0.9282647295671178 0.9361181539085156 0.9318944485718541
46.366411447525024 seconds


Epoch: 67
Training set avg loss: 0.0276
	center loss: 0.0099
conf_mat:
 [[143860      0      0 ...      0      0      0]
 [     0   9672    189 ...      0      0      0]
 [     0    193  17647 ...      0      0      0]
 ...
 [     0      0      0 ...  10016      0      0]
 [     0      0      0 ...      0  29853      0]
 [     0      0      0 ...      0      0   1028]]
Precision,Recall,macro_f1 0.9359544504837993 0.9412387531359298 0.9385293116981454
397.25781512260437 seconds
Test set avg loss: 0.2228
	center loss: 0.0006
conf_mat:
 [[39636     0     0 ...     0     0     0]
 [    0  2444    26 ...     0     0     0]
 [    0    41  3787 ...     0     0     0]
 ...
 [    0     0     0 ...  2412     0     0]
 [    0     0     0 ...     0  6083     0]
 [    0     0     0 ...     0     0   229]]
Precision,Recall,macro_f1 0.929939315987938 0.9261926686609294 0.9273273245768133
46.01230072975159 seconds


Epoch: 68
Training set avg loss: 0.0275
	center loss: 0.0098
conf_mat:
 [[143822      0      0 ...      0      0      0]
 [     0   9684    182 ...      0      0      0]
 [     0    195  17654 ...      0      0      0]
 ...
 [     0      0      0 ...  10033      0      0]
 [     0      0      0 ...      0  29807      0]
 [     0      0      0 ...      0      0   1019]]
Precision,Recall,macro_f1 0.9362475626989724 0.9414680605050734 0.938791653942656
390.5134747028351 seconds
Test set avg loss: 0.2194
	center loss: 0.0006
conf_mat:
 [[41097     0     0 ...     0     0     0]
 [    0  2312    29 ...     0     0     0]
 [    0    34  3712 ...     0     0     0]
 ...
 [    0     0     0 ...  2381     0     0]
 [    0     0     0 ...     0  6045     0]
 [    0     0     0 ...     0     0   231]]
Precision,Recall,macro_f1 0.9274932485311749 0.9358398883323772 0.931352665520508
43.610480546951294 seconds


Epoch: 69
Training set avg loss: 0.0271
	center loss: 0.0097
conf_mat:
 [[144125      0      0 ...      0      0      0]
 [     0   9703    191 ...      0      0      0]
 [     0    207  17658 ...      0      0      0]
 ...
 [     0      0      0 ...  10024      0      0]
 [     0      0      0 ...      0  29888      0]
 [     0      0      0 ...      0      0   1024]]
Precision,Recall,macro_f1 0.9369513720451461 0.9421140401950062 0.9394664219931793
392.0298583507538 seconds
Test set avg loss: 0.2205
	center loss: 0.0006
conf_mat:
 [[40645     0     0 ...     0     0     0]
 [    0  2408    29 ...     0     0     0]
 [    0    42  3562 ...     0     0     0]
 ...
 [    0     0     0 ...  2388     0     0]
 [    0     0     0 ...     0  6155     0]
 [    0     0     0 ...     0     0   225]]
Precision,Recall,macro_f1 0.9302291609548171 0.9336985884022068 0.9317262157469447
46.2933783531189 seconds


Epoch: 70
Training set avg loss: 0.0269
	center loss: 0.0095
conf_mat:
 [[143866      0      0 ...      0      0      0]
 [     0   9687    185 ...      0      0      0]
 [     0    186  17687 ...      0      0      0]
 ...
 [     0      0      0 ...  10023      0      0]
 [     0      0      0 ...      0  29838      0]
 [     0      0      0 ...      0      0   1021]]
Precision,Recall,macro_f1 0.9372524754947742 0.942447400161195 0.9397842876804765
387.997864484787 seconds
Test set avg loss: 0.2159
	center loss: 0.0006
conf_mat:
 [[41037     0     0 ...     0     0     0]
 [    0  2376    37 ...     0     0     0]
 [    0    25  3429 ...     0     0     0]
 ...
 [    0     0     0 ...  2329     0     0]
 [    0     0     0 ...     0  5935     0]
 [    0     0     0 ...     0     0   227]]
Precision,Recall,macro_f1 0.930904427060097 0.9333599760962098 0.9318317102705822
47.48409986495972 seconds


Epoch: 71
Training set avg loss: 0.0266
	center loss: 0.0094
conf_mat:
 [[144202      0      0 ...      0      0      0]
 [     0   9705    178 ...      0      0      0]
 [     0    190  17667 ...      0      0      0]
 ...
 [     0      0      0 ...  10036      0      0]
 [     0      0      0 ...      0  29876      0]
 [     0      0      0 ...      0      0   1022]]
Precision,Recall,macro_f1 0.9376870086116771 0.9428148863020039 0.9401874079214955
387.68975734710693 seconds
Test set avg loss: 0.2199
	center loss: 0.0006
conf_mat:
 [[40140     0     0 ...     0     0     0]
 [    0  2345    40 ...     0     0     0]
 [    0    24  3716 ...     0     0     0]
 ...
 [    0     0     0 ...  2473     0     0]
 [    0     0     0 ...     0  5866     0]
 [    0     0     0 ...     0     0   225]]
Precision,Recall,macro_f1 0.9283541358028111 0.9334712869670971 0.9306306230432394
43.84776258468628 seconds


Epoch: 72
Training set avg loss: 0.0262
	center loss: 0.0092
conf_mat:
 [[144065      0      0 ...      0      0      0]
 [     0   9704    184 ...      0      0      0]
 [     0    197  17691 ...      0      0      0]
 ...
 [     0      0      0 ...  10059      0      0]
 [     0      0      0 ...      0  29922      0]
 [     0      0      0 ...      0      0   1022]]
Precision,Recall,macro_f1 0.9387528494034246 0.9437931267081988 0.9412087649489482
372.94016575813293 seconds
Test set avg loss: 0.2171
	center loss: 0.0006
conf_mat:
 [[40942     0     0 ...     0     0     0]
 [    0  2389     4 ...     0     0     0]
 [    0    81  3672 ...     0     0     0]
 ...
 [    0     0     0 ...  2447     0     0]
 [    0     0     0 ...     0  5989     0]
 [    0     0     0 ...     0     0   222]]
Precision,Recall,macro_f1 0.9321394033633981 0.9261286391994363 0.9286217129175436
43.5179283618927 seconds


Epoch: 73
Training set avg loss: 0.0261
	center loss: 0.0091
conf_mat:
 [[144299      0      0 ...      0      0      0]
 [     0   9691    169 ...      0      0      0]
 [     0    196  17703 ...      0      0      0]
 ...
 [     0      0      0 ...  10053      0      0]
 [     0      0      0 ...      0  29967      0]
 [     0      0      0 ...      0      0   1025]]
Precision,Recall,macro_f1 0.9388630872684394 0.9437087909262059 0.9412225224395028
373.8224232196808 seconds
Test set avg loss: 0.2141
	center loss: 0.0005
conf_mat:
 [[40891     0     0 ...     0     0     0]
 [    0  2409    43 ...     0     0     0]
 [    0    28  3640 ...     0     0     0]
 ...
 [    0     0     0 ...  2395     0     0]
 [    0     0     0 ...     0  6268     0]
 [    0     0     0 ...     0     0   223]]
Precision,Recall,macro_f1 0.9331320748333988 0.9346471202965596 0.9336692100524657
43.686286211013794 seconds


Epoch: 74
Training set avg loss: 0.0257
	center loss: 0.0090
conf_mat:
 [[144020      0      0 ...      0      0      0]
 [     0   9692    191 ...      0      0      0]
 [     0    192  17728 ...      0      0      0]
 ...
 [     0      0      0 ...  10071      0      0]
 [     0      0      0 ...      0  29943      0]
 [     0      0      0 ...      0      0   1016]]
Precision,Recall,macro_f1 0.9393003287466104 0.9441402878546489 0.9416551680128454
374.1489861011505 seconds
Test set avg loss: 0.2138
	center loss: 0.0006
conf_mat:
 [[40844     0     0 ...     0     0     0]
 [    0  2449    27 ...     0     0     0]
 [    0    61  3609 ...     0     0     0]
 ...
 [    0     0     0 ...  2446     0     0]
 [    0     0     0 ...     0  5937     0]
 [    0     0     0 ...     0     0   223]]
Precision,Recall,macro_f1 0.9303294398866839 0.9316740871363925 0.9306295821295139
43.75156021118164 seconds


Epoch: 75
Training set avg loss: 0.0255
	center loss: 0.0089
conf_mat:
 [[144317      0      0 ...      0      0      0]
 [     0   9739    176 ...      0      0      0]
 [     0    181  17736 ...      0      0      0]
 ...
 [     0      0      0 ...  10058      0      0]
 [     0      0      0 ...      0  29941      0]
 [     0      0      0 ...      0      0   1026]]
Precision,Recall,macro_f1 0.9398619889909546 0.9445931205573695 0.9421649217918452
373.7856967449188 seconds
Test set avg loss: 0.2155
	center loss: 0.0005
conf_mat:
 [[40291     0     0 ...     0     0     0]
 [    0  2255    49 ...     0     0     0]
 [    0    23  3613 ...     0     0     0]
 ...
 [    0     0     0 ...  2425     0     0]
 [    0     0     0 ...     0  6245     0]
 [    0     0     0 ...     0     0   227]]
Precision,Recall,macro_f1 0.9296549219904605 0.931079617617893 0.9300189263598009
43.62413668632507 seconds


Epoch: 76
Training set avg loss: 0.0252
	center loss: 0.0088
conf_mat:
 [[144313      0      0 ...      0      0      0]
 [     0   9715    178 ...      0      0      0]
 [     0    200  17700 ...      0      0      0]
 ...
 [     0      0      0 ...  10113      0      0]
 [     0      0      0 ...      0  29936      0]
 [     0      0      0 ...      0      0   1021]]
Precision,Recall,macro_f1 0.9404804778653332 0.9455559368247992 0.9429558495927154
372.64168906211853 seconds
Test set avg loss: 0.2118
	center loss: 0.0005
conf_mat:
 [[39906     0     0 ...     0     0     0]
 [    0  2417     7 ...     0     0     0]
 [    0    81  3602 ...     0     0     0]
 ...
 [    0     0     0 ...  2402     0     0]
 [    0     0     0 ...     0  6146     0]
 [    0     0     0 ...     0     0   230]]
Precision,Recall,macro_f1 0.9307156115921378 0.9298230555875798 0.9298706987169041
43.55246639251709 seconds


Epoch: 77
Training set avg loss: 0.0247
	center loss: 0.0086
conf_mat:
 [[144573      0      0 ...      0      0      0]
 [     0   9736    153 ...      0      0      0]
 [     0    183  17733 ...      0      0      0]
 ...
 [     0      0      0 ...  10123      0      0]
 [     0      0      0 ...      0  30011      0]
 [     0      0      0 ...      0      0   1021]]
Precision,Recall,macro_f1 0.9419729745112877 0.9464639494135414 0.9441592679887547
373.12354159355164 seconds
Test set avg loss: 0.2115
	center loss: 0.0005
conf_mat:
 [[40176     0     0 ...     0     0     0]
 [    0  2391    60 ...     0     0     0]
 [    0    17  3600 ...     0     0     0]
 ...
 [    0     0     0 ...  2431     0     0]
 [    0     0     0 ...     0  5999     0]
 [    0     0     0 ...     0     0   224]]
Precision,Recall,macro_f1 0.930363200139441 0.9349917477743647 0.9324241645169131
43.2745418548584 seconds


Epoch: 78
Training set avg loss: 0.0248
	center loss: 0.0085
conf_mat:
 [[144522      0      0 ...      0      0      0]
 [     0   9740    168 ...      0      0      0]
 [     0    194  17713 ...      0      0      0]
 ...
 [     0      0      0 ...  10095      0      0]
 [     0      0      0 ...      0  29999      0]
 [     0      0      0 ...      0      0   1026]]
Precision,Recall,macro_f1 0.9417599927581829 0.9463674721406892 0.9440037023442839
370.3348186016083 seconds
Test set avg loss: 0.2136
	center loss: 0.0005
conf_mat:
 [[40485     0     0 ...     0     0     0]
 [    0  2423    47 ...     0     0     0]
 [    0    28  3677 ...     0     0     0]
 ...
 [    0     0     0 ...  2434     0     0]
 [    0     0     0 ...     0  6280     0]
 [    0     0     0 ...     0     0   224]]
Precision,Recall,macro_f1 0.9296210951233992 0.9341963814992283 0.9316784179363851
43.502522230148315 seconds


Epoch: 79
Training set avg loss: 0.0244
	center loss: 0.0084
conf_mat:
 [[144467      0      0 ...      0      0      0]
 [     0   9758    156 ...      0      0      0]
 [     0    173  17754 ...      0      0      0]
 ...
 [     0      0      0 ...  10107      0      0]
 [     0      0      0 ...      0  29985      0]
 [     0      0      0 ...      0      0   1026]]
Precision,Recall,macro_f1 0.9426526752470004 0.9472000523739575 0.9448675186345293
369.6305944919586 seconds
Test set avg loss: 0.2122
	center loss: 0.0005
conf_mat:
 [[39560     0     0 ...     0     0     0]
 [    0  2413    35 ...     0     0     0]
 [    0    42  3677 ...     0     0     0]
 ...
 [    0     0     0 ...  2443     0     0]
 [    0     0     0 ...     0  6180     0]
 [    0     0     0 ...     0     0   223]]
Precision,Recall,macro_f1 0.9308878331957827 0.9323116352820594 0.9312848260492238
43.60511875152588 seconds


Epoch: 80
Training set avg loss: 0.0241
	center loss: 0.0083
conf_mat:
 [[144498      0      0 ...      0      0      0]
 [     0   9764    153 ...      0      0      0]
 [     0    183  17786 ...      0      0      0]
 ...
 [     0      0      0 ...  10131      0      0]
 [     0      0      0 ...      0  29988      0]
 [     0      0      0 ...      0      0   1027]]
Precision,Recall,macro_f1 0.9431313248944739 0.9476207822784594 0.9453159786147393
373.5478882789612 seconds
Test set avg loss: 0.2133
	center loss: 0.0005
conf_mat:
 [[41080     0     0 ...     0     0     0]
 [    0  2399    26 ...     0     0     0]
 [    0    48  3677 ...     0     0     0]
 ...
 [    0     0     0 ...  2402     0     0]
 [    0     0     0 ...     0  6273     0]
 [    0     0     0 ...     0     0   230]]
Precision,Recall,macro_f1 0.9291303021014419 0.9357578389680995 0.932199993054112
43.439186573028564 seconds


Epoch: 81
Training set avg loss: 0.0239
	center loss: 0.0082
conf_mat:
 [[144558      0      0 ...      0      0      0]
 [     0   9735    166 ...      0      0      0]
 [     0    187  17771 ...      0      0      0]
 ...
 [     0      0      0 ...  10118      0      0]
 [     0      0      0 ...      0  30058      0]
 [     0      0      0 ...      0      0   1027]]
Precision,Recall,macro_f1 0.9433891153315925 0.9477143965571321 0.9454942561543687
371.8573839664459 seconds
Test set avg loss: 0.2085
	center loss: 0.0005
conf_mat:
 [[40711     0     0 ...     0     0     0]
 [    0  2338    57 ...     0     0     0]
 [    0    17  3651 ...     0     0     0]
 ...
 [    0     0     0 ...  2343     0     0]
 [    0     0     0 ...     0  5955     0]
 [    0     0     0 ...     0     0   228]]
Precision,Recall,macro_f1 0.9316241021338542 0.9319533151756866 0.9313412564024569
43.567625284194946 seconds


Epoch: 82
Training set avg loss: 0.0237
	center loss: 0.0081
conf_mat:
 [[144506      0      0 ...      0      0      0]
 [     0   9747    161 ...      0      0      0]
 [     0    184  17779 ...      0      0      0]
 ...
 [     0      0      0 ...  10121      0      0]
 [     0      0      0 ...      0  30069      0]
 [     0      0      0 ...      0      0   1031]]
Precision,Recall,macro_f1 0.9433595595619495 0.9478441491199725 0.9455435489443593
371.3465507030487 seconds
Test set avg loss: 0.2059
	center loss: 0.0005
conf_mat:
 [[41037     0     0 ...     0     0     0]
 [    0  2408    47 ...     0     0     0]
 [    0    29  3692 ...     0     0     0]
 ...
 [    0     0     0 ...  2391     0     0]
 [    0     0     0 ...     0  6162     0]
 [    0     0     0 ...     0     0   224]]
Precision,Recall,macro_f1 0.9331406660314007 0.9336771272058828 0.933164933358495
43.706032514572144 seconds


Epoch: 83
Training set avg loss: 0.0234
	center loss: 0.0080
conf_mat:
 [[144621      0      0 ...      0      0      0]
 [     0   9759    155 ...      0      0      0]
 [     0    177  17813 ...      0      0      0]
 ...
 [     0      0      0 ...  10159      0      0]
 [     0      0      0 ...      0  30020      0]
 [     0      0      0 ...      0      0   1024]]
Precision,Recall,macro_f1 0.9441944226911971 0.9487038470749162 0.946390277196887
367.79083776474 seconds
Test set avg loss: 0.2114
	center loss: 0.0005
conf_mat:
 [[39646     0     0 ...     0     0     0]
 [    0  2292    34 ...     0     0     0]
 [    0    39  3663 ...     0     0     0]
 ...
 [    0     0     0 ...  2385     0     0]
 [    0     0     0 ...     0  6052     0]
 [    0     0     0 ...     0     0   225]]
Precision,Recall,macro_f1 0.9310111413241643 0.9303344532646735 0.9302914065614292
43.48955464363098 seconds


Epoch: 84
Training set avg loss: 0.0232
	center loss: 0.0079
conf_mat:
 [[144791      0      0 ...      0      0      0]
 [     0   9747    159 ...      0      0      0]
 [     0    168  17789 ...      0      0      0]
 ...
 [     0      0      0 ...  10161      0      0]
 [     0      0      0 ...      0  30087      0]
 [     0      0      0 ...      0      0   1027]]
Precision,Recall,macro_f1 0.9448438772249723 0.949145170191008 0.9469386356761894
371.7314405441284 seconds
Test set avg loss: 0.2075
	center loss: 0.0005
conf_mat:
 [[40168     0     0 ...     0     0     0]
 [    0  2368    57 ...     0     0     0]
 [    0    20  3591 ...     0     0     0]
 ...
 [    0     0     0 ...  2436     0     0]
 [    0     0     0 ...     0  6304     0]
 [    0     0     0 ...     0     0   225]]
Precision,Recall,macro_f1 0.9321675305937379 0.9299810589112161 0.9305162205811354
43.73571491241455 seconds


Epoch: 85
Training set avg loss: 0.0231
	center loss: 0.0078
conf_mat:
 [[144590      0      0 ...      0      0      0]
 [     0   9739    156 ...      0      0      0]
 [     0    175  17761 ...      0      0      0]
 ...
 [     0      0      0 ...  10162      0      0]
 [     0      0      0 ...      0  30089      0]
 [     0      0      0 ...      0      0   1029]]
Precision,Recall,macro_f1 0.9447115029757926 0.9490985280236002 0.9468465606351227
373.9540820121765 seconds
Test set avg loss: 0.2084
	center loss: 0.0005
conf_mat:
 [[39946     0     0 ...     0     0     0]
 [    0  2414    35 ...     0     0     0]
 [    0    41  3587 ...     0     0     0]
 ...
 [    0     0     0 ...  2380     0     0]
 [    0     0     0 ...     0  6196     0]
 [    0     0     0 ...     0     0   225]]
Precision,Recall,macro_f1 0.9283581486368176 0.934441390277494 0.9311559945804121
43.632789611816406 seconds


Epoch: 86
Training set avg loss: 0.0228
	center loss: 0.0077
conf_mat:
 [[144760      0      0 ...      0      0      0]
 [     0   9765    168 ...      0      0      0]
 [     0    162  17809 ...      0      0      0]
 ...
 [     0      0      0 ...  10161      0      0]
 [     0      0      0 ...      0  30067      0]
 [     0      0      0 ...      0      0   1030]]
Precision,Recall,macro_f1 0.9453478754950574 0.9497065477822205 0.9474704371766135
372.03541707992554 seconds
Test set avg loss: 0.2074
	center loss: 0.0005
conf_mat:
 [[40039     0     0 ...     0     0     0]
 [    0  2343    29 ...     0     0     0]
 [    0    51  3621 ...     0     0     0]
 ...
 [    0     0     0 ...  2437     0     0]
 [    0     0     0 ...     0  5880     0]
 [    0     0     0 ...     0     0   228]]
Precision,Recall,macro_f1 0.9276831532035161 0.9358764370986913 0.931472473555957
43.60245418548584 seconds


Epoch: 87
Training set avg loss: 0.0226
	center loss: 0.0076
conf_mat:
 [[144737      0      0 ...      0      0      0]
 [     0   9774    155 ...      0      0      0]
 [     0    177  17833 ...      0      0      0]
 ...
 [     0      0      0 ...  10189      0      0]
 [     0      0      0 ...      0  30077      0]
 [     0      0      0 ...      0      0   1024]]
Precision,Recall,macro_f1 0.9459573828880029 0.949930640013615 0.9478869342988394
369.47936058044434 seconds
Test set avg loss: 0.2101
	center loss: 0.0005
conf_mat:
 [[39475     0     0 ...     0     0     0]
 [    0  2402    47 ...     0     0     0]
 [    0    41  3726 ...     0     0     0]
 ...
 [    0     0     0 ...  2433     0     0]
 [    0     0     0 ...     0  6172     0]
 [    0     0     0 ...     0     0   226]]
Precision,Recall,macro_f1 0.9282655222295312 0.9364241132324957 0.9320512862624338
43.71541714668274 seconds


Epoch: 88
Training set avg loss: 0.0225
	center loss: 0.0076
conf_mat:
 [[144798      0      0 ...      0      0      0]
 [     0   9779    152 ...      0      0      0]
 [     0    167  17801 ...      0      0      0]
 ...
 [     0      0      0 ...  10181      0      0]
 [     0      0      0 ...      0  30117      0]
 [     0      0      0 ...      0      0   1026]]
Precision,Recall,macro_f1 0.9459844957522536 0.9501705269070989 0.9480199330756207
372.4414746761322 seconds
Test set avg loss: 0.2055
	center loss: 0.0005
conf_mat:
 [[40097     0     0 ...     0     0     0]
 [    0  2458    31 ...     0     0     0]
 [    0    49  3641 ...     0     0     0]
 ...
 [    0     0     0 ...  2398     0     0]
 [    0     0     0 ...     0  6048     0]
 [    0     0     0 ...     0     0   226]]
Precision,Recall,macro_f1 0.9318075931928619 0.9322436098435668 0.9317001791409769
43.526392221450806 seconds


Epoch: 89
Training set avg loss: 0.0221
	center loss: 0.0075
conf_mat:
 [[144918      0      0 ...      0      0      0]
 [     0   9792    155 ...      0      0      0]
 [     0    172  17804 ...      0      0      0]
 ...
 [     0      0      0 ...  10157      0      0]
 [     0      0      0 ...      0  30174      0]
 [     0      0      0 ...      0      0   1019]]
Precision,Recall,macro_f1 0.9465695207108302 0.9507023213619145 0.9485806205392002
371.7309217453003 seconds
Test set avg loss: 0.2073
	center loss: 0.0005
conf_mat:
 [[39760     0     0 ...     0     0     0]
 [    0  2354    40 ...     0     0     0]
 [    0    27  3723 ...     0     0     0]
 ...
 [    0     0     0 ...  2400     0     0]
 [    0     0     0 ...     0  6088     0]
 [    0     0     0 ...     0     0   224]]
Precision,Recall,macro_f1 0.931185405498346 0.93291264601442 0.93168358199763
43.75343632698059 seconds


Epoch: 90
Training set avg loss: 0.0220
	center loss: 0.0074
conf_mat:
 [[145005      0      0 ...      0      0      0]
 [     0   9794    146 ...      0      0      0]
 [     0    180  17794 ...      0      0      0]
 ...
 [     0      0      0 ...  10187      0      0]
 [     0      0      0 ...      0  30155      0]
 [     0      0      0 ...      0      0   1030]]
Precision,Recall,macro_f1 0.9469210834460322 0.9510845044475286 0.9489488178392498
373.2617461681366 seconds
Test set avg loss: 0.2067
	center loss: 0.0005
conf_mat:
 [[39854     0     0 ...     0     0     0]
 [    0  2426    20 ...     0     0     0]
 [    0    65  3703 ...     0     0     0]
 ...
 [    0     0     0 ...  2360     0     0]
 [    0     0     0 ...     0  6091     0]
 [    0     0     0 ...     0     0   220]]
Precision,Recall,macro_f1 0.9308885439168801 0.9307380041800682 0.9304189254459287
43.447033643722534 seconds


Epoch: 91
Training set avg loss: 0.0218
	center loss: 0.0073
conf_mat:
 [[144810      0      0 ...      0      0      0]
 [     0   9779    149 ...      0      0      0]
 [     0    171  17835 ...      0      0      0]
 ...
 [     0      0      0 ...  10194      0      0]
 [     0      0      0 ...      0  30187      0]
 [     0      0      0 ...      0      0   1030]]
Precision,Recall,macro_f1 0.9476189181270468 0.9515252705749394 0.9495180434310034
371.70632672309875 seconds
Test set avg loss: 0.2016
	center loss: 0.0005
conf_mat:
 [[40926     0     0 ...     0     0     0]
 [    0  2404    25 ...     0     0     0]
 [    0    46  3636 ...     0     0     0]
 ...
 [    0     0     0 ...  2401     0     0]
 [    0     0     0 ...     0  5736     0]
 [    0     0     0 ...     0     0   226]]
Precision,Recall,macro_f1 0.9308714246095487 0.935701027659031 0.9330528902840819
43.29502630233765 seconds


Epoch: 92
Training set avg loss: 0.0216
	center loss: 0.0072
conf_mat:
 [[144930      0      0 ...      0      0      0]
 [     0   9827    132 ...      0      0      0]
 [     0    161  17862 ...      0      0      0]
 ...
 [     0      0      0 ...  10163      0      0]
 [     0      0      0 ...      0  30175      0]
 [     0      0      0 ...      0      0   1025]]
Precision,Recall,macro_f1 0.9480932346514163 0.9521751460437567 0.9500792790488012
373.01216340065 seconds
Test set avg loss: 0.2036
	center loss: 0.0005
conf_mat:
 [[40140     0     0 ...     0     0     0]
 [    0  2369    59 ...     0     0     0]
 [    0    23  3743 ...     0     0     0]
 ...
 [    0     0     0 ...  2426     0     0]
 [    0     0     0 ...     0  5998     0]
 [    0     0     0 ...     0     0   231]]
Precision,Recall,macro_f1 0.9311046842037429 0.9294904945314435 0.9299035405242656
43.793320178985596 seconds


Epoch: 93
Training set avg loss: 0.0215
	center loss: 0.0072
conf_mat:
 [[144902      0      0 ...      0      0      0]
 [     0   9781    167 ...      0      0      0]
 [     0    172  17798 ...      0      0      0]
 ...
 [     0      0      0 ...  10197      0      0]
 [     0      0      0 ...      0  30141      0]
 [     0      0      0 ...      0      0   1029]]
Precision,Recall,macro_f1 0.9480679243700023 0.9520168414825502 0.9499884026512896
372.05253434181213 seconds
Test set avg loss: 0.2024
	center loss: 0.0005
conf_mat:
 [[39008     0     0 ...     0     0     0]
 [    0  2412    13 ...     0     0     0]
 [    0    60  3669 ...     0     0     0]
 ...
 [    0     0     0 ...  2424     0     0]
 [    0     0     0 ...     0  6032     0]
 [    0     0     0 ...     0     0   229]]
Precision,Recall,macro_f1 0.9344682140878837 0.9305193395874164 0.9320454977342114
43.51310753822327 seconds


Epoch: 94
Training set avg loss: 0.0212
	center loss: 0.0071
conf_mat:
 [[144999      0      0 ...      0      0      0]
 [     0   9774    139 ...      0      0      0]
 [     0    163  17843 ...      0      0      0]
 ...
 [     0      0      0 ...  10194      0      0]
 [     0      0      0 ...      0  30199      0]
 [     0      0      0 ...      0      0   1026]]
Precision,Recall,macro_f1 0.948573179381033 0.9525417671193861 0.9505033160848181
372.60397934913635 seconds
Test set avg loss: 0.2023
	center loss: 0.0005
conf_mat:
 [[41223     0     0 ...     0     0     0]
 [    0  2347    25 ...     0     0     0]
 [    0    44  3743 ...     0     0     0]
 ...
 [    0     0     0 ...  2454     0     0]
 [    0     0     0 ...     0  6180     0]
 [    0     0     0 ...     0     0   224]]
Precision,Recall,macro_f1 0.9305680884142502 0.9322843651794891 0.9311261282297313
43.601287603378296 seconds


Epoch: 95
Training set avg loss: 0.0210
	center loss: 0.0070
conf_mat:
 [[145096      0      0 ...      0      0      0]
 [     0   9774    145 ...      0      0      0]
 [     0    157  17887 ...      0      0      0]
 ...
 [     0      0      0 ...  10180      0      0]
 [     0      0      0 ...      0  30117      0]
 [     0      0      0 ...      0      0   1028]]
Precision,Recall,macro_f1 0.9490615303125707 0.9528843117746837 0.9509198620918838
371.02145051956177 seconds
Test set avg loss: 0.2049
	center loss: 0.0005
conf_mat:
 [[40012     0     0 ...     0     0     0]
 [    0  2401    46 ...     0     0     0]
 [    0    37  3532 ...     0     0     0]
 ...
 [    0     0     0 ...  2377     0     0]
 [    0     0     0 ...     0  6331     0]
 [    0     0     0 ...     0     0   220]]
Precision,Recall,macro_f1 0.9307426652414461 0.9303249462365808 0.9302116247662555
43.49769687652588 seconds


Epoch: 96
Training set avg loss: 0.0207
	center loss: 0.0069
conf_mat:
 [[145084      0      0 ...      0      0      0]
 [     0   9818    139 ...      0      0      0]
 [     0    167  17838 ...      0      0      0]
 ...
 [     0      0      0 ...  10226      0      0]
 [     0      0      0 ...      0  30241      0]
 [     0      0      0 ...      0      0   1026]]
Precision,Recall,macro_f1 0.9496098082108313 0.9534360774275012 0.9514708437877408
371.70220923423767 seconds
Test set avg loss: 0.2064
	center loss: 0.0005
conf_mat:
 [[39459     0     0 ...     0     0     0]
 [    0  2357    20 ...     0     0     0]
 [    0    43  3713 ...     0     0     0]
 ...
 [    0     0     0 ...  2413     0     0]
 [    0     0     0 ...     0  6030     0]
 [    0     0     0 ...     0     0   229]]
Precision,Recall,macro_f1 0.931394262572571 0.9285272672005227 0.9293115897941522
43.72112441062927 seconds


Epoch: 97
Training set avg loss: 0.0205
	center loss: 0.0068
conf_mat:
 [[145204      0      0 ...      0      0      0]
 [     0   9783    147 ...      0      0      0]
 [     0    173  17875 ...      0      0      0]
 ...
 [     0      0      0 ...  10200      0      0]
 [     0      0      0 ...      0  30202      0]
 [     0      0      0 ...      0      0   1029]]
Precision,Recall,macro_f1 0.9506849375541684 0.9544310514933235 0.9525068728937002
373.65118288993835 seconds
Test set avg loss: 0.2042
	center loss: 0.0005
conf_mat:
 [[39541     0     0 ...     0     0     0]
 [    0  2411    26 ...     0     0     0]
 [    0    34  3706 ...     0     0     0]
 ...
 [    0     0     0 ...  2458     0     0]
 [    0     0     0 ...     0  6219     0]
 [    0     0     0 ...     0     0   226]]
Precision,Recall,macro_f1 0.930673882525981 0.9338336527698545 0.9320230083432772
43.72032904624939 seconds


Epoch: 98
Training set avg loss: 0.0205
	center loss: 0.0068
conf_mat:
 [[145069      0      0 ...      0      0      0]
 [     0   9809    145 ...      0      0      0]
 [     0    167  17868 ...      0      0      0]
 ...
 [     0      0      0 ...  10240      0      0]
 [     0      0      0 ...      0  30211      0]
 [     0      0      0 ...      0      0   1035]]
Precision,Recall,macro_f1 0.9504777187227299 0.9541995977869263 0.9522871182708896
373.07419753074646 seconds
Test set avg loss: 0.1994
	center loss: 0.0005
conf_mat:
 [[39729     0     0 ...     0     0     0]
 [    0  2384    26 ...     0     0     0]
 [    0    37  3564 ...     0     0     0]
 ...
 [    0     0     