Script started on Sun 16 Sep 2018 04:52:32 PM EDT
-------- freesurfer-Linux-centos6_x86_64-stable-pub-v6.0.0-2beb96c --------
Setting up environment for FreeSurfer/FS-FAST (and FSL)
FREESURFER_HOME   /usr/local/freesurfer
FSFAST_HOME       /usr/local/freesurfer/fsfast
FSF_OUTPUT_FORMAT nii.gz
SUBJECTS_DIR      /usr/local/freesurfer/subjects
MNI_DIR           /usr/local/freesurfer/mni
FSL_DIR           /usr/local/fsl
]0;user1@CUDA1: /media/user1/MyHDataStor11/Data/CNN-Haotian/final_scripts/deep_FL_CL_ATT/training[01;32muser1@CUDA1[00m:[01;34m/media/user1/MyHDataStor11/Data/CNN-Haotian/final_scripts/deep_FL_CL__ATT/training[00m$ python main_42_14_GPU2.py 
data loaded!
X_train_shape torch.Size([3569000, 3, 100])
X_test_shape torch.Size([1158760, 3, 100])


Epoch: 0
/media/user1/MyHDataStor11/Data/CNN-Haotian/final_scripts/deep_FL_CL_ATT/training/RESNET152_ATT_naive.py:176: UserWarning: Implicit dimension choice for log_softmax has been deprecated. Change the call to include dim=X as an argument.
  return F.log_softmax(x),embed,x_att#input=x,dim=1
Training set avg loss: 0.3512
	center loss: 5096.6780
conf_mat:
 [[166089      0      0 ...      0      0     87]
 [     0   9744    552 ...      0      0      6]
 [     0    460  18791 ...      0      0      6]
 ...
 [     5      0      0 ...   8456      0      0]
 [     4      0      1 ...      0  32035      6]
 [     1      0      0 ...      0      0    529]]
Precision,Recall,macro_f1 0.7520695455468632 0.6553052185087198 0.6951891036452512
548.9977743625641 seconds
Test set avg loss: 0.4081
	center loss: 116.2912
conf_mat:
 [[37629     0     0 ...     0     0     0]
 [    0  2311    55 ...     0     0     0]
 [    0    56  3647 ...     0     0     0]
 ...
 [    0     0     0 ...  2168     0     0]
 [    0     0     0 ...     0  5831     0]
 [    0     0     0 ...     0     0   172]]
Precision,Recall,macro_f1 0.8421819582607842 0.8652536842565639 0.8522972573365094
43.02022671699524 seconds


Epoch: 1
Training set avg loss: 0.1016
	center loss: 1333.3674
conf_mat:
 [[198804      0      0 ...      0      0      0]
 [     0  12974    516 ...      0      0      0]
 [     0    489  23778 ...      0      0      0]
 ...
 [     0      0      0 ...  12963      0      0]
 [     0      0      0 ...      0  37565      0]
 [     0      0      0 ...      0      0   1663]]
Precision,Recall,macro_f1 0.8269038993160528 0.8489480960110969 0.8373961113662008
547.5558907985687 seconds
Test set avg loss: 0.3830
	center loss: 30.9865
conf_mat:
 [[36979     0     0 ...     0     0     0]
 [    0  2368    40 ...     0     0     0]
 [    0    39  3446 ...     0     0     0]
 ...
 [    0     0     0 ...  2131     0     0]
 [    0     0     0 ...     0  5651     0]
 [    0     0     0 ...     0     0   220]]
Precision,Recall,macro_f1 0.8600250209095002 0.8932721506990449 0.8746452686560844
42.79300355911255 seconds


Epoch: 2
Training set avg loss: 0.0943
	center loss: 327.7651
conf_mat:
 [[200820      0      0 ...      0      0      0]
 [     0  13274    515 ...      0      0      0]
 [     0    501  24069 ...      0      0      0]
 ...
 [     0      0      0 ...  13489      0      0]
 [     0      0      0 ...      0  38060      0]
 [     0      0      0 ...      0      0   1782]]
Precision,Recall,macro_f1 0.8428027349365795 0.8659081375103989 0.8538503455083554
551.5500268936157 seconds
Test set avg loss: 0.4251
	center loss: 7.1771
conf_mat:
 [[35871     0     0 ...     0     0     0]
 [    0  2289    60 ...     0     0     0]
 [    0    18  3454 ...     0     0     0]
 ...
 [    0     0     0 ...  2382     0     0]
 [    0     0     0 ...     0  5806     0]
 [    0     0     0 ...     0     0   218]]
Precision,Recall,macro_f1 0.8742149520078799 0.8892805468892565 0.880205547206509
43.022571086883545 seconds


Epoch: 3
Training set avg loss: 0.1122
	center loss: 67.9263
conf_mat:
 [[174142      0      0 ...      0      0      0]
 [     0  13326    474 ...      0      0      0]
 [     0    442  24133 ...      0      0      0]
 ...
 [     0      0      0 ...  13926      0      0]
 [     0      0      0 ...      0  38609      0]
 [     0      0      0 ...      0      0   1832]]
Precision,Recall,macro_f1 0.8480800576288264 0.8662469035797896 0.856077689136889
550.6103496551514 seconds
Test set avg loss: 0.5454
	center loss: 1.6043
conf_mat:
 [[30135     0     0 ...     0     0     0]
 [    0  2333    55 ...     0     0     0]
 [    0    34  3630 ...     0     0     0]
 ...
 [    0     0     0 ...  2426     0     0]
 [    0     0     0 ...     0  5370     0]
 [    0     0     0 ...     0     0   218]]
Precision,Recall,macro_f1 0.8724322766358729 0.8876454167925287 0.8775192778459373
43.48655962944031 seconds


Epoch: 4
Training set avg loss: 0.1643
	center loss: 13.2795
conf_mat:
 [[149208      0      0 ...      0      0      0]
 [     0  12659    524 ...      0      0      0]
 [     0    288  21197 ...      0      0      0]
 ...
 [     0      0      0 ...  14123      0      0]
 [     0      0      0 ...      0  37311      0]
 [     0      0      0 ...      0      0   1847]]
Precision,Recall,macro_f1 0.8444474885581517 0.8224318320042898 0.8235084074498592
549.8348252773285 seconds
/home/user1/anaconda3/lib/python3.6/site-packages/sklearn/metrics/classification.py:1135: UndefinedMetricWarning: Precision and F-score are ill-defined and being set to 0.0 in labels with no predicted samples.
  'precision', 'predicted', average, warn_for)
Test set avg loss: 0.6534
	center loss: 0.4727
conf_mat:
 [[30947     0     0 ...     0     0     0]
 [    0  2134   125 ...     0     0     0]
 [    0    11  3427 ...     0     0     0]
 ...
 [    0     0     0 ...  2392     0     0]
 [    0     0     0 ...     0  5292     0]
 [    0     0     0 ...     0     0   222]]
Precision,Recall,macro_f1 0.8516460281352218 0.7951361262300153 0.7915246123217522
43.25111794471741 seconds


Epoch: 5
Training set avg loss: 0.1904
	center loss: 3.1738
conf_mat:
 [[170009      0      0 ...      0      0      0]
 [     0  10974    330 ...      0      0      0]
 [     0    138  14703 ...      0      0      0]
 ...
 [     0      0      0 ...  14194      0      0]
 [     0      0      0 ...      0  35874      0]
 [     0      0      0 ...      0      0   1865]]
Precision,Recall,macro_f1 0.8208596699689407 0.7444701928116917 0.7342513424897235
549.4627113342285 seconds
Test set avg loss: 0.6215
	center loss: 0.1845
conf_mat:
 [[30560     0     0 ...     0     0     0]
 [    0  1808    19 ...     0     0     0]
 [    0     9  2566 ...     0     0     0]
 ...
 [    0     0     0 ...  2396     0     0]
 [    0     0     0 ...     0  5827     0]
 [    0     0     0 ...     0     0   225]]
Precision,Recall,macro_f1 0.7568821946223963 0.7527231892512796 0.7368023663753783
43.343291997909546 seconds


Epoch: 6
Training set avg loss: 0.1725
	center loss: 1.1684
conf_mat:
 [[180791      0      0 ...      0      0      0]
 [     0  11478    330 ...      0      0      0]
 [     0    153  15980 ...      0      0      0]
 ...
 [     0      0      0 ...  14221      0      0]
 [     0      0      0 ...      0  36130      0]
 [     0      0      0 ...      0      0   1860]]
Precision,Recall,macro_f1 0.803044741226267 0.7336661337465491 0.7155973210742594
549.8728501796722 seconds
Test set avg loss: 0.5650
	center loss: 0.0901
conf_mat:
 [[35738     0     0 ...     0     0     0]
 [    0  2131    45 ...     0     0     0]
 [    0     9  2961 ...     0     0     0]
 ...
 [    0     0     0 ...  2368     0     0]
 [    0     0     0 ...     0  5605     0]
 [    0     0     0 ...     0     0   230]]
Precision,Recall,macro_f1 0.7623678544058891 0.7745693904187358 0.7594011382355743
43.25735831260681 seconds


Epoch: 7
Training set avg loss: 0.1499
	center loss: 0.6139
conf_mat:
 [[187327      0      0 ...      0      0      0]
 [     0  12308    374 ...      0      0      0]
 [     0    258  18538 ...      0      0      0]
 ...
 [     0      0      0 ...  14300      0      0]
 [     0      0      0 ...      0  36009      0]
 [     0      0      0 ...      0      0   1864]]
Precision,Recall,macro_f1 0.7923897367440231 0.7479750342142601 0.7308845888984091
550.5077147483826 seconds
Test set avg loss: 0.5273
	center loss: 0.0566
conf_mat:
 [[35564     0     0 ...     0     0     0]
 [    0  2230    30 ...     0     0     0]
 [    0    31  2669 ...     0     0     0]
 ...
 [    0     0     0 ...  2480     0     0]
 [    0     0     0 ...     0  5669     0]
 [    0     0     0 ...     0     0   229]]
Precision,Recall,macro_f1 0.7588888959322581 0.7667659766383997 0.744912465804174
43.43899059295654 seconds


Epoch: 8
Training set avg loss: 0.1317
	center loss: 0.3719
conf_mat:
 [[190660      0      0 ...      0      0      0]
 [     0  12631    422 ...      0      0      0]
 [     0    338  20262 ...      0      0      0]
 ...
 [     0      0      0 ...  14347      0      0]
 [     0      0      0 ...      0  36513      0]
 [     0      0      0 ...      0      0   1832]]
Precision,Recall,macro_f1 0.8059115088897664 0.7706088445378433 0.758719239246385
550.3221912384033 seconds
Test set avg loss: 0.4890
	center loss: 0.0326
conf_mat:
 [[34844     0     0 ...     0     0     0]
 [    0  2178    49 ...     0     0     0]
 [    0    15  2741 ...     0     0     0]
 ...
 [    0     0     0 ...  2395     0     0]
 [    0     0     0 ...     0  5639     0]
 [    0     0     0 ...     0     0   218]]
Precision,Recall,macro_f1 0.8129835731021606 0.8069477006118063 0.7975009698227843
43.37511706352234 seconds


Epoch: 9
Training set avg loss: 0.1173
	center loss: 0.2461
conf_mat:
 [[193430      0      0 ...      0      0      0]
 [     0  12956    460 ...      0      0      0]
 [     0    377  21337 ...      0      0      0]
 ...
 [     0      0      0 ...  14374      0      0]
 [     0      0      0 ...      0  36529      0]
 [     0      0      0 ...      0      0   1705]]
Precision,Recall,macro_f1 0.8367043601500871 0.7967418861953084 0.7885983658035887
548.3035023212433 seconds
Test set avg loss: 0.4707
	center loss: 0.0246
conf_mat:
 [[36942     0     0 ...     0     0     0]
 [    0  2171    75 ...     0     0     0]
 [    0     7  2879 ...     0     0     0]
 ...
 [    0     0     0 ...  2465     0     0]
 [    0     0     0 ...     0  5750     0]
 [    0     0     0 ...     0     0   211]]
Precision,Recall,macro_f1 0.8452592301136888 0.8271843144841876 0.8228032280106192
43.20131802558899 seconds


Epoch: 10
Training set avg loss: 0.1052
	center loss: 0.1676
conf_mat:
 [[195587      0      0 ...      0      0      0]
 [     0  13132    478 ...      0      0      0]
 [     0    422  22126 ...      0      0      0]
 ...
 [     0      0      0 ...  14233      0      0]
 [     0      0      0 ...      0  36932      0]
 [     0      0      0 ...      0      0   1254]]
Precision,Recall,macro_f1 0.8477546752488709 0.8173180375714763 0.8116147791815513
543.7307913303375 seconds
Test set avg loss: 0.4466
	center loss: 0.0176
conf_mat:
 [[34965     0     0 ...     0     0     0]
 [    0  2284    52 ...     0     0     0]
 [    0    32  3306 ...     0     0     0]
 ...
 [    0     0     0 ...  2356     0     0]
 [    0     0     0 ...     0  5476     0]
 [    0     0     0 ...     0     0   204]]
Precision,Recall,macro_f1 0.862834832349216 0.846750749535527 0.8418311663234291
43.09704041481018 seconds


Epoch: 11
Training set avg loss: 0.0948
	center loss: 0.1201
conf_mat:
 [[198533      0      0 ...      0      0      0]
 [     0  13287    494 ...      0      0      0]
 [     0    443  22814 ...      0      0      0]
 ...
 [     0      0      0 ...  14144      0      0]
 [     0      0      0 ...      0  37017      0]
 [     0      0      0 ...      0      0    874]]
Precision,Recall,macro_f1 0.8572090032724442 0.8352326195870243 0.830640124964694
539.9718866348267 seconds
Test set avg loss: 0.4141
	center loss: 0.0115
conf_mat:
 [[38248     0     0 ...     0     0     0]
 [    0  2185   119 ...     0     0     0]
 [    0    19  3637 ...     0     0     0]
 ...
 [    0     0     0 ...  2449     0     0]
 [    0     0     0 ...     0  5378     0]
 [    0     0     0 ...     0     0   138]]
Precision,Recall,macro_f1 0.8900765552753416 0.8696352821691183 0.8687239045459689
42.99287700653076 seconds


Epoch: 12
Training set avg loss: 0.0868
	center loss: 0.0916
conf_mat:
 [[200184      0      0 ...      0      0      0]
 [     0  13345    524 ...      0      0      0]
 [     0    407  23196 ...      0      0      0]
 ...
 [     0      0      0 ...  14155      0      0]
 [     0      0      0 ...      0  37331      0]
 [     0      0      0 ...      0      0    757]]
Precision,Recall,macro_f1 0.8638292875862701 0.8499683015730972 0.8474188304340284
546.2211284637451 seconds
Test set avg loss: 0.3959
	center loss: 0.0079
conf_mat:
 [[37299     0     0 ...     0     0     0]
 [    0  2388    21 ...     0     0     0]
 [    0    46  3280 ...     0     0     0]
 ...
 [    0     0     0 ...  2327     0     0]
 [    0     0     0 ...     0  5201     0]
 [    0     0     0 ...     0     0    84]]
Precision,Recall,macro_f1 0.8907856072560116 0.8720458234308759 0.870821343179957
42.76136136054993 seconds


Epoch: 13
Training set avg loss: 0.0799
	center loss: 0.0711
conf_mat:
 [[202318      0      0 ...      0      0      0]
 [     0  13483    499 ...      0      0      0]
 [     0    454  23459 ...      0      0      0]
 ...
 [     0      0      0 ...  14191      0      0]
 [     0      0      0 ...      0  37645      0]
 [     0      0      0 ...      0      0   1159]]
Precision,Recall,macro_f1 0.8709504829777057 0.8675584859023058 0.8656180803232575
546.8223645687103 seconds
Test set avg loss: 0.3726
	center loss: 0.0058
conf_mat:
 [[39443     0     0 ...     0     0     0]
 [    0  2378     5 ...     0     0     0]
 [    0    87  3545 ...     0     0     0]
 ...
 [    0     0     0 ...  2375     0     0]
 [    0     0     0 ...     0  6044     0]
 [    0     0     0 ...     0     0   210]]
Precision,Recall,macro_f1 0.9008153302499545 0.9068193548335564 0.902301257947659
42.75019979476929 seconds


Epoch: 14
Training set avg loss: 0.0739
	center loss: 0.0562
conf_mat:
 [[203595      0      0 ...      0      0      0]
 [     0  13510    487 ...      0      0      0]
 [     0    434  23833 ...      0      0      0]
 ...
 [     0      0      0 ...  14243      0      0]
 [     0      0      0 ...      0  38011      0]
 [     0      0      0 ...      0      0   1664]]
Precision,Recall,macro_f1 0.8786452985965123 0.8823439500650054 0.8793784720443575
547.0389552116394 seconds
Test set avg loss: 0.3609
	center loss: 0.0040
conf_mat:
 [[38584     0     0 ...     0     0     0]
 [    0  2381    34 ...     0     0     0]
 [    0    50  3510 ...     0     0     0]
 ...
 [    0     0     0 ...  2380     0     0]
 [    0     0     0 ...     0  5863     0]
 [    0     0     0 ...     0     0   164]]
Precision,Recall,macro_f1 0.9082628192610387 0.8960072084906094 0.8986866105747745
43.125558614730835 seconds


Epoch: 15
Training set avg loss: 0.0690
	center loss: 0.0463
conf_mat:
 [[204901      0      0 ...      0      0      0]
 [     0  13579    501 ...      0      0      0]
 [     0    440  23892 ...      0      0      0]
 ...
 [     0      0      0 ...  14272      0      0]
 [     0      0      0 ...      0  38085      0]
 [     0      0      0 ...      0      0   1750]]
Precision,Recall,macro_f1 0.8829806739885779 0.888950443666743 0.8853419381752934
544.6245729923248 seconds
Test set avg loss: 0.3461
	center loss: 0.0032
conf_mat:
 [[39127     0     0 ...     0     0     0]
 [    0  2216    71 ...     0     0     0]
 [    0    23  3461 ...     0     0     0]
 ...
 [    0     0     0 ...  2433     0     0]
 [    0     0     0 ...     0  5567     0]
 [    0     0     0 ...     0     0   223]]
Precision,Recall,macro_f1 0.913078440723109 0.9041737270209819 0.9070300621618864
43.0683376789093 seconds


Epoch: 16
Training set avg loss: 0.0645
	center loss: 0.0402
conf_mat:
 [[206310      0      0 ...      0      0      0]
 [     0  13671    494 ...      0      0      0]
 [     0    444  24040 ...      0      0      0]
 ...
 [     0      0      0 ...  14358      0      0]
 [     0      0      0 ...      0  38431      0]
 [     0      0      0 ...      0      0   1843]]
Precision,Recall,macro_f1 0.8873213503785969 0.8948329033237652 0.8906586732160261
545.6052894592285 seconds
Test set avg loss: 0.3307
	center loss: 0.0027
conf_mat:
 [[37484     0     0 ...     0     0     0]
 [    0  2329    67 ...     0     0     0]
 [    0    26  3658 ...     0     0     0]
 ...
 [    0     0     0 ...  2391     0     0]
 [    0     0     0 ...     0  5883     0]
 [    0     0     0 ...     0     0   228]]
Precision,Recall,macro_f1 0.9129076666720508 0.9135476156757527 0.912354860412466
43.05307078361511 seconds


Epoch: 17
Training set avg loss: 0.0610
	center loss: 0.0352
conf_mat:
 [[207401      0      0 ...      0      0      0]
 [     0  13669    488 ...      0      0      0]
 [     0    434  24176 ...      0      0      0]
 ...
 [     0      0      0 ...  14390      0      0]
 [     0      0      0 ...      0  38518      0]
 [     0      0      0 ...      0      0   1886]]
Precision,Recall,macro_f1 0.8909834490103071 0.899072319924154 0.8947266196305105
542.8977105617523 seconds
Test set avg loss: 0.3267
	center loss: 0.0021
conf_mat:
 [[37101     0     0 ...     0     0     0]
 [    0  2392    18 ...     0     0     0]
 [    0    42  2958 ...     0     0     0]
 ...
 [    0     0     0 ...  2386     0     0]
 [    0     0     0 ...     0  5872     0]
 [    0     0     0 ...     0     0   228]]
Precision,Recall,macro_f1 0.9126727762029007 0.9178571593241441 0.914310535495197
43.34482550621033 seconds


Epoch: 18
Training set avg loss: 0.0574
	center loss: 0.0308
conf_mat:
 [[208486      0      0 ...      0      0      0]
 [     0  13676    490 ...      0      0      0]
 [     0    423  24296 ...      0      0      0]
 ...
 [     0      0      0 ...  14443      0      0]
 [     0      0      0 ...      0  38818      0]
 [     0      0      0 ...      0      0   1927]]
Precision,Recall,macro_f1 0.8945615575126101 0.9028131250736472 0.898444637312483
544.3426048755646 seconds
Test set avg loss: 0.3140
	center loss: 0.0018
conf_mat:
 [[38522     0     0 ...     0     0     0]
 [    0  2378    77 ...     0     0     0]
 [    0    25  3606 ...     0     0     0]
 ...
 [    0     0     0 ...  2413     0     0]
 [    0     0     0 ...     0  5563     0]
 [    0     0     0 ...     0     0   228]]
Precision,Recall,macro_f1 0.9159081345404301 0.9181448990073227 0.9161089437680705
42.6528902053833 seconds


Epoch: 19
Training set avg loss: 0.0547
	center loss: 0.0281
conf_mat:
 [[209289      0      0 ...      0      0      0]
 [     0  13859    457 ...      0      0      0]
 [     0    407  24455 ...      0      0      0]
 ...
 [     0      0      0 ...  14470      0      0]
 [     0      0      0 ...      0  38916      0]
 [     0      0      0 ...      0      0   1933]]
Precision,Recall,macro_f1 0.8972887442336624 0.9052583237663506 0.9010542083978371
542.5465896129608 seconds
Test set avg loss: 0.3055
	center loss: 0.0016
conf_mat:
 [[39062     0     0 ...     0     0     0]
 [    0  2388    30 ...     0     0     0]
 [    0    39  3677 ...     0     0     0]
 ...
 [    0     0     0 ...  2446     0     0]
 [    0     0     0 ...     0  5953     0]
 [    0     0     0 ...     0     0   234]]
Precision,Recall,macro_f1 0.9150470072247061 0.9172186961278681 0.9153404571670622
43.10143518447876 seconds


Epoch: 20
Training set avg loss: 0.0521
	center loss: 0.0257
conf_mat:
 [[210564      0      0 ...      0      0      0]
 [     0  13865    458 ...      0      0      0]
 [     0    420  24493 ...      0      0      0]
 ...
 [     0      0      0 ...  14574      0      0]
 [     0      0      0 ...      0  39277      0]
 [     0      0      0 ...      0      0   1937]]
Precision,Recall,macro_f1 0.9005411993077312 0.9085585106923267 0.90436790882763
538.9821889400482 seconds
Test set avg loss: 0.2992
	center loss: 0.0014
conf_mat:
 [[38988     0     0 ...     0     0     0]
 [    0  2427    32 ...     0     0     0]
 [    0    47  3448 ...     0     0     0]
 ...
 [    0     0     0 ...  2432     0     0]
 [    0     0     0 ...     0  5712     0]
 [    0     0     0 ...     0     0   229]]
Precision,Recall,macro_f1 0.9149713412764855 0.9253807744269913 0.9193061359977951
43.11112093925476 seconds


Epoch: 21
Training set avg loss: 0.0499
	center loss: 0.0237
conf_mat:
 [[211195      0      0 ...      0      0      0]
 [     0  13914    422 ...      0      0      0]
 [     0    391  24602 ...      0      0      0]
 ...
 [     0      0      0 ...  14578      0      0]
 [     0      0      0 ...      0  39261      0]
 [     0      0      0 ...      0      0   1945]]
Precision,Recall,macro_f1 0.9029175153211013 0.9110167139669798 0.906802216669035
541.1365401744843 seconds
Test set avg loss: 0.2924
	center loss: 0.0013
conf_mat:
 [[37936     0     0 ...     0     0     0]
 [    0  2383     8 ...     0     0     0]
 [    0    51  3482 ...     0     0     0]
 ...
 [    0     0     0 ...  2415     0     0]
 [    0     0     0 ...     0  6227     0]
 [    0     0     0 ...     0     0   235]]
Precision,Recall,macro_f1 0.9188829869254547 0.9236115862957406 0.9204176083032864
43.04270887374878 seconds


Epoch: 22
Training set avg loss: 0.0481
	center loss: 0.0223
conf_mat:
 [[211691      0      0 ...      0      0      0]
 [     0  13925    454 ...      0      0      0]
 [     0    392  24662 ...      0      0      0]
 ...
 [     0      0      0 ...  14643      0      0]
 [     0      0      0 ...      0  39431      0]
 [     0      0      0 ...      0      0   1954]]
Precision,Recall,macro_f1 0.9051505240314681 0.9132274502176339 0.9090310155518447
544.555192232132 seconds
Test set avg loss: 0.2860
	center loss: 0.0012
conf_mat:
 [[38530     0     0 ...     0     0     0]
 [    0  2389     5 ...     0     0     0]
 [    0    88  3325 ...     0     0     0]
 ...
 [    0     0     0 ...  2466     0     0]
 [    0     0     0 ...     0  5652     0]
 [    0     0     0 ...     0     0   227]]
Precision,Recall,macro_f1 0.9205175718020779 0.9238645312326252 0.921266486232911
43.41616177558899 seconds


Epoch: 23
Training set avg loss: 0.0464
	center loss: 0.0210
conf_mat:
 [[212094      0      0 ...      0      0      0]
 [     0  13967    431 ...      0      0      0]
 [     0    374  24773 ...      0      0      0]
 ...
 [     0      0      0 ...  14718      0      0]
 [     0      0      0 ...      0  39544      0]
 [     0      0      0 ...      0      0   1953]]
Precision,Recall,macro_f1 0.907220486266286 0.9150330157623875 0.910982527930043
545.0633926391602 seconds
Test set avg loss: 0.2799
	center loss: 0.0011
conf_mat:
 [[38170     0     0 ...     0     0     0]
 [    0  2433    27 ...     0     0     0]
 [    0    31  3339 ...     0     0     0]
 ...
 [    0     0     0 ...  2447     0     0]
 [    0     0     0 ...     0  6028     0]
 [    0     0     0 ...     0     0   230]]
Precision,Recall,macro_f1 0.9226641260480217 0.9299120115530494 0.9256706264333413
43.10346579551697 seconds


Epoch: 24
Training set avg loss: 0.0449
	center loss: 0.0199
conf_mat:
 [[212479      0      0 ...      0      0      0]
 [     0  13984    425 ...      0      0      0]
 [     0    370  24794 ...      0      0      0]
 ...
 [     0      0      0 ...  14680      0      0]
 [     0      0      0 ...      0  39557      0]
 [     0      0      0 ...      0      0   1968]]
Precision,Recall,macro_f1 0.9092544841616803 0.9172539414883727 0.9131211453995265
546.4243710041046 seconds
Test set avg loss: 0.2718
	center loss: 0.0011
conf_mat:
 [[38781     0     0 ...     0     0     0]
 [    0  2398    15 ...     0     0     0]
 [    0    31  3447 ...     0     0     0]
 ...
 [    0     0     0 ...  2413     0     0]
 [    0     0     0 ...     0  6027     0]
 [    0     0     0 ...     0     0   227]]
Precision,Recall,macro_f1 0.9239702192017482 0.9292521319441819 0.9259491654266013
43.35585021972656 seconds


Epoch: 25
Training set avg loss: 0.0435
	center loss: 0.0189
conf_mat:
 [[212958      0      0 ...      0      0      0]
 [     0  14013    418 ...      0      0      0]
 [     0    388  24859 ...      0      0      0]
 ...
 [     0      0      0 ...  14744      0      0]
 [     0      0      0 ...      0  39660      0]
 [     0      0      0 ...      0      0   1967]]
Precision,Recall,macro_f1 0.9109525925590674 0.9186403744941913 0.9146663467725213
545.1461191177368 seconds
Test set avg loss: 0.2672
	center loss: 0.0010
conf_mat:
 [[38840     0     0 ...     0     0     0]
 [    0  2400    18 ...     0     0     0]
 [    0    37  3586 ...     0     0     0]
 ...
 [    0     0     0 ...  2453     0     0]
 [    0     0     0 ...     0  6020     0]
 [    0     0     0 ...     0     0   234]]
Precision,Recall,macro_f1 0.923071605037331 0.9273766635292039 0.9247234526764243
43.1229465007782 seconds


Epoch: 26
Training set avg loss: 0.0424
	center loss: 0.0181
conf_mat:
 [[213644      0      0 ...      0      0      0]
 [     0  14042    394 ...      0      0      0]
 [     0    366  24875 ...      0      0      0]
 ...
 [     0      0      0 ...  14774      0      0]
 [     0      0      0 ...      0  39786      0]
 [     0      0      0 ...      0      0   1979]]
Precision,Recall,macro_f1 0.9118237119702481 0.9196615123012284 0.9156203761324048
542.2714538574219 seconds
Test set avg loss: 0.2639
	center loss: 0.0009
conf_mat:
 [[40124     0     0 ...     0     0     0]
 [    0  2376    61 ...     0     0     0]
 [    0    15  3634 ...     0     0     0]
 ...
 [    0     0     0 ...  2386     0     0]
 [    0     0     0 ...     0  6109     0]
 [    0     0     0 ...     0     0   229]]
Precision,Recall,macro_f1 0.9256848833649277 0.9310909217268497 0.9280569012190629
43.00362968444824 seconds


Epoch: 27
Training set avg loss: 0.0411
	center loss: 0.0172
conf_mat:
 [[213659      0      0 ...      0      0      0]
 [     0  14086    390 ...      0      0      0]
 [     0    356  25047 ...      0      0      0]
 ...
 [     0      0      0 ...  14788      0      0]
 [     0      0      0 ...      0  39837      0]
 [     0      0      0 ...      0      0   1970]]
Precision,Recall,macro_f1 0.9138309604750977 0.9214394824832625 0.9175139329044092
542.9531440734863 seconds
Test set avg loss: 0.2592
	center loss: 0.0009
conf_mat:
 [[41299     0     0 ...     0     0     0]
 [    0  2376    26 ...     0     0     0]
 [    0    51  3716 ...     0     0     0]
 ...
 [    0     0     0 ...  2458     0     0]
 [    0     0     0 ...     0  6074     0]
 [    0     0     0 ...     0     0   232]]
Precision,Recall,macro_f1 0.9248171375079843 0.9330857918626436 0.9286394501274812
43.07353663444519 seconds


Epoch: 28
Training set avg loss: 0.0402
	center loss: 0.0166
conf_mat:
 [[214220      0      0 ...      0      0      0]
 [     0  14126    385 ...      0      0      0]
 [     0    361  24943 ...      0      0      0]
 ...
 [     0      0      0 ...  14788      0      0]
 [     0      0      0 ...      0  39933      0]
 [     0      0      0 ...      0      0   1966]]
Precision,Recall,macro_f1 0.914765403940586 0.9224631413678704 0.9184998629717945
541.757257938385 seconds
Test set avg loss: 0.2560
	center loss: 0.0009
conf_mat:
 [[38847     0     0 ...     0     0     0]
 [    0  2256    58 ...     0     0     0]
 [    0     9  3499 ...     0     0     0]
 ...
 [    0     0     0 ...  2432     0     0]
 [    0     0     0 ...     0  5812     0]
 [    0     0     0 ...     0     0   226]]
Precision,Recall,macro_f1 0.9248340667544686 0.9312674308810701 0.9274760243921935
43.0584602355957 seconds


Epoch: 29
Training set avg loss: 0.0392
	center loss: 0.0159
conf_mat:
 [[214545      0      0 ...      0      0      0]
 [     0  14108    396 ...      0      0      0]
 [     0    344  25017 ...      0      0      0]
 ...
 [     0      0      0 ...  14863      0      0]
 [     0      0      0 ...      0  39883      0]
 [     0      0      0 ...      0      0   1970]]
Precision,Recall,macro_f1 0.9164450868617328 0.923790580798954 0.92000880718695
543.3855974674225 seconds
Test set avg loss: 0.2524
	center loss: 0.0008
conf_mat:
 [[39017     0     0 ...     0     0     0]
 [    0  2427    33 ...     0     0     0]
 [    0    33  3341 ...     0     0     0]
 ...
 [    0     0     0 ...  2394     0     0]
 [    0     0     0 ...     0  6238     0]
 [    0     0     0 ...     0     0   222]]
Precision,Recall,macro_f1 0.9267311869965067 0.9325224625335732 0.9291435884769255
43.10509943962097 seconds


Epoch: 30
Training set avg loss: 0.0382
	center loss: 0.0153
conf_mat:
 [[214805      0      0 ...      0      0      0]
 [     0  14117    386 ...      0      0      0]
 [     0    348  25072 ...      0      0      0]
 ...
 [     0      0      0 ...  14889      0      0]
 [     0      0      0 ...      0  40030      0]
 [     0      0      0 ...      0      0   1974]]
Precision,Recall,macro_f1 0.9179499958476114 0.9250946002879423 0.9214161696468064
540.9302246570587 seconds
Test set avg loss: 0.2491
	center loss: 0.0008
conf_mat:
 [[41306     0     0 ...     0     0     0]
 [    0  2397    31 ...     0     0     0]
 [    0    30  3589 ...     0     0     0]
 ...
 [    0     0     0 ...  2430     0     0]
 [    0     0     0 ...     0  6008     0]
 [    0     0     0 ...     0     0   232]]
Precision,Recall,macro_f1 0.9301288206121872 0.9292125180684865 0.9293369578564042
43.13125014305115 seconds


Epoch: 31
Training set avg loss: 0.0375
	center loss: 0.0148
conf_mat:
 [[215074      0      0 ...      0      0      0]
 [     0  14137    363 ...      0      0      0]
 [     0    350  25041 ...      0      0      0]
 ...
 [     0      0      0 ...  14890      0      0]
 [     0      0      0 ...      0  40106      0]
 [     0      0      0 ...      0      0   1975]]
Precision,Recall,macro_f1 0.9183243647009294 0.9255193263641498 0.9218205579718608
542.3471417427063 seconds
Test set avg loss: 0.2510
	center loss: 0.0008
conf_mat:
 [[40703     0     0 ...     0     0     0]
 [    0  2437    39 ...     0     0     0]
 [    0    34  3240 ...     0     0     0]
 ...
 [    0     0     0 ...  2480     0     0]
 [    0     0     0 ...     0  6068     0]
 [    0     0     0 ...     0     0   233]]
Precision,Recall,macro_f1 0.9272340705129426 0.9294987148407443 0.9277087057108929
42.972657680511475 seconds


Epoch: 32
Training set avg loss: 0.0368
	center loss: 0.0144
conf_mat:
 [[215040      0      0 ...      0      0      0]
 [     0  14168    378 ...      0      0      0]
 [     0    355  25078 ...      0      0      0]
 ...
 [     0      0      0 ...  14899      0      0]
 [     0      0      0 ...      0  40065      0]
 [     0      0      0 ...      0      0   1972]]
Precision,Recall,macro_f1 0.9196413468509135 0.9264977718022513 0.9229663254489652
543.3766124248505 seconds
Test set avg loss: 0.2468
	center loss: 0.0007
conf_mat:
 [[40985     0     0 ...     0     0     0]
 [    0  2410    39 ...     0     0     0]
 [    0    26  3567 ...     0     0     0]
 ...
 [    0     0     0 ...  2479     0     0]
 [    0     0     0 ...     0  5873     0]
 [    0     0     0 ...     0     0   234]]
Precision,Recall,macro_f1 0.9255352126549138 0.9295095394954906 0.9269847905411476
43.18284821510315 seconds


Epoch: 33
Training set avg loss: 0.0359
	center loss: 0.0138
conf_mat:
 [[215787      0      0 ...      0      0      0]
 [     0  14195    357 ...      0      0      0]
 [     0    363  25104 ...      0      0      0]
 ...
 [     0      0      0 ...  14914      0      0]
 [     0      0      0 ...      0  40166      0]
 [     0      0      0 ...      0      0   1990]]
Precision,Recall,macro_f1 0.9207824312459363 0.9278537775301686 0.9242188233753701
543.4111530780792 seconds
Test set avg loss: 0.2462
	center loss: 0.0007
conf_mat:
 [[38474     0     0 ...     0     0     0]
 [    0  2349    26 ...     0     0     0]
 [    0    34  3540 ...     0     0     0]
 ...
 [    0     0     0 ...  2387     0     0]
 [    0     0     0 ...     0  6042     0]
 [    0     0     0 ...     0     0   231]]
Precision,Recall,macro_f1 0.9260473319682843 0.9325186765662399 0.9287668506657103
42.97565054893494 seconds


Epoch: 34
Training set avg loss: 0.0352
	center loss: 0.0134
conf_mat:
 [[215741      0      0 ...      0      0      0]
 [     0  14179    349 ...      0      0      0]
 [     0    350  25143 ...      0      0      0]
 ...
 [     0      0      0 ...  14929      0      0]
 [     0      0      0 ...      0  40104      0]
 [     0      0      0 ...      0      0   1982]]
Precision,Recall,macro_f1 0.9221712634738549 0.9289304982387152 0.9254563738626846
543.8415141105652 seconds
Test set avg loss: 0.2423
	center loss: 0.0007
conf_mat:
 [[39282     0     0 ...     0     0     0]
 [    0  2414    26 ...     0     0     0]
 [    0    31  3542 ...     0     0     0]
 ...
 [    0     0     0 ...  2412     0     0]
 [    0     0     0 ...     0  6113     0]
 [    0     0     0 ...     0     0   233]]
Precision,Recall,macro_f1 0.9285918082170099 0.9341135716992215 0.9307770004185049
43.55163788795471 seconds


Epoch: 35
Training set avg loss: 0.0345
	center loss: 0.0130
conf_mat:
 [[215951      0      0 ...      0      0      0]
 [     0  14224    337 ...      0      0      0]
 [     0    347  25162 ...      0      0      0]
 ...
 [     0      0      0 ...  14985      0      0]
 [     0      0      0 ...      0  40210      0]
 [     0      0      0 ...      0      0   1984]]
Precision,Recall,macro_f1 0.9230241286403604 0.9296267464676803 0.9262326556473307
545.0132782459259 seconds
Test set avg loss: 0.2357
	center loss: 0.0007
conf_mat:
 [[39566     0     0 ...     0     0     0]
 [    0  2448     8 ...     0     0     0]
 [    0    40  3710 ...     0     0     0]
 ...
 [    0     0     0 ...  2428     0     0]
 [    0     0     0 ...     0  6166     0]
 [    0     0     0 ...     0     0   232]]
Precision,Recall,macro_f1 0.9308474986137475 0.9336808739703547 0.9317969366626819
42.949162006378174 seconds


Epoch: 36
Training set avg loss: 0.0340
	center loss: 0.0127
conf_mat:
 [[216350      0      0 ...      0      0      0]
 [     0  14209    347 ...      0      0      0]
 [     0    322  25263 ...      0      0      0]
 ...
 [     0      0      0 ...  14975      0      0]
 [     0      0      0 ...      0  40243      0]
 [     0      0      0 ...      0      0   1984]]
Precision,Recall,macro_f1 0.9236480995623385 0.9301928262396478 0.9268303997606315
541.4102685451508 seconds
Test set avg loss: 0.2333
	center loss: 0.0007
conf_mat:
 [[39968     0     0 ...     0     0     0]
 [    0  2433    36 ...     0     0     0]
 [    0    24  3539 ...     0     0     0]
 ...
 [    0     0     0 ...  2470     0     0]
 [    0     0     0 ...     0  6025     0]
 [    0     0     0 ...     0     0   225]]
Precision,Recall,macro_f1 0.930900371291277 0.9369242921485021 0.9335209123710185
43.09381461143494 seconds


Epoch: 37
Training set avg loss: 0.0334
	center loss: 0.0123
conf_mat:
 [[216550      0      0 ...      0      0      0]
 [     0  14238    326 ...      0      0      0]
 [     0    323  25168 ...      0      0      0]
 ...
 [     0      0      0 ...  14980      0      0]
 [     0      0      0 ...      0  40256      0]
 [     0      0      0 ...      0      0   1988]]
Precision,Recall,macro_f1 0.9247267340778603 0.931156267654795 0.9278542673962034
543.9710412025452 seconds
Test set avg loss: 0.2328
	center loss: 0.0006
conf_mat:
 [[40562     0     0 ...     0     0     0]
 [    0  2446    27 ...     0     0     0]
 [    0    36  3578 ...     0     0     0]
 ...
 [    0     0     0 ...  2466     0     0]
 [    0     0     0 ...     0  6203     0]
 [    0     0     0 ...     0     0   233]]
Precision,Recall,macro_f1 0.9310691632413298 0.9363848686172576 0.9333835655936933
43.00382089614868 seconds


Epoch: 38
Training set avg loss: 0.0328
	center loss: 0.0120
conf_mat:
 [[216516      0      0 ...      0      0      0]
 [     0  14215    331 ...      0      0      0]
 [     0    336  25215 ...      0      0      0]
 ...
 [     0      0      0 ...  15018      0      0]
 [     0      0      0 ...      0  40325      0]
 [     0      0      0 ...      0      0   1991]]
Precision,Recall,macro_f1 0.9253741566310968 0.9318817547998216 0.928540526075944
544.7602589130402 seconds
Test set avg loss: 0.2288
	center loss: 0.0006
conf_mat:
 [[40263     0     0 ...     0     0     0]
 [    0  2428    14 ...     0     0     0]
 [    0    51  3648 ...     0     0     0]
 ...
 [    0     0     0 ...  2406     0     0]
 [    0     0     0 ...     0  6100     0]
 [    0     0     0 ...     0     0   222]]
Precision,Recall,macro_f1 0.9310167147219924 0.9354751096477434 0.9330069251808106
43.03826427459717 seconds


Epoch: 39
Training set avg loss: 0.0323
	center loss: 0.0117
conf_mat:
 [[216773      0      0 ...      0      0      0]
 [     0  14263    308 ...      0      0      0]
 [     0    333  25200 ...      0      0      0]
 ...
 [     0      0      0 ...  15036      0      0]
 [     0      0      0 ...      0  40492      0]
 [     0      0      0 ...      0      0   1994]]
Precision,Recall,macro_f1 0.9262604709303905 0.9325204088844797 0.929305519155239
546.3443977832794 seconds
Test set avg loss: 0.2267
	center loss: 0.0006
conf_mat:
 [[40297     0     0 ...     0     0     0]
 [    0  2427    29 ...     0     0     0]
 [    0    30  3796 ...     0     0     0]
 ...
 [    0     0     0 ...  2377     0     0]
 [    0     0     0 ...     0  6253     0]
 [    0     0     0 ...     0     0   229]]
Precision,Recall,macro_f1 0.9295275463548126 0.939668990465623 0.9341333371999974
43.08167052268982 seconds


Epoch: 40
Training set avg loss: 0.0317
	center loss: 0.0114
conf_mat:
 [[216946      0      0 ...      0      0      0]
 [     0  14265    306 ...      0      0      0]
 [     0    321  25281 ...      0      0      0]
 ...
 [     0      0      0 ...  15059      0      0]
 [     0      0      0 ...      0  40418      0]
 [     0      0      0 ...      0      0   1996]]
Precision,Recall,macro_f1 0.9268501178810731 0.9332792248949222 0.9299802497346354
543.1234064102173 seconds
Test set avg loss: 0.2272
	center loss: 0.0006
conf_mat:
 [[39898     0     0 ...     0     0     0]
 [    0  2297    88 ...     0     0     0]
 [    0     9  3519 ...     0     0     0]
 ...
 [    0     0     0 ...  2415     0     0]
 [    0     0     0 ...     0  5995     0]
 [    0     0     0 ...     0     0   230]]
Precision,Recall,macro_f1 0.9323070743920356 0.9342569297557947 0.9328871630127956
43.185731410980225 seconds


Epoch: 41
Training set avg loss: 0.0314
	center loss: 0.0112
conf_mat:
 [[216908      0      0 ...      0      0      0]
 [     0  14265    323 ...      0      0      0]
 [     0    306  25318 ...      0      0      0]
 ...
 [     0      0      0 ...  15057      0      0]
 [     0      0      0 ...      0  40471      0]
 [     0      0      0 ...      0      0   1981]]
Precision,Recall,macro_f1 0.9273812146767239 0.9335460182624193 0.9303807173822138
541.7582578659058 seconds
Test set avg loss: 0.2262
	center loss: 0.0006
conf_mat:
 [[40077     0     0 ...     0     0     0]
 [    0  2322    21 ...     0     0     0]
 [    0    25  3658 ...     0     0     0]
 ...
 [    0     0     0 ...  2433     0     0]
 [    0     0     0 ...     0  6152     0]
 [    0     0     0 ...     0     0   227]]
Precision,Recall,macro_f1 0.9304999722312194 0.9379940076607188 0.9337823745790088
43.044517993927 seconds


Epoch: 42
Training set avg loss: 0.0307
	center loss: 0.0109
conf_mat:
 [[217486      0      0 ...      0      0      0]
 [     0  14262    316 ...      0      0      0]
 [     0    310  25321 ...      0      0      0]
 ...
 [     0      0      0 ...  15058      0      0]
 [     0      0      0 ...      0  40552      0]
 [     0      0      0 ...      0      0   1980]]
Precision,Recall,macro_f1 0.9285131557459003 0.9347117737996491 0.9315350120826155
541.2507810592651 seconds
Test set avg loss: 0.2204
	center loss: 0.0006
conf_mat:
 [[40837     0     0 ...     0     0     0]
 [    0  2380    24 ...     0     0     0]
 [    0    30  3620 ...     0     0     0]
 ...
 [    0     0     0 ...  2449     0     0]
 [    0     0     0 ...     0  6056     0]
 [    0     0     0 ...     0     0   233]]
Precision,Recall,macro_f1 0.932008115429065 0.9392965444940109 0.9354076211153397
43.10514545440674 seconds


Epoch: 43
Training set avg loss: 0.0303
	center loss: 0.0107
conf_mat:
 [[217266      0      0 ...      0      0      0]
 [     0  14274    313 ...      0      0      0]
 [     0    310  25305 ...      0      0      0]
 ...
 [     0      0      0 ...  15045      0      0]
 [     0      0      0 ...      0  40531      0]
 [     0      0      0 ...      0      0   1986]]
Precision,Recall,macro_f1 0.929263502139018 0.9352859720141374 0.9321965742824423
544.1525976657867 seconds
Test set avg loss: 0.2187
	center loss: 0.0006
conf_mat:
 [[41482     0     0 ...     0     0     0]
 [    0  2440    14 ...     0     0     0]
 [    0    41  3499 ...     0     0     0]
 ...
 [    0     0     0 ...  2417     0     0]
 [    0     0     0 ...     0  6181     0]
 [    0     0     0 ...     0     0   230]]
Precision,Recall,macro_f1 0.9297524292275751 0.935975257364886 0.9325824134772179
43.07351779937744 seconds


Epoch: 44
Training set avg loss: 0.0300
	center loss: 0.0105
conf_mat:
 [[217498      0      0 ...      0      0      0]
 [     0  14317    311 ...      0      0      0]
 [     0    316  25368 ...      0      0      0]
 ...
 [     0      0      0 ...  15080      0      0]
 [     0      0      0 ...      0  40523      0]
 [     0      0      0 ...      0      0   1995]]
Precision,Recall,macro_f1 0.9300333918248513 0.9358087971162822 0.9328444448546368
541.4716680049896 seconds
Test set avg loss: 0.2205
	center loss: 0.0006
conf_mat:
 [[41144     0     0 ...     0     0     0]
 [    0  2402    30 ...     0     0     0]
 [    0    32  3653 ...     0     0     0]
 ...
 [    0     0     0 ...  2421     0     0]
 [    0     0     0 ...     0  5983     0]
 [    0     0     0 ...     0     0   227]]
Precision,Recall,macro_f1 0.9340848139126261 0.9379514238102581 0.9357280406659615
43.05465626716614 seconds


Epoch: 45
Training set avg loss: 0.0294
	center loss: 0.0102
conf_mat:
 [[217438      0      0 ...      0      0      0]
 [     0  14355    288 ...      0      0      0]
 [     0    305  25377 ...      0      0      0]
 ...
 [     0      0      0 ...  15113      0      0]
 [     0      0      0 ...      0  40547      0]
 [     0      0      0 ...      0      0   1988]]
Precision,Recall,macro_f1 0.93062747901607 0.9366189486899544 0.9335430541209311
547.2720301151276 seconds
Test set avg loss: 0.2225
	center loss: 0.0005
conf_mat:
 [[39074     0     0 ...     0     0     0]
 [    0  2476    11 ...     0     0     0]
 [    0    42  3511 ...     0     0     0]
 ...
 [    0     0     0 ...  2432     0     0]
 [    0     0     0 ...     0  6113     0]
 [    0     0     0 ...     0     0   233]]
Precision,Recall,macro_f1 0.9342681601162377 0.935169944790311 0.9343824664714725
43.69251894950867 seconds


Epoch: 46
Training set avg loss: 0.0291
	center loss: 0.0100
conf_mat:
 [[217682      0      0 ...      0      0      0]
 [     0  14342    290 ...      0      0      0]
 [     0    302  25393 ...      0      0      0]
 ...
 [     0      0      0 ...  15118      0      0]
 [     0      0      0 ...      0  40656      0]
 [     0      0      0 ...      0      0   1990]]
Precision,Recall,macro_f1 0.931334133753345 0.9371468008685703 0.9341659534870633
546.8739514350891 seconds
Test set avg loss: 0.2185
	center loss: 0.0005
conf_mat:
 [[39842     0     0 ...     0     0     0]
 [    0  2375     9 ...     0     0     0]
 [    0    52  3752 ...     0     0     0]
 ...
 [    0     0     0 ...  2436     0     0]
 [    0     0     0 ...     0  6033     0]
 [    0     0     0 ...     0     0   234]]
Precision,Recall,macro_f1 0.9293647856384145 0.9384783608368968 0.9334284255618732
43.40355968475342 seconds


Epoch: 47
Training set avg loss: 0.0288
	center loss: 0.0098
conf_mat:
 [[217573      0      0 ...      0      0      0]
 [     0  14356    290 ...      0      0      0]
 [     0    309  25406 ...      0      0      0]
 ...
 [     0      0      0 ...  15105      0      0]
 [     0      0      0 ...      0  40656      0]
 [     0      0      0 ...      0      0   1997]]
Precision,Recall,macro_f1 0.9318835489410137 0.9376496305399424 0.9346885916256489
547.4444921016693 seconds
Test set avg loss: 0.2197
	center loss: 0.0005
conf_mat:
 [[39015     0     0 ...     0     0     0]
 [    0  2423    39 ...     0     0     0]
 [    0    23  3723 ...     0     0     0]
 ...
 [    0     0     0 ...  2440     0     0]
 [    0     0     0 ...     0  6020     0]
 [    0     0     0 ...     0     0   223]]
Precision,Recall,macro_f1 0.9314354929037394 0.9366637379904326 0.9336327857698709
43.101062536239624 seconds


Epoch: 48
Training set avg loss: 0.0285
	center loss: 0.0097
conf_mat:
 [[217837      0      0 ...      0      0      0]
 [     0  14330    290 ...      0      0      0]
 [     0    302  25435 ...      0      0      0]
 ...
 [     0      0      0 ...  15153      0      0]
 [     0      0      0 ...      0  40676      0]
 [     0      0      0 ...      0      0   1990]]
Precision,Recall,macro_f1 0.9322082328335308 0.9379905888152926 0.9350245607768967
542.5798931121826 seconds
Test set avg loss: 0.2139
	center loss: 0.0005
conf_mat:
 [[39278     0     0 ...     0     0     0]
 [    0  2417    20 ...     0     0     0]
 [    0    60  3673 ...     0     0     0]
 ...
 [    0     0     0 ...  2468     0     0]
 [    0     0     0 ...     0  6218     0]
 [    0     0     0 ...     0     0   228]]
Precision,Recall,macro_f1 0.9332466316310911 0.9345836900316822 0.9335921213984819
43.02801156044006 seconds


Epoch: 49
Training set avg loss: 0.0280
	center loss: 0.0094
conf_mat:
 [[217919      0      0 ...      0      0      0]
 [     0  14344    295 ...      0      0      0]
 [     0    300  25455 ...      0      0      0]
 ...
 [     0      0      0 ...  15156      0      0]
 [     0      0      0 ...      0  40727      0]
 [     0      0      0 ...      0      0   1991]]
Precision,Recall,macro_f1 0.9329657565632389 0.9386388317976789 0.9357281199758534
545.4888248443604 seconds
Test set avg loss: 0.2117
	center loss: 0.0005
conf_mat:
 [[39596     0     0 ...     0     0     0]
 [    0  2484     6 ...     0     0     0]
 [    0    62  3648 ...     0     0     0]
 ...
 [    0     0     0 ...  2426     0     0]
 [    0     0     0 ...     0  6130     0]
 [    0     0     0 ...     0     0   229]]
Precision,Recall,macro_f1 0.9339202707551688 0.9408589691424848 0.9371347261648755
42.90095543861389 seconds


Epoch: 50
Training set avg loss: 0.0277
	center loss: 0.0093
conf_mat:
 [[217901      0      0 ...      0      0      0]
 [     0  14324    300 ...      0      0      0]
 [     0    317  25458 ...      0      0      0]
 ...
 [     0      0      0 ...  15163      0      0]
 [     0      0      0 ...      0  40753      0]
 [     0      0      0 ...      0      0   1990]]
Precision,Recall,macro_f1 0.9338988150952161 0.9394570144591643 0.9366054957151086
542.8049325942993 seconds
Test set avg loss: 0.2113
	center loss: 0.0005
conf_mat:
 [[41277     0     0 ...     0     0     0]
 [    0  2445    16 ...     0     0     0]
 [    0    30  3609 ...     0     0     0]
 ...
 [    0     0     0 ...  2456     0     0]
 [    0     0     0 ...     0  6324     0]
 [    0     0     0 ...     0     0   232]]
Precision,Recall,macro_f1 0.933458543750882 0.9373720187006063 0.9350265999822338
42.896361351013184 seconds


Epoch: 51
Training set avg loss: 0.0273
	center loss: 0.0091
conf_mat:
 [[217981      0      0 ...      0      0      0]
 [     0  14373    279 ...      0      0      0]
 [     0    293  25462 ...      0      0      0]
 ...
 [     0      0      0 ...  15137      0      0]
 [     0      0      0 ...      0  40768      0]
 [     0      0      0 ...      0      0   1984]]
Precision,Recall,macro_f1 0.9342538397057735 0.9395079893373559 0.9368092824762874
546.2738177776337 seconds
Test set avg loss: 0.2104
	center loss: 0.0005
conf_mat:
 [[40656     0     0 ...     0     0     0]
 [    0  2461    32 ...     0     0     0]
 [    0    34  3626 ...     0     0     0]
 ...
 [    0     0     0 ...  2467     0     0]
 [    0     0     0 ...     0  6133     0]
 [    0     0     0 ...     0     0   231]]
Precision,Recall,macro_f1 0.9328420985449705 0.9408380292266326 0.936581354233966
43.2692084312439 seconds


Epoch: 52
Training set avg loss: 0.0270
	center loss: 0.0090
conf_mat:
 [[218269      0      0 ...      0      0      0]
 [     0  14356    284 ...      0      0      0]
 [     0    301  25453 ...      0      0      0]
 ...
 [     0      0      0 ...  15172      0      0]
 [     0      0      0 ...      0  40743      0]
 [     0      0      0 ...      0      0   1998]]
Precision,Recall,macro_f1 0.9344058932554757 0.9398316962397101 0.9370483989198526
546.9549217224121 seconds
Test set avg loss: 0.2083
	center loss: 0.0005
conf_mat:
 [[39782     0     0 ...     0     0     0]
 [    0  2451     7 ...     0     0     0]
 [    0    41  3605 ...     0     0     0]
 ...
 [    0     0     0 ...  2425     0     0]
 [    0     0     0 ...     0  6168     0]
 [    0     0     0 ...     0     0   232]]
Precision,Recall,macro_f1 0.9347321599556784 0.9386646352831115 0.9362097928481365
42.853803396224976 seconds


Epoch: 53
Training set avg loss: 0.0267
	center loss: 0.0088
conf_mat:
 [[218538      0      0 ...      0      0      0]
 [     0  14389    279 ...      0      0      0]
 [     0    297  25536 ...      0      0      0]
 ...
 [     0      0      0 ...  15187      0      0]
 [     0      0      0 ...      0  40755      0]
 [     0      0      0 ...      0      0   2001]]
Precision,Recall,macro_f1 0.9349307245200453 0.9404146144002136 0.937601753011097
543.4534850120544 seconds
Test set avg loss: 0.2072
	center loss: 0.0005
conf_mat:
 [[39474     0     0 ...     0     0     0]
 [    0  2440    30 ...     0     0     0]
 [    0    24  3592 ...     0     0     0]
 ...
 [    0     0     0 ...  2449     0     0]
 [    0     0     0 ...     0  6236     0]
 [    0     0     0 ...     0     0   223]]
Precision,Recall,macro_f1 0.9358727576876353 0.9382593950169341 0.9367517790346961
43.147576332092285 seconds


Epoch: 54
Training set avg loss: 0.0265
	center loss: 0.0086
conf_mat:
 [[218449      0      0 ...      0      0      0]
 [     0  14379    265 ...      0      0      0]
 [     0    290  25528 ...      0      0      0]
 ...
 [     0      0      0 ...  15213      0      0]
 [     0      0      0 ...      0  40789      0]
 [     0      0      0 ...      0      0   1995]]
Precision,Recall,macro_f1 0.9359334137280326 0.9412477610117679 0.9385208772845963
545.9109487533569 seconds
Test set avg loss: 0.2038
	center loss: 0.0005
conf_mat:
 [[41005     0     0 ...     0     0     0]
 [    0  2344    18 ...     0     0     0]
 [    0    46  3719 ...     0     0     0]
 ...
 [    0     0     0 ...  2448     0     0]
 [    0     0     0 ...     0  6191     0]
 [    0     0     0 ...     0     0   233]]
Precision,Recall,macro_f1 0.9373555838680212 0.9391087198072896 0.9379359313811634
43.04908013343811 seconds


Epoch: 55
Training set avg loss: 0.0261
	center loss: 0.0085
conf_mat:
 [[218466      0      0 ...      0      0      0]
 [     0  14397    273 ...      0      0      0]
 [     0    303  25521 ...      0      0      0]
 ...
 [     0      0      0 ...  15186      0      0]
 [     0      0      0 ...      0  40818      0]
 [     0      0      0 ...      0      0   1999]]
Precision,Recall,macro_f1 0.9363439481047454 0.9416391942639314 0.9389225985726231
545.3461167812347 seconds
Test set avg loss: 0.2049
	center loss: 0.0005
conf_mat:
 [[39713     0     0 ...     0     0     0]
 [    0  2401    15 ...     0     0     0]
 [    0    30  3468 ...     0     0     0]
 ...
 [    0     0     0 ...  2417     0     0]
 [    0     0     0 ...     0  6264     0]
 [    0     0     0 ...     0     0   234]]
Precision,Recall,macro_f1 0.9370778914664957 0.9394199073417268 0.9379241060640773
43.020991802215576 seconds


Epoch: 56
Training set avg loss: 0.0258
	center loss: 0.0084
conf_mat:
 [[218570      0      0 ...      0      0      0]
 [     0  14413    259 ...      0      0      0]
 [     0    311  25545 ...      0      0      0]
 ...
 [     0      0      0 ...  15216      0      0]
 [     0      0      0 ...      0  40905      0]
 [     0      0      0 ...      0      0   2005]]
Precision,Recall,macro_f1 0.937171133555517 0.9423982204288783 0.9397168121362386
544.385044336319 seconds
Test set avg loss: 0.2075
	center loss: 0.0005
conf_mat:
 [[40261     0     0 ...     0     0     0]
 [    0  2405    40 ...     0     0     0]
 [    0    16  3648 ...     0     0     0]
 ...
 [    0     0     0 ...  2469     0     0]
 [    0     0     0 ...     0  6164     0]
 [    0     0     0 ...     0     0   227]]
Precision,Recall,macro_f1 0.9358166055058986 0.9378945812137034 0.9363794186366373
43.34534049034119 seconds


Epoch: 57
Training set avg loss: 0.0256
	center loss: 0.0082
conf_mat:
 [[218643      0      0 ...      0      0      0]
 [     0  14382    258 ...      0      0      0]
 [     0    297  25570 ...      0      0      0]
 ...
 [     0      0      0 ...  15253      0      0]
 [     0      0      0 ...      0  40843      0]
 [     0      0      0 ...      0      0   2001]]
Precision,Recall,macro_f1 0.9371552235160892 0.9421715855266419 0.939596177736761
544.6215498447418 seconds
Test set avg loss: 0.2008
	center loss: 0.0005
conf_mat:
 [[40797     0     0 ...     0     0     0]
 [    0  2385    39 ...     0     0     0]
 [    0    29  3643 ...     0     0     0]
 ...
 [    0     0     0 ...  2379     0     0]
 [    0     0     0 ...     0  6074     0]
 [    0     0     0 ...     0     0   228]]
Precision,Recall,macro_f1 0.9382623719551192 0.9404937828106213 0.9391230377945776
42.972389936447144 seconds


Epoch: 58
Training set avg loss: 0.0252
	center loss: 0.0081
conf_mat:
 [[218726      0      0 ...      0      0      0]
 [     0  14404    263 ...      0      0      0]
 [     0    304  25514 ...      0      0      0]
 ...
 [     0      0      0 ...  15234      0      0]
 [     0      0      0 ...      0  40911      0]
 [     0      0      0 ...      0      0   1998]]
Precision,Recall,macro_f1 0.9380059239424616 0.942813058097363 0.9403432080091845
544.0359418392181 seconds
Test set avg loss: 0.2002
	center loss: 0.0004
conf_mat:
 [[41184     0     0 ...     0     0     0]
 [    0  2425    53 ...     0     0     0]
 [    0    28  3683 ...     0     0     0]
 ...
 [    0     0     0 ...  2431     0     0]
 [    0     0     0 ...     0  6242     0]
 [    0     0     0 ...     0     0   223]]
Precision,Recall,macro_f1 0.9352293693901873 0.9405718588691273 0.9376978017561289
43.01891779899597 seconds


Epoch: 59
Training set avg loss: 0.0250
	center loss: 0.0080
conf_mat:
 [[218697      0      0 ...      0      0      0]
 [     0  14446    263 ...      0      0      0]
 [     0    282  25573 ...      0      0      0]
 ...
 [     0      0      0 ...  15296      0      0]
 [     0      0      0 ...      0  40913      0]
 [     0      0      0 ...      0      0   2002]]
Precision,Recall,macro_f1 0.9384152688470816 0.9433462385275223 0.9408152300766329
544.4829595088959 seconds
Test set avg loss: 0.2039
	center loss: 0.0004
conf_mat:
 [[39827     0     0 ...     0     0     0]
 [    0  2383    35 ...     0     0     0]
 [    0    22  3675 ...     0     0     0]
 ...
 [    0     0     0 ...  2436     0     0]
 [    0     0     0 ...     0  6180     0]
 [    0     0     0 ...     0     0   235]]
Precision,Recall,macro_f1 0.9333908632766836 0.9389136138684238 0.9357628139671124
43.04705739021301 seconds


Epoch: 60
Training set avg loss: 0.0246
	center loss: 0.0078
conf_mat:
 [[218699      0      0 ...      0      0      0]
 [     0  14439    264 ...      0      0      0]
 [     0    277  25641 ...      0      0      0]
 ...
 [     0      0      0 ...  15257      0      0]
 [     0      0      0 ...      0  40903      0]
 [     0      0      0 ...      0      0   2005]]
Precision,Recall,macro_f1 0.938940020869347 0.9439531449391579 0.9413789473402286
543.5924360752106 seconds
Test set avg loss: 0.1969
	center loss: 0.0004
conf_mat:
 [[40784     0     0 ...     0     0     0]
 [    0  2358    27 ...     0     0     0]
 [    0    32  3653 ...     0     0     0]
 ...
 [    0     0     0 ...  2480     0     0]
 [    0     0     0 ...     0  6234     0]
 [    0     0     0 ...     0     0   233]]
Precision,Recall,macro_f1 0.9325816889798055 0.9421295654727748 0.9369339393216903
42.75920271873474 seconds


Epoch: 61
Training set avg loss: 0.0245
	center loss: 0.0077
conf_mat:
 [[218842      0      0 ...      0      0      0]
 [     0  14437    265 ...      0      0      0]
 [     0    295  25622 ...      0      0      0]
 ...
 [     0      0      0 ...  15268      0      0]
 [     0      0      0 ...      0  40939      0]
 [     0      0      0 ...      0      0   1998]]
Precision,Recall,macro_f1 0.9391302182765425 0.9442099020022957 0.9416031366063349
546.1354761123657 seconds
Test set avg loss: 0.1994
	center loss: 0.0004
conf_mat:
 [[41370     0     0 ...     0     0     0]
 [    0  2407    42 ...     0     0     0]
 [    0    22  3711 ...     0     0     0]
 ...
 [    0     0     0 ...  2383     0     0]
 [    0     0     0 ...     0  6298     0]
 [    0     0     0 ...     0     0   229]]
Precision,Recall,macro_f1 0.9360808519645484 0.9388127020174378 0.9372394190714819
43.15987491607666 seconds


Epoch: 62
Training set avg loss: 0.0242
	center loss: 0.0076
conf_mat:
 [[218959      0      0 ...      0      0      0]
 [     0  14429    261 ...      0      0      0]
 [     0    279  25663 ...      0      0      0]
 ...
 [     0      0      0 ...  15290      0      0]
 [     0      0      0 ...      0  40995      0]
 [     0      0      0 ...      0      0   1999]]
Precision,Recall,macro_f1 0.9399504175496901 0.9445510758462283 0.9421869574726179
546.1922340393066 seconds
Test set avg loss: 0.1973
	center loss: 0.0004
conf_mat:
 [[40329     0     0 ...     0     0     0]
 [    0  2383    30 ...     0     0     0]
 [    0    33  3728 ...     0     0     0]
 ...
 [    0     0     0 ...  2427     0     0]
 [    0     0     0 ...     0  5903     0]
 [    0     0     0 ...     0     0   234]]
Precision,Recall,macro_f1 0.9392297519219949 0.93834362041424 0.9382619594231204
42.99712944030762 seconds


Epoch: 63
Training set avg loss: 0.0240
	center loss: 0.0075
conf_mat:
 [[218962      0      0 ...      0      0      0]
 [     0  14449    252 ...      0      0      0]
 [     0    276  25621 ...      0      0      0]
 ...
 [     0      0      0 ...  15272      0      0]
 [     0      0      0 ...      0  41013      0]
 [     0      0      0 ...      0      0   2001]]
Precision,Recall,macro_f1 0.9402182397784573 0.9452272384102546 0.9426574240871348
545.2098271846771 seconds
Test set avg loss: 0.1968
	center loss: 0.0004
conf_mat:
 [[40815     0     0 ...     0     0     0]
 [    0  2362    40 ...     0     0     0]
 [    0    17  3692 ...     0     0     0]
 ...
 [    0     0     0 ...  2434     0     0]
 [    0     0     0 ...     0  6125     0]
 [    0     0     0 ...     0     0   229]]
Precision,Recall,macro_f1 0.9354144437924143 0.9403072985857708 0.9376791281956545
42.980309009552 seconds


Epoch: 64
Training set avg loss: 0.0237
	center loss: 0.0074
conf_mat:
 [[219183      0      0 ...      0      0      0]
 [     0  14471    265 ...      0      0      0]
 [     0    276  25663 ...      0      0      0]
 ...
 [     0      0      0 ...  15313      0      0]
 [     0      0      0 ...      0  41014      0]
 [     0      0      0 ...      0      0   2007]]
Precision,Recall,macro_f1 0.9407206882527933 0.9454020246116105 0.9429978959518281
544.6541526317596 seconds
Test set avg loss: 0.1953
	center loss: 0.0004
conf_mat:
 [[40997     0     0 ...     0     0     0]
 [    0  2427    45 ...     0     0     0]
 [    0    25  3656 ...     0     0     0]
 ...
 [    0     0     0 ...  2357     0     0]
 [    0     0     0 ...     0  6208     0]
 [    0     0     0 ...     0     0   232]]
Precision,Recall,macro_f1 0.9352777981320546 0.9387116997852292 0.936638195776919
42.982930421829224 seconds


Epoch: 65
Training set avg loss: 0.0234
	center loss: 0.0073
conf_mat:
 [[219119      0      0 ...      0      0      0]
 [     0  14448    251 ...      0      0      0]
 [     0    279  25680 ...      0      0      0]
 ...
 [     0      0      0 ...  15316      0      0]
 [     0      0      0 ...      0  41092      0]
 [     0      0      0 ...      0      0   2006]]
Precision,Recall,macro_f1 0.9414206715782554 0.9460113309023209 0.9436531150163635
545.3915205001831 seconds
Test set avg loss: 0.1947
	center loss: 0.0004
conf_mat:
 [[40357     0     0 ...     0     0     0]
 [    0  2376    29 ...     0     0     0]
 [    0    23  3558 ...     0     0     0]
 ...
 [    0     0     0 ...  2487     0     0]
 [    0     0     0 ...     0  6091     0]
 [    0     0     0 ...     0     0   231]]
Precision,Recall,macro_f1 0.9372795575013115 0.9399035782147962 0.938255672916261
43.072930335998535 seconds


Epoch: 66
Training set avg loss: 0.0233
	center loss: 0.0072
conf_mat:
 [[219234      0      0 ...      0      0      0]
 [     0  14473    241 ...      0      0      0]
 [     0    256  25697 ...      0      0      0]
 ...
 [     0      0      0 ...  15330      0      0]
 [     0      0      0 ...      0  41091      0]
 [     0      0      0 ...      0      0   1999]]
Precision,Recall,macro_f1 0.9415740138544232 0.9461915707063867 0.9438209007677343
542.6266748905182 seconds
Test set avg loss: 0.1948
	center loss: 0.0004
conf_mat:
 [[39526     0     0 ...     0     0     0]
 [    0  2405    21 ...     0     0     0]
 [    0    39  3741 ...     0     0     0]
 ...
 [    0     0     0 ...  2446     0     0]
 [    0     0     0 ...     0  6222     0]
 [    0     0     0 ...     0     0   230]]
Precision,Recall,macro_f1 0.9345851911825743 0.9433244310501553 0.9386327207458345
43.05279994010925 seconds


Epoch: 67
Training set avg loss: 0.0231
	center loss: 0.0071
conf_mat:
 [[219258      0      0 ...      0      0      0]
 [     0  14446    243 ...      0      0      0]
 [     0    270  25743 ...      0      0      0]
 ...
 [     0      0      0 ...  15311      0      0]
 [     0      0      0 ...      0  41094      0]
 [     0      0      0 ...      0      0   2001]]
Precision,Recall,macro_f1 0.9421665894394285 0.9467579772349299 0.9444007767691246
541.4025411605835 seconds
Test set avg loss: 0.1956
	center loss: 0.0004
conf_mat:
 [[41160     0     0 ...     0     0     0]
 [    0  2414    28 ...     0     0     0]
 [    0    32  3624 ...     0     0     0]
 ...
 [    0     0     0 ...  2459     0     0]
 [    0     0     0 ...     0  6373     0]
 [    0     0     0 ...     0     0   230]]
Precision,Recall,macro_f1 0.9380670459342481 0.9390138082047268 0.9382426616650758
43.39722442626953 seconds


Epoch: 68
Training set avg loss: 0.0228
	center loss: 0.0070
conf_mat:
 [[219433      0      0 ...      0      0      0]
 [     0  14472    239 ...      0      0      0]
 [     0    254  25762 ...      0      0      0]
 ...
 [     0      0      0 ...  15367      0      0]
 [     0      0      0 ...      0  41098      0]
 [     0      0      0 ...      0      0   2004]]
Precision,Recall,macro_f1 0.9427859735534643 0.9473031224380278 0.9449830947359174
544.3301739692688 seconds
Test set avg loss: 0.1948
	center loss: 0.0004
conf_mat:
 [[40277     0     0 ...     0     0     0]
 [    0  2335    49 ...     0     0     0]
 [    0    16  3525 ...     0     0     0]
 ...
 [    0     0     0 ...  2397     0     0]
 [    0     0     0 ...     0  6119     0]
 [    0     0     0 ...     0     0   229]]
Precision,Recall,macro_f1 0.9365215869897908 0.939411090285438 0.9376224559836391
42.390143394470215 seconds


Epoch: 69
Training set avg loss: 0.0226
	center loss: 0.0069
conf_mat:
 [[219589      0      0 ...      0      0      0]
 [     0  14479    229 ...      0      0      0]
 [     0    252  25735 ...      0      0      0]
 ...
 [     0      0      0 ...  15339      0      0]
 [     0      0      0 ...      0  41055      0]
 [     0      0      0 ...      0      0   2010]]
Precision,Recall,macro_f1 0.9428104381502603 0.9472126876435786 0.944950993890743
544.2414546012878 seconds
Test set avg loss: 0.1932
	center loss: 0.0004
conf_mat:
 [[41675     0     0 ...     0     0     0]
 [    0  2453     8 ...     0     0     0]
 [    0    49  3616 ...     0     0     0]
 ...
 [    0     0     0 ...  2457     0     0]
 [    0     0     0 ...     0  6310     0]
 [    0     0     0 ...     0     0   233]]
Precision,Recall,macro_f1 0.9358200488557586 0.943689945426852 0.9394763212054035
43.00314426422119 seconds


Epoch: 70
Training set avg loss: 0.0225
	center loss: 0.0069
conf_mat:
 [[219433      0      0 ...      0      0      0]
 [     0  14466    239 ...      0      0      0]
 [     0    250  25731 ...      0      0      0]
 ...
 [     0      0      0 ...  15329      0      0]
 [     0      0      0 ...      0  41132      0]
 [     0      0      0 ...      0      0   2003]]
Precision,Recall,macro_f1 0.9431401736299029 0.947540339671691 0.9452801832221831
543.7388269901276 seconds
Test set avg loss: 0.1918
	center loss: 0.0004
conf_mat:
 [[40420     0     0 ...     0     0     0]
 [    0  2405    29 ...     0     0     0]
 [    0    23  3766 ...     0     0     0]
 ...
 [    0     0     0 ...  2466     0     0]
 [    0     0     0 ...     0  6268     0]
 [    0     0     0 ...     0     0   233]]
Precision,Recall,macro_f1 0.9361877350087291 0.9422945041075664 0.9390051984073954
43.04773283004761 seconds


Epoch: 71
Training set avg loss: 0.0222
	center loss: 0.0067
conf_mat:
 [[219820      0      0 ...      0      0      0]
 [     0  14469    256 ...      0      0      0]
 [     0    266  25739 ...      0      0      0]
 ...
 [     0      0      0 ...  15361      0      0]
 [     0      0      0 ...      0  41097      0]
 [     0      0      0 ...      0      0   2015]]
Precision,Recall,macro_f1 0.9437881802631612 0.948053648220621 0.9458625821577754
544.4336404800415 seconds
Test set avg loss: 0.1959
	center loss: 0.0004
conf_mat:
 [[39865     0     0 ...     0     0     0]
 [    0  2379    38 ...     0     0     0]
 [    0    22  3714 ...     0     0     0]
 ...
 [    0     0     0 ...  2402     0     0]
 [    0     0     0 ...     0  6155     0]
 [    0     0     0 ...     0     0   231]]
Precision,Recall,macro_f1 0.9347318401415127 0.9411286522146547 0.937618202841076
42.89065623283386 seconds


Epoch: 72
Training set avg loss: 0.0220
	center loss: 0.0066
conf_mat:
 [[219695      0      0 ...      0      0      0]
 [     0  14494    237 ...      0      0      0]
 [     0    272  25795 ...      0      0      0]
 ...
 [     0      0      0 ...  15348      0      0]
 [     0      0      0 ...      0  41145      0]
 [     0      0      0 ...      0      0   2012]]
Precision,Recall,macro_f1 0.9443651838553907 0.9487721973501623 0.9465092831795969
542.8764154911041 seconds
Test set avg loss: 0.1900
	center loss: 0.0004
conf_mat:
 [[39692     0     0 ...     0     0     0]
 [    0  2416    18 ...     0     0     0]
 [    0    29  3718 ...     0     0     0]
 ...
 [    0     0     0 ...  2389     0     0]
 [    0     0     0 ...     0  6387     0]
 [    0     0     0 ...     0     0   229]]
Precision,Recall,macro_f1 0.936535430130139 0.9406343747360988 0.938320019781294
42.99884796142578 seconds


Epoch: 73
Training set avg loss: 0.0218
	center loss: 0.0066
conf_mat:
 [[219432      0      0 ...      0      0      0]
 [     0  14541    233 ...      0      0      0]
 [     0    258  25799 ...      0      0      0]
 ...
 [     0      0      0 ...  15387      0      0]
 [     0      0      0 ...      0  41116      0]
 [     0      0      0 ...      0      0   2010]]
Precision,Recall,macro_f1 0.944628848199756 0.9488188691699719 0.9466636629500138
543.8766276836395 seconds
Test set avg loss: 0.1902
	center loss: 0.0004
conf_mat:
 [[40108     0     0 ...     0     0     0]
 [    0  2416    15 ...     0     0     0]
 [    0    39  3708 ...     0     0     0]
 ...
 [    0     0     0 ...  2428     0     0]
 [    0     0     0 ...     0  6248     0]
 [    0     0     0 ...     0     0   226]]
Precision,Recall,macro_f1 0.9380246194616406 0.9418818118829376 0.939731626198794
43.063536643981934 seconds


Epoch: 74
Training set avg loss: 0.0217
	center loss: 0.0065
conf_mat:
 [[219597      0      0 ...      0      0      0]
 [     0  14500    217 ...      0      0      0]
 [     0    273  25775 ...      0      0      0]
 ...
 [     0      0      0 ...  15419      0      0]
 [     0      0      0 ...      0  41176      0]
 [     0      0      0 ...      0      0   2001]]
Precision,Recall,macro_f1 0.9445390884534862 0.9489555192506758 0.9466878579320548
543.6434171199799 seconds
Test set avg loss: 0.1909
	center loss: 0.0004
conf_mat:
 [[39151     0     0 ...     0     0     0]
 [    0  2416    28 ...     0     0     0]
 [    0    28  3627 ...     0     0     0]
 ...
 [    0     0     0 ...  2434     0     0]
 [    0     0     0 ...     0  6247     0]
 [    0     0     0 ...     0     0   229]]
Precision,Recall,macro_f1 0.937900974723531 0.9361524940935017 0.9365180249190093
42.688820600509644 seconds


Epoch: 75
Training set avg loss: 0.0215
	center loss: 0.0064
conf_mat:
 [[219425      0      0 ...      0      0      0]
 [     0  14511    242 ...      0      0      0]
 [     0    258  25831 ...      0      0      0]
 ...
 [     0      0      0 ...  15367      0      0]
 [     0      0      0 ...      0  41230      0]
 [     0      0      0 ...      0      0   2006]]
Precision,Recall,macro_f1 0.9452912986210733 0.9494313137663255 0.9473016192287449
545.5893442630768 seconds
Test set avg loss: 0.1896
	center loss: 0.0004
conf_mat:
 [[40027     0     0 ...     0     0     0]
 [    0  2390    46 ...     0     0     0]
 [    0    13  3713 ...     0     0     0]
 ...
 [    0     0     0 ...  2425     0     0]
 [    0     0     0 ...     0  6200     0]
 [    0     0     0 ...     0     0   227]]
Precision,Recall,macro_f1 0.9386397101868628 0.9448093229408951 0.941562308528713
43.54072189331055 seconds


Epoch: 76
Training set avg loss: 0.0212
	center loss: 0.0063
conf_mat:
 [[219687      0      0 ...      0      0      0]
 [     0  14473    244 ...      0      0      0]
 [     0    267  25830 ...      0      0      0]
 ...
 [     0      0      0 ...  15387      0      0]
 [     0      0      0 ...      0  41148      0]
 [     0      0      0 ...      0      0   2009]]
Precision,Recall,macro_f1 0.9456395301296731 0.949842236418934 0.9476823025155173
548.4784362316132 seconds
Test set avg loss: 0.1919
	center loss: 0.0004
conf_mat:
 [[39492     0     0 ...     0     0     0]
 [    0  2413    29 ...     0     0     0]
 [    0    30  3617 ...     0     0     0]
 ...
 [    0     0     0 ...  2416     0     0]
 [    0     0     0 ...     0  6266     0]
 [    0     0     0 ...     0     0   231]]
Precision,Recall,macro_f1 0.9359413527927534 0.9409231263003328 0.9381453060023248
43.51829171180725 seconds


Epoch: 77
Training set avg loss: 0.0210
	center loss: 0.0062
conf_mat:
 [[219874      0      0 ...      0      0      0]
 [     0  14533    225 ...      0      0      0]
 [     0    256  25870 ...      0      0      0]
 ...
 [     0      0      0 ...  15452      0      0]
 [     0      0      0 ...      0  41223      0]
 [     0      0      0 ...      0      0   2010]]
Precision,Recall,macro_f1 0.9462650229610133 0.9504554729661827 0.9483024351144883
545.503865480423 seconds
Test set avg loss: 0.1856
	center loss: 0.0004
conf_mat:
 [[40756     0     0 ...     0     0     0]
 [    0  2410    43 ...     0     0     0]
 [    0    21  3556 ...     0     0     0]
 ...
 [    0     0     0 ...  2384     0     0]
 [    0     0     0 ...     0  6153     0]
 [    0     0     0 ...     0     0   231]]
Precision,Recall,macro_f1 0.9367395595477308 0.9396013210146691 0.9376541924677382
43.14109563827515 seconds


Epoch: 78
Training set avg loss: 0.0208
	center loss: 0.0062
conf_mat:
 [[220024      0      0 ...      0      0      0]
 [     0  14552    219 ...      0      0      0]
 [     0    268  25882 ...      0      0      0]
 ...
 [     0      0      0 ...  15428      0      0]
 [     0      0      0 ...      0  41257      0]
 [     0      0      0 ...      0      0   2003]]
Precision,Recall,macro_f1 0.9463900313593162 0.9504807067472056 0.948378413491533
540.8528921604156 seconds
Test set avg loss: 0.1887
	center loss: 0.0004
conf_mat:
 [[40279     0     0 ...     0     0     0]
 [    0  2354    13 ...     0     0     0]
 [    0    32  3574 ...     0     0     0]
 ...
 [    0     0     0 ...  2466     0     0]
 [    0     0     0 ...     0  6087     0]
 [    0     0     0 ...     0     0   233]]
Precision,Recall,macro_f1 0.9376710934972223 0.9404372946617264 0.9388219013487891
43.018800020217896 seconds


Epoch: 79
Training set avg loss: 0.0206
	center loss: 0.0061
conf_mat:
 [[220075      0      0 ...      0      0      0]
 [     0  14508    232 ...      0      0      0]
 [     0    236  25921 ...      0      0      0]
 ...
 [     0      0      0 ...  15425      0      0]
 [     0      0      0 ...      0  41224      0]
 [     0      0      0 ...      0      0   2016]]
Precision,Recall,macro_f1 0.9469965701376635 0.951006731478917 0.9489458624163389
540.1602396965027 seconds
Test set avg loss: 0.1845
	center loss: 0.0004
conf_mat:
 [[40382     0     0 ...     0     0     0]
 [    0  2416     8 ...     0     0     0]
 [    0    43  3554 ...     0     0     0]
 ...
 [    0     0     0 ...  2432     0     0]
 [    0     0     0 ...     0  5959     0]
 [    0     0     0 ...     0     0   228]]
Precision,Recall,macro_f1 0.9378582452676772 0.9406836279171773 0.9390254337861436
43.02345609664917 seconds


Epoch: 80
Training set avg loss: 0.0205
	center loss: 0.0060
conf_mat:
 [[220170      0      0 ...      0      0      0]
 [     0  14528    229 ...      0      0      0]
 [     0    254  25870 ...      0      0      0]
 ...
 [     0      0      0 ...  15457      0      0]
 [     0      0      0 ...      0  41276      0]
 [     0      0      0 ...      0      0   2022]]
Precision,Recall,macro_f1 0.9472498593904639 0.9513609630122664 0.9492486258180381
543.7755649089813 seconds
Test set avg loss: 0.1867
	center loss: 0.0003
conf_mat:
 [[39200     0     0 ...     0     0     0]
 [    0  2403    26 ...     0     0     0]
 [    0    40  3710 ...     0     0     0]
 ...
 [    0     0     0 ...  2455     0     0]
 [    0     0     0 ...     0  5853     0]
 [    0     0     0 ...     0     0   227]]
Precision,Recall,macro_f1 0.9380746799769869 0.9398876482528 0.938659073771336
43.041980504989624 seconds


Epoch: 81
Training set avg loss: 0.0203
	center loss: 0.0060
conf_mat:
 [[219920      0      0 ...      0      0      0]
 [     0  14551    221 ...      0      0      0]
 [     0    246  25902 ...      0      0      0]
 ...
 [     0      0      0 ...  15457      0      0]
 [     0      0      0 ...      0  41266      0]
 [     0      0      0 ...      0      0   2010]]
Precision,Recall,macro_f1 0.947669100943205 0.9516456395764191 0.9495999404225218
543.5513577461243 seconds
Test set avg loss: 0.1809
	center loss: 0.0003
conf_mat:
 [[40853     0     0 ...     0     0     0]
 [    0  2418    23 ...     0     0     0]
 [    0    34  3623 ...     0     0     0]
 ...
 [    0     0     0 ...  2408     0     0]
 [    0     0     0 ...     0  6070     0]
 [    0     0     0 ...     0     0   231]]
Precision,Recall,macro_f1 0.9364499367953418 0.9435945117888722 0.939801475700529
43.001254081726074 seconds


Epoch: 82
Training set avg loss: 0.0201
	center loss: 0.0059
conf_mat:
 [[220002      0      0 ...      0      0      0]
 [     0  14545    212 ...      0      0      0]
 [     0    249  25859 ...      0      0      0]
 ...
 [     0      0      0 ...  15470      0      0]
 [     0      0      0 ...      0  41335      0]
 [     0      0      0 ...      0      0   2019]]
Precision,Recall,macro_f1 0.9477009662553961 0.9515885284194258 0.9495881835361137
544.1421005725861 seconds
Test set avg loss: 0.1835
	center loss: 0.0003
conf_mat:
 [[40561     0     0 ...     0     0     0]
 [    0  2427    28 ...     0     0     0]
 [    0    34  3684 ...     0     0     0]
 ...
 [    0     0     0 ...  2373     0     0]
 [    0     0     0 ...     0  6041     0]
 [    0     0     0 ...     0     0   230]]
Precision,Recall,macro_f1 0.9363383483875091 0.9434401617148477 0.9397069203011816
43.122432231903076 seconds


Epoch: 83
Training set avg loss: 0.0200
	center loss: 0.0058
conf_mat:
 [[220216      0      0 ...      0      0      0]
 [     0  14547    210 ...      0      0      0]
 [     0    244  25912 ...      0      0      0]
 ...
 [     0      0      0 ...  15471      0      0]
 [     0      0      0 ...      0  41284      0]
 [     0      0      0 ...      0      0   2018]]
Precision,Recall,macro_f1 0.9483705004585363 0.9523320530895079 0.9502950197672123
543.5072302818298 seconds
Test set avg loss: 0.1818
	center loss: 0.0003
conf_mat:
 [[41168     0     0 ...     0     0     0]
 [    0  2414    15 ...     0     0     0]
 [    0    34  3676 ...     0     0     0]
 ...
 [    0     0     0 ...  2468     0     0]
 [    0     0     0 ...     0  6084     0]
 [    0     0     0 ...     0     0   231]]
Precision,Recall,macro_f1 0.9364461569659697 0.9429810371826802 0.93945010046954
42.8996148109436 seconds


Epoch: 84
Training set avg loss: 0.0198
	center loss: 0.0058
conf_mat:
 [[220325      0      0 ...      0      0      0]
 [     0  14570    207 ...      0      0      0]
 [     0    243  25922 ...      0      0      0]
 ...
 [     0      0      0 ...  15478      0      0]
 [     0      0      0 ...      0  41318      0]
 [     0      0      0 ...      0      0   2017]]
Precision,Recall,macro_f1 0.9489661191721185 0.9526389572709204 0.9507479166270083
543.0052390098572 seconds
Test set avg loss: 0.1833
	center loss: 0.0003
conf_mat:
 [[41869     0     0 ...     0     0     0]
 [    0  2404    38 ...     0     0     0]
 [    0    20  3673 ...     0     0     0]
 ...
 [    0     0     0 ...  2448     0     0]
 [    0     0     0 ...     0  6191     0]
 [    0     0     0 ...     0     0   230]]
Precision,Recall,macro_f1 0.9357703802454295 0.9449124440048138 0.9401067192315011
42.98051905632019 seconds


Epoch: 85
Training set avg loss: 0.0197
	center loss: 0.0057
conf_mat:
 [[220122      0      0 ...      0      0      0]
 [     0  14555    218 ...      0      0      0]
 [     0    252  25898 ...      0      0      0]
 ...
 [     0      0      0 ...  15458      0      0]
 [     0      0      0 ...      0  41305      0]
 [     0      0      0 ...      0      0   2016]]
Precision,Recall,macro_f1 0.9490455270921307 0.9529926274311582 0.9509630978669136
544.181732416153 seconds
Test set avg loss: 0.1838
	center loss: 0.0003
conf_mat:
 [[40562     0     0 ...     0     0     0]
 [    0  2441    16 ...     0     0     0]
 [    0    33  3661 ...     0     0     0]
 ...
 [    0     0     0 ...  2478     0     0]
 [    0     0     0 ...     0  6220     0]
 [    0     0     0 ...     0     0   225]]
Precision,Recall,macro_f1 0.9350638286605516 0.9416561656345088 0.9381032649749484
43.16488528251648 seconds


Epoch: 86
Training set avg loss: 0.0195
	center loss: 0.0057
conf_mat:
 [[220175      0      0 ...      0      0      0]
 [     0  14512    215 ...      0      0      0]
 [     0    247  25932 ...      0      0      0]
 ...
 [     0      0      0 ...  15492      0      0]
 [     0      0      0 ...      0  41438      0]
 [     0      0      0 ...      0      0   2021]]
Precision,Recall,macro_f1 0.949350774953819 0.953167218970876 0.9512036947685507
542.431592464447 seconds
Test set avg loss: 0.1841
	center loss: 0.0003
conf_mat:
 [[41084     0     0 ...     0     0     0]
 [    0  2368    17 ...     0     0     0]
 [    0    28  3556 ...     0     0     0]
 ...
 [    0     0     0 ...  2451     0     0]
 [    0     0     0 ...     0  6334     0]
 [    0     0     0 ...     0     0   228]]
Precision,Recall,macro_f1 0.9383049181802013 0.9395740489802507 0.9386781479576649
42.93599557876587 seconds


Epoch: 87
Training set avg loss: 0.0193
	center loss: 0.0056
conf_mat:
 [[220317      0      0 ...      0      0      0]
 [     0  14523    216 ...      0      0      0]
 [     0    255  25952 ...      0      0      0]
 ...
 [     0      0      0 ...  15471      0      0]
 [     0      0      0 ...      0  41369      0]
 [     0      0      0 ...      0      0   2023]]
Precision,Recall,macro_f1 0.9498506516907017 0.9536317637857671 0.9516873556486855
546.207524061203 seconds
Test set avg loss: 0.1821
	center loss: 0.0003
conf_mat:
 [[40791     0     0 ...     0     0     0]
 [    0  2390    42 ...     0     0     0]
 [    0    20  3558 ...     0     0     0]
 ...
 [    0     0     0 ...  2448     0     0]
 [    0     0     0 ...     0  6244     0]
 [    0     0     0 ...     0     0   229]]
Precision,Recall,macro_f1 0.938687713710943 0.9422225148587018 0.9402471582434733
43.043978214263916 seconds


Epoch: 88
Training set avg loss: 0.0192
	center loss: 0.0055
conf_mat:
 [[220550      0      0 ...      0      0      0]
 [     0  14559    214 ...      0      0      0]
 [     0    228  25946 ...      0      0      0]
 ...
 [     0      0      0 ...  15493      0      0]
 [     0      0      0 ...      0  41373      0]
 [     0      0      0 ...      0      0   2020]]
Precision,Recall,macro_f1 0.9500561417748908 0.9537402878289404 0.9518461847693283
543.5322027206421 seconds
Test set avg loss: 0.1817
	center loss: 0.0003
conf_mat:
 [[41120     0     0 ...     0     0     0]
 [    0  2413    33 ...     0     0     0]
 [    0    17  3660 ...     0     0     0]
 ...
 [    0     0     0 ...  2402     0     0]
 [    0     0     0 ...     0  6223     0]
 [    0     0     0 ...     0     0   229]]
Precision,Recall,macro_f1 0.9369910316812093 0.9396043730815892 0.9379916562655822
43.50095868110657 seconds


Epoch: 89
Training set avg loss: 0.0190
	center loss: 0.0055
conf_mat:
 [[220499      0      0 ...      0      0      0]
 [     0  14563    208 ...      0      0      0]
 [     0    232  25950 ...      0      0      0]
 ...
 [     0      0      0 ...  15483      0      0]
 [     0      0      0 ...      0  41401      0]
 [     0      0      0 ...      0      0   2017]]
Precision,Recall,macro_f1 0.9506419857537693 0.954247691380318 0.9523920940643851
543.7644240856171 seconds
Test set avg loss: 0.1800
	center loss: 0.0003
conf_mat:
 [[40835     0     0 ...     0     0     0]
 [    0  2430     9 ...     0     0     0]
 [    0    50  3653 ...     0     0     0]
 ...
 [    0     0     0 ...  2446     0     0]
 [    0     0     0 ...     0  6282     0]
 [    0     0     0 ...     0     0   229]]
Precision,Recall,macro_f1 0.9384867835052298 0.9415576094621051 0.9398544981475516
42.96289563179016 seconds


Epoch: 90
Training set avg loss: 0.0189
	center loss: 0.0054
conf_mat:
 [[220602      0      0 ...      0      0      0]
 [     0  14578    219 ...      0      0      0]
 [     0    236  25959 ...      0      0      0]
 ...
 [     0      0      0 ...  15534      0      0]
 [     0      0      0 ...      0  41411      0]
 [     0      0      0 ...      0      0   2017]]
Precision,Recall,macro_f1 0.9507939519266524 0.9545361977412826 0.9526115477762225
544.583065032959 seconds
Test set avg loss: 0.1799
	center loss: 0.0003
conf_mat:
 [[40703     0     0 ...     0     0     0]
 [    0  2442    25 ...     0     0     0]
 [    0    40  3766 ...     0     0     0]
 ...
 [    0     0     0 ...  2458     0     0]
 [    0     0     0 ...     0  6133     0]
 [    0     0     0 ...     0     0   235]]
Precision,Recall,macro_f1 0.9384337358909209 0.9422381489795078 0.9401265478279581
42.913949489593506 seconds
Best epoch:75

conf_mat:
 [[40027     0     0 ...     0     0     0]
 [    0  2390    46 ...     0     0     0]
 [    0    13  3713 ...     0     0     0]
 ...
 [    0     0     0 ...  2425     0     0]
 [    0     0     0 ...     0  6200     0]
 [    0     0     0 ...     0     0   227]]
Precison:0.9386
Recall:0.9448
f1:0.9416

]0;user1@CUDA1: /media/user1/MyHDataStor11/Data/CNN-Haotian/final_scripts/deep_FL_CL_ATT/training[01;32muser1@CUDA1[00m:[01;34m/media/user1/MyHDataStor11/Data/CNN-Haotian/final_scripts/deep_FL_CL__ATT/training[00m$ exit
exit

Script done on Wed 19 Sep 2018 12:36:10 AM EDT
