Script started on Wed 19 Sep 2018 12:57:32 AM EDT
-------- freesurfer-Linux-centos6_x86_64-stable-pub-v6.0.0-2beb96c --------
Setting up environment for FreeSurfer/FS-FAST (and FSL)
FREESURFER_HOME   /usr/local/freesurfer
FSFAST_HOME       /usr/local/freesurfer/fsfast
FSF_OUTPUT_FORMAT nii.gz
SUBJECTS_DIR      /usr/local/freesurfer/subjects
MNI_DIR           /usr/local/freesurfer/mni
FSL_DIR           /usr/local/fsl
]0;user1@CUDA1: /media/user1/MyHDataStor11/Data/CNN-Haotian/final_scripts/deep_FL_CL_ATT/training[01;32muser1@CUDA1[00m:[01;34m/media/user1/MyHDataStor11/Data/CNN-Haotian/final_scripts/deep_FL_CL__ATT/training[00m$ exitpython main_42_14_GPU2.py 
data loaded!
X_train_shape torch.Size([3569000, 3, 100])
X_test_shape torch.Size([1158760, 3, 100])


Epoch: 0
/media/user1/MyHDataStor11/Data/CNN-Haotian/final_scripts/deep_FL_CL_ATT/training/RESNET152_ATT_naive.py:176: UserWarning: Implicit dimension choice for log_softmax has been deprecated. Change the call to include dim=X as an argument.
  return F.log_softmax(x),embed,x_att#input=x,dim=1
Training set avg loss: 0.3511
	center loss: 5096.1312
conf_mat:
 [[166178      0      0 ...      0      0     86]
 [     0   9751    541 ...      0      0      6]
 [     0    456  18868 ...      0      0      6]
 ...
 [     4      0      0 ...   8490      0      0]
 [     3      0      1 ...      0  32009      6]
 [     1      0      0 ...      0      0    528]]
Precision,Recall,macro_f1 0.7522527266912427 0.6556575674361889 0.6955173251011766
547.8882381916046 seconds
Test set avg loss: 0.4105
	center loss: 116.4168
conf_mat:
 [[37115     0     0 ...     0     0     0]
 [    0  2295    54 ...     0     0     0]
 [    0    53  3611 ...     0     0     0]
 ...
 [    0     0     0 ...  2127     0     0]
 [    0     0     0 ...     0  5829     0]
 [    0     0     0 ...     0     0   159]]
Precision,Recall,macro_f1 0.8407478219844371 0.8623421834394683 0.850006542827945
42.88306784629822 seconds


Epoch: 1
Training set avg loss: 0.1011
	center loss: 1332.4964
conf_mat:
 [[198694      0      0 ...      0      0      0]
 [     0  12997    515 ...      0      0      0]
 [     0    511  23813 ...      0      0      0]
 ...
 [     0      0      0 ...  12937      0      0]
 [     0      0      0 ...      0  37514      0]
 [     0      0      0 ...      0      0   1680]]
Precision,Recall,macro_f1 0.8276179479468629 0.8497273790319401 0.838143102490985
545.185515165329 seconds
Test set avg loss: 0.3833
	center loss: 30.9786
conf_mat:
 [[36522     0     0 ...     0     0     0]
 [    0  2356    36 ...     0     0     0]
 [    0    38  3458 ...     0     0     0]
 ...
 [    0     0     0 ...  2109     0     0]
 [    0     0     0 ...     0  5674     0]
 [    0     0     0 ...     0     0   223]]
Precision,Recall,macro_f1 0.8599397013425584 0.8940018288581192 0.8749182109450266
42.925549030303955 seconds


Epoch: 2
Training set avg loss: 0.0940
	center loss: 327.7238
conf_mat:
 [[200862      0      0 ...      0      0      0]
 [     0  13262    533 ...      0      0      0]
 [     0    497  24119 ...      0      0      0]
 ...
 [     0      0      0 ...  13513      0      0]
 [     0      0      0 ...      0  38100      0]
 [     0      0      0 ...      0      0   1796]]
Precision,Recall,macro_f1 0.8436229047695257 0.8666092240796602 0.8546188318105952
546.2751023769379 seconds
Test set avg loss: 0.4244
	center loss: 7.1340
conf_mat:
 [[35820     0     0 ...     0     0     0]
 [    0  2337    60 ...     0     0     0]
 [    0    26  3486 ...     0     0     0]
 ...
 [    0     0     0 ...  2359     0     0]
 [    0     0     0 ...     0  5769     0]
 [    0     0     0 ...     0     0   223]]
Precision,Recall,macro_f1 0.8744316548247307 0.8923186507333766 0.8817473441612314
43.01746582984924 seconds


Epoch: 3
Training set avg loss: 0.1120
	center loss: 67.9726
conf_mat:
 [[174334      0      0 ...      0      0      0]
 [     0  13340    491 ...      0      0      0]
 [     0    418  24155 ...      0      0      0]
 ...
 [     0      0      0 ...  13895      0      0]
 [     0      0      0 ...      0  38721      0]
 [     0      0      0 ...      0      0   1833]]
Precision,Recall,macro_f1 0.8485501519371961 0.86670497787332 0.8565563182181144
545.6853358745575 seconds
Test set avg loss: 0.5490
	center loss: 1.6468
conf_mat:
 [[28728     0     0 ...     0     0     0]
 [    0  2323    37 ...     0     0     0]
 [    0    37  3635 ...     0     0     0]
 ...
 [    0     0     0 ...  2425     0     0]
 [    0     0     0 ...     0  5423     0]
 [    0     0     0 ...     0     0   222]]
Precision,Recall,macro_f1 0.8713144269992175 0.8852811709872179 0.875375939057657
42.672924280166626 seconds


Epoch: 4
Training set avg loss: 0.1643
	center loss: 13.3087
conf_mat:
 [[144884      0      0 ...      0      0      0]
 [     0  12662    527 ...      0      0      0]
 [     0    256  21191 ...      0      0      0]
 ...
 [     0      0      0 ...  14135      0      0]
 [     0      0      0 ...      0  37477      0]
 [     0      0      0 ...      0      0   1853]]
Precision,Recall,macro_f1 0.8450095510399246 0.8236812568137397 0.8244339189624592
544.8847846984863 seconds
/home/user1/anaconda3/lib/python3.6/site-packages/sklearn/metrics/classification.py:1135: UndefinedMetricWarning: Precision and F-score are ill-defined and being set to 0.0 in labels with no predicted samples.
  'precision', 'predicted', average, warn_for)
Test set avg loss: 0.6590
	center loss: 0.4984
conf_mat:
 [[29000     0     0 ...     0     0     0]
 [    0  2102   141 ...     0     0     0]
 [    0     9  3550 ...     0     0     0]
 ...
 [    0     0     0 ...  2340     0     0]
 [    0     0     0 ...     0  4773     0]
 [    0     0     0 ...     0     0   219]]
Precision,Recall,macro_f1 0.8492213898388045 0.7927252071638135 0.789928376524829
43.23468255996704 seconds


Epoch: 5
Training set avg loss: 0.1910
	center loss: 3.2119
conf_mat:
 [[162503      0      0 ...      0      0      0]
 [     0  11428    393 ...      0      0      0]
 [     0    134  14165 ...      0      0      0]
 ...
 [     0      0      0 ...  14185      0      0]
 [     0      0      0 ...      0  35808      0]
 [     0      0      0 ...      0      0   1873]]
Precision,Recall,macro_f1 0.8214037183328411 0.7459216258726281 0.7358234408727666
544.1906156539917 seconds
Test set avg loss: 0.6299
	center loss: 0.1850
conf_mat:
 [[27382     0     0 ...     0     0     0]
 [    0  2040    41 ...     0     0     0]
 [    0     9  2677 ...     0     0     0]
 ...
 [    0     0     0 ...  2347     0     0]
 [    0     0     0 ...     0  5694     0]
 [    0     0     0 ...     0     0   222]]
Precision,Recall,macro_f1 0.7724432544246475 0.7497283332051379 0.7339288984435134
43.116230964660645 seconds


Epoch: 6
Training set avg loss: 0.1744
	center loss: 1.1993
conf_mat:
 [[175006      0      0 ...      0      0      0]
 [     0  11869    391 ...      0      0      0]
 [     0    193  15248 ...      0      0      0]
 ...
 [     0      0      0 ...  14150      0      0]
 [     0      0      0 ...      0  35815      0]
 [     0      0      0 ...      0      0   1855]]
Precision,Recall,macro_f1 0.7881596343925927 0.7330051673460748 0.7147127611066644
546.5277729034424 seconds
Test set avg loss: 0.5905
	center loss: 0.1030
conf_mat:
 [[31919     0     0 ...     0     0     0]
 [    0  2167    82 ...     0     0     0]
 [    0    13  2863 ...     0     0     0]
 ...
 [    0     0     0 ...  2261     0     0]
 [    0     0     0 ...     0  5399     0]
 [    0     0     0 ...     0     0   226]]
Precision,Recall,macro_f1 0.7543677003603998 0.7579093360727784 0.7437703840905854
42.99736928939819 seconds


Epoch: 7
Training set avg loss: 0.1518
	center loss: 0.6152
conf_mat:
 [[182926      0      0 ...      0      0      0]
 [     0  12476    480 ...      0      0      0]
 [     0    281  17597 ...      0      0      0]
 ...
 [     0      0      0 ...  14256      0      0]
 [     0      0      0 ...      0  35632      0]
 [     0      0      0 ...      0      0   1851]]
Precision,Recall,macro_f1 0.7947759310778473 0.7453454396804946 0.7273695516342402
545.029684305191 seconds
Test set avg loss: 0.5310
	center loss: 0.0531
conf_mat:
 [[35568     0     0 ...     0     0     0]
 [    0  2204    59 ...     0     0     0]
 [    0    22  2399 ...     0     0     0]
 ...
 [    0     0     0 ...  2469     0     0]
 [    0     0     0 ...     0  5521     0]
 [    0     0     0 ...     0     0   225]]
Precision,Recall,macro_f1 0.7806304674432322 0.7692580238665172 0.7511708095729656
43.0526385307312 seconds


Epoch: 8
Training set avg loss: 0.1328
	center loss: 0.3756
conf_mat:
 [[188205      0      0 ...      0      0      0]
 [     0  12783    481 ...      0      0      0]
 [     0    364  20097 ...      0      0      0]
 ...
 [     0      0      0 ...  14312      0      0]
 [     0      0      0 ...      0  36186      0]
 [     0      0      0 ...      0      0   1831]]
Precision,Recall,macro_f1 0.8061078458826069 0.7695044482177663 0.7572235346889552
544.8626778125763 seconds
Test set avg loss: 0.5041
	center loss: 0.0382
conf_mat:
 [[34694     0     0 ...     0     0     0]
 [    0  2216    47 ...     0     0     0]
 [    0    13  2902 ...     0     0     0]
 ...
 [    0     0     0 ...  2428     0     0]
 [    0     0     0 ...     0  5391     0]
 [    0     0     0 ...     0     0   219]]
Precision,Recall,macro_f1 0.8073637278255019 0.7961323954253877 0.7851865679575255
42.80505990982056 seconds


Epoch: 9
Training set avg loss: 0.1181
	center loss: 0.2455
conf_mat:
 [[192355      0      0 ...      0      0      0]
 [     0  12993    511 ...      0      0      0]
 [     0    418  21257 ...      0      0      0]
 ...
 [     0      0      0 ...  14323      0      0]
 [     0      0      0 ...      0  36405      0]
 [     0      0      0 ...      0      0   1664]]
Precision,Recall,macro_f1 0.8450680793413455 0.7965415050481734 0.788362974959593
545.3010482788086 seconds
Test set avg loss: 0.4646
	center loss: 0.0239
conf_mat:
 [[35402     0     0 ...     0     0     0]
 [    0  2333    49 ...     0     0     0]
 [    0    26  3144 ...     0     0     0]
 ...
 [    0     0     0 ...  2465     0     0]
 [    0     0     0 ...     0  5327     0]
 [    0     0     0 ...     0     0   180]]
Precision,Recall,macro_f1 0.8465618288053476 0.8284291933237112 0.8257807917610989
42.7631094455719 seconds


Epoch: 10
Training set avg loss: 0.1056
	center loss: 0.1685
conf_mat:
 [[195152      0      0 ...      0      0      0]
 [     0  13168    507 ...      0      0      0]
 [     0    439  22184 ...      0      0      0]
 ...
 [     0      0      0 ...  14218      0      0]
 [     0      0      0 ...      0  36715      0]
 [     0      0      0 ...      0      0   1167]]
Precision,Recall,macro_f1 0.8494770388447309 0.81845629156685 0.8134698144603169
544.9786124229431 seconds
Test set avg loss: 0.4438
	center loss: 0.0177
conf_mat:
 [[37291     0     0 ...     0     0     0]
 [    0  2281    52 ...     0     0     0]
 [    0    32  3371 ...     0     0     0]
 ...
 [    0     0     0 ...  2396     0     0]
 [    0     0     0 ...     0  5586     0]
 [    0     0     0 ...     0     0   211]]
Precision,Recall,macro_f1 0.8662097934153127 0.850725883361478 0.8467093798746934
43.65640330314636 seconds


Epoch: 11
Training set avg loss: 0.0959
	center loss: 0.1223
conf_mat:
 [[198316      0      0 ...      0      0      0]
 [     0  13325    515 ...      0      0      0]
 [     0    467  22852 ...      0      0      0]
 ...
 [     0      0      0 ...  14141      0      0]
 [     0      0      0 ...      0  36895      0]
 [     0      0      0 ...      0      0    804]]
Precision,Recall,macro_f1 0.8566794530633051 0.8326888635269031 0.8270647349117533
545.5837469100952 seconds
Test set avg loss: 0.4103
	center loss: 0.0105
conf_mat:
 [[38528     0     0 ...     0     0     0]
 [    0  2165    78 ...     0     0     0]
 [    0    20  3614 ...     0     0     0]
 ...
 [    0     0     0 ...  2456     0     0]
 [    0     0     0 ...     0  5577     0]
 [    0     0     0 ...     0     0     2]]
Precision,Recall,macro_f1 0.8907673694430579 0.8557997522641398 0.8526427573133616
42.90073275566101 seconds


Epoch: 12
Training set avg loss: 0.0875
	center loss: 0.0928
conf_mat:
 [[200362      0      0 ...      0      0      0]
 [     0  13387    510 ...      0      0      0]
 [     0    425  23280 ...      0      0      0]
 ...
 [     0      0      0 ...  14134      0      0]
 [     0      0      0 ...      0  37230      0]
 [     0      0      0 ...      0      0    737]]
Precision,Recall,macro_f1 0.8629758498288629 0.8470964181714963 0.8436607793259915
544.8807573318481 seconds
Test set avg loss: 0.4298
	center loss: 0.0113
conf_mat:
 [[36061     0     0 ...     0     0     0]
 [    0  2360    85 ...     0     0     0]
 [    0    20  3320 ...     0     0     0]
 ...
 [    0     0     0 ...  2320     0     0]
 [    0     0     0 ...     0  5536     0]
 [    0     0     0 ...     0     0   100]]
Precision,Recall,macro_f1 0.8795121461258513 0.8659873780318423 0.8610936497509166
43.017085790634155 seconds


Epoch: 13
Training set avg loss: 0.0806
	center loss: 0.0707
conf_mat:
 [[202262      0      0 ...      0      0      0]
 [     0  13491    498 ...      0      0      0]
 [     0    430  23620 ...      0      0      0]
 ...
 [     0      0      0 ...  14149      0      0]
 [     0      0      0 ...      0  37582      0]
 [     0      0      0 ...      0      0   1024]]
Precision,Recall,macro_f1 0.8697563009315297 0.8642712556334792 0.8620579738808133
543.9403173923492 seconds
Test set avg loss: 0.3756
	center loss: 0.0053
conf_mat:
 [[38736     0     0 ...     0     0     0]
 [    0  2436    11 ...     0     0     0]
 [    0    73  3668 ...     0     0     0]
 ...
 [    0     0     0 ...  2387     0     0]
 [    0     0     0 ...     0  5916     0]
 [    0     0     0 ...     0     0   186]]
Precision,Recall,macro_f1 0.9009997344542648 0.9041757829972799 0.9008162597027813
42.91087985038757 seconds


Epoch: 14
Training set avg loss: 0.0748
	center loss: 0.0574
conf_mat:
 [[204110      0      0 ...      0      0      0]
 [     0  13515    493 ...      0      0      0]
 [     0    456  23836 ...      0      0      0]
 ...
 [     0      0      0 ...  14258      0      0]
 [     0      0      0 ...      0  37881      0]
 [     0      0      0 ...      0      0   1584]]
Precision,Recall,macro_f1 0.8769823466006741 0.880027656049675 0.8771764114506493
543.8047232627869 seconds
Test set avg loss: 0.3674
	center loss: 0.0044
conf_mat:
 [[37033     0     0 ...     0     0     0]
 [    0  2381    31 ...     0     0     0]
 [    0    55  3613 ...     0     0     0]
 ...
 [    0     0     0 ...  2413     0     0]
 [    0     0     0 ...     0  5746     0]
 [    0     0     0 ...     0     0   151]]
Precision,Recall,macro_f1 0.90369848811485 0.8915919139813266 0.8934669846845046
43.18941783905029 seconds


Epoch: 15
Training set avg loss: 0.0696
	center loss: 0.0468
conf_mat:
 [[205139      0      0 ...      0      0      0]
 [     0  13619    502 ...      0      0      0]
 [     0    486  23972 ...      0      0      0]
 ...
 [     0      0      0 ...  14217      0      0]
 [     0      0      0 ...      0  38077      0]
 [     0      0      0 ...      0      0   1740]]
Precision,Recall,macro_f1 0.8825233964886323 0.8885011270654055 0.884864196919094
545.6011598110199 seconds
Test set avg loss: 0.3445
	center loss: 0.0031
conf_mat:
 [[39016     0     0 ...     0     0     0]
 [    0  2277    68 ...     0     0     0]
 [    0    20  3581 ...     0     0     0]
 ...
 [    0     0     0 ...  2422     0     0]
 [    0     0     0 ...     0  5561     0]
 [    0     0     0 ...     0     0   224]]
Precision,Recall,macro_f1 0.9126130162425792 0.9053201936722491 0.9073573233687254
42.6027045249939 seconds


Epoch: 16
Training set avg loss: 0.0650
	center loss: 0.0404
conf_mat:
 [[206313      0      0 ...      0      0      0]
 [     0  13697    493 ...      0      0      0]
 [     0    457  24167 ...      0      0      0]
 ...
 [     0      0      0 ...  14358      0      0]
 [     0      0      0 ...      0  38358      0]
 [     0      0      0 ...      0      0   1859]]
Precision,Recall,macro_f1 0.8868945204310689 0.8939866641387441 0.8900269143174099
545.162789106369 seconds
Test set avg loss: 0.3394
	center loss: 0.0033
conf_mat:
 [[37370     0     0 ...     0     0     0]
 [    0  2349    46 ...     0     0     0]
 [    0    39  3706 ...     0     0     0]
 ...
 [    0     0     0 ...  2441     0     0]
 [    0     0     0 ...     0  5649     0]
 [    0     0     0 ...     0     0   225]]
Precision,Recall,macro_f1 0.9103284175310782 0.9094269242669012 0.9088118907040666
42.98531150817871 seconds


Epoch: 17
Training set avg loss: 0.0612
	center loss: 0.0351
conf_mat:
 [[207425      0      0 ...      0      0      0]
 [     0  13754    448 ...      0      0      0]
 [     0    448  24242 ...      0      0      0]
 ...
 [     0      0      0 ...  14365      0      0]
 [     0      0      0 ...      0  38481      0]
 [     0      0      0 ...      0      0   1900]]
Precision,Recall,macro_f1 0.8906891968370271 0.8987315725105254 0.8944225141496503
545.3490824699402 seconds
Test set avg loss: 0.3275
	center loss: 0.0022
conf_mat:
 [[37187     0     0 ...     0     0     0]
 [    0  2374    32 ...     0     0     0]
 [    0    34  3010 ...     0     0     0]
 ...
 [    0     0     0 ...  2389     0     0]
 [    0     0     0 ...     0  6004     0]
 [    0     0     0 ...     0     0   226]]
Precision,Recall,macro_f1 0.9105531834427878 0.9175097963628476 0.9131490200261012
43.15938973426819 seconds


Epoch: 18
Training set avg loss: 0.0576
	center loss: 0.0308
conf_mat:
 [[208458      0      0 ...      0      0      0]
 [     0  13740    486 ...      0      0      0]
 [     0    420  24361 ...      0      0      0]
 ...
 [     0      0      0 ...  14448      0      0]
 [     0      0      0 ...      0  38835      0]
 [     0      0      0 ...      0      0   1926]]
Precision,Recall,macro_f1 0.894367743322962 0.9025708687452425 0.8982297009784175
545.0014746189117 seconds
Test set avg loss: 0.3146
	center loss: 0.0019
conf_mat:
 [[39189     0     0 ...     0     0     0]
 [    0  2411    48 ...     0     0     0]
 [    0    29  3570 ...     0     0     0]
 ...
 [    0     0     0 ...  2381     0     0]
 [    0     0     0 ...     0  5712     0]
 [    0     0     0 ...     0     0   224]]
Precision,Recall,macro_f1 0.9156042566417709 0.9181839592447129 0.9162152700016495
43.73893141746521 seconds


Epoch: 19
Training set avg loss: 0.0549
	center loss: 0.0282
conf_mat:
 [[209317      0      0 ...      0      0      0]
 [     0  13882    430 ...      0      0      0]
 [     0    446  24385 ...      0      0      0]
 ...
 [     0      0      0 ...  14480      0      0]
 [     0      0      0 ...      0  38909      0]
 [     0      0      0 ...      0      0   1934]]
Precision,Recall,macro_f1 0.8970760606476277 0.9051435801031495 0.9008925580319597
544.611661195755 seconds
Test set avg loss: 0.3047
	center loss: 0.0016
conf_mat:
 [[40007     0     0 ...     0     0     0]
 [    0  2363    29 ...     0     0     0]
 [    0    33  3729 ...     0     0     0]
 ...
 [    0     0     0 ...  2464     0     0]
 [    0     0     0 ...     0  6068     0]
 [    0     0     0 ...     0     0   234]]
Precision,Recall,macro_f1 0.9149368623089613 0.9195836190080162 0.9166987284569331
43.68787622451782 seconds


Epoch: 20
Training set avg loss: 0.0524
	center loss: 0.0258
conf_mat:
 [[210123      0      0 ...      0      0      0]
 [     0  13913    439 ...      0      0      0]
 [     0    427  24478 ...      0      0      0]
 ...
 [     0      0      0 ...  14579      0      0]
 [     0      0      0 ...      0  39129      0]
 [     0      0      0 ...      0      0   1948]]
Precision,Recall,macro_f1 0.899945675244319 0.9082125362234137 0.9038950271721562
546.9153275489807 seconds
Test set avg loss: 0.2980
	center loss: 0.0014
conf_mat:
 [[38887     0     0 ...     0     0     0]
 [    0  2423    32 ...     0     0     0]
 [    0    56  3380 ...     0     0     0]
 ...
 [    0     0     0 ...  2451     0     0]
 [    0     0     0 ...     0  5886     0]
 [    0     0     0 ...     0     0   227]]
Precision,Recall,macro_f1 0.9173609159145387 0.9246375324807689 0.9202325153473537
42.9836323261261 seconds


Epoch: 21
Training set avg loss: 0.0502
	center loss: 0.0239
conf_mat:
 [[210957      0      0 ...      0      0      0]
 [     0  13893    431 ...      0      0      0]
 [     0    426  24590 ...      0      0      0]
 ...
 [     0      0      0 ...  14568      0      0]
 [     0      0      0 ...      0  39214      0]
 [     0      0      0 ...      0      0   1941]]
Precision,Recall,macro_f1 0.9024243016163322 0.9106326310328352 0.9063615265160314
545.1069161891937 seconds
Test set avg loss: 0.2948
	center loss: 0.0014
conf_mat:
 [[39497     0     0 ...     0     0     0]
 [    0  2398    24 ...     0     0     0]
 [    0    34  3484 ...     0     0     0]
 ...
 [    0     0     0 ...  2412     0     0]
 [    0     0     0 ...     0  6068     0]
 [    0     0     0 ...     0     0   237]]
Precision,Recall,macro_f1 0.9175858220365734 0.9209927695276703 0.9185386983257964
43.18984866142273 seconds


Epoch: 22
Training set avg loss: 0.0481
	center loss: 0.0223
conf_mat:
 [[211595      0      0 ...      0      0      0]
 [     0  13902    451 ...      0      0      0]
 [     0    413  24672 ...      0      0      0]
 ...
 [     0      0      0 ...  14655      0      0]
 [     0      0      0 ...      0  39434      0]
 [     0      0      0 ...      0      0   1962]]
Precision,Recall,macro_f1 0.9054402705466787 0.9135886312177235 0.9093591696179555
544.4404399394989 seconds
Test set avg loss: 0.2890
	center loss: 0.0013
conf_mat:
 [[37933     0     0 ...     0     0     0]
 [    0  2367    14 ...     0     0     0]
 [    0    89  3400 ...     0     0     0]
 ...
 [    0     0     0 ...  2446     0     0]
 [    0     0     0 ...     0  5699     0]
 [    0     0     0 ...     0     0   226]]
Precision,Recall,macro_f1 0.9189171481903231 0.9217660981681838 0.9193214945844879
43.025475025177 seconds


Epoch: 23
Training set avg loss: 0.0465
	center loss: 0.0210
conf_mat:
 [[212155      0      0 ...      0      0      0]
 [     0  13997    410 ...      0      0      0]
 [     0    398  24730 ...      0      0      0]
 ...
 [     0      0      0 ...  14676      0      0]
 [     0      0      0 ...      0  39532      0]
 [     0      0      0 ...      0      0   1954]]
Precision,Recall,macro_f1 0.9069598515323435 0.9147060035409873 0.9106881797267454
545.2772891521454 seconds
Test set avg loss: 0.2815
	center loss: 0.0011
conf_mat:
 [[38964     0     0 ...     0     0     0]
 [    0  2438    31 ...     0     0     0]
 [    0    26  3459 ...     0     0     0]
 ...
 [    0     0     0 ...  2429     0     0]
 [    0     0     0 ...     0  6006     0]
 [    0     0     0 ...     0     0   229]]
Precision,Recall,macro_f1 0.9217688781192226 0.9303555072241438 0.9255340102753458
42.98916220664978 seconds


Epoch: 24
Training set avg loss: 0.0451
	center loss: 0.0199
conf_mat:
 [[212357      0      0 ...      0      0      0]
 [     0  14021    418 ...      0      0      0]
 [     0    404  24824 ...      0      0      0]
 ...
 [     0      0      0 ...  14664      0      0]
 [     0      0      0 ...      0  39572      0]
 [     0      0      0 ...      0      0   1963]]
Precision,Recall,macro_f1 0.9090075950541469 0.9169018397982035 0.9128233376030718
545.9838008880615 seconds
Test set avg loss: 0.2730
	center loss: 0.0010
conf_mat:
 [[38853     0     0 ...     0     0     0]
 [    0  2422    10 ...     0     0     0]
 [    0    42  3546 ...     0     0     0]
 ...
 [    0     0     0 ...  2423     0     0]
 [    0     0     0 ...     0  6065     0]
 [    0     0     0 ...     0     0   229]]
Precision,Recall,macro_f1 0.9250829590237768 0.9285387247666627 0.9261311105838613
43.20863604545593 seconds


Epoch: 25
Training set avg loss: 0.0436
	center loss: 0.0188
conf_mat:
 [[212948      0      0 ...      0      0      0]
 [     0  14001    414 ...      0      0      0]
 [     0    400  24886 ...      0      0      0]
 ...
 [     0      0      0 ...  14710      0      0]
 [     0      0      0 ...      0  39709      0]
 [     0      0      0 ...      0      0   1963]]
Precision,Recall,macro_f1 0.9106497437848239 0.9182917319373293 0.9143451003738656
544.9706747531891 seconds
Test set avg loss: 0.2681
	center loss: 0.0010
conf_mat:
 [[38116     0     0 ...     0     0     0]
 [    0  2407    28 ...     0     0     0]
 [    0    31  3548 ...     0     0     0]
 ...
 [    0     0     0 ...  2432     0     0]
 [    0     0     0 ...     0  6095     0]
 [    0     0     0 ...     0     0   233]]
Precision,Recall,macro_f1 0.9235466891321736 0.9281179304750304 0.9252921273515209
43.81708765029907 seconds


Epoch: 26
Training set avg loss: 0.0424
	center loss: 0.0180
conf_mat:
 [[213540      0      0 ...      0      0      0]
 [     0  14055    392 ...      0      0      0]
 [     0    368  24920 ...      0      0      0]
 ...
 [     0      0      0 ...  14745      0      0]
 [     0      0      0 ...      0  39803      0]
 [     0      0      0 ...      0      0   1977]]
Precision,Recall,macro_f1 0.9119731060722261 0.9197735628438009 0.9157533930247438
546.735696554184 seconds
Test set avg loss: 0.2641
	center loss: 0.0009
conf_mat:
 [[40262     0     0 ...     0     0     0]
 [    0  2388    48 ...     0     0     0]
 [    0    15  3596 ...     0     0     0]
 ...
 [    0     0     0 ...  2389     0     0]
 [    0     0     0 ...     0  6150     0]
 [    0     0     0 ...     0     0   230]]
Precision,Recall,macro_f1 0.9250503570577653 0.9303282185503157 0.9273909987719615
43.54194450378418 seconds


Epoch: 27
Training set avg loss: 0.0411
	center loss: 0.0172
conf_mat:
 [[213949      0      0 ...      0      0      0]
 [     0  14031    379 ...      0      0      0]
 [     0    359  24974 ...      0      0      0]
 ...
 [     0      0      0 ...  14768      0      0]
 [     0      0      0 ...      0  39923      0]
 [     0      0      0 ...      0      0   1974]]
Precision,Recall,macro_f1 0.9138238612621905 0.9213056776977544 0.9174482259070115
544.9111762046814 seconds
Test set avg loss: 0.2590
	center loss: 0.0009
conf_mat:
 [[41090     0     0 ...     0     0     0]
 [    0  2393    10 ...     0     0     0]
 [    0    67  3723 ...     0     0     0]
 ...
 [    0     0     0 ...  2442     0     0]
 [    0     0     0 ...     0  5998     0]
 [    0     0     0 ...     0     0   228]]
Precision,Recall,macro_f1 0.9248895969773506 0.9315276682874198 0.9278658294860679
43.45108366012573 seconds


Epoch: 28
Training set avg loss: 0.0401
	center loss: 0.0165
conf_mat:
 [[214113      0      0 ...      0      0      0]
 [     0  14122    360 ...      0      0      0]
 [     0    360  25010 ...      0      0      0]
 ...
 [     0      0      0 ...  14782      0      0]
 [     0      0      0 ...      0  39936      0]
 [     0      0      0 ...      0      0   1955]]
Precision,Recall,macro_f1 0.9148415187184766 0.9223449080101624 0.9184811443859305
545.0025026798248 seconds
Test set avg loss: 0.2557
	center loss: 0.0009
conf_mat:
 [[39428     0     0 ...     0     0     0]
 [    0  2239    70 ...     0     0     0]
 [    0    11  3402 ...     0     0     0]
 ...
 [    0     0     0 ...  2417     0     0]
 [    0     0     0 ...     0  5794     0]
 [    0     0     0 ...     0     0   227]]
Precision,Recall,macro_f1 0.9235404617878008 0.9319757300849676 0.9271260203544207
42.96318697929382 seconds


Epoch: 29
Training set avg loss: 0.0391
	center loss: 0.0158
conf_mat:
 [[214516      0      0 ...      0      0      0]
 [     0  14096    378 ...      0      0      0]
 [     0    390  24987 ...      0      0      0]
 ...
 [     0      0      0 ...  14849      0      0]
 [     0      0      0 ...      0  40005      0]
 [     0      0      0 ...      0      0   1967]]
Precision,Recall,macro_f1 0.9165884674629731 0.9237675763302107 0.9200717314814147
544.0684180259705 seconds
Test set avg loss: 0.2537
	center loss: 0.0008
conf_mat:
 [[38445     0     0 ...     0     0     0]
 [    0  2439    23 ...     0     0     0]
 [    0    47  3389 ...     0     0     0]
 ...
 [    0     0     0 ...  2428     0     0]
 [    0     0     0 ...     0  6208     0]
 [    0     0     0 ...     0     0   224]]
Precision,Recall,macro_f1 0.92548519380479 0.931975770863307 0.9283004352469478
43.14760947227478 seconds


Epoch: 30
Training set avg loss: 0.0381
	center loss: 0.0153
conf_mat:
 [[214982      0      0 ...      0      0      0]
 [     0  14120    369 ...      0      0      0]
 [     0    374  25051 ...      0      0      0]
 ...
 [     0      0      0 ...  14870      0      0]
 [     0      0      0 ...      0  40057      0]
 [     0      0      0 ...      0      0   1972]]
Precision,Recall,macro_f1 0.9180590608882621 0.9251389729865129 0.9214943428782101
545.6048140525818 seconds
Test set avg loss: 0.2498
	center loss: 0.0008
conf_mat:
 [[41266     0     0 ...     0     0     0]
 [    0  2410    31 ...     0     0     0]
 [    0    33  3661 ...     0     0     0]
 ...
 [    0     0     0 ...  2430     0     0]
 [    0     0     0 ...     0  5963     0]
 [    0     0     0 ...     0     0   230]]
Precision,Recall,macro_f1 0.9293129947407903 0.9299216392535021 0.9292724151345684
42.47241830825806 seconds


Epoch: 31
Training set avg loss: 0.0373
	center loss: 0.0147
conf_mat:
 [[215245      0      0 ...      0      0      0]
 [     0  14134    361 ...      0      0      0]
 [     0    361  25048 ...      0      0      0]
 ...
 [     0      0      0 ...  14863      0      0]
 [     0      0      0 ...      0  40113      0]
 [     0      0      0 ...      0      0   1979]]
Precision,Recall,macro_f1 0.9183391242468446 0.9253474142653975 0.9217421785059092
544.9337885379791 seconds
Test set avg loss: 0.2481
	center loss: 0.0008
conf_mat:
 [[40607     0     0 ...     0     0     0]
 [    0  2442    43 ...     0     0     0]
 [    0    33  3185 ...     0     0     0]
 ...
 [    0     0     0 ...  2481     0     0]
 [    0     0     0 ...     0  5895     0]
 [    0     0     0 ...     0     0   232]]
Precision,Recall,macro_f1 0.9278865174187534 0.9291212602969727 0.9279210464540644
42.701653718948364 seconds


Epoch: 32
Training set avg loss: 0.0367
	center loss: 0.0143
conf_mat:
 [[215099      0      0 ...      0      0      0]
 [     0  14181    351 ...      0      0      0]
 [     0    352  25088 ...      0      0      0]
 ...
 [     0      0      0 ...  14888      0      0]
 [     0      0      0 ...      0  40187      0]
 [     0      0      0 ...      0      0   1973]]
Precision,Recall,macro_f1 0.9199333551312744 0.9266626974878642 0.9231993265574279
545.6312499046326 seconds
Test set avg loss: 0.2434
	center loss: 0.0007
conf_mat:
 [[40666     0     0 ...     0     0     0]
 [    0  2394    36 ...     0     0     0]
 [    0    21  3551 ...     0     0     0]
 ...
 [    0     0     0 ...  2471     0     0]
 [    0     0     0 ...     0  6004     0]
 [    0     0     0 ...     0     0   234]]
Precision,Recall,macro_f1 0.9285262604569589 0.9324013257642149 0.9300495000767228
43.706453800201416 seconds


Epoch: 33
Training set avg loss: 0.0358
	center loss: 0.0138
conf_mat:
 [[215763      0      0 ...      0      0      0]
 [     0  14185    333 ...      0      0      0]
 [     0    357  25138 ...      0      0      0]
 ...
 [     0      0      0 ...  14924      0      0]
 [     0      0      0 ...      0  40288      0]
 [     0      0      0 ...      0      0   1988]]
Precision,Recall,macro_f1 0.9210915794945383 0.9278837621809645 0.9243902895878447
545.403938293457 seconds
Test set avg loss: 0.2457
	center loss: 0.0007
conf_mat:
 [[37892     0     0 ...     0     0     0]
 [    0  2345    25 ...     0     0     0]
 [    0    34  3509 ...     0     0     0]
 ...
 [    0     0     0 ...  2390     0     0]
 [    0     0     0 ...     0  6055     0]
 [    0     0     0 ...     0     0   229]]
Precision,Recall,macro_f1 0.9289568058287095 0.9312887959746875 0.9295823809799152
42.9154736995697 seconds


Epoch: 34
Training set avg loss: 0.0351
	center loss: 0.0134
conf_mat:
 [[215760      0      0 ...      0      0      0]
 [     0  14172    356 ...      0      0      0]
 [     0    369  25138 ...      0      0      0]
 ...
 [     0      0      0 ...  14962      0      0]
 [     0      0      0 ...      0  40218      0]
 [     0      0      0 ...      0      0   1989]]
Precision,Recall,macro_f1 0.9224956188632766 0.9292245837799997 0.9257673970732134
545.7264544963837 seconds
Test set avg loss: 0.2373
	center loss: 0.0007
conf_mat:
 [[40252     0     0 ...     0     0     0]
 [    0  2431    21 ...     0     0     0]
 [    0    31  3573 ...     0     0     0]
 ...
 [    0     0     0 ...  2441     0     0]
 [    0     0     0 ...     0  6204     0]
 [    0     0     0 ...     0     0   237]]
Precision,Recall,macro_f1 0.9311597360441284 0.9366701580340193 0.9333898083967677
43.15926218032837 seconds


Epoch: 35
Training set avg loss: 0.0344
	center loss: 0.0130
conf_mat:
 [[215784      0      0 ...      0      0      0]
 [     0  14231    346 ...      0      0      0]
 [     0    354  25128 ...      0      0      0]
 ...
 [     0      0      0 ...  14959      0      0]
 [     0      0      0 ...      0  40299      0]
 [     0      0      0 ...      0      0   1983]]
Precision,Recall,macro_f1 0.9231473303302015 0.9296181379034588 0.9262906316960297
544.932489156723 seconds
Test set avg loss: 0.2361
	center loss: 0.0007
conf_mat:
 [[39996     0     0 ...     0     0     0]
 [    0  2437    12 ...     0     0     0]
 [    0    40  3712 ...     0     0     0]
 ...
 [    0     0     0 ...  2451     0     0]
 [    0     0     0 ...     0  6200     0]
 [    0     0     0 ...     0     0   234]]
Precision,Recall,macro_f1 0.9319373162799889 0.9350228977050127 0.9330782649886694
42.820422887802124 seconds


Epoch: 36
Training set avg loss: 0.0339
	center loss: 0.0126
conf_mat:
 [[216300      0      0 ...      0      0      0]
 [     0  14201    345 ...      0      0      0]
 [     0    323  25229 ...      0      0      0]
 ...
 [     0      0      0 ...  14959      0      0]
 [     0      0      0 ...      0  40309      0]
 [     0      0      0 ...      0      0   1981]]
Precision,Recall,macro_f1 0.9240317393120527 0.930467975144601 0.9271624297692438
544.7799801826477 seconds
Test set avg loss: 0.2330
	center loss: 0.0007
conf_mat:
 [[40364     0     0 ...     0     0     0]
 [    0  2441    29 ...     0     0     0]
 [    0    27  3546 ...     0     0     0]
 ...
 [    0     0     0 ...  2479     0     0]
 [    0     0     0 ...     0  5999     0]
 [    0     0     0 ...     0     0   227]]
Precision,Recall,macro_f1 0.9311093568942788 0.9343937492468746 0.9322228551379015
42.96442246437073 seconds


Epoch: 37
Training set avg loss: 0.0332
	center loss: 0.0123
conf_mat:
 [[216531      0      0 ...      0      0      0]
 [     0  14225    319 ...      0      0      0]
 [     0    328  25170 ...      0      0      0]
 ...
 [     0      0      0 ...  14987      0      0]
 [     0      0      0 ...      0  40326      0]
 [     0      0      0 ...      0      0   1980]]
Precision,Recall,macro_f1 0.9244912974770245 0.9309588191344983 0.9276398869960458
545.8297719955444 seconds
Test set avg loss: 0.2325
	center loss: 0.0007
conf_mat:
 [[39945     0     0 ...     0     0     0]
 [    0  2499     3 ...     0     0     0]
 [    0    72  3551 ...     0     0     0]
 ...
 [    0     0     0 ...  2448     0     0]
 [    0     0     0 ...     0  6158     0]
 [    0     0     0 ...     0     0   233]]
Precision,Recall,macro_f1 0.9321619549292284 0.936171503793586 0.933713187997181
43.61844873428345 seconds


Epoch: 38
Training set avg loss: 0.0326
	center loss: 0.0120
conf_mat:
 [[216670      0      0 ...      0      0      0]
 [     0  14246    327 ...      0      0      0]
 [     0    344  25265 ...      0      0      0]
 ...
 [     0      0      0 ...  15005      0      0]
 [     0      0      0 ...      0  40435      0]
 [     0      0      0 ...      0      0   1985]]
Precision,Recall,macro_f1 0.9257667012495847 0.932163685607088 0.9288809701895449
544.7392961978912 seconds
Test set avg loss: 0.2269
	center loss: 0.0006
conf_mat:
 [[40006     0     0 ...     0     0     0]
 [    0  2435     4 ...     0     0     0]
 [    0    65  3621 ...     0     0     0]
 ...
 [    0     0     0 ...  2413     0     0]
 [    0     0     0 ...     0  6103     0]
 [    0     0     0 ...     0     0   223]]
Precision,Recall,macro_f1 0.9305430041066125 0.9362092135499233 0.933130513498035
43.66304087638855 seconds


Epoch: 39
Training set avg loss: 0.0321
	center loss: 0.0117
conf_mat:
 [[216870      0      0 ...      0      0      0]
 [     0  14277    281 ...      0      0      0]
 [     0    327  25252 ...      0      0      0]
 ...
 [     0      0      0 ...  15000      0      0]
 [     0      0      0 ...      0  40461      0]
 [     0      0      0 ...      0      0   1985]]
Precision,Recall,macro_f1 0.9267713674250069 0.933105128986034 0.9298528954733761
545.26615691185 seconds
Test set avg loss: 0.2266
	center loss: 0.0006
conf_mat:
 [[39643     0     0 ...     0     0     0]
 [    0  2419    40 ...     0     0     0]
 [    0    31  3749 ...     0     0     0]
 ...
 [    0     0     0 ...  2362     0     0]
 [    0     0     0 ...     0  6246     0]
 [    0     0     0 ...     0     0   230]]
Precision,Recall,macro_f1 0.930361953395406 0.9384871569896307 0.9340346403933881
43.008756160736084 seconds


Epoch: 40
Training set avg loss: 0.0316
	center loss: 0.0114
conf_mat:
 [[216853      0      0 ...      0      0      0]
 [     0  14286    309 ...      0      0      0]
 [     0    335  25236 ...      0      0      0]
 ...
 [     0      0      0 ...  15058      0      0]
 [     0      0      0 ...      0  40494      0]
 [     0      0      0 ...      0      0   1996]]
Precision,Recall,macro_f1 0.9275843015343918 0.9338011362040654 0.9306092635269937
545.6245594024658 seconds
Test set avg loss: 0.2251
	center loss: 0.0006
conf_mat:
 [[39672     0     0 ...     0     0     0]
 [    0  2339    77 ...     0     0     0]
 [    0    15  3474 ...     0     0     0]
 ...
 [    0     0     0 ...  2426     0     0]
 [    0     0     0 ...     0  6046     0]
 [    0     0     0 ...     0     0   229]]
Precision,Recall,macro_f1 0.9326268150009646 0.935004780690016 0.933425774815972
43.399524211883545 seconds


Epoch: 41
Training set avg loss: 0.0312
	center loss: 0.0111
conf_mat:
 [[217118      0      0 ...      0      0      0]
 [     0  14282    317 ...      0      0      0]
 [     0    324  25318 ...      0      0      0]
 ...
 [     0      0      0 ...  15045      0      0]
 [     0      0      0 ...      0  40614      0]
 [     0      0      0 ...      0      0   1980]]
Precision,Recall,macro_f1 0.9278846948663232 0.934011327696867 0.9308658690728661
544.8262498378754 seconds
Test set avg loss: 0.2244
	center loss: 0.0006
conf_mat:
 [[40564     0     0 ...     0     0     0]
 [    0  2307    19 ...     0     0     0]
 [    0    35  3578 ...     0     0     0]
 ...
 [    0     0     0 ...  2420     0     0]
 [    0     0     0 ...     0  6233     0]
 [    0     0     0 ...     0     0   223]]
Precision,Recall,macro_f1 0.9316887392292147 0.933389247511636 0.9320407688425596
42.881789207458496 seconds


Epoch: 42
Training set avg loss: 0.0306
	center loss: 0.0108
conf_mat:
 [[217401      0      0 ...      0      0      0]
 [     0  14272    308 ...      0      0      0]
 [     0    324  25329 ...      0      0      0]
 ...
 [     0      0      0 ...  15091      0      0]
 [     0      0      0 ...      0  40622      0]
 [     0      0      0 ...      0      0   1975]]
Precision,Recall,macro_f1 0.9289491833215718 0.934998243058569 0.931894127686169
545.4724836349487 seconds
Test set avg loss: 0.2220
	center loss: 0.0006
conf_mat:
 [[40727     0     0 ...     0     0     0]
 [    0  2327    22 ...     0     0     0]
 [    0    43  3617 ...     0     0     0]
 ...
 [    0     0     0 ...  2437     0     0]
 [    0     0     0 ...     0  6078     0]
 [    0     0     0 ...     0     0   232]]
Precision,Recall,macro_f1 0.9310354335580614 0.9382975693932722 0.9343973185932622
42.87057685852051 seconds


Epoch: 43
Training set avg loss: 0.0301
	center loss: 0.0106
conf_mat:
 [[217340      0      0 ...      0      0      0]
 [     0  14276    321 ...      0      0      0]
 [     0    327  25337 ...      0      0      0]
 ...
 [     0      0      0 ...  15093      0      0]
 [     0      0      0 ...      0  40604      0]
 [     0      0      0 ...      0      0   1980]]
Precision,Recall,macro_f1 0.9297973851667807 0.9357957702087272 0.9327186977829379
545.7339124679565 seconds
Test set avg loss: 0.2208
	center loss: 0.0006
conf_mat:
 [[41764     0     0 ...     0     0     0]
 [    0  2443    15 ...     0     0     0]
 [    0    45  3482 ...     0     0     0]
 ...
 [    0     0     0 ...  2435     0     0]
 [    0     0     0 ...     0  6159     0]
 [    0     0     0 ...     0     0   230]]
Precision,Recall,macro_f1 0.9312406713910928 0.9360197049271087 0.9332956589115077
43.706202268600464 seconds


Epoch: 44
Training set avg loss: 0.0298
	center loss: 0.0104
conf_mat:
 [[217458      0      0 ...      0      0      0]
 [     0  14307    311 ...      0      0      0]
 [     0    312  25346 ...      0      0      0]
 ...
 [     0      0      0 ...  15090      0      0]
 [     0      0      0 ...      0  40585      0]
 [     0      0      0 ...      0      0   1980]]
Precision,Recall,macro_f1 0.930195627250232 0.9359663223583836 0.9330041181979313
544.7197279930115 seconds
Test set avg loss: 0.2200
	center loss: 0.0006
conf_mat:
 [[39907     0     0 ...     0     0     0]
 [    0  2443    26 ...     0     0     0]
 [    0    37  3744 ...     0     0     0]
 ...
 [    0     0     0 ...  2429     0     0]
 [    0     0     0 ...     0  6048     0]
 [    0     0     0 ...     0     0   225]]
Precision,Recall,macro_f1 0.9326617691465794 0.9357531609477613 0.9338239689488667
43.15269947052002 seconds


Epoch: 45
Training set avg loss: 0.0292
	center loss: 0.0101
conf_mat:
 [[217448      0      0 ...      0      0      0]
 [     0  14315    299 ...      0      0      0]
 [     0    320  25427 ...      0      0      0]
 ...
 [     0      0      0 ...  15140      0      0]
 [     0      0      0 ...      0  40647      0]
 [     0      0      0 ...      0      0   1984]]
Precision,Recall,macro_f1 0.9311422498539176 0.9370316161956076 0.9340081648808276
545.8903741836548 seconds
Test set avg loss: 0.2170
	center loss: 0.0005
conf_mat:
 [[39936     0     0 ...     0     0     0]
 [    0  2469    18 ...     0     0     0]
 [    0    35  3479 ...     0     0     0]
 ...
 [    0     0     0 ...  2422     0     0]
 [    0     0     0 ...     0  6182     0]
 [    0     0     0 ...     0     0   230]]
Precision,Recall,macro_f1 0.9366147656592112 0.9351255025678628 0.9354952209472708
42.92773413658142 seconds


Epoch: 46
Training set avg loss: 0.0289
	center loss: 0.0099
conf_mat:
 [[217797      0      0 ...      0      0      0]
 [     0  14324    291 ...      0      0      0]
 [     0    318  25357 ...      0      0      0]
 ...
 [     0      0      0 ...  15105      0      0]
 [     0      0      0 ...      0  40697      0]
 [     0      0      0 ...      0      0   1987]]
Precision,Recall,macro_f1 0.9317950724237497 0.9375826026520203 0.9346142012677102
547.9443862438202 seconds
Test set avg loss: 0.2141
	center loss: 0.0005
conf_mat:
 [[40332     0     0 ...     0     0     0]
 [    0  2410    14 ...     0     0     0]
 [    0    56  3684 ...     0     0     0]
 ...
 [    0     0     0 ...  2468     0     0]
 [    0     0     0 ...     0  6106     0]
 [    0     0     0 ...     0     0   233]]
Precision,Recall,macro_f1 0.9325494821612867 0.9388778032765812 0.9353842273896156
42.61177635192871 seconds


Epoch: 47
Training set avg loss: 0.0285
	center loss: 0.0098
conf_mat:
 [[217722      0      0 ...      0      0      0]
 [     0  14321    297 ...      0      0      0]
 [     0    308  25427 ...      0      0      0]
 ...
 [     0      0      0 ...  15076      0      0]
 [     0      0      0 ...      0  40735      0]
 [     0      0      0 ...      0      0   1993]]
Precision,Recall,macro_f1 0.9319607315393887 0.9378823058378452 0.9348456143482903
546.8271827697754 seconds
Test set avg loss: 0.2166
	center loss: 0.0005
conf_mat:
 [[40553     0     0 ...     0     0     0]
 [    0  2379    49 ...     0     0     0]
 [    0    17  3756 ...     0     0     0]
 ...
 [    0     0     0 ...  2415     0     0]
 [    0     0     0 ...     0  5938     0]
 [    0     0     0 ...     0     0   226]]
Precision,Recall,macro_f1 0.9331277113748477 0.938000490636525 0.9353271950885828
43.36037302017212 seconds


Epoch: 48
Training set avg loss: 0.0282
	center loss: 0.0096
conf_mat:
 [[218084      0      0 ...      0      0      0]
 [     0  14312    304 ...      0      0      0]
 [     0    304  25421 ...      0      0      0]
 ...
 [     0      0      0 ...  15169      0      0]
 [     0      0      0 ...      0  40705      0]
 [     0      0      0 ...      0      0   2002]]
Precision,Recall,macro_f1 0.9327877638470419 0.938321262610288 0.9354824898080991
548.3693840503693 seconds
Test set avg loss: 0.2135
	center loss: 0.0005
conf_mat:
 [[39087     0     0 ...     0     0     0]
 [    0  2380    17 ...     0     0     0]
 [    0    56  3549 ...     0     0     0]
 ...
 [    0     0     0 ...  2475     0     0]
 [    0     0     0 ...     0  6298     0]
 [    0     0     0 ...     0     0   223]]
Precision,Recall,macro_f1 0.9343931860572943 0.9337528736244891 0.9336581394337682
43.72587013244629 seconds


Epoch: 49
Training set avg loss: 0.0278
	center loss: 0.0094
conf_mat:
 [[218017      0      0 ...      0      0      0]
 [     0  14354    296 ...      0      0      0]
 [     0    304  25455 ...      0      0      0]
 ...
 [     0      0      0 ...  15170      0      0]
 [     0      0      0 ...      0  40829      0]
 [     0      0      0 ...      0      0   1998]]
Precision,Recall,macro_f1 0.9334292029994019 0.9389149560592018 0.9360998676591745
546.9164724349976 seconds
Test set avg loss: 0.2107
	center loss: 0.0005
conf_mat:
 [[40152     0     0 ...     0     0     0]
 [    0  2485     6 ...     0     0     0]
 [    0    63  3558 ...     0     0     0]
 ...
 [    0     0     0 ...  2432     0     0]
 [    0     0     0 ...     0  6184     0]
 [    0     0     0 ...     0     0   232]]
Precision,Recall,macro_f1 0.9346215119413701 0.94089608519301 0.9374295684456374
43.448357582092285 seconds


Epoch: 50
Training set avg loss: 0.0274
	center loss: 0.0092
conf_mat:
 [[218156      0      0 ...      0      0      0]
 [     0  14328    303 ...      0      0      0]
 [     0    325  25490 ...      0      0      0]
 ...
 [     0      0      0 ...  15142      0      0]
 [     0      0      0 ...      0  40869      0]
 [     0      0      0 ...      0      0   2000]]
Precision,Recall,macro_f1 0.9343487583071863 0.9396574101781544 0.9369331355308076
545.4452404975891 seconds
Test set avg loss: 0.2125
	center loss: 0.0005
conf_mat:
 [[41031     0     0 ...     0     0     0]
 [    0  2438    21 ...     0     0     0]
 [    0    32  3637 ...     0     0     0]
 ...
 [    0     0     0 ...  2493     0     0]
 [    0     0     0 ...     0  6296     0]
 [    0     0     0 ...     0     0   236]]
Precision,Recall,macro_f1 0.93441306360707 0.9375881894550167 0.9357660491940403
43.160025119781494 seconds


Epoch: 51
Training set avg loss: 0.0270
	center loss: 0.0090
conf_mat:
 [[218113      0      0 ...      0      0      0]
 [     0  14352    274 ...      0      0      0]
 [     0    287  25528 ...      0      0      0]
 ...
 [     0      0      0 ...  15153      0      0]
 [     0      0      0 ...      0  40852      0]
 [     0      0      0 ...      0      0   1990]]
Precision,Recall,macro_f1 0.9347936768562035 0.9401999203605156 0.9374258163179353
545.731612443924 seconds
Test set avg loss: 0.2089
	center loss: 0.0005
conf_mat:
 [[41016     0     0 ...     0     0     0]
 [    0  2455    27 ...     0     0     0]
 [    0    24  3571 ...     0     0     0]
 ...
 [    0     0     0 ...  2459     0     0]
 [    0     0     0 ...     0  6151     0]
 [    0     0     0 ...     0     0   236]]
Precision,Recall,macro_f1 0.9325793477119466 0.9421955350465409 0.9370773393977965
43.48932075500488 seconds


Epoch: 52
Training set avg loss: 0.0268
	center loss: 0.0089
conf_mat:
 [[218430      0      0 ...      0      0      0]
 [     0  14352    270 ...      0      0      0]
 [     0    291  25539 ...      0      0      0]
 ...
 [     0      0      0 ...  15168      0      0]
 [     0      0      0 ...      0  40772      0]
 [     0      0      0 ...      0      0   1993]]
Precision,Recall,macro_f1 0.9351096577838778 0.9405913541960907 0.937781854218757
545.6491429805756 seconds
Test set avg loss: 0.2063
	center loss: 0.0005
conf_mat:
 [[40164     0     0 ...     0     0     0]
 [    0  2429    10 ...     0     0     0]
 [    0    42  3691 ...     0     0     0]
 ...
 [    0     0     0 ...  2454     0     0]
 [    0     0     0 ...     0  6165     0]
 [    0     0     0 ...     0     0   232]]
Precision,Recall,macro_f1 0.9369667418084973 0.9391585351144672 0.937626461120528
43.014265298843384 seconds


Epoch: 53
Training set avg loss: 0.0265
	center loss: 0.0087
conf_mat:
 [[218734      0      0 ...      0      0      0]
 [     0  14375    283 ...      0      0      0]
 [     0    292  25543 ...      0      0      0]
 ...
 [     0      0      0 ...  15209      0      0]
 [     0      0      0 ...      0  40821      0]
 [     0      0      0 ...      0      0   2006]]
Precision,Recall,macro_f1 0.935621221650733 0.9410761192712527 0.9382800314192867
547.4917485713959 seconds
Test set avg loss: 0.2089
	center loss: 0.0005
conf_mat:
 [[39941     0     0 ...     0     0     0]
 [    0  2462    21 ...     0     0     0]
 [    0    32  3576 ...     0     0     0]
 ...
 [    0     0     0 ...  2449     0     0]
 [    0     0     0 ...     0  6240     0]
 [    0     0     0 ...     0     0   225]]
Precision,Recall,macro_f1 0.936073930996729 0.9382659797733314 0.9368784441616514
43.06663179397583 seconds


Epoch: 54
Training set avg loss: 0.0261
	center loss: 0.0086
conf_mat:
 [[218772      0      0 ...      0      0      0]
 [     0  14374    268 ...      0      0      0]
 [     0    304  25559 ...      0      0      0]
 ...
 [     0      0      0 ...  15218      0      0]
 [     0      0      0 ...      0  40831      0]
 [     0      0      0 ...      0      0   1994]]
Precision,Recall,macro_f1 0.9362297566204025 0.9414982414715365 0.938796723110109
546.7171721458435 seconds
Test set avg loss: 0.2043
	center loss: 0.0005
conf_mat:
 [[41121     0     0 ...     0     0     0]
 [    0  2392    20 ...     0     0     0]
 [    0    39  3680 ...     0     0     0]
 ...
 [    0     0     0 ...  2442     0     0]
 [    0     0     0 ...     0  6188     0]
 [    0     0     0 ...     0     0   232]]
Precision,Recall,macro_f1 0.9362544405203853 0.9395247507941238 0.9377166430511998
43.59983158111572 seconds


Epoch: 55
Training set avg loss: 0.0259
	center loss: 0.0084
conf_mat:
 [[218537      0      0 ...      0      0      0]
 [     0  14351    278 ...      0      0      0]
 [     0    310  25539 ...      0      0      0]
 ...
 [     0      0      0 ...  15206      0      0]
 [     0      0      0 ...      0  40958      0]
 [     0      0      0 ...      0      0   2000]]
Precision,Recall,macro_f1 0.9367268113888153 0.9419960360893133 0.9392927316346179
546.1688652038574 seconds
Test set avg loss: 0.2035
	center loss: 0.0004
conf_mat:
 [[40650     0     0 ...     0     0     0]
 [    0  2423    17 ...     0     0     0]
 [    0    34  3519 ...     0     0     0]
 ...
 [    0     0     0 ...  2433     0     0]
 [    0     0     0 ...     0  6318     0]
 [    0     0     0 ...     0     0   234]]
Precision,Recall,macro_f1 0.9373106237743428 0.9402075808249483 0.9384626563033824
42.981377840042114 seconds


Epoch: 56
Training set avg loss: 0.0256
	center loss: 0.0083
conf_mat:
 [[218656      0      0 ...      0      0      0]
 [     0  14389    254 ...      0      0      0]
 [     0    282  25608 ...      0      0      0]
 ...
 [     0      0      0 ...  15238      0      0]
 [     0      0      0 ...      0  40974      0]
 [     0      0      0 ...      0      0   2000]]
Precision,Recall,macro_f1 0.9373476840611276 0.9425905770143961 0.9399013132462621
546.4429244995117 seconds
Test set avg loss: 0.2060
	center loss: 0.0005
conf_mat:
 [[40449     0     0 ...     0     0     0]
 [    0  2446    39 ...     0     0     0]
 [    0    26  3634 ...     0     0     0]
 ...
 [    0     0     0 ...  2463     0     0]
 [    0     0     0 ...     0  6127     0]
 [    0     0     0 ...     0     0   227]]
Precision,Recall,macro_f1 0.9376910914499049 0.937845439200331 0.937370379076035
43.52411222457886 seconds


Epoch: 57
Training set avg loss: 0.0253
	center loss: 0.0082
conf_mat:
 [[218726      0      0 ...      0      0      0]
 [     0  14369    261 ...      0      0      0]
 [     0    276  25598 ...      0      0      0]
 ...
 [     0      0      0 ...  15271      0      0]
 [     0      0      0 ...      0  40885      0]
 [     0      0      0 ...      0      0   1991]]
Precision,Recall,macro_f1 0.9376907214747217 0.9426910896734739 0.940124494006517
545.0575046539307 seconds
Test set avg loss: 0.2026
	center loss: 0.0005
conf_mat:
 [[40982     0     0 ...     0     0     0]
 [    0  2362    67 ...     0     0     0]
 [    0    25  3529 ...     0     0     0]
 ...
 [    0     0     0 ...  2402     0     0]
 [    0     0     0 ...     0  6075     0]
 [    0     0     0 ...     0     0   228]]
Precision,Recall,macro_f1 0.9388196424726315 0.9395908098961385 0.9389948684939252
43.13450479507446 seconds


Epoch: 58
Training set avg loss: 0.0250
	center loss: 0.0080
conf_mat:
 [[218825      0      0 ...      0      0      0]
 [     0  14400    271 ...      0      0      0]
 [     0    301  25590 ...      0      0      0]
 ...
 [     0      0      0 ...  15257      0      0]
 [     0      0      0 ...      0  40930      0]
 [     0      0      0 ...      0      0   1997]]
Precision,Recall,macro_f1 0.9383959324142997 0.9434061238867121 0.9408348761214474
547.1202161312103 seconds
Test set avg loss: 0.2005
	center loss: 0.0004
conf_mat:
 [[41248     0     0 ...     0     0     0]
 [    0  2425    47 ...     0     0     0]
 [    0    45  3693 ...     0     0     0]
 ...
 [    0     0     0 ...  2427     0     0]
 [    0     0     0 ...     0  6228     0]
 [    0     0     0 ...     0     0   228]]
Precision,Recall,macro_f1 0.9366153268863265 0.9420748579090392 0.9391340794993713
42.66661977767944 seconds


Epoch: 59
Training set avg loss: 0.0248
	center loss: 0.0079
conf_mat:
 [[218915      0      0 ...      0      0      0]
 [     0  14415    267 ...      0      0      0]
 [     0    291  25620 ...      0      0      0]
 ...
 [     0      0      0 ...  15259      0      0]
 [     0      0      0 ...      0  40947      0]
 [     0      0      0 ...      0      0   2002]]
Precision,Recall,macro_f1 0.9386789532529741 0.9435398734827689 0.9410447352424469
546.466061592102 seconds
Test set avg loss: 0.2051
	center loss: 0.0004
conf_mat:
 [[39110     0     0 ...     0     0     0]
 [    0  2395    46 ...     0     0     0]
 [    0    21  3625 ...     0     0     0]
 ...
 [    0     0     0 ...  2420     0     0]
 [    0     0     0 ...     0  6243     0]
 [    0     0     0 ...     0     0   233]]
Precision,Recall,macro_f1 0.9339953914344592 0.9405544477462842 0.9368545721241573
43.194021701812744 seconds


Epoch: 60
Training set avg loss: 0.0244
	center loss: 0.0078
conf_mat:
 [[219048      0      0 ...      0      0      0]
 [     0  14424    266 ...      0      0      0]
 [     0    296  25652 ...      0      0      0]
 ...
 [     0      0      0 ...  15287      0      0]
 [     0      0      0 ...      0  40952      0]
 [     0      0      0 ...      0      0   2001]]
Precision,Recall,macro_f1 0.9394662764419677 0.9442113672978804 0.9417754623624911
548.7912232875824 seconds
Test set avg loss: 0.1954
	center loss: 0.0004
conf_mat:
 [[41317     0     0 ...     0     0     0]
 [    0  2387    19 ...     0     0     0]
 [    0    38  3573 ...     0     0     0]
 ...
 [    0     0     0 ...  2493     0     0]
 [    0     0     0 ...     0  6178     0]
 [    0     0     0 ...     0     0   235]]
Precision,Recall,macro_f1 0.9365926702084314 0.9417808578180357 0.9387876770710836
42.837260484695435 seconds


Epoch: 61
Training set avg loss: 0.0242
	center loss: 0.0077
conf_mat:
 [[219092      0      0 ...      0      0      0]
 [     0  14411    272 ...      0      0      0]
 [     0    284  25619 ...      0      0      0]
 ...
 [     0      0      0 ...  15279      0      0]
 [     0      0      0 ...      0  41011      0]
 [     0      0      0 ...      0      0   1994]]
Precision,Recall,macro_f1 0.9394835485796182 0.9446425454790895 0.9419983214963741
547.4070675373077 seconds
Test set avg loss: 0.1996
	center loss: 0.0004
conf_mat:
 [[41131     0     0 ...     0     0     0]
 [    0  2419    52 ...     0     0     0]
 [    0    22  3662 ...     0     0     0]
 ...
 [    0     0     0 ...  2400     0     0]
 [    0     0     0 ...     0  6390     0]
 [    0     0     0 ...     0     0   230]]
Precision,Recall,macro_f1 0.9361868696299463 0.9385211287919122 0.9371151141704894
43.02402997016907 seconds


Epoch: 62
Training set avg loss: 0.0240
	center loss: 0.0076
conf_mat:
 [[219017      0      0 ...      0      0      0]
 [     0  14421    267 ...      0      0      0]
 [     0    275  25669 ...      0      0      0]
 ...
 [     0      0      0 ...  15291      0      0]
 [     0      0      0 ...      0  40992      0]
 [     0      0      0 ...      0      0   2003]]
Precision,Recall,macro_f1 0.9404373554947636 0.9451954660143947 0.942752388154785
545.2772583961487 seconds
Test set avg loss: 0.1984
	center loss: 0.0004
conf_mat:
 [[40449     0     0 ...     0     0     0]
 [    0  2413    22 ...     0     0     0]
 [    0    53  3717 ...     0     0     0]
 ...
 [    0     0     0 ...  2430     0     0]
 [    0     0     0 ...     0  6017     0]
 [    0     0     0 ...     0     0   233]]
Precision,Recall,macro_f1 0.9406540260497823 0.937647777335628 0.9384854404836137
43.026716232299805 seconds


Epoch: 63
Training set avg loss: 0.0236
	center loss: 0.0074
conf_mat:
 [[219093      0      0 ...      0      0      0]
 [     0  14398    271 ...      0      0      0]
 [     0    276  25639 ...      0      0      0]
 ...
 [     0      0      0 ...  15296      0      0]
 [     0      0      0 ...      0  41045      0]
 [     0      0      0 ...      0      0   2000]]
Precision,Recall,macro_f1 0.9409450550185917 0.9455653420337922 0.9431927626220438
546.7560443878174 seconds
Test set avg loss: 0.1945
	center loss: 0.0004
conf_mat:
 [[40792     0     0 ...     0     0     0]
 [    0  2400    28 ...     0     0     0]
 [    0    34  3643 ...     0     0     0]
 ...
 [    0     0     0 ...  2405     0     0]
 [    0     0     0 ...     0  6116     0]
 [    0     0     0 ...     0     0   227]]
Precision,Recall,macro_f1 0.9358567667239939 0.9409139682700508 0.9381199584269097
42.74164080619812 seconds


Epoch: 64
Training set avg loss: 0.0234
	center loss: 0.0073
conf_mat:
 [[219353      0      0 ...      0      0      0]
 [     0  14463    251 ...      0      0      0]
 [     0    271  25709 ...      0      0      0]
 ...
 [     0      0      0 ...  15285      0      0]
 [     0      0      0 ...      0  41002      0]
 [     0      0      0 ...      0      0   2007]]
Precision,Recall,macro_f1 0.9412096691909984 0.9459506242367292 0.9435182198204244
545.0462160110474 seconds
Test set avg loss: 0.1944
	center loss: 0.0004
conf_mat:
 [[41443     0     0 ...     0     0     0]
 [    0  2415    45 ...     0     0     0]
 [    0    30  3677 ...     0     0     0]
 ...
 [    0     0     0 ...  2430     0     0]
 [    0     0     0 ...     0  6233     0]
 [    0     0     0 ...     0     0   232]]
Precision,Recall,macro_f1 0.9370655691129532 0.9400939623947208 0.9382736345745603
43.10425329208374 seconds


Epoch: 65
Training set avg loss: 0.0232
	center loss: 0.0072
conf_mat:
 [[219328      0      0 ...      0      0      0]
 [     0  14420    269 ...      0      0      0]
 [     0    296  25684 ...      0      0      0]
 ...
 [     0      0      0 ...  15339      0      0]
 [     0      0      0 ...      0  41108      0]
 [     0      0      0 ...      0      0   2010]]
Precision,Recall,macro_f1 0.9415196314283615 0.9461751386439656 0.9437852160087807
547.1999714374542 seconds
Test set avg loss: 0.1957
	center loss: 0.0004
conf_mat:
 [[39912     0     0 ...     0     0     0]
 [    0  2386    38 ...     0     0     0]
 [    0    19  3658 ...     0     0     0]
 ...
 [    0     0     0 ...  2447     0     0]
 [    0     0     0 ...     0  6170     0]
 [    0     0     0 ...     0     0   231]]
Precision,Recall,macro_f1 0.9376815650656188 0.9399044462581518 0.9384463155274433
43.75106406211853 seconds


Epoch: 66
Training set avg loss: 0.0230
	center loss: 0.0071
conf_mat:
 [[219367      0      0 ...      0      0      0]
 [     0  14501    239 ...      0      0      0]
 [     0    272  25724 ...      0      0      0]
 ...
 [     0      0      0 ...  15388      0      0]
 [     0      0      0 ...      0  41111      0]
 [     0      0      0 ...      0      0   2000]]
Precision,Recall,macro_f1 0.9421650580911323 0.9467730740140058 0.9444078656709904
547.602240562439 seconds
Test set avg loss: 0.1936
	center loss: 0.0004
conf_mat:
 [[39740     0     0 ...     0     0     0]
 [    0  2408    16 ...     0     0     0]
 [    0    49  3713 ...     0     0     0]
 ...
 [    0     0     0 ...  2448     0     0]
 [    0     0     0 ...     0  6181     0]
 [    0     0     0 ...     0     0   232]]
Precision,Recall,macro_f1 0.9352607448962732 0.9437506356808013 0.9390869971695079
43.73718976974487 seconds


Epoch: 67
Training set avg loss: 0.0228
	center loss: 0.0070
conf_mat:
 [[219623      0      0 ...      0      0      0]
 [     0  14440    242 ...      0      0      0]
 [     0    283  25719 ...      0      0      0]
 ...
 [     0      0      0 ...  15357      0      0]
 [     0      0      0 ...      0  41119      0]
 [     0      0      0 ...      0      0   2001]]
Precision,Recall,macro_f1 0.9426025048193658 0.9470661964763321 0.94477429274566
548.3145618438721 seconds
Test set avg loss: 0.1936
	center loss: 0.0004
conf_mat:
 [[40845     0     0 ...     0     0     0]
 [    0  2413    37 ...     0     0     0]
 [    0    26  3587 ...     0     0     0]
 ...
 [    0     0     0 ...  2502     0     0]
 [    0     0     0 ...     0  6262     0]
 [    0     0     0 ...     0     0   231]]
Precision,Recall,macro_f1 0.9377741811551706 0.9394637565236181 0.9382286115519545
42.91111207008362 seconds


Epoch: 68
Training set avg loss: 0.0225
	center loss: 0.0070
conf_mat:
 [[219659      0      0 ...      0      0      0]
 [     0  14443    233 ...      0      0      0]
 [     0    272  25751 ...      0      0      0]
 ...
 [     0      0      0 ...  15348      0      0]
 [     0      0      0 ...      0  41151      0]
 [     0      0      0 ...      0      0   2009]]
Precision,Recall,macro_f1 0.9430693158415481 0.947265226136971 0.9451086589606209
548.8144218921661 seconds
Test set avg loss: 0.1938
	center loss: 0.0004
conf_mat:
 [[40407     0     0 ...     0     0     0]
 [    0  2389    44 ...     0     0     0]
 [    0    23  3493 ...     0     0     0]
 ...
 [    0     0     0 ...  2373     0     0]
 [    0     0     0 ...     0  6201     0]
 [    0     0     0 ...     0     0   233]]
Precision,Recall,macro_f1 0.9379579580725007 0.9401696725703499 0.9387364498112744
43.55759954452515 seconds


Epoch: 69
Training set avg loss: 0.0223
	center loss: 0.0068
conf_mat:
 [[219631      0      0 ...      0      0      0]
 [     0  14479    252 ...      0      0      0]
 [     0    277  25696 ...      0      0      0]
 ...
 [     0      0      0 ...  15368      0      0]
 [     0      0      0 ...      0  41176      0]
 [     0      0      0 ...      0      0   2004]]
Precision,Recall,macro_f1 0.9434300164299106 0.9476869490297495 0.9454994925900712
548.598287820816 seconds
Test set avg loss: 0.1923
	center loss: 0.0004
conf_mat:
 [[41694     0     0 ...     0     0     0]
 [    0  2483     5 ...     0     0     0]
 [    0    65  3603 ...     0     0     0]
 ...
 [    0     0     0 ...  2472     0     0]
 [    0     0     0 ...     0  6275     0]
 [    0     0     0 ...     0     0   233]]
Precision,Recall,macro_f1 0.9338719916270103 0.9441586001948491 0.938697783733436
42.758930921554565 seconds


Epoch: 70
Training set avg loss: 0.0221
	center loss: 0.0068
conf_mat:
 [[219623      0      0 ...      0      0      0]
 [     0  14465    236 ...      0      0      0]
 [     0    270  25733 ...      0      0      0]
 ...
 [     0      0      0 ...  15384      0      0]
 [     0      0      0 ...      0  41199      0]
 [     0      0      0 ...      0      0   2001]]
Precision,Recall,macro_f1 0.9434507510164596 0.9479077866835484 0.9456198451702131
545.9297547340393 seconds
Test set avg loss: 0.1915
	center loss: 0.0004
conf_mat:
 [[39830     0     0 ...     0     0     0]
 [    0  2420    29 ...     0     0     0]
 [    0    25  3691 ...     0     0     0]
 ...
 [    0     0     0 ...  2465     0     0]
 [    0     0     0 ...     0  6220     0]
 [    0     0     0 ...     0     0   232]]
Precision,Recall,macro_f1 0.9380877454019567 0.942118111130497 0.9397858483243856
42.80891418457031 seconds


Epoch: 71
Training set avg loss: 0.0219
	center loss: 0.0067
conf_mat:
 [[219817      0      0 ...      0      0      0]
 [     0  14476    237 ...      0      0      0]
 [     0    282  25743 ...      0      0      0]
 ...
 [     0      0      0 ...  15378      0      0]
 [     0      0      0 ...      0  41206      0]
 [     0      0      0 ...      0      0   2011]]
Precision,Recall,macro_f1 0.9439137322788753 0.9483250562848549 0.946060400022822
545.3488557338715 seconds
Test set avg loss: 0.1959
	center loss: 0.0004
conf_mat:
 [[40016     0     0 ...     0     0     0]
 [    0  2402    20 ...     0     0     0]
 [    0    32  3701 ...     0     0     0]
 ...
 [    0     0     0 ...  2391     0     0]
 [    0     0     0 ...     0  6228     0]
 [    0     0     0 ...     0     0   231]]
Precision,Recall,macro_f1 0.9339977162085521 0.9418610473932926 0.9376210452940771
43.69378638267517 seconds


Epoch: 72
Training set avg loss: 0.0217
	center loss: 0.0066
conf_mat:
 [[219929      0      0 ...      0      0      0]
 [     0  14487    248 ...      0      0      0]
 [     0    273  25777 ...      0      0      0]
 ...
 [     0      0      0 ...  15422      0      0]
 [     0      0      0 ...      0  41142      0]
 [     0      0      0 ...      0      0   2003]]
Precision,Recall,macro_f1 0.9448059976165435 0.9490418217681197 0.9468654047912201
547.5477604866028 seconds
Test set avg loss: 0.1869
	center loss: 0.0004
conf_mat:
 [[39968     0     0 ...     0     0     0]
 [    0  2439    16 ...     0     0     0]
 [    0    36  3720 ...     0     0     0]
 ...
 [    0     0     0 ...  2445     0     0]
 [    0     0     0 ...     0  6348     0]
 [    0     0     0 ...     0     0   232]]
Precision,Recall,macro_f1 0.9388649490633677 0.9425160154868477 0.9404743698580582
42.487579345703125 seconds


Epoch: 73
Training set avg loss: 0.0216
	center loss: 0.0065
conf_mat:
 [[219867      0      0 ...      0      0      0]
 [     0  14464    257 ...      0      0      0]
 [     0    260  25782 ...      0      0      0]
 ...
 [     0      0      0 ...  15386      0      0]
 [     0      0      0 ...      0  41225      0]
 [     0      0      0 ...      0      0   2007]]
Precision,Recall,macro_f1 0.9447132630943688 0.9490605558104086 0.9468285748823643
547.5881261825562 seconds
Test set avg loss: 0.1901
	center loss: 0.0004
conf_mat:
 [[39718     0     0 ...     0     0     0]
 [    0  2410    14 ...     0     0     0]
 [    0    57  3683 ...     0     0     0]
 ...
 [    0     0     0 ...  2389     0     0]
 [    0     0     0 ...     0  6273     0]
 [    0     0     0 ...     0     0   225]]
Precision,Recall,macro_f1 0.9377741717290943 0.9435094740565392 0.9404008852697777
42.756343364715576 seconds


Epoch: 74
Training set avg loss: 0.0214
	center loss: 0.0064
conf_mat:
 [[219781      0      0 ...      0      0      0]
 [     0  14487    225 ...      0      0      0]
 [     0    263  25811 ...      0      0      0]
 ...
 [     0      0      0 ...  15423      0      0]
 [     0      0      0 ...      0  41221      0]
 [     0      0      0 ...      0      0   2010]]
Precision,Recall,macro_f1 0.9453697980599562 0.9496122223847299 0.9474332390780172
548.3804030418396 seconds
Test set avg loss: 0.1899
	center loss: 0.0004
conf_mat:
 [[40288     0     0 ...     0     0     0]
 [    0  2375    19 ...     0     0     0]
 [    0    34  3641 ...     0     0     0]
 ...
 [    0     0     0 ...  2423     0     0]
 [    0     0     0 ...     0  6272     0]
 [    0     0     0 ...     0     0   228]]
Precision,Recall,macro_f1 0.9377792323729107 0.938283945168196 0.9377343602159222
43.129026651382446 seconds


Epoch: 75
Training set avg loss: 0.0212
	center loss: 0.0064
conf_mat:
 [[219748      0      0 ...      0      0      0]
 [     0  14488    241 ...      0      0      0]
 [     0    258  25821 ...      0      0      0]
 ...
 [     0      0      0 ...  15369      0      0]
 [     0      0      0 ...      0  41178      0]
 [     0      0      0 ...      0      0   2007]]
Precision,Recall,macro_f1 0.9456483467127548 0.9497510762241652 0.9476417907838065
548.2361187934875 seconds
Test set avg loss: 0.1907
	center loss: 0.0004
conf_mat:
 [[39271     0     0 ...     0     0     0]
 [    0  2410    38 ...     0     0     0]
 [    0    18  3660 ...     0     0     0]
 ...
 [    0     0     0 ...  2454     0     0]
 [    0     0     0 ...     0  6169     0]
 [    0     0     0 ...     0     0   229]]
Precision,Recall,macro_f1 0.9373236561708679 0.9437372878379112 0.9402514373547225
42.880483627319336 seconds


Epoch: 76
Training set avg loss: 0.0209
	center loss: 0.0063
conf_mat:
 [[220091      0      0 ...      0      0      0]
 [     0  14486    235 ...      0      0      0]
 [     0    262  25809 ...      0      0      0]
 ...
 [     0      0      0 ...  15378      0      0]
 [     0      0      0 ...      0  41223      0]
 [     0      0      0 ...      0      0   2008]]
Precision,Recall,macro_f1 0.9462635101164022 0.9501455926510952 0.948149326285883
546.5415742397308 seconds
Test set avg loss: 0.1887
	center loss: 0.0004
conf_mat:
 [[40157     0     0 ...     0     0     0]
 [    0  2441    24 ...     0     0     0]
 [    0    37  3603 ...     0     0     0]
 ...
 [    0     0     0 ...  2448     0     0]
 [    0     0     0 ...     0  6186     0]
 [    0     0     0 ...     0     0   233]]
Precision,Recall,macro_f1 0.9383364356983093 0.9408772417993967 0.9393289251788703
43.10884499549866 seconds


Epoch: 77
Training set avg loss: 0.0207
	center loss: 0.0062
conf_mat:
 [[220143      0      0 ...      0      0      0]
 [     0  14499    232 ...      0      0      0]
 [     0    262  25773 ...      0      0      0]
 ...
 [     0      0      0 ...  15452      0      0]
 [     0      0      0 ...      0  41226      0]
 [     0      0      0 ...      0      0   2014]]
Precision,Recall,macro_f1 0.946896317746856 0.9508751475787024 0.9488297158191153
543.9435918331146 seconds
Test set avg loss: 0.1835
	center loss: 0.0004
conf_mat:
 [[40595     0     0 ...     0     0     0]
 [    0  2420    43 ...     0     0     0]
 [    0    20  3587 ...     0     0     0]
 ...
 [    0     0     0 ...  2419     0     0]
 [    0     0     0 ...     0  6227     0]
 [    0     0     0 ...     0     0   230]]
Precision,Recall,macro_f1 0.9400686083081932 0.9394151433167583 0.9392757113820559
42.824676513671875 seconds


Epoch: 78
Training set avg loss: 0.0206
	center loss: 0.0061
conf_mat:
 [[220233      0      0 ...      0      0      0]
 [     0  14555    219 ...      0      0      0]
 [     0    253  25839 ...      0      0      0]
 ...
 [     0      0      0 ...  15403      0      0]
 [     0      0      0 ...      0  41261      0]
 [     0      0      0 ...      0      0   2006]]
Precision,Recall,macro_f1 0.9469224957454436 0.9508394185763867 0.9488251950437768
545.4987454414368 seconds
Test set avg loss: 0.1867
	center loss: 0.0004
conf_mat:
 [[40394     0     0 ...     0     0     0]
 [    0  2358    15 ...     0     0     0]
 [    0    34  3642 ...     0     0     0]
 ...
 [    0     0     0 ...  2482     0     0]
 [    0     0     0 ...     0  6156     0]
 [    0     0     0 ...     0     0   235]]
Precision,Recall,macro_f1 0.9387941960610275 0.9413805045685883 0.93986986195529
43.14051818847656 seconds


Epoch: 79
Training set avg loss: 0.0204
	center loss: 0.0060
conf_mat:
 [[220357      0      0 ...      0      0      0]
 [     0  14511    208 ...      0      0      0]
 [     0    251  25890 ...      0      0      0]
 ...
 [     0      0      0 ...  15431      0      0]
 [     0      0      0 ...      0  41321      0]
 [     0      0      0 ...      0      0   2010]]
Precision,Recall,macro_f1 0.947347203390909 0.9513213866567537 0.9492794769888648
546.8838956356049 seconds
Test set avg loss: 0.1834
	center loss: 0.0004
conf_mat:
 [[40716     0     0 ...     0     0     0]
 [    0  2402    16 ...     0     0     0]
 [    0    32  3476 ...     0     0     0]
 ...
 [    0     0     0 ...  2455     0     0]
 [    0     0     0 ...     0  5977     0]
 [    0     0     0 ...     0     0   228]]
Precision,Recall,macro_f1 0.9375099229833181 0.9409699956006224 0.9388437091374803
43.125927686691284 seconds


Epoch: 80
Training set avg loss: 0.0202
	center loss: 0.0060
conf_mat:
 [[220309      0      0 ...      0      0      0]
 [     0  14521    228 ...      0      0      0]
 [     0    254  25830 ...      0      0      0]
 ...
 [     0      0      0 ...  15449      0      0]
 [     0      0      0 ...      0  41334      0]
 [     0      0      0 ...      0      0   2012]]
Precision,Recall,macro_f1 0.9477525265591978 0.9515751581206383 0.9496090240873666
546.8413577079773 seconds
Test set avg loss: 0.1824
	center loss: 0.0004
conf_mat:
 [[39889     0     0 ...     0     0     0]
 [    0  2432    22 ...     0     0     0]
 [    0    29  3648 ...     0     0     0]
 ...
 [    0     0     0 ...  2446     0     0]
 [    0     0     0 ...     0  6022     0]
 [    0     0     0 ...     0     0   228]]
Precision,Recall,macro_f1 0.9385180436230427 0.939991042752498 0.939019648923387
43.190786600112915 seconds


Epoch: 81
Training set avg loss: 0.0201
	center loss: 0.0059
conf_mat:
 [[220279      0      0 ...      0      0      0]
 [     0  14518    237 ...      0      0      0]
 [     0    251  25850 ...      0      0      0]
 ...
 [     0      0      0 ...  15463      0      0]
 [     0      0      0 ...      0  41261      0]
 [     0      0      0 ...      0      0   2007]]
Precision,Recall,macro_f1 0.9476911663427748 0.9516430338760369 0.9496128456305866
545.2885050773621 seconds
Test set avg loss: 0.1828
	center loss: 0.0003
conf_mat:
 [[40279     0     0 ...     0     0     0]
 [    0  2408    28 ...     0     0     0]
 [    0    26  3654 ...     0     0     0]
 ...
 [    0     0     0 ...  2427     0     0]
 [    0     0     0 ...     0  6167     0]
 [    0     0     0 ...     0     0   230]]
Precision,Recall,macro_f1 0.9354258664064227 0.9435668422457437 0.9392464223240196
43.24917984008789 seconds


Epoch: 82
Training set avg loss: 0.0200
	center loss: 0.0059
conf_mat:
 [[220183      0      0 ...      0      0      0]
 [     0  14539    210 ...      0      0      0]
 [     0    249  25834 ...      0      0      0]
 ...
 [     0      0      0 ...  15485      0      0]
 [     0      0      0 ...      0  41279      0]
 [     0      0      0 ...      0      0   2011]]
Precision,Recall,macro_f1 0.9479129256423716 0.9517668860914312 0.9497847773742361
546.0917656421661 seconds
Test set avg loss: 0.1846
	center loss: 0.0003
conf_mat:
 [[40921     0     0 ...     0     0     0]
 [    0  2412    25 ...     0     0     0]
 [    0    30  3662 ...     0     0     0]
 ...
 [    0     0     0 ...  2360     0     0]
 [    0     0     0 ...     0  6013     0]
 [    0     0     0 ...     0     0   232]]
Precision,Recall,macro_f1 0.9367612057253852 0.9408437118067968 0.938612393964618
43.403326988220215 seconds


Epoch: 83
Training set avg loss: 0.0197
	center loss: 0.0058
conf_mat:
 [[220341      0      0 ...      0      0      0]
 [     0  14496    217 ...      0      0      0]
 [     0    260  25892 ...      0      0      0]
 ...
 [     0      0      0 ...  15480      0      0]
 [     0      0      0 ...      0  41324      0]
 [     0      0      0 ...      0      0   2019]]
Precision,Recall,macro_f1 0.9488771750733483 0.9527018758553147 0.9507350597589059
547.8606376647949 seconds
Test set avg loss: 0.1844
	center loss: 0.0003
conf_mat:
 [[41239     0     0 ...     0     0     0]
 [    0  2407    10 ...     0     0     0]
 [    0    53  3688 ...     0     0     0]
 ...
 [    0     0     0 ...  2408     0     0]
 [    0     0     0 ...     0  6196     0]
 [    0     0     0 ...     0     0   230]]
Precision,Recall,macro_f1 0.9375735362552664 0.9425873069480578 0.939869346986922
43.195557594299316 seconds


Epoch: 84
Training set avg loss: 0.0195
	center loss: 0.0057
conf_mat:
 [[220405      0      0 ...      0      0      0]
 [     0  14541    214 ...      0      0      0]
 [     0    262  25889 ...      0      0      0]
 ...
 [     0      0      0 ...  15467      0      0]
 [     0      0      0 ...      0  41310      0]
 [     0      0      0 ...      0      0   2012]]
Precision,Recall,macro_f1 0.9491582021677175 0.9530388893395125 0.9510440704222884
547.2576696872711 seconds
Test set avg loss: 0.1821
	center loss: 0.0003
conf_mat:
 [[41454     0     0 ...     0     0     0]
 [    0  2433    30 ...     0     0     0]
 [    0    25  3689 ...     0     0     0]
 ...
 [    0     0     0 ...  2458     0     0]
 [    0     0     0 ...     0  6206     0]
 [    0     0     0 ...     0     0   228]]
Precision,Recall,macro_f1 0.9374172682125793 0.9424235004169103 0.9397111721641268
43.120336294174194 seconds


Epoch: 85
Training set avg loss: 0.0195
	center loss: 0.0057
conf_mat:
 [[220656      0      0 ...      0      0      0]
 [     0  14540    225 ...      0      0      0]
 [     0    258  25865 ...      0      0      0]
 ...
 [     0      0      0 ...  15499      0      0]
 [     0      0      0 ...      0  41398      0]
 [     0      0      0 ...      0      0   2006]]
Precision,Recall,macro_f1 0.949389443418292 0.9529886224759588 0.9511376100667467
545.803329706192 seconds
Test set avg loss: 0.1808
	center loss: 0.0003
conf_mat:
 [[40919     0     0 ...     0     0     0]
 [    0  2422    26 ...     0     0     0]
 [    0    32  3701 ...     0     0     0]
 ...
 [    0     0     0 ...  2491     0     0]
 [    0     0     0 ...     0  6224     0]
 [    0     0     0 ...     0     0   226]]
Precision,Recall,macro_f1 0.9389422162980776 0.9416476726651477 0.9401059411099264
43.13047385215759 seconds


Epoch: 86
Training set avg loss: 0.0193
	center loss: 0.0056
conf_mat:
 [[220467      0      0 ...      0      0      0]
 [     0  14535    206 ...      0      0      0]
 [     0    240  25863 ...      0      0      0]
 ...
 [     0      0      0 ...  15463      0      0]
 [     0      0      0 ...      0  41421      0]
 [     0      0      0 ...      0      0   2016]]
Precision,Recall,macro_f1 0.9497533805459638 0.9534603196452189 0.9515536777817599
544.4063827991486 seconds
Test set avg loss: 0.1857
	center loss: 0.0003
conf_mat:
 [[41074     0     0 ...     0     0     0]
 [    0  2373    20 ...     0     0     0]
 [    0    30  3548 ...     0     0     0]
 ...
 [    0     0     0 ...  2437     0     0]
 [    0     0     0 ...     0  6309     0]
 [    0     0     0 ...     0     0   224]]
Precision,Recall,macro_f1 0.9398138112977417 0.9386297669070315 0.9388912941666219
42.974189043045044 seconds


Epoch: 87
Training set avg loss: 0.0192
	center loss: 0.0055
conf_mat:
 [[220667      0      0 ...      0      0      0]
 [     0  14512    216 ...      0      0      0]
 [     0    243  25945 ...      0      0      0]
 ...
 [     0      0      0 ...  15477      0      0]
 [     0      0      0 ...      0  41418      0]
 [     0      0      0 ...      0      0   2016]]
Precision,Recall,macro_f1 0.9500694020041917 0.9536884238405136 0.9518271613296555
546.5332100391388 seconds
Test set avg loss: 0.1786
	center loss: 0.0003
conf_mat:
 [[40598     0     0 ...     0     0     0]
 [    0  2413    36 ...     0     0     0]
 [    0    33  3526 ...     0     0     0]
 ...
 [    0     0     0 ...  2439     0     0]
 [    0     0     0 ...     0  6255     0]
 [    0     0     0 ...     0     0   229]]
Precision,Recall,macro_f1 0.9386786879358476 0.9416891527061757 0.9399580437103483
43.33879542350769 seconds
Best epoch:72

conf_mat:
 [[39968     0     0 ...     0     0     0]
 [    0  2439    16 ...     0     0     0]
 [    0    36  3720 ...     0     0     0]
 ...
 [    0     0     0 ...  2445     0     0]
 [    0     0     0 ...     0  6348     0]
 [    0     0     0 ...     0     0   232]]
Precison:0.9389
Recall:0.9425
f1:0.9405

]0;user1@CUDA1: /media/user1/MyHDataStor11/Data/CNN-Haotian/final_scripts/deep_FL_CL_ATT/training[01;32muser1@CUDA1[00m:[01;34m/media/user1/MyHDataStor11/Data/CNN-Haotian/final_scripts/deep_FL_CL__ATT/training[00m$ exit
exit

Script done on Thu 20 Sep 2018 06:55:46 PM EDT
