Script started on Sun 16 Sep 2018 04:52:56 PM EDT
-------- freesurfer-Linux-centos6_x86_64-stable-pub-v6.0.0-2beb96c --------
Setting up environment for FreeSurfer/FS-FAST (and FSL)
FREESURFER_HOME   /usr/local/freesurfer
FSFAST_HOME       /usr/local/freesurfer/fsfast
FSF_OUTPUT_FORMAT nii.gz
SUBJECTS_DIR      /usr/local/freesurfer/subjects
MNI_DIR           /usr/local/freesurfer/mni
FSL_DIR           /usr/local/fsl
]0;user1@CUDA1: /media/user1/MyHDataStor11/Data/CNN-Haotian/final_scripts/deep_FL_CL_ATT/training[01;32muser1@CUDA1[00m:[01;34m/media/user1/MyHDataStor11/Data/CNN-Haotian/final_scripts/deep_FL_CL__ATT/training[00m$ python main_56_14_GPU3.py 
data loaded!
X_train_shape torch.Size([4838360, 3, 100])
X_test_shape torch.Size([1158760, 3, 100])


Epoch: 0
/media/user1/MyHDataStor11/Data/CNN-Haotian/final_scripts/deep_FL_CL_ATT/training/RESNET152_ATT_naive.py:176: UserWarning: Implicit dimension choice for log_softmax has been deprecated. Change the call to include dim=X as an argument.
  return F.log_softmax(x),embed,x_att#input=x,dim=1
Training set avg loss: 0.2887
	center loss: 4252.7948
conf_mat:
 [[233384      1      0 ...      0      0     80]
 [     0  15168    706 ...      0      0      4]
 [     2    615  26797 ...      0      1      3]
 ...
 [     5      0      0 ...  13191      0      2]
 [     9      0      2 ...      0  41879      9]
 [     0      0      0 ...      0      0    943]]
Precision,Recall,macro_f1 0.7707229916993815 0.7024404979138287 0.7321831964473013
770.7160761356354 seconds
Test set avg loss: 0.3980
	center loss: 74.1224
conf_mat:
 [[34658     0     0 ...     0     0     0]
 [    0  2263    63 ...     0     0     0]
 [    0    43  3316 ...     0     0     0]
 ...
 [    0     0     0 ...  2365     0     0]
 [    0     0     0 ...     0  5736     0]
 [    0     0     0 ...     0     0   187]]
Precision,Recall,macro_f1 0.8506435919663791 0.8778900088838043 0.8626783678881371
43.145241260528564 seconds


Epoch: 1
Training set avg loss: 0.0970
	center loss: 685.4648
conf_mat:
 [[267600      0      0 ...      0      0      0]
 [     0  18643    660 ...      0      0      0]
 [     0    732  31851 ...      0      0      0]
 ...
 [     0      0      0 ...  18074      0      0]
 [     0      0      0 ...      0  48067      0]
 [     0      0      0 ...      0      0   2129]]
Precision,Recall,macro_f1 0.8364278280036893 0.8595981066057328 0.8475055011019776
773.9406628608704 seconds
Test set avg loss: 0.4039
	center loss: 11.0516
conf_mat:
 [[36810     0     0 ...     0     0     0]
 [    0  2273    47 ...     0     0     0]
 [    0    28  3651 ...     0     0     0]
 ...
 [    0     0     0 ...  2372     0     0]
 [    0     0     0 ...     0  5855     0]
 [    0     0     0 ...     0     0   224]]
Precision,Recall,macro_f1 0.8740691567562545 0.8977556692888246 0.8848346252345805
44.345913887023926 seconds


Epoch: 2
Training set avg loss: 0.1107
	center loss: 89.0937
conf_mat:
 [[223287      0      0 ...      0      0      0]
 [     0  18911    677 ...      0      0      0]
 [     0    630  32117 ...      0      0      0]
 ...
 [     0      0      0 ...  18804      0      0]
 [     0      0      0 ...      0  49030      0]
 [     0      0      0 ...      0      0   2241]]
Precision,Recall,macro_f1 0.8466105345123026 0.8663542052981492 0.8553724231880265
781.5927157402039 seconds
Test set avg loss: 0.5595
	center loss: 1.5081
conf_mat:
 [[22622     0     0 ...     0     0     0]
 [    0  2324    28 ...     0     0     0]
 [    0    42  3612 ...     0     0     0]
 ...
 [    0     0     0 ...  2193     0     0]
 [    0     0     0 ...     0  5626     0]
 [    0     0     0 ...     0     0   221]]
Precision,Recall,macro_f1 0.874078545150228 0.8882969616828105 0.877790695126611
44.07695555686951 seconds


Epoch: 3
Training set avg loss: 0.1755
	center loss: 10.0617
conf_mat:
 [[190257      0      0 ...      0      0      0]
 [     0  17881    693 ...      0      0      0]
 [     0    365  24939 ...      0      0      0]
 ...
 [     0      0      0 ...  19264      0      0]
 [     0      0      0 ...      0  43875      0]
 [     0      0      0 ...      0      0   2249]]
Precision,Recall,macro_f1 0.8389476567073662 0.8074664332788534 0.8087904264443561
782.685831785202 seconds
/home/user1/anaconda3/lib/python3.6/site-packages/sklearn/metrics/classification.py:1135: UndefinedMetricWarning: Precision and F-score are ill-defined and being set to 0.0 in labels with no predicted samples.
  'precision', 'predicted', average, warn_for)
Test set avg loss: 0.6586
	center loss: 0.3134
conf_mat:
 [[31261     0     0 ...     0     0     0]
 [    0  2058    55 ...     0     0     0]
 [    0    11  1663 ...     0     0     0]
 ...
 [    0     0     0 ...  2387     0     0]
 [    0     0     0 ...     0  5133     0]
 [    0     0     0 ...     0     0   232]]
Precision,Recall,macro_f1 0.8095202221850679 0.7749475766360224 0.7625773039749496
43.76812386512756 seconds


Epoch: 4
Training set avg loss: 0.1841
	center loss: 1.7861
conf_mat:
 [[232512      0      0 ...      0      0      0]
 [     0  16838    630 ...      0      0      0]
 [     0    281  21314 ...      0      0      0]
 ...
 [     0      0      0 ...  19315      0      0]
 [     0      0      0 ...      0  43344      0]
 [     0      0      0 ...      0      0   2282]]
Precision,Recall,macro_f1 0.8175307613104732 0.7380812624266478 0.7228002208258335
780.5742330551147 seconds
Test set avg loss: 0.5943
	center loss: 0.1145
conf_mat:
 [[31501     0     0 ...     0     0     0]
 [    0  2113    56 ...     0     0     0]
 [    0    10  2591 ...     0     0     0]
 ...
 [    0     0     0 ...  2464     0     0]
 [    0     0     0 ...     0  4723     0]
 [    0     0     0 ...     0     0   221]]
Precision,Recall,macro_f1 0.7818740518678894 0.7455227383745323 0.7281520672453691
43.91243100166321 seconds


Epoch: 5
Training set avg loss: 0.1521
	center loss: 0.6429
conf_mat:
 [[246539      0      0 ...      0      0      0]
 [     0  17811    620 ...      0      0      0]
 [     0    433  25848 ...      0      0      0]
 ...
 [     0      0      0 ...  19534      0      0]
 [     0      0      0 ...      0  43420      0]
 [     0      0      0 ...      0      0   2289]]
Precision,Recall,macro_f1 0.8024897889929118 0.7505796966371048 0.7348183419382188
781.769514799118 seconds
Test set avg loss: 0.5334
	center loss: 0.0600
conf_mat:
 [[34603     0     0 ...     0     0     0]
 [    0  2238    45 ...     0     0     0]
 [    0    35  3413 ...     0     0     0]
 ...
 [    0     0     0 ...  2397     0     0]
 [    0     0     0 ...     0  5281     0]
 [    0     0     0 ...     0     0   200]]
Precision,Recall,macro_f1 0.7991705114575208 0.7765714623044507 0.759053593296096
43.65102505683899 seconds


Epoch: 6
Training set avg loss: 0.1257
	center loss: 0.3244
conf_mat:
 [[254902      0      0 ...      0      0      0]
 [     0  18320    704 ...      0      0      0]
 [     0    539  28138 ...      0      0      0]
 ...
 [     0      0      0 ...  19542      0      0]
 [     0      0      0 ...      0  45546      0]
 [     0      0      0 ...      0      0   2233]]
Precision,Recall,macro_f1 0.8361027425533347 0.7887056902465381 0.7795968245673273
778.8608515262604 seconds
Test set avg loss: 0.4785
	center loss: 0.0282
conf_mat:
 [[37196     0     0 ...     0     0     0]
 [    0  2299    42 ...     0     0     0]
 [    0    36  3238 ...     0     0     0]
 ...
 [    0     0     0 ...  2397     0     0]
 [    0     0     0 ...     0  5139     0]
 [    0     0     0 ...     0     0   207]]
Precision,Recall,macro_f1 0.8581825871265316 0.8289789385336461 0.8260315130683009
43.30113363265991 seconds


Epoch: 7
Training set avg loss: 0.1080
	center loss: 0.1910
conf_mat:
 [[260520      0      0 ...      0      0      0]
 [     0  18671    672 ...      0      0      0]
 [     0    590  29544 ...      0      0      0]
 ...
 [     0      0      0 ...  19330      0      0]
 [     0      0      0 ...      0  46429      0]
 [     0      0      0 ...      0      0   1870]]
Precision,Recall,macro_f1 0.8505864381203286 0.8224671987506927 0.8180927168546127
765.554981470108 seconds
Test set avg loss: 0.4416
	center loss: 0.0157
conf_mat:
 [[37199     0     0 ...     0     0     0]
 [    0  2330    55 ...     0     0     0]
 [    0    30  3397 ...     0     0     0]
 ...
 [    0     0     0 ...  2360     0     0]
 [    0     0     0 ...     0  5788     0]
 [    0     0     0 ...     0     0   167]]
Precision,Recall,macro_f1 0.8713778860972086 0.8622663542220872 0.8600590671654662
43.93222904205322 seconds


Epoch: 8
Training set avg loss: 0.0941
	center loss: 0.1198
conf_mat:
 [[265314      0      0 ...      0      0      0]
 [     0  19005    650 ...      0      0      0]
 [     0    628  30609 ...      0      0      0]
 ...
 [     0      0      0 ...  19210      0      0]
 [     0      0      0 ...      0  47398      0]
 [     0      0      0 ...      0      0    984]]
Precision,Recall,macro_f1 0.8588207507654899 0.8436525366946932 0.8395962530870463
764.3944993019104 seconds
Test set avg loss: 0.4103
	center loss: 0.0100
conf_mat:
 [[37966     0     0 ...     0     0     0]
 [    0  2306    77 ...     0     0     0]
 [    0    27  3486 ...     0     0     0]
 ...
 [    0     0     0 ...  2423     0     0]
 [    0     0     0 ...     0  5473     0]
 [    0     0     0 ...     0     0     0]]
Precision,Recall,macro_f1 0.8738782854908088 0.8695158800782503 0.8646490214891525
44.17668318748474 seconds


Epoch: 9
Training set avg loss: 0.0840
	center loss: 0.0821
conf_mat:
 [[268545      0      0 ...      0      0      0]
 [     0  19125    645 ...      0      0      0]
 [     0    618  31270 ...      0      0      0]
 ...
 [     0      0      0 ...  19206      0      0]
 [     0      0      0 ...      0  47603      0]
 [     0      0      0 ...      0      0    437]]
Precision,Recall,macro_f1 0.865311452749798 0.8555167523158859 0.8504974898825418
774.6367728710175 seconds
Test set avg loss: 0.3809
	center loss: 0.0063
conf_mat:
 [[37716     0     0 ...     0     0     0]
 [    0  2282    52 ...     0     0     0]
 [    0    18  3575 ...     0     0     0]
 ...
 [    0     0     0 ...  2392     0     0]
 [    0     0     0 ...     0  5303     0]
 [    0     0     0 ...     0     0   111]]
Precision,Recall,macro_f1 0.8986764749921413 0.8929062868796177 0.8918995188427843
43.32838010787964 seconds


Epoch: 10
Training set avg loss: 0.0752
	center loss: 0.0600
conf_mat:
 [[272420      0      0 ...      0      0      0]
 [     0  19167    675 ...      0      0      0]
 [     0    644  31571 ...      0      0      0]
 ...
 [     0      0      0 ...  19273      0      0]
 [     0      0      0 ...      0  48187      0]
 [     0      0      0 ...      0      0   1063]]
Precision,Recall,macro_f1 0.8750453784900611 0.8753794776725136 0.872208614985796
757.2189857959747 seconds
Test set avg loss: 0.3595
	center loss: 0.0042
conf_mat:
 [[36037     0     0 ...     0     0     0]
 [    0  2435    44 ...     0     0     0]
 [    0    25  3624 ...     0     0     0]
 ...
 [    0     0     0 ...  2387     0     0]
 [    0     0     0 ...     0  5867     0]
 [    0     0     0 ...     0     0    39]]
Precision,Recall,macro_f1 0.9039849741306011 0.8952234530722727 0.893367434854055
43.26919174194336 seconds


Epoch: 11
Training set avg loss: 0.0682
	center loss: 0.0457
conf_mat:
 [[274918      0      0 ...      0      0      0]
 [     0  19330    656 ...      0      0      0]
 [     0    603  31887 ...      0      0      0]
 ...
 [     0      0      0 ...  19363      0      0]
 [     0      0      0 ...      0  48729      0]
 [     0      0      0 ...      0      0   2018]]
Precision,Recall,macro_f1 0.8836877051863843 0.8902845765279175 0.8864485432118866
756.4461009502411 seconds
Test set avg loss: 0.3366
	center loss: 0.0029
conf_mat:
 [[38457     0     0 ...     0     0     0]
 [    0  2434    18 ...     0     0     0]
 [    0    47  3565 ...     0     0     0]
 ...
 [    0     0     0 ...  2396     0     0]
 [    0     0     0 ...     0  5672     0]
 [    0     0     0 ...     0     0   217]]
Precision,Recall,macro_f1 0.914096486631635 0.9140539862238416 0.9128539513089304
42.78704762458801 seconds


Epoch: 12
Training set avg loss: 0.0628
	center loss: 0.0375
conf_mat:
 [[276754      0      0 ...      0      0      0]
 [     0  19404    597 ...      0      0      0]
 [     0    630  32101 ...      0      0      0]
 ...
 [     0      0      0 ...  19517      0      0]
 [     0      0      0 ...      0  49192      0]
 [     0      0      0 ...      0      0   2289]]
Precision,Recall,macro_f1 0.8890622478640611 0.8975253791545058 0.893014316992102
754.8839359283447 seconds
Test set avg loss: 0.3287
	center loss: 0.0023
conf_mat:
 [[36382     0     0 ...     0     0     0]
 [    0  2328    47 ...     0     0     0]
 [    0    30  3657 ...     0     0     0]
 ...
 [    0     0     0 ...  2376     0     0]
 [    0     0     0 ...     0  5831     0]
 [    0     0     0 ...     0     0   224]]
Precision,Recall,macro_f1 0.9139112020985822 0.9155597565392349 0.9139163133190684
43.31165814399719 seconds


Epoch: 13
Training set avg loss: 0.0582
	center loss: 0.0318
conf_mat:
 [[278561      0      0 ...      0      0      0]
 [     0  19502    600 ...      0      0      0]
 [     0    586  32393 ...      0      0      0]
 ...
 [     0      0      0 ...  19542      0      0]
 [     0      0      0 ...      0  49551      0]
 [     0      0      0 ...      0      0   2347]]
Precision,Recall,macro_f1 0.8939418663162054 0.9029252035922026 0.8982272837307539
755.8262097835541 seconds
Test set avg loss: 0.3130
	center loss: 0.0018
conf_mat:
 [[37499     0     0 ...     0     0     0]
 [    0  2447    18 ...     0     0     0]
 [    0    41  3579 ...     0     0     0]
 ...
 [    0     0     0 ...  2356     0     0]
 [    0     0     0 ...     0  6079     0]
 [    0     0     0 ...     0     0   228]]
Precision,Recall,macro_f1 0.9200874608688039 0.9218583137433107 0.9200509213113636
43.57094597816467 seconds


Epoch: 14
Training set avg loss: 0.0543
	center loss: 0.0274
conf_mat:
 [[279878      0      0 ...      0      0      0]
 [     0  19665    552 ...      0      0      0]
 [     0    592  32616 ...      0      0      0]
 ...
 [     0      0      0 ...  19705      0      0]
 [     0      0      0 ...      0  49783      0]
 [     0      0      0 ...      0      0   2398]]
Precision,Recall,macro_f1 0.8982283594536564 0.9070171153820382 0.9024444661438421
759.098548412323 seconds
Test set avg loss: 0.2995
	center loss: 0.0015
conf_mat:
 [[39282     0     0 ...     0     0     0]
 [    0  2342    34 ...     0     0     0]
 [    0    39  3627 ...     0     0     0]
 ...
 [    0     0     0 ...  2453     0     0]
 [    0     0     0 ...     0  6087     0]
 [    0     0     0 ...     0     0   224]]
Precision,Recall,macro_f1 0.9186940260879572 0.9250256904345269 0.9210360989048646
43.138619899749756 seconds


Epoch: 15
Training set avg loss: 0.0514
	center loss: 0.0247
conf_mat:
 [[281441      0      0 ...      0      0      0]
 [     0  19633    593 ...      0      0      0]
 [     0    614  32708 ...      0      0      0]
 ...
 [     0      0      0 ...  19756      0      0]
 [     0      0      0 ...      0  50128      0]
 [     0      0      0 ...      0      0   2383]]
Precision,Recall,macro_f1 0.9018218369553911 0.910348672677984 0.9059310312129583
756.3026804924011 seconds
Test set avg loss: 0.2904
	center loss: 0.0013
conf_mat:
 [[39041     0     0 ...     0     0     0]
 [    0  2414    44 ...     0     0     0]
 [    0    31  3627 ...     0     0     0]
 ...
 [    0     0     0 ...  2407     0     0]
 [    0     0     0 ...     0  6059     0]
 [    0     0     0 ...     0     0   230]]
Precision,Recall,macro_f1 0.9191032415771434 0.9294950036375172 0.9237771031142008
43.19587731361389 seconds


Epoch: 16
Training set avg loss: 0.0487
	center loss: 0.0225
conf_mat:
 [[282484      0      0 ...      0      0      0]
 [     0  19750    547 ...      0      0      0]
 [     0    558  32877 ...      0      0      0]
 ...
 [     0      0      0 ...  19801      0      0]
 [     0      0      0 ...      0  50262      0]
 [     0      0      0 ...      0      0   2409]]
Precision,Recall,macro_f1 0.9047607831665625 0.9132214950906007 0.9088527069434313
756.7739689350128 seconds
Test set avg loss: 0.2802
	center loss: 0.0012
conf_mat:
 [[40987     0     0 ...     0     0     0]
 [    0  2348    75 ...     0     0     0]
 [    0    20  3688 ...     0     0     0]
 ...
 [    0     0     0 ...  2371     0     0]
 [    0     0     0 ...     0  6006     0]
 [    0     0     0 ...     0     0   229]]
Precision,Recall,macro_f1 0.918454597705626 0.932692772023431 0.9249262156829858
43.559284925460815 seconds


Epoch: 17
Training set avg loss: 0.0465
	center loss: 0.0208
conf_mat:
 [[283494      0      0 ...      0      0      0]
 [     0  19747    573 ...      0      0      0]
 [     0    560  32948 ...      0      0      0]
 ...
 [     0      0      0 ...  19846      0      0]
 [     0      0      0 ...      0  50363      0]
 [     0      0      0 ...      0      0   2417]]
Precision,Recall,macro_f1 0.9072373360255301 0.9155655233264631 0.9112724742522947
757.7086741924286 seconds
Test set avg loss: 0.2719
	center loss: 0.0011
conf_mat:
 [[40855     0     0 ...     0     0     0]
 [    0  2416    18 ...     0     0     0]
 [    0    50  3688 ...     0     0     0]
 ...
 [    0     0     0 ...  2439     0     0]
 [    0     0     0 ...     0  6085     0]
 [    0     0     0 ...     0     0   232]]
Precision,Recall,macro_f1 0.9270498497675519 0.9294051977057933 0.9278050143728724
43.51283407211304 seconds


Epoch: 18
Training set avg loss: 0.0446
	center loss: 0.0194
conf_mat:
 [[284043      0      0 ...      0      0      0]
 [     0  19814    544 ...      0      0      0]
 [     0    551  32972 ...      0      0      0]
 ...
 [     0      0      0 ...  19903      0      0]
 [     0      0      0 ...      0  50576      0]
 [     0      0      0 ...      0      0   2409]]
Precision,Recall,macro_f1 0.9092274561088773 0.9170949872657433 0.9130400487271647
758.0509960651398 seconds
Test set avg loss: 0.2675
	center loss: 0.0010
conf_mat:
 [[39423     0     0 ...     0     0     0]
 [    0  2356   115 ...     0     0     0]
 [    0    13  3757 ...     0     0     0]
 ...
 [    0     0     0 ...  2413     0     0]
 [    0     0     0 ...     0  6022     0]
 [    0     0     0 ...     0     0   224]]
Precision,Recall,macro_f1 0.9279298569825454 0.930887424876742 0.9289484632088638
43.00315809249878 seconds


Epoch: 19
Training set avg loss: 0.0430
	center loss: 0.0182
conf_mat:
 [[284520      0      0 ...      0      0      0]
 [     0  19844    546 ...      0      0      0]
 [     0    548  33084 ...      0      0      0]
 ...
 [     0      0      0 ...  19933      0      0]
 [     0      0      0 ...      0  50627      0]
 [     0      0      0 ...      0      0   2403]]
Precision,Recall,macro_f1 0.911540350684948 0.9193186602275696 0.9153135701561245
756.0139479637146 seconds
Test set avg loss: 0.2634
	center loss: 0.0009
conf_mat:
 [[41337     0     0 ...     0     0     0]
 [    0  2491     7 ...     0     0     0]
 [    0    72  3753 ...     0     0     0]
 ...
 [    0     0     0 ...  2478     0     0]
 [    0     0     0 ...     0  6213     0]
 [    0     0     0 ...     0     0   230]]
Precision,Recall,macro_f1 0.9231259978030104 0.932551157557488 0.9274652656067203
43.486430644989014 seconds


Epoch: 20
Training set avg loss: 0.0414
	center loss: 0.0171
conf_mat:
 [[285544      0      0 ...      0      0      0]
 [     0  19868    530 ...      0      0      0]
 [     0    544  33129 ...      0      0      0]
 ...
 [     0      0      0 ...  20054      0      0]
 [     0      0      0 ...      0  50782      0]
 [     0      0      0 ...      0      0   2414]]
Precision,Recall,macro_f1 0.9133428434014904 0.9212400297722975 0.9171823560193401
757.0327680110931 seconds
Test set avg loss: 0.2521
	center loss: 0.0008
conf_mat:
 [[41133     0     0 ...     0     0     0]
 [    0  2426    38 ...     0     0     0]
 [    0    31  3598 ...     0     0     0]
 ...
 [    0     0     0 ...  2457     0     0]
 [    0     0     0 ...     0  6283     0]
 [    0     0     0 ...     0     0   227]]
Precision,Recall,macro_f1 0.9278966099369103 0.9341566469859677 0.9304734830545859
43.41578674316406 seconds


Epoch: 21
Training set avg loss: 0.0401
	center loss: 0.0162
conf_mat:
 [[286321      0      0 ...      0      0      0]
 [     0  19912    536 ...      0      0      0]
 [     0    535  33235 ...      0      0      0]
 ...
 [     0      0      0 ...  20028      0      0]
 [     0      0      0 ...      0  50896      0]
 [     0      0      0 ...      0      0   2411]]
Precision,Recall,macro_f1 0.9150858168165354 0.9225813318717312 0.9187303544550555
756.3278756141663 seconds
Test set avg loss: 0.2517
	center loss: 0.0008
conf_mat:
 [[39827     0     0 ...     0     0     0]
 [    0  2415    51 ...     0     0     0]
 [    0    24  3634 ...     0     0     0]
 ...
 [    0     0     0 ...  2460     0     0]
 [    0     0     0 ...     0  5980     0]
 [    0     0     0 ...     0     0   231]]
Precision,Recall,macro_f1 0.9279282986048755 0.9354152672308937 0.9313270657411259
43.52373671531677 seconds


Epoch: 22
Training set avg loss: 0.0390
	center loss: 0.0155
conf_mat:
 [[286685      0      0 ...      0      0      0]
 [     0  19947    510 ...      0      0      0]
 [     0    519  33302 ...      0      0      0]
 ...
 [     0      0      0 ...  20065      0      0]
 [     0      0      0 ...      0  51010      0]
 [     0      0      0 ...      0      0   2427]]
Precision,Recall,macro_f1 0.9160465485951228 0.9236030599651355 0.9197211660116892
763.6049964427948 seconds
Test set avg loss: 0.2444
	center loss: 0.0008
conf_mat:
 [[40589     0     0 ...     0     0     0]
 [    0  2380    25 ...     0     0     0]
 [    0    31  3470 ...     0     0     0]
 ...
 [    0     0     0 ...  2446     0     0]
 [    0     0     0 ...     0  6044     0]
 [    0     0     0 ...     0     0   230]]
Precision,Recall,macro_f1 0.930220513530463 0.9390932456272307 0.9342478411301036
43.33879232406616 seconds


Epoch: 23
Training set avg loss: 0.0378
	center loss: 0.0147
conf_mat:
 [[287262      0      0 ...      0      0      0]
 [     0  19931    513 ...      0      0      0]
 [     0    530  33280 ...      0      0      0]
 ...
 [     0      0      0 ...  20160      0      0]
 [     0      0      0 ...      0  51066      0]
 [     0      0      0 ...      0      0   2428]]
Precision,Recall,macro_f1 0.9176677824245765 0.9249907166737489 0.921231021178332
759.0093221664429 seconds
Test set avg loss: 0.2470
	center loss: 0.0008
conf_mat:
 [[39267     0     0 ...     0     0     0]
 [    0  2391    27 ...     0     0     0]
 [    0    34  3621 ...     0     0     0]
 ...
 [    0     0     0 ...  2446     0     0]
 [    0     0     0 ...     0  5886     0]
 [    0     0     0 ...     0     0   232]]
Precision,Recall,macro_f1 0.9246688921848415 0.9366999648733224 0.9302655562806231
43.372151136398315 seconds


Epoch: 24
Training set avg loss: 0.0367
	center loss: 0.0141
conf_mat:
 [[287945      0      0 ...      0      0      0]
 [     0  20013    495 ...      0      0      0]
 [     0    504  33289 ...      0      0      0]
 ...
 [     0      0      0 ...  20195      0      0]
 [     0      0      0 ...      0  51090      0]
 [     0      0      0 ...      0      0   2421]]
Precision,Recall,macro_f1 0.9196641041195768 0.9266014454073789 0.9230404640253282
759.2070634365082 seconds
Test set avg loss: 0.2420
	center loss: 0.0007
conf_mat:
 [[39253     0     0 ...     0     0     0]
 [    0  2303    53 ...     0     0     0]
 [    0    16  3641 ...     0     0     0]
 ...
 [    0     0     0 ...  2440     0     0]
 [    0     0     0 ...     0  6091     0]
 [    0     0     0 ...     0     0   232]]
Precision,Recall,macro_f1 0.9303778079193987 0.9359292061198803 0.9327432626360835
43.15400815010071 seconds


Epoch: 25
Training set avg loss: 0.0359
	center loss: 0.0135
conf_mat:
 [[288457      0      0 ...      0      0      0]
 [     0  19986    499 ...      0      0      0]
 [     0    534  33345 ...      0      0      0]
 ...
 [     0      0      0 ...  20169      0      0]
 [     0      0      0 ...      0  51195      0]
 [     0      0      0 ...      0      0   2432]]
Precision,Recall,macro_f1 0.9206050617527867 0.9273902623197399 0.9239081181117944
755.1635768413544 seconds
Test set avg loss: 0.2324
	center loss: 0.0007
conf_mat:
 [[41188     0     0 ...     0     0     0]
 [    0  2405    19 ...     0     0     0]
 [    0    66  3650 ...     0     0     0]
 ...
 [    0     0     0 ...  2452     0     0]
 [    0     0     0 ...     0  6145     0]
 [    0     0     0 ...     0     0   224]]
Precision,Recall,macro_f1 0.9318427831297349 0.9399190806455485 0.935502979036527
43.24476861953735 seconds


Epoch: 26
Training set avg loss: 0.0349
	center loss: 0.0130
conf_mat:
 [[288662      0      0 ...      0      0      0]
 [     0  20005    500 ...      0      0      0]
 [     0    509  33423 ...      0      0      0]
 ...
 [     0      0      0 ...  20223      0      0]
 [     0      0      0 ...      0  51330      0]
 [     0      0      0 ...      0      0   2433]]
Precision,Recall,macro_f1 0.9217342028302806 0.9284380298831446 0.9249990419289373
754.6895384788513 seconds
Test set avg loss: 0.2330
	center loss: 0.0006
conf_mat:
 [[40573     0     0 ...     0     0     0]
 [    0  2413     6 ...     0     0     0]
 [    0    48  3469 ...     0     0     0]
 ...
 [    0     0     0 ...  2445     0     0]
 [    0     0     0 ...     0  5890     0]
 [    0     0     0 ...     0     0   233]]
Precision,Recall,macro_f1 0.9331303895271648 0.9360352474941807 0.9341033110297484
43.37575364112854 seconds


Epoch: 27
Training set avg loss: 0.0342
	center loss: 0.0125
conf_mat:
 [[289025      0      0 ...      0      0      0]
 [     0  20022    477 ...      0      0      0]
 [     0    514  33501 ...      0      0      0]
 ...
 [     0      0      0 ...  20256      0      0]
 [     0      0      0 ...      0  51386      0]
 [     0      0      0 ...      0      0   2436]]
Precision,Recall,macro_f1 0.922937234885473 0.9296019171678075 0.9261829125905032
753.3969910144806 seconds
Test set avg loss: 0.2295
	center loss: 0.0006
conf_mat:
 [[41063     0     0 ...     0     0     0]
 [    0  2420    13 ...     0     0     0]
 [    0    48  3605 ...     0     0     0]
 ...
 [    0     0     0 ...  2378     0     0]
 [    0     0     0 ...     0  5921     0]
 [    0     0     0 ...     0     0   233]]
Precision,Recall,macro_f1 0.9337110911942851 0.9355054444793613 0.934019621502379
43.57198452949524 seconds


Epoch: 28
Training set avg loss: 0.0334
	center loss: 0.0121
conf_mat:
 [[289061      0      0 ...      0      0      0]
 [     0  20076    471 ...      0      0      0]
 [     0    499  33487 ...      0      0      0]
 ...
 [     0      0      0 ...  20261      0      0]
 [     0      0      0 ...      0  51455      0]
 [     0      0      0 ...      0      0   2442]]
Precision,Recall,macro_f1 0.924076643999273 0.9306748197884002 0.9272900786837343
758.5728583335876 seconds
Test set avg loss: 0.2251
	center loss: 0.0006
conf_mat:
 [[40836     0     0 ...     0     0     0]
 [    0  2317    41 ...     0     0     0]
 [    0    38  3553 ...     0     0     0]
 ...
 [    0     0     0 ...  2348     0     0]
 [    0     0     0 ...     0  6041     0]
 [    0     0     0 ...     0     0   226]]
Precision,Recall,macro_f1 0.9304988371677104 0.9386400165799331 0.9341460192640344
43.369909048080444 seconds


Epoch: 29
Training set avg loss: 0.0328
	center loss: 0.0117
conf_mat:
 [[289580      0      0 ...      0      0      0]
 [     0  20092    463 ...      0      0      0]
 [     0    502  33478 ...      0      0      0]
 ...
 [     0      0      0 ...  20290      0      0]
 [     0      0      0 ...      0  51435      0]
 [     0      0      0 ...      0      0   2436]]
Precision,Recall,macro_f1 0.925099530435265 0.9315345552954537 0.9282344803161459
753.7070140838623 seconds
Test set avg loss: 0.2270
	center loss: 0.0006
conf_mat:
 [[40538     0     0 ...     0     0     0]
 [    0  2338    18 ...     0     0     0]
 [    0    42  3674 ...     0     0     0]
 ...
 [    0     0     0 ...  2457     0     0]
 [    0     0     0 ...     0  5994     0]
 [    0     0     0 ...     0     0   232]]
Precision,Recall,macro_f1 0.9318073239018013 0.9373327129638902 0.9339931617750904
43.450092792510986 seconds


Epoch: 30
Training set avg loss: 0.0321
	center loss: 0.0113
conf_mat:
 [[289726      0      0 ...      0      0      0]
 [     0  20108    465 ...      0      0      0]
 [     0    452  33631 ...      0      0      0]
 ...
 [     0      0      0 ...  20300      0      0]
 [     0      0      0 ...      0  51572      0]
 [     0      0      0 ...      0      0   2422]]
Precision,Recall,macro_f1 0.9258517110325486 0.9320211255005839 0.9288556204931984
757.4084196090698 seconds
Test set avg loss: 0.2193
	center loss: 0.0006
conf_mat:
 [[40700     0     0 ...     0     0     0]
 [    0  2403    11 ...     0     0     0]
 [    0    49  3496 ...     0     0     0]
 ...
 [    0     0     0 ...  2407     0     0]
 [    0     0     0 ...     0  6065     0]
 [    0     0     0 ...     0     0   230]]
Precision,Recall,macro_f1 0.9364807485145907 0.9399966092932669 0.9379954069445209
43.296727895736694 seconds


Epoch: 31
Training set avg loss: 0.0315
	center loss: 0.0110
conf_mat:
 [[289927      0      0 ...      0      0      0]
 [     0  20096    463 ...      0      0      0]
 [     0    494  33614 ...      0      0      0]
 ...
 [     0      0      0 ...  20355      0      0]
 [     0      0      0 ...      0  51578      0]
 [     0      0      0 ...      0      0   2433]]
Precision,Recall,macro_f1 0.9267605726191854 0.9330447434838829 0.929823232853267
755.5895857810974 seconds
Test set avg loss: 0.2188
	center loss: 0.0006
conf_mat:
 [[38780     0     0 ...     0     0     0]
 [    0  2379    16 ...     0     0     0]
 [    0    34  3587 ...     0     0     0]
 ...
 [    0     0     0 ...  2439     0     0]
 [    0     0     0 ...     0  6187     0]
 [    0     0     0 ...     0     0   230]]
Precision,Recall,macro_f1 0.933989395817021 0.9390901527317825 0.9361751420607369
43.53727436065674 seconds


Epoch: 32
Training set avg loss: 0.0310
	center loss: 0.0107
conf_mat:
 [[290303      0      0 ...      0      0      0]
 [     0  20136    445 ...      0      0      0]
 [     0    467  33584 ...      0      0      0]
 ...
 [     0      0      0 ...  20337      0      0]
 [     0      0      0 ...      0  51618      0]
 [     0      0      0 ...      0      0   2429]]
Precision,Recall,macro_f1 0.9275635943698253 0.9337431175582442 0.9305758064640162
754.0928757190704 seconds
Test set avg loss: 0.2197
	center loss: 0.0006
conf_mat:
 [[39245     0     0 ...     0     0     0]
 [    0  2377    36 ...     0     0     0]
 [    0    21  3664 ...     0     0     0]
 ...
 [    0     0     0 ...  2434     0     0]
 [    0     0     0 ...     0  6111     0]
 [    0     0     0 ...     0     0   232]]
Precision,Recall,macro_f1 0.9306382828016427 0.938294269514867 0.9337347791792591
43.13934803009033 seconds


Epoch: 33
Training set avg loss: 0.0304
	center loss: 0.0104
conf_mat:
 [[290692      0      0 ...      0      0      0]
 [     0  20158    438 ...      0      0      0]
 [     0    478  33665 ...      0      0      0]
 ...
 [     0      0      0 ...  20381      0      0]
 [     0      0      0 ...      0  51658      0]
 [     0      0      0 ...      0      0   2440]]
Precision,Recall,macro_f1 0.9285627472380571 0.9344548016348039 0.9314337186393434
755.8578913211823 seconds
Test set avg loss: 0.2144
	center loss: 0.0005
conf_mat:
 [[40985     0     0 ...     0     0     0]
 [    0  2280    12 ...     0     0     0]
 [    0    46  3723 ...     0     0     0]
 ...
 [    0     0     0 ...  2510     0     0]
 [    0     0     0 ...     0  6084     0]
 [    0     0     0 ...     0     0   235]]
Precision,Recall,macro_f1 0.9343894792049853 0.9388447962503389 0.9361461739318746
43.17159986495972 seconds


Epoch: 34
Training set avg loss: 0.0299
	center loss: 0.0101
conf_mat:
 [[290607      0      0 ...      0      0      0]
 [     0  20125    429 ...      0      0      0]
 [     0    467  33652 ...      0      0      0]
 ...
 [     0      0      0 ...  20402      0      0]
 [     0      0      0 ...      0  51562      0]
 [     0      0      0 ...      0      0   2438]]
Precision,Recall,macro_f1 0.9290598703708789 0.9349708005636326 0.931939480699679
753.8198480606079 seconds
Test set avg loss: 0.2129
	center loss: 0.0005
conf_mat:
 [[41377     0     0 ...     0     0     0]
 [    0  2448    32 ...     0     0     0]
 [    0    27  3732 ...     0     0     0]
 ...
 [    0     0     0 ...  2466     0     0]
 [    0     0     0 ...     0  6306     0]
 [    0     0     0 ...     0     0   233]]
Precision,Recall,macro_f1 0.9374427366926847 0.9384422080833359 0.9375844436250023
43.301422357559204 seconds


Epoch: 35
Training set avg loss: 0.0295
	center loss: 0.0098
conf_mat:
 [[290744      0      0 ...      0      0      0]
 [     0  20120    447 ...      0      0      0]
 [     0    462  33708 ...      0      0      0]
 ...
 [     0      0      0 ...  20457      0      0]
 [     0      0      0 ...      0  51724      0]
 [     0      0      0 ...      0      0   2445]]
Precision,Recall,macro_f1 0.9297642578533454 0.935619044414643 0.9326169317897385
758.7774906158447 seconds
Test set avg loss: 0.2097
	center loss: 0.0005
conf_mat:
 [[39841     0     0 ...     0     0     0]
 [    0  2470     4 ...     0     0     0]
 [    0    53  3507 ...     0     0     0]
 ...
 [    0     0     0 ...  2481     0     0]
 [    0     0     0 ...     0  6098     0]
 [    0     0     0 ...     0     0   232]]
Precision,Recall,macro_f1 0.9383382419407832 0.9406739043168012 0.9391071946781686
43.255157470703125 seconds


Epoch: 36
Training set avg loss: 0.0290
	center loss: 0.0096
conf_mat:
 [[291048      0      0 ...      0      0      0]
 [     0  20189    420 ...      0      0      0]
 [     0    461  33845 ...      0      0      0]
 ...
 [     0      0      0 ...  20433      0      0]
 [     0      0      0 ...      0  51771      0]
 [     0      0      0 ...      0      0   2443]]
Precision,Recall,macro_f1 0.9307378166288259 0.9364002607590058 0.9334959120349601
755.3791012763977 seconds
Test set avg loss: 0.2080
	center loss: 0.0005
conf_mat:
 [[40333     0     0 ...     0     0     0]
 [    0  2422    14 ...     0     0     0]
 [    0    37  3562 ...     0     0     0]
 ...
 [    0     0     0 ...  2440     0     0]
 [    0     0     0 ...     0  6029     0]
 [    0     0     0 ...     0     0   236]]
Precision,Recall,macro_f1 0.93793814862382 0.9411999626736638 0.9392452145685825
43.44061517715454 seconds


Epoch: 37
Training set avg loss: 0.0285
	center loss: 0.0093
conf_mat:
 [[291288      0      0 ...      0      0      0]
 [     0  20160    445 ...      0      0      0]
 [     0    459  33800 ...      0      0      0]
 ...
 [     0      0      0 ...  20404      0      0]
 [     0      0      0 ...      0  51887      0]
 [     0      0      0 ...      0      0   2435]]
Precision,Recall,macro_f1 0.9313556222257051 0.9370510803572996 0.9341313971189278
758.7232217788696 seconds
Test set avg loss: 0.2080
	center loss: 0.0005
conf_mat:
 [[41227     0     0 ...     0     0     0]
 [    0  2358    58 ...     0     0     0]
 [    0    19  3603 ...     0     0     0]
 ...
 [    0     0     0 ...  2464     0     0]
 [    0     0     0 ...     0  5883     0]
 [    0     0     0 ...     0     0   229]]
Precision,Recall,macro_f1 0.9372164503627373 0.9428718815079384 0.9398476231432746
42.83548021316528 seconds


Epoch: 38
Training set avg loss: 0.0282
	center loss: 0.0091
conf_mat:
 [[291367      0      0 ...      0      0      0]
 [     0  20184    426 ...      0      0      0]
 [     0    445  33774 ...      0      0      0]
 ...
 [     0      0      0 ...  20512      0      0]
 [     0      0      0 ...      0  52011      0]
 [     0      0      0 ...      0      0   2439]]
Precision,Recall,macro_f1 0.9318601695778871 0.9375545148682658 0.9346358923044193
752.632387638092 seconds
Test set avg loss: 0.2066
	center loss: 0.0005
conf_mat:
 [[40393     0     0 ...     0     0     0]
 [    0  2304    22 ...     0     0     0]
 [    0    31  3660 ...     0     0     0]
 ...
 [    0     0     0 ...  2425     0     0]
 [    0     0     0 ...     0  6062     0]
 [    0     0     0 ...     0     0   232]]
Precision,Recall,macro_f1 0.9373823706419856 0.9416963604945474 0.9392987270196731
43.24311423301697 seconds


Epoch: 39
Training set avg loss: 0.0278
	center loss: 0.0090
conf_mat:
 [[291567      0      0 ...      0      0      0]
 [     0  20210    416 ...      0      0      0]
 [     0    425  33862 ...      0      0      0]
 ...
 [     0      0      0 ...  20441      0      0]
 [     0      0      0 ...      0  51919      0]
 [     0      0      0 ...      0      0   2437]]
Precision,Recall,macro_f1 0.9323806440063358 0.9378671607696161 0.9350537601503092
751.5382237434387 seconds
Test set avg loss: 0.2040
	center loss: 0.0005
conf_mat:
 [[40735     0     0 ...     0     0     0]
 [    0  2308    54 ...     0     0     0]
 [    0    13  3697 ...     0     0     0]
 ...
 [    0     0     0 ...  2488     0     0]
 [    0     0     0 ...     0  6292     0]
 [    0     0     0 ...     0     0   231]]
Precision,Recall,macro_f1 0.9377680383878931 0.9400905847253197 0.938637764682451
43.16389584541321 seconds


Epoch: 40
Training set avg loss: 0.0274
	center loss: 0.0087
conf_mat:
 [[291596      0      0 ...      0      0      0]
 [     0  20232    405 ...      0      0      0]
 [     0    463  33834 ...      0      0      0]
 ...
 [     0      0      0 ...  20557      0      0]
 [     0      0      0 ...      0  51980      0]
 [     0      0      0 ...      0      0   2439]]
Precision,Recall,macro_f1 0.9333936135987335 0.9387126153493615 0.9359842617963785
755.0109283924103 seconds
Test set avg loss: 0.2045
	center loss: 0.0005
conf_mat:
 [[40558     0     0 ...     0     0     0]
 [    0  2405    30 ...     0     0     0]
 [    0    24  3367 ...     0     0     0]
 ...
 [    0     0     0 ...  2367     0     0]
 [    0     0     0 ...     0  6308     0]
 [    0     0     0 ...     0     0   234]]
Precision,Recall,macro_f1 0.9339389212273161 0.942635264628366 0.9377083886707981
43.42503499984741 seconds


Epoch: 41
Training set avg loss: 0.0270
	center loss: 0.0086
conf_mat:
 [[292073      0      0 ...      0      0      0]
 [     0  20240    403 ...      0      0      0]
 [     0    432  33821 ...      0      0      0]
 ...
 [     0      0      0 ...  20516      0      0]
 [     0      0      0 ...      0  52093      0]
 [     0      0      0 ...      0      0   2448]]
Precision,Recall,macro_f1 0.9339293607317384 0.9391723897205864 0.9364843636389025
756.15527176857 seconds
Test set avg loss: 0.2016
	center loss: 0.0004
conf_mat:
 [[40726     0     0 ...     0     0     0]
 [    0  2469    13 ...     0     0     0]
 [    0    38  3646 ...     0     0     0]
 ...
 [    0     0     0 ...  2472     0     0]
 [    0     0     0 ...     0  5719     0]
 [    0     0     0 ...     0     0   229]]
Precision,Recall,macro_f1 0.9400977272775347 0.9436400002439158 0.9415804564352287
43.46744513511658 seconds


Epoch: 42
Training set avg loss: 0.0266
	center loss: 0.0084
conf_mat:
 [[292039      0      0 ...      0      0      0]
 [     0  20220    394 ...      0      0      0]
 [     0    444  33876 ...      0      0      0]
 ...
 [     0      0      0 ...  20563      0      0]
 [     0      0      0 ...      0  52106      0]
 [     0      0      0 ...      0      0   2440]]
Precision,Recall,macro_f1 0.9344156742861934 0.9394828716129874 0.9368827943544651
758.5193266868591 seconds
Test set avg loss: 0.2051
	center loss: 0.0004
conf_mat:
 [[39177     0     0 ...     0     0     0]
 [    0  2413    12 ...     0     0     0]
 [    0    47  3586 ...     0     0     0]
 ...
 [    0     0     0 ...  2388     0     0]
 [    0     0     0 ...     0  6190     0]
 [    0     0     0 ...     0     0   231]]
Precision,Recall,macro_f1 0.9354389771072849 0.9403996667826714 0.9373436547765086
43.31605505943298 seconds


Epoch: 43
Training set avg loss: 0.0263
	center loss: 0.0082
conf_mat:
 [[292132      0      0 ...      0      0      0]
 [     0  20185    434 ...      0      0      0]
 [     0    468  33883 ...      0      0      0]
 ...
 [     0      0      0 ...  20533      0      0]
 [     0      0      0 ...      0  52022      0]
 [     0      0      0 ...      0      0   2450]]
Precision,Recall,macro_f1 0.9349206408019612 0.940056870317975 0.9374228131301194
755.986447095871 seconds
Test set avg loss: 0.1981
	center loss: 0.0004
conf_mat:
 [[39975     0     0 ...     0     0     0]
 [    0  2470    10 ...     0     0     0]
 [    0    53  3673 ...     0     0     0]
 ...
 [    0     0     0 ...  2478     0     0]
 [    0     0     0 ...     0  6174     0]
 [    0     0     0 ...     0     0   230]]
Precision,Recall,macro_f1 0.93888748604262 0.944941660995918 0.9415956683182448
43.46422481536865 seconds


Epoch: 44
Training set avg loss: 0.0260
	center loss: 0.0081
conf_mat:
 [[292256      0      0 ...      0      0      0]
 [     0  20158    416 ...      0      0      0]
 [     0    438  33865 ...      0      0      0]
 ...
 [     0      0      0 ...  20582      0      0]
 [     0      0      0 ...      0  52001      0]
 [     0      0      0 ...      0      0   2439]]
Precision,Recall,macro_f1 0.9353357821546892 0.9403872737083989 0.9377960517417122
753.8248183727264 seconds
Test set avg loss: 0.2004
	center loss: 0.0004
conf_mat:
 [[40944     0     0 ...     0     0     0]
 [    0  2414     8 ...     0     0     0]
 [    0    48  3769 ...     0     0     0]
 ...
 [    0     0     0 ...  2447     0     0]
 [    0     0     0 ...     0  6152     0]
 [    0     0     0 ...     0     0   225]]
Precision,Recall,macro_f1 0.9387641087368254 0.9426404262500269 0.9404086181517686
43.28593993186951 seconds


Epoch: 45
Training set avg loss: 0.0257
	center loss: 0.0079
conf_mat:
 [[292252      0      0 ...      0      0      0]
 [     0  20262    386 ...      0      0      0]
 [     0    450  33880 ...      0      0      0]
 ...
 [     0      0      0 ...  20580      0      0]
 [     0      0      0 ...      0  52157      0]
 [     0      0      0 ...      0      0   2446]]
Precision,Recall,macro_f1 0.9357895845409986 0.9408690637011112 0.9382639945969513
750.3920946121216 seconds
Test set avg loss: 0.1974
	center loss: 0.0004
conf_mat:
 [[41086     0     0 ...     0     0     0]
 [    0  2336    72 ...     0     0     0]
 [    0    21  3770 ...     0     0     0]
 ...
 [    0     0     0 ...  2418     0     0]
 [    0     0     0 ...     0  6194     0]
 [    0     0     0 ...     0     0   235]]
Precision,Recall,macro_f1 0.9416127718326408 0.9422233638078008 0.9416121064592654
43.44284701347351 seconds


Epoch: 46
Training set avg loss: 0.0253
	center loss: 0.0078
conf_mat:
 [[292698      0      0 ...      0      0      0]
 [     0  20274    391 ...      0      0      0]
 [     0    427  33918 ...      0      0      0]
 ...
 [     0      0      0 ...  20620      0      0]
 [     0      0      0 ...      0  52265      0]
 [     0      0      0 ...      0      0   2451]]
Precision,Recall,macro_f1 0.9365935977344926 0.9414778139149657 0.9389728827492025
752.1154007911682 seconds
Test set avg loss: 0.1932
	center loss: 0.0004
conf_mat:
 [[40369     0     0 ...     0     0     0]
 [    0  2408    17 ...     0     0     0]
 [    0    38  3716 ...     0     0     0]
 ...
 [    0     0     0 ...  2461     0     0]
 [    0     0     0 ...     0  6320     0]
 [    0     0     0 ...     0     0   235]]
Precision,Recall,macro_f1 0.9416312953783682 0.9465236758447064 0.9438308794549294
43.404587745666504 seconds


Epoch: 47
Training set avg loss: 0.0251
	center loss: 0.0076
conf_mat:
 [[292599      0      0 ...      0      0      0]
 [     0  20262    377 ...      0      0      0]
 [     0    411  33981 ...      0      0      0]
 ...
 [     0      0      0 ...  20619      0      0]
 [     0      0      0 ...      0  52221      0]
 [     0      0      0 ...      0      0   2451]]
Precision,Recall,macro_f1 0.937159698211211 0.9420665061469352 0.9395497302211713
754.210696220398 seconds
Test set avg loss: 0.1983
	center loss: 0.0004
conf_mat:
 [[38417     0     0 ...     0     0     0]
 [    0  2446    24 ...     0     0     0]
 [    0    28  3767 ...     0     0     0]
 ...
 [    0     0     0 ...  2485     0     0]
 [    0     0     0 ...     0  6181     0]
 [    0     0     0 ...     0     0   232]]
Precision,Recall,macro_f1 0.9360515115366125 0.9476267401238088 0.9415348092914492
43.314879417419434 seconds


Epoch: 48
Training set avg loss: 0.0249
	center loss: 0.0075
conf_mat:
 [[292610      0      0 ...      0      0      0]
 [     0  20276    398 ...      0      0      0]
 [     0    420  33971 ...      0      0      0]
 ...
 [     0      0      0 ...  20651      0      0]
 [     0      0      0 ...      0  52152      0]
 [     0      0      0 ...      0      0   2446]]
Precision,Recall,macro_f1 0.9372453111888673 0.9422271023842405 0.939671433415346
755.0135860443115 seconds
Test set avg loss: 0.1942
	center loss: 0.0004
conf_mat:
 [[40648     0     0 ...     0     0     0]
 [    0  2360    68 ...     0     0     0]
 [    0    12  3694 ...     0     0     0]
 ...
 [    0     0     0 ...  2467     0     0]
 [    0     0     0 ...     0  6224     0]
 [    0     0     0 ...     0     0   232]]
Precision,Recall,macro_f1 0.9373929959102316 0.9456576017775007 0.9412836219015361
43.14925718307495 seconds


Epoch: 49
Training set avg loss: 0.0245
	center loss: 0.0073
conf_mat:
 [[292761      0      0 ...      0      0      0]
 [     0  20316    391 ...      0      0      0]
 [     0    412  33979 ...      0      0      0]
 ...
 [     0      0      0 ...  20612      0      0]
 [     0      0      0 ...      0  52224      0]
 [     0      0      0 ...      0      0   2452]]
Precision,Recall,macro_f1 0.9380353520595545 0.9428875484601142 0.940398463892512
754.0878813266754 seconds
Test set avg loss: 0.1929
	center loss: 0.0004
conf_mat:
 [[41091     0     0 ...     0     0     0]
 [    0  2482     6 ...     0     0     0]
 [    0    52  3532 ...     0     0     0]
 ...
 [    0     0     0 ...  2459     0     0]
 [    0     0     0 ...     0  6145     0]
 [    0     0     0 ...     0     0   232]]
Precision,Recall,macro_f1 0.9372892428578783 0.9466434414783542 0.9416535866930293
43.317198514938354 seconds


Epoch: 50
Training set avg loss: 0.0242
	center loss: 0.0072
conf_mat:
 [[292963      0      0 ...      0      0      0]
 [     0  20294    375 ...      0      0      0]
 [     0    442  33988 ...      0      0      0]
 ...
 [     0      0      0 ...  20648      0      0]
 [     0      0      0 ...      0  52283      0]
 [     0      0      0 ...      0      0   2448]]
Precision,Recall,macro_f1 0.9382821199601551 0.9429870049925541 0.9405725900454605
755.290593624115 seconds
Test set avg loss: 0.1939
	center loss: 0.0004
conf_mat:
 [[39119     0     0 ...     0     0     0]
 [    0  2447     9 ...     0     0     0]
 [    0    45  3721 ...     0     0     0]
 ...
 [    0     0     0 ...  2472     0     0]
 [    0     0     0 ...     0  6077     0]
 [    0     0     0 ...     0     0   233]]
Precision,Recall,macro_f1 0.9397537539310148 0.9418704929431492 0.9403001411130454
43.41933298110962 seconds


Epoch: 51
Training set avg loss: 0.0240
	center loss: 0.0071
conf_mat:
 [[292992      0      0 ...      0      0      0]
 [     0  20292    379 ...      0      0      0]
 [     0    417  34030 ...      0      0      0]
 ...
 [     0      0      0 ...  20650      0      0]
 [     0      0      0 ...      0  52258      0]
 [     0      0      0 ...      0      0   2444]]
Precision,Recall,macro_f1 0.938736290938364 0.9432873478267669 0.9409509959111897
755.5886206626892 seconds
Test set avg loss: 0.1882
	center loss: 0.0004
conf_mat:
 [[41213     0     0 ...     0     0     0]
 [    0  2391    12 ...     0     0     0]
 [    0    36  3576 ...     0     0     0]
 ...
 [    0     0     0 ...  2470     0     0]
 [    0     0     0 ...     0  6115     0]
 [    0     0     0 ...     0     0   232]]
Precision,Recall,macro_f1 0.9426514234946132 0.9426198976417223 0.9423093899662481
43.24435257911682 seconds


Epoch: 52
Training set avg loss: 0.0237
	center loss: 0.0070
conf_mat:
 [[293272      0      0 ...      0      0      0]
 [     0  20277    377 ...      0      0      0]
 [     0    410  34060 ...      0      0      0]
 ...
 [     0      0      0 ...  20683      0      0]
 [     0      0      0 ...      0  52274      0]
 [     0      0      0 ...      0      0   2450]]
Precision,Recall,macro_f1 0.9392849920676083 0.9439834922241486 0.941574068288439
748.4957902431488 seconds
Test set avg loss: 0.1920
	center loss: 0.0004
conf_mat:
 [[41430     0     0 ...     0     0     0]
 [    0  2441    15 ...     0     0     0]
 [    0    33  3670 ...     0     0     0]
 ...
 [    0     0     0 ...  2394     0     0]
 [    0     0     0 ...     0  6237     0]
 [    0     0     0 ...     0     0   227]]
Precision,Recall,macro_f1 0.9412169665064805 0.9450571894154303 0.9428697761784938
43.4278359413147 seconds


Epoch: 53
Training set avg loss: 0.0235
	center loss: 0.0069
conf_mat:
 [[293209      0      0 ...      0      0      0]
 [     0  20308    381 ...      0      0      0]
 [     0    420  34111 ...      0      0      0]
 ...
 [     0      0      0 ...  20684      0      0]
 [     0      0      0 ...      0  52336      0]
 [     0      0      0 ...      0      0   2460]]
Precision,Recall,macro_f1 0.9398763544705472 0.9445931378505216 0.942173686228822
757.1053330898285 seconds
Test set avg loss: 0.1888
	center loss: 0.0004
conf_mat:
 [[41316     0     0 ...     0     0     0]
 [    0  2404    13 ...     0     0     0]
 [    0    28  3641 ...     0     0     0]
 ...
 [    0     0     0 ...  2413     0     0]
 [    0     0     0 ...     0  6058     0]
 [    0     0     0 ...     0     0   230]]
Precision,Recall,macro_f1 0.9390055255352319 0.9416553123727768 0.9400220336004974
43.45065236091614 seconds


Epoch: 54
Training set avg loss: 0.0232
	center loss: 0.0068
conf_mat:
 [[293399      0      0 ...      0      0      0]
 [     0  20318    386 ...      0      0      0]
 [     0    416  34033 ...      0      0      0]
 ...
 [     0      0      0 ...  20693      0      0]
 [     0      0      0 ...      0  52422      0]
 [     0      0      0 ...      0      0   2458]]
Precision,Recall,macro_f1 0.9401572042662624 0.9448141423435883 0.9424258703798215
751.9017748832703 seconds
Test set avg loss: 0.1858
	center loss: 0.0004
conf_mat:
 [[40746     0     0 ...     0     0     0]
 [    0  2387     9 ...     0     0     0]
 [    0    37  3730 ...     0     0     0]
 ...
 [    0     0     0 ...  2480     0     0]
 [    0     0     0 ...     0  6118     0]
 [    0     0     0 ...     0     0   231]]
Precision,Recall,macro_f1 0.9436192643496608 0.9424656647527417 0.942787628745938
43.428481101989746 seconds


Epoch: 55
Training set avg loss: 0.0230
	center loss: 0.0067
conf_mat:
 [[293312      0      0 ...      0      0      0]
 [     0  20355    366 ...      0      0      0]
 [     0    393  34045 ...      0      0      0]
 ...
 [     0      0      0 ...  20717      0      0]
 [     0      0      0 ...      0  52434      0]
 [     0      0      0 ...      0      0   2446]]
Precision,Recall,macro_f1 0.9406359741586116 0.945108294071175 0.9428130901668336
754.4310238361359 seconds
Test set avg loss: 0.1844
	center loss: 0.0004
conf_mat:
 [[40624     0     0 ...     0     0     0]
 [    0  2417    23 ...     0     0     0]
 [    0    36  3691 ...     0     0     0]
 ...
 [    0     0     0 ...  2488     0     0]
 [    0     0     0 ...     0  6271     0]
 [    0     0     0 ...     0     0   234]]
Precision,Recall,macro_f1 0.9421338589420584 0.9429297921178426 0.9421903861287197
43.34328556060791 seconds


Epoch: 56
Training set avg loss: 0.0228
	center loss: 0.0066
conf_mat:
 [[293710      0      0 ...      0      0      0]
 [     0  20352    372 ...      0      0      0]
 [     0    408  34106 ...      0      0      0]
 ...
 [     0      0      0 ...  20706      0      0]
 [     0      0      0 ...      0  52403      0]
 [     0      0      0 ...      0      0   2463]]
Precision,Recall,macro_f1 0.9409279649841312 0.94546793081185 0.9431395620978332
755.4748528003693 seconds
Test set avg loss: 0.1878
	center loss: 0.0003
conf_mat:
 [[40000     0     0 ...     0     0     0]
 [    0  2371    38 ...     0     0     0]
 [    0    24  3763 ...     0     0     0]
 ...
 [    0     0     0 ...  2460     0     0]
 [    0     0     0 ...     0  6143     0]
 [    0     0     0 ...     0     0   231]]
Precision,Recall,macro_f1 0.9421737047096544 0.9447480442478767 0.9431330381986194
43.274821281433105 seconds


Epoch: 57
Training set avg loss: 0.0226
	center loss: 0.0065
conf_mat:
 [[293970      0      0 ...      0      0      0]
 [     0  20329    373 ...      0      0      0]
 [     0    405  34150 ...      0      0      0]
 ...
 [     0      0      0 ...  20719      0      0]
 [     0      0      0 ...      0  52403      0]
 [     0      0      0 ...      0      0   2445]]
Precision,Recall,macro_f1 0.9412203649882597 0.9455333650102002 0.9433203089715794
757.2342345714569 seconds
Test set avg loss: 0.1860
	center loss: 0.0004
conf_mat:
 [[40617     0     0 ...     0     0     0]
 [    0  2438    11 ...     0     0     0]
 [    0    34  3697 ...     0     0     0]
 ...
 [    0     0     0 ...  2470     0     0]
 [    0     0     0 ...     0  6063     0]
 [    0     0     0 ...     0     0   225]]
Precision,Recall,macro_f1 0.9345644819514456 0.9451497544367458 0.9395248610425428
43.469669580459595 seconds


Epoch: 58
Training set avg loss: 0.0223
	center loss: 0.0064
conf_mat:
 [[293917      0      0 ...      0      0      0]
 [     0  20323    370 ...      0      0      0]
 [     0    420  34122 ...      0      0      0]
 ...
 [     0      0      0 ...  20768      0      0]
 [     0      0      0 ...      0  52485      0]
 [     0      0      0 ...      0      0   2447]]
Precision,Recall,macro_f1 0.9418160994851863 0.9461412738932279 0.943921905948528
756.6151285171509 seconds
Test set avg loss: 0.1805
	center loss: 0.0003
conf_mat:
 [[40561     0     0 ...     0     0     0]
 [    0  2370    28 ...     0     0     0]
 [    0    20  3705 ...     0     0     0]
 ...
 [    0     0     0 ...  2481     0     0]
 [    0     0     0 ...     0  6121     0]
 [    0     0     0 ...     0     0   233]]
Precision,Recall,macro_f1 0.9440806402033256 0.9476453878855777 0.9456841920515932
43.37244915962219 seconds


Epoch: 59
Training set avg loss: 0.0222
	center loss: 0.0063
conf_mat:
 [[294036      0      0 ...      0      0      0]
 [     0  20408    358 ...      0      0      0]
 [     0    402  34095 ...      0      0      0]
 ...
 [     0      0      0 ...  20721      0      0]
 [     0      0      0 ...      0  52472      0]
 [     0      0      0 ...      0      0   2453]]
Precision,Recall,macro_f1 0.9421442920749185 0.9463695989361989 0.9442005901007001
756.3821520805359 seconds
Test set avg loss: 0.1827
	center loss: 0.0003
conf_mat:
 [[40219     0     0 ...     0     0     0]
 [    0  2426    16 ...     0     0     0]
 [    0    38  3645 ...     0     0     0]
 ...
 [    0     0     0 ...  2401     0     0]
 [    0     0     0 ...     0  6180     0]
 [    0     0     0 ...     0     0   234]]
Precision,Recall,macro_f1 0.9404283521075558 0.9468982369447168 0.9433608486094381
43.32623910903931 seconds


Epoch: 60
Training set avg loss: 0.0220
	center loss: 0.0062
conf_mat:
 [[294136      0      0 ...      0      0      0]
 [     0  20358    366 ...      0      0      0]
 [     0    405  34137 ...      0      0      0]
 ...
 [     0      0      0 ...  20781      0      0]
 [     0      0      0 ...      0  52506      0]
 [     0      0      0 ...      0      0   2462]]
Precision,Recall,macro_f1 0.9423575069416936 0.9466073895972963 0.9444275654094024
757.1045987606049 seconds
Test set avg loss: 0.1800
	center loss: 0.0003
conf_mat:
 [[39791     0     0 ...     0     0     0]
 [    0  2465    24 ...     0     0     0]
 [    0    25  3726 ...     0     0     0]
 ...
 [    0     0     0 ...  2438     0     0]
 [    0     0     0 ...     0  6027     0]
 [    0     0     0 ...     0     0   227]]
Precision,Recall,macro_f1 0.9408988597800952 0.9433567673131286 0.9418812931320142
43.418532609939575 seconds


Epoch: 61
Training set avg loss: 0.0217
	center loss: 0.0061
conf_mat:
 [[294126      0      0 ...      0      0      0]
 [     0  20333    381 ...      0      0      0]
 [     0    410  34224 ...      0      0      0]
 ...
 [     0      0      0 ...  20770      0      0]
 [     0      0      0 ...      0  52595      0]
 [     0      0      0 ...      0      0   2464]]
Precision,Recall,macro_f1 0.94312303542312 0.9472447589364883 0.9451289084378101
757.1998469829559 seconds
Test set avg loss: 0.1821
	center loss: 0.0003
conf_mat:
 [[41133     0     0 ...     0     0     0]
 [    0  2361    17 ...     0     0     0]
 [    0    32  3726 ...     0     0     0]
 ...
 [    0     0     0 ...  2472     0     0]
 [    0     0     0 ...     0  5956     0]
 [    0     0     0 ...     0     0   232]]
Precision,Recall,macro_f1 0.9421642423299273 0.9468502349187314 0.9442804145456432
43.20128655433655 seconds


Epoch: 62
Training set avg loss: 0.0216
	center loss: 0.0060
conf_mat:
 [[294430      0      0 ...      0      0      0]
 [     0  20390    341 ...      0      0      0]
 [     0    384  34221 ...      0      0      0]
 ...
 [     0      0      0 ...  20811      0      0]
 [     0      0      0 ...      0  52512      0]
 [     0      0      0 ...      0      0   2455]]
Precision,Recall,macro_f1 0.9435556370333998 0.9474899067548765 0.9454691845245038
755.8223967552185 seconds
Test set avg loss: 0.1830
	center loss: 0.0003
conf_mat:
 [[40418     0     0 ...     0     0     0]
 [    0  2378    34 ...     0     0     0]
 [    0    15  3613 ...     0     0     0]
 ...
 [    0     0     0 ...  2426     0     0]
 [    0     0     0 ...     0  5946     0]
 [    0     0     0 ...     0     0   229]]
Precision,Recall,macro_f1 0.9427016716334223 0.945011624172027 0.9436167215040943
43.249974727630615 seconds


Epoch: 63
Training set avg loss: 0.0214
	center loss: 0.0060
conf_mat:
 [[294316      0      0 ...      0      0      0]
 [     0  20375    349 ...      0      0      0]
 [     0    395  34188 ...      0      0      0]
 ...
 [     0      0      0 ...  20833      0      0]
 [     0      0      0 ...      0  52621      0]
 [     0      0      0 ...      0      0   2461]]
Precision,Recall,macro_f1 0.9438529170260465 0.947838366511552 0.9457911968938522
755.7768065929413 seconds
Test set avg loss: 0.1784
	center loss: 0.0003
conf_mat:
 [[40975     0     0 ...     0     0     0]
 [    0  2401    29 ...     0     0     0]
 [    0    26  3671 ...     0     0     0]
 ...
 [    0     0     0 ...  2471     0     0]
 [    0     0     0 ...     0  6067     0]
 [    0     0     0 ...     0     0   234]]
Precision,Recall,macro_f1 0.9429692123529203 0.9464226625352312 0.9445176902426502
43.52554702758789 seconds


Epoch: 64
Training set avg loss: 0.0211
	center loss: 0.0059
conf_mat:
 [[294258      0      0 ...      0      0      0]
 [     0  20394    347 ...      0      0      0]
 [     0    403  34285 ...      0      0      0]
 ...
 [     0      0      0 ...  20801      0      0]
 [     0      0      0 ...      0  52547      0]
 [     0      0      0 ...      0      0   2462]]
Precision,Recall,macro_f1 0.9442845714202069 0.948288815672698 0.9462322134336797
754.7877867221832 seconds
Test set avg loss: 0.1805
	center loss: 0.0003
conf_mat:
 [[39441     0     0 ...     0     0     0]
 [    0  2410    20 ...     0     0     0]
 [    0    30  3648 ...     0     0     0]
 ...
 [    0     0     0 ...  2447     0     0]
 [    0     0     0 ...     0  6220     0]
 [    0     0     0 ...     0     0   236]]
Precision,Recall,macro_f1 0.9421842891880271 0.9440769134994333 0.942772747891948
43.34922671318054 seconds


Epoch: 65
Training set avg loss: 0.0209
	center loss: 0.0058
conf_mat:
 [[294123      0      0 ...      0      0      0]
 [     0  20400    341 ...      0      0      0]
 [     0    380  34289 ...      0      0      0]
 ...
 [     0      0      0 ...  20840      0      0]
 [     0      0      0 ...      0  52639      0]
 [     0      0      0 ...      0      0   2457]]
Precision,Recall,macro_f1 0.9444770664682742 0.9483643678851865 0.946366097108675
755.7338027954102 seconds
Test set avg loss: 0.1784
	center loss: 0.0003
conf_mat:
 [[41023     0     0 ...     0     0     0]
 [    0  2403    11 ...     0     0     0]
 [    0    51  3667 ...     0     0     0]
 ...
 [    0     0     0 ...  2499     0     0]
 [    0     0     0 ...     0  6193     0]
 [    0     0     0 ...     0     0   234]]
Precision,Recall,macro_f1 0.9449466681564817 0.9444271322429985 0.9442687648330317
43.44126653671265 seconds


Epoch: 66
Training set avg loss: 0.0208
	center loss: 0.0057
conf_mat:
 [[294445      0      0 ...      0      0      0]
 [     0  20387    318 ...      0      0      0]
 [     0    380  34277 ...      0      0      0]
 ...
 [     0      0      0 ...  20852      0      0]
 [     0      0      0 ...      0  52654      0]
 [     0      0      0 ...      0      0   2467]]
Precision,Recall,macro_f1 0.9447608014310208 0.9487330347323003 0.9466932213211194
753.2684986591339 seconds
Test set avg loss: 0.1790
	center loss: 0.0003
conf_mat:
 [[40273     0     0 ...     0     0     0]
 [    0  2444     9 ...     0     0     0]
 [    0    56  3732 ...     0     0     0]
 ...
 [    0     0     0 ...  2474     0     0]
 [    0     0     0 ...     0  6243     0]
 [    0     0     0 ...     0     0   231]]
Precision,Recall,macro_f1 0.9444506367623295 0.946125635298113 0.9450726344383406
43.32114911079407 seconds


Epoch: 67
Training set avg loss: 0.0206
	center loss: 0.0057
conf_mat:
 [[294713      0      0 ...      0      0      0]
 [     0  20379    348 ...      0      0      0]
 [     0    374  34335 ...      0      0      0]
 ...
 [     0      0      0 ...  20858      0      0]
 [     0      0      0 ...      0  52645      0]
 [     0      0      0 ...      0      0   2452]]
Precision,Recall,macro_f1 0.9452254446005369 0.9489852451312507 0.9470538141850664
754.2167301177979 seconds
Test set avg loss: 0.1766
	center loss: 0.0003
conf_mat:
 [[41000     0     0 ...     0     0     0]
 [    0  2500    11 ...     0     0     0]
 [    0    39  3761 ...     0     0     0]
 ...
 [    0     0     0 ...  2465     0     0]
 [    0     0     0 ...     0  5983     0]
 [    0     0     0 ...     0     0   232]]
Precision,Recall,macro_f1 0.9441259175548978 0.9458336576676308 0.9446729155788843
42.907363414764404 seconds


Epoch: 68
Training set avg loss: 0.0204
	center loss: 0.0056
conf_mat:
 [[294675      0      0 ...      0      0      0]
 [     0  20422    346 ...      0      0      0]
 [     0    384  34287 ...      0      0      0]
 ...
 [     0      0      0 ...  20844      0      0]
 [     0      0      0 ...      0  52619      0]
 [     0      0      0 ...      0      0   2464]]
Precision,Recall,macro_f1 0.9459508388529009 0.9496780916057243 0.947761892202712
751.0893003940582 seconds
Test set avg loss: 0.1788
	center loss: 0.0003
conf_mat:
 [[39529     0     0 ...     0     0     0]
 [    0  2468     5 ...     0     0     0]
 [    0    74  3713 ...     0     0     0]
 ...
 [    0     0     0 ...  2462     0     0]
 [    0     0     0 ...     0  6276     0]
 [    0     0     0 ...     0     0   226]]
Precision,Recall,macro_f1 0.9393720466327204 0.9466361491117562 0.942694850419814
42.96385669708252 seconds


Epoch: 69
Training set avg loss: 0.0203
	center loss: 0.0055
conf_mat:
 [[294838      0      0 ...      0      0      0]
 [     0  20421    329 ...      0      0      0]
 [     0    377  34290 ...      0      0      0]
 ...
 [     0      0      0 ...  20871      0      0]
 [     0      0      0 ...      0  52672      0]
 [     0      0      0 ...      0      0   2458]]
Precision,Recall,macro_f1 0.9460375591512392 0.9498675658016822 0.9479006974269301
754.0253913402557 seconds
Test set avg loss: 0.1733
	center loss: 0.0003
conf_mat:
 [[40815     0     0 ...     0     0     0]
 [    0  2415    23 ...     0     0     0]
 [    0    22  3651 ...     0     0     0]
 ...
 [    0     0     0 ...  2502     0     0]
 [    0     0     0 ...     0  6128     0]
 [    0     0     0 ...     0     0   232]]
Precision,Recall,macro_f1 0.9417632900290787 0.9494886801530704 0.9453881069872914
43.25390672683716 seconds


Epoch: 70
Training set avg loss: 0.0201
	center loss: 0.0054
conf_mat:
 [[294894      0      0 ...      0      0      0]
 [     0  20381    347 ...      0      0      0]
 [     0    390  34280 ...      0      0      0]
 ...
 [     0      0      0 ...  20900      0      0]
 [     0      0      0 ...      0  52677      0]
 [     0      0      0 ...      0      0   2466]]
Precision,Recall,macro_f1 0.9462995406334668 0.9500599536195198 0.9481279184862359
754.298670053482 seconds
Test set avg loss: 0.1741
	center loss: 0.0003
conf_mat:
 [[40835     0     0 ...     0     0     0]
 [    0  2428    42 ...     0     0     0]
 [    0    23  3621 ...     0     0     0]
 ...
 [    0     0     0 ...  2442     0     0]
 [    0     0     0 ...     0  6180     0]
 [    0     0     0 ...     0     0   231]]
Precision,Recall,macro_f1 0.9438442259839344 0.9466788973225738 0.9450430506982045
43.240835666656494 seconds


Epoch: 71
Training set avg loss: 0.0199
	center loss: 0.0054
conf_mat:
 [[295064      0      0 ...      0      0      0]
 [     0  20422    335 ...      0      0      0]
 [     0    375  34306 ...      0      0      0]
 ...
 [     0      0      0 ...  20889      0      0]
 [     0      0      0 ...      0  52657      0]
 [     0      0      0 ...      0      0   2458]]
Precision,Recall,macro_f1 0.9466530776514865 0.9503141796117838 0.9484328338561495
755.8893573284149 seconds
Test set avg loss: 0.1722
	center loss: 0.0003
conf_mat:
 [[40616     0     0 ...     0     0     0]
 [    0  2434    13 ...     0     0     0]
 [    0    36  3558 ...     0     0     0]
 ...
 [    0     0     0 ...  2487     0     0]
 [    0     0     0 ...     0  6292     0]
 [    0     0     0 ...     0     0   229]]
Precision,Recall,macro_f1 0.9430793820645338 0.9475981251878111 0.9451258645543861
43.25730037689209 seconds


Epoch: 72
Training set avg loss: 0.0198
	center loss: 0.0053
conf_mat:
 [[295011      0      0 ...      0      0      0]
 [     0  20398    327 ...      0      0      0]
 [     0    408  34254 ...      0      0      0]
 ...
 [     0      0      0 ...  20890      0      0]
 [     0      0      0 ...      0  52758      0]
 [     0      0      0 ...      0      0   2469]]
Precision,Recall,macro_f1 0.9470015545617586 0.9506248254092018 0.9487617887733708
753.1603643894196 seconds
Test set avg loss: 0.1800
	center loss: 0.0003
conf_mat:
 [[38781     0     0 ...     0     0     0]
 [    0  2410    36 ...     0     0     0]
 [    0    28  3667 ...     0     0     0]
 ...
 [    0     0     0 ...  2437     0     0]
 [    0     0     0 ...     0  5952     0]
 [    0     0     0 ...     0     0   230]]
Precision,Recall,macro_f1 0.9425985373249597 0.9430593090814349 0.9424767271011809
43.38838768005371 seconds


Epoch: 73
Training set avg loss: 0.0197
	center loss: 0.0053
conf_mat:
 [[295059      0      0 ...      0      0      0]
 [     0  20406    328 ...      0      0      0]
 [     0    377  34274 ...      0      0      0]
 ...
 [     0      0      0 ...  20922      0      0]
 [     0      0      0 ...      0  52725      0]
 [     0      0      0 ...      0      0   2469]]
Precision,Recall,macro_f1 0.9472451292237413 0.9508250789212275 0.9489848198837474
755.3890690803528 seconds
Test set avg loss: 0.1739
	center loss: 0.0003
conf_mat:
 [[40995     0     0 ...     0     0     0]
 [    0  2420    56 ...     0     0     0]
 [    0    27  3651 ...     0     0     0]
 ...
 [    0     0     0 ...  2443     0     0]
 [    0     0     0 ...     0  6028     0]
 [    0     0     0 ...     0     0   236]]
Precision,Recall,macro_f1 0.9423535539518227 0.9449283573636856 0.943318103752884
42.64172101020813 seconds
Best epoch:58

conf_mat:
 [[40561     0     0 ...     0     0     0]
 [    0  2370    28 ...     0     0     0]
 [    0    20  3705 ...     0     0     0]
 ...
 [    0     0     0 ...  2481     0     0]
 [    0     0     0 ...     0  6121     0]
 [    0     0     0 ...     0     0   233]]
Precison:0.9441
Recall:0.9476
f1:0.9457

]0;user1@CUDA1: /media/user1/MyHDataStor11/Data/CNN-Haotian/final_scripts/deep_FL_CL_ATT/training[01;32muser1@CUDA1[00m:[01;34m/media/user1/MyHDataStor11/Data/CNN-Haotian/final_scripts/deep_FL_CL__ATT/training[00m$ exit
exit

Script done on Wed 19 Sep 2018 12:36:03 AM EDT
